<?xml version="1.0" encoding="UTF-8"?>
<coverage generated="1740050124508" clover="3.2.0">
  <project timestamp="1740050124508" name="All files">
    <metrics statements="3688" coveredstatements="2211" conditionals="2960" coveredconditionals="1695" methods="1347" coveredmethods="719" elements="7995" coveredelements="4625" complexity="0" loc="3688" ncloc="3688" packages="50" files="231" classes="231"/>
    <package name="src">
      <metrics statements="141" coveredstatements="93" conditionals="88" coveredconditionals="68" methods="37" coveredmethods="20"/>
      <file name="App.js" path="/Users/acelakov/redhat/insights-inventory-frontend/src/App.js">
        <metrics statements="2" coveredstatements="0" conditionals="0" coveredconditionals="0" methods="1" coveredmethods="0"/>
        <line num="8" count="0" type="stmt"/>
        <line num="9" count="0" type="stmt"/>
      </file>
      <file name="AppEntry.js" path="/Users/acelakov/redhat/insights-inventory-frontend/src/AppEntry.js">
        <metrics statements="9" coveredstatements="0" conditionals="4" coveredconditionals="0" methods="5" coveredmethods="0"/>
        <line num="10" count="0" type="stmt"/>
        <line num="11" count="0" type="stmt"/>
        <line num="12" count="0" type="cond" truecount="0" falsecount="2"/>
        <line num="13" count="0" type="stmt"/>
        <line num="15" count="0" type="stmt"/>
        <line num="16" count="0" type="stmt"/>
        <line num="20" count="0" type="cond" truecount="0" falsecount="2"/>
        <line num="23" count="0" type="stmt"/>
        <line num="35" count="0" type="stmt"/>
      </file>
      <file name="ApplicationTab.js" path="/Users/acelakov/redhat/insights-inventory-frontend/src/ApplicationTab.js">
        <metrics statements="6" coveredstatements="0" conditionals="5" coveredconditionals="0" methods="1" coveredmethods="0"/>
        <line num="14" count="0" type="stmt"/>
        <line num="15" count="0" type="stmt"/>
        <line num="21" count="0" type="stmt"/>
        <line num="29" count="0" type="stmt"/>
        <line num="31" count="0" type="cond" truecount="0" falsecount="5"/>
        <line num="49" count="0" type="stmt"/>
      </file>
      <file name="Contexts.js" path="/Users/acelakov/redhat/insights-inventory-frontend/src/Contexts.js">
        <metrics statements="1" coveredstatements="1" conditionals="0" coveredconditionals="0" methods="0" coveredmethods="0"/>
        <line num="3" count="5" type="stmt"/>
      </file>
      <file name="DevAppEntry.js" path="/Users/acelakov/redhat/insights-inventory-frontend/src/DevAppEntry.js">
        <metrics statements="1" coveredstatements="0" conditionals="0" coveredconditionals="0" methods="1" coveredmethods="0"/>
        <line num="6" count="0" type="stmt"/>
      </file>
      <file name="Routes.js" path="/Users/acelakov/redhat/insights-inventory-frontend/src/Routes.js">
        <metrics statements="38" coveredstatements="32" conditionals="18" coveredconditionals="11" methods="9" coveredmethods="3"/>
        <line num="17" count="1" type="stmt"/>
        <line num="18" count="0" type="stmt"/>
        <line num="20" count="1" type="stmt"/>
        <line num="21" count="0" type="stmt"/>
        <line num="23" count="1" type="stmt"/>
        <line num="24" count="1" type="stmt"/>
        <line num="25" count="1" type="stmt"/>
        <line num="26" count="0" type="stmt"/>
        <line num="29" count="1" type="stmt"/>
        <line num="31" count="1" type="stmt"/>
        <line num="44" count="1" type="stmt"/>
        <line num="45" count="8" type="stmt"/>
        <line num="46" count="8" type="stmt"/>
        <line num="47" count="8" type="stmt"/>
        <line num="48" count="8" type="stmt"/>
        <line num="50" count="8" type="stmt"/>
        <line num="54" count="8" type="stmt"/>
        <line num="55" count="8" type="stmt"/>
        <line num="57" count="8" type="stmt"/>
        <line num="59" count="4" type="stmt"/>
        <line num="60" count="4" type="stmt"/>
        <line num="61" count="4" type="stmt"/>
        <line num="62" count="4" type="stmt"/>
        <line num="64" count="4" type="cond" truecount="1" falsecount="1"/>
        <line num="65" count="4" type="stmt"/>
        <line num="66" count="4" type="stmt"/>
        <line num="69" count="4" type="cond" truecount="1" falsecount="1"/>
        <line num="70" count="4" type="stmt"/>
        <line num="71" count="4" type="stmt"/>
        <line num="73" count="4" type="stmt"/>
        <line num="75" count="0" type="stmt"/>
        <line num="77" count="0" type="cond" truecount="0" falsecount="2"/>
        <line num="78" count="0" type="stmt"/>
        <line num="84" count="8" type="stmt"/>
        <line num="140" count="8" type="cond" truecount="1" falsecount="1"/>
        <line num="144" count="8" type="cond" truecount="2" falsecount="0"/>
        <line num="145" count="4" type="stmt"/>
        <line num="148" count="4" type="cond" truecount="2" falsecount="0"/>
      </file>
      <file name="config.js" path="/Users/acelakov/redhat/insights-inventory-frontend/src/config.js">
        <metrics statements="2" coveredstatements="0" conditionals="0" coveredconditionals="0" methods="0" coveredmethods="0"/>
        <line num="1" count="0" type="stmt"/>
        <line num="2" count="0" type="stmt"/>
      </file>
      <file name="constants.js" path="/Users/acelakov/redhat/insights-inventory-frontend/src/constants.js">
        <metrics statements="82" coveredstatements="60" conditionals="61" coveredconditionals="57" methods="20" coveredmethods="17"/>
        <line num="8" count="48" type="stmt"/>
        <line num="9" count="6" type="stmt"/>
        <line num="10" count="6" type="cond" truecount="2" falsecount="0"/>
        <line num="11" count="1" type="stmt"/>
        <line num="12" count="1" type="stmt"/>
        <line num="15" count="6" type="cond" truecount="1" falsecount="0"/>
        <line num="16" count="8" type="stmt"/>
        <line num="17" count="6" type="cond" truecount="2" falsecount="0"/>
        <line num="23" count="6" type="stmt"/>
        <line num="34" count="6" type="cond" truecount="2" falsecount="0"/>
        <line num="35" count="4" type="stmt"/>
        <line num="38" count="6" type="stmt"/>
        <line num="41" count="48" type="cond" truecount="2" falsecount="0"/>
        <line num="42" count="65" type="stmt"/>
        <line num="47" count="48" type="stmt"/>
        <line num="48" count="56" type="cond" truecount="2" falsecount="0"/>
        <line num="51" count="48" type="cond" truecount="2" falsecount="0"/>
        <line num="52" count="66" type="stmt"/>
        <line num="54" count="2777" type="cond" truecount="2" falsecount="0"/>
        <line num="57" count="1801" type="cond" truecount="3" falsecount="0"/>
        <line num="58" count="1801" type="stmt"/>
        <line num="69" count="48" type="stmt"/>
        <line num="73" count="0" type="cond" truecount="1" falsecount="0"/>
        <line num="75" count="47" type="stmt"/>
        <line num="76" count="88" type="cond" truecount="2" falsecount="0"/>
        <line num="78" count="88" type="cond" truecount="3" falsecount="0"/>
        <line num="79" count="88" type="stmt"/>
        <line num="86" count="32" type="stmt"/>
        <line num="93" count="48" type="stmt"/>
        <line num="98" count="6" type="cond" truecount="2" falsecount="0"/>
        <line num="99" count="1" type="stmt"/>
        <line num="101" count="5" type="stmt"/>
        <line num="103" count="5" type="cond" truecount="3" falsecount="0"/>
        <line num="106" count="2" type="stmt"/>
        <line num="109" count="5" type="cond" truecount="6" falsecount="0"/>
        <line num="120" count="5" type="stmt"/>
        <line num="127" count="48" type="stmt"/>
        <line num="135" count="48" type="stmt"/>
        <line num="136" count="0" type="stmt"/>
        <line num="137" count="0" type="stmt"/>
        <line num="138" count="0" type="stmt"/>
        <line num="139" count="0" type="stmt"/>
        <line num="143" count="0" type="stmt"/>
        <line num="146" count="0" type="cond" truecount="0" falsecount="2"/>
        <line num="147" count="0" type="stmt"/>
        <line num="148" count="0" type="stmt"/>
        <line num="149" count="0" type="stmt"/>
        <line num="150" count="0" type="stmt"/>
        <line num="151" count="0" type="stmt"/>
        <line num="153" count="0" type="stmt"/>
        <line num="163" count="0" type="stmt"/>
        <line num="164" count="0" type="stmt"/>
        <line num="165" count="0" type="stmt"/>
        <line num="166" count="0" type="stmt"/>
        <line num="167" count="0" type="stmt"/>
        <line num="168" count="0" type="stmt"/>
        <line num="169" count="0" type="stmt"/>
        <line num="170" count="0" type="stmt"/>
        <line num="175" count="0" type="stmt"/>
        <line num="192" count="48" type="stmt"/>
        <line num="194" count="48" type="stmt"/>
        <line num="209" count="48" type="stmt"/>
        <line num="224" count="106" type="stmt"/>
        <line num="237" count="48" type="stmt"/>
        <line num="253" count="48" type="stmt"/>
        <line num="255" count="48" type="stmt"/>
        <line num="257" count="48" type="stmt"/>
        <line num="259" count="48" type="stmt"/>
        <line num="261" count="48" type="stmt"/>
        <line num="263" count="48" type="stmt"/>
        <line num="265" count="48" type="stmt"/>
        <line num="266" count="48" type="stmt"/>
        <line num="267" count="48" type="stmt"/>
        <line num="268" count="48" type="stmt"/>
        <line num="269" count="48" type="stmt"/>
        <line num="270" count="48" type="stmt"/>
        <line num="271" count="48" type="stmt"/>
        <line num="275" count="48" type="stmt"/>
        <line num="276" count="48" type="stmt"/>
        <line num="277" count="48" type="stmt"/>
        <line num="278" count="48" type="stmt"/>
        <line num="280" count="48" type="stmt"/>
      </file>
    </package>
    <package name="src.Utilities">
      <metrics statements="308" coveredstatements="264" conditionals="204" coveredconditionals="140" methods="109" coveredmethods="86"/>
      <file name="AccessDenied.js" path="/Users/acelakov/redhat/insights-inventory-frontend/src/Utilities/AccessDenied.js">
        <metrics statements="4" coveredstatements="4" conditionals="0" coveredconditionals="0" methods="1" coveredmethods="1"/>
        <line num="6" count="5" type="stmt"/>
        <line num="7" count="3" type="stmt"/>
        <line num="15" count="5" type="stmt"/>
        <line num="21" count="5" type="stmt"/>
      </file>
      <file name="ChromeLoader.js" path="/Users/acelakov/redhat/insights-inventory-frontend/src/Utilities/ChromeLoader.js">
        <metrics statements="7" coveredstatements="0" conditionals="2" coveredconditionals="0" methods="2" coveredmethods="0"/>
        <line num="5" count="0" type="stmt"/>
        <line num="6" count="0" type="stmt"/>
        <line num="8" count="0" type="stmt"/>
        <line num="11" count="0" type="cond" truecount="0" falsecount="2"/>
        <line num="12" count="0" type="stmt"/>
        <line num="15" count="0" type="stmt"/>
        <line num="21" count="0" type="stmt"/>
      </file>
      <file name="DeleteModal.js" path="/Users/acelakov/redhat/insights-inventory-frontend/src/Utilities/DeleteModal.js">
        <metrics statements="14" coveredstatements="12" conditionals="8" coveredconditionals="8" methods="5" coveredmethods="3"/>
        <line num="17" count="31" type="stmt"/>
        <line num="24" count="11" type="stmt"/>
        <line num="25" count="11" type="cond" truecount="2" falsecount="0"/>
        <line num="26" count="6" type="stmt"/>
        <line num="30" count="6" type="cond" truecount="2" falsecount="0"/>
        <line num="32" count="5" type="stmt"/>
        <line num="35" count="11" type="stmt"/>
        <line num="42" count="1" type="stmt"/>
        <line num="83" count="1" type="stmt"/>
        <line num="93" count="31" type="stmt"/>
        <line num="98" count="31" type="stmt"/>
        <line num="108" count="31" type="stmt"/>
        <line num="111" count="0" type="stmt"/>
        <line num="112" count="0" type="stmt"/>
      </file>
      <file name="InsightsDisconnected.js" path="/Users/acelakov/redhat/insights-inventory-frontend/src/Utilities/InsightsDisconnected.js">
        <metrics statements="2" coveredstatements="2" conditionals="0" coveredconditionals="0" methods="1" coveredmethods="1"/>
        <line num="8" count="12" type="stmt"/>
        <line num="9" count="2" type="stmt"/>
      </file>
      <file name="OperatingSystemFilterHelpers.js" path="/Users/acelakov/redhat/insights-inventory-frontend/src/Utilities/OperatingSystemFilterHelpers.js">
        <metrics statements="51" coveredstatements="51" conditionals="24" coveredconditionals="18" methods="21" coveredmethods="21"/>
        <line num="7" count="1" type="stmt"/>
        <line num="8" count="17" type="stmt"/>
        <line num="12" count="32" type="stmt"/>
        <line num="16" count="1" type="stmt"/>
        <line num="17" count="17" type="stmt"/>
        <line num="19" count="80" type="cond" truecount="2" falsecount="0"/>
        <line num="28" count="1" type="cond" truecount="0" falsecount="1"/>
        <line num="29" count="3" type="cond" truecount="2" falsecount="0"/>
        <line num="31" count="17" type="stmt"/>
        <line num="32" count="17" type="stmt"/>
        <line num="33" count="17" type="stmt"/>
        <line num="39" count="17" type="stmt"/>
        <line num="40" count="17" type="stmt"/>
        <line num="45" count="1" type="cond" truecount="1" falsecount="0"/>
        <line num="46" count="16" type="cond" truecount="2" falsecount="0"/>
        <line num="52" count="1" type="cond" truecount="0" falsecount="1"/>
        <line num="53" count="4" type="stmt"/>
        <line num="54" count="11" type="stmt"/>
        <line num="55" count="25" type="cond" truecount="4" falsecount="0"/>
        <line num="56" count="10" type="stmt"/>
        <line num="57" count="10" type="stmt"/>
        <line num="60" count="11" type="stmt"/>
        <line num="63" count="1" type="cond" truecount="0" falsecount="1"/>
        <line num="64" count="2" type="stmt"/>
        <line num="66" count="7" type="stmt"/>
        <line num="67" count="7" type="stmt"/>
        <line num="69" count="7" type="cond" truecount="2" falsecount="0"/>
        <line num="70" count="5" type="stmt"/>
        <line num="79" count="7" type="stmt"/>
        <line num="85" count="7" type="stmt"/>
        <line num="90" count="8" type="stmt"/>
        <line num="92" count="2" type="stmt"/>
        <line num="94" count="5" type="stmt"/>
        <line num="95" count="5" type="stmt"/>
        <line num="98" count="2" type="stmt"/>
        <line num="101" count="1" type="stmt"/>
        <line num="105" count="1" type="stmt"/>
        <line num="106" count="1" type="stmt"/>
        <line num="107" count="7" type="stmt"/>
        <line num="108" count="25" type="cond" truecount="2" falsecount="0"/>
        <line num="110" count="7" type="stmt"/>
        <line num="113" count="5" type="stmt"/>
        <line num="118" count="1" type="cond" truecount="1" falsecount="1"/>
        <line num="129" count="1" type="stmt"/>
        <line num="135" count="4" type="stmt"/>
        <line num="136" count="4" type="stmt"/>
        <line num="137" count="4" type="stmt"/>
        <line num="139" count="4" type="cond" truecount="2" falsecount="0"/>
        <line num="141" count="6" type="stmt"/>
        <line num="143" count="2" type="stmt"/>
        <line num="148" count="4" type="stmt"/>
      </file>
      <file name="OperatingSystemFormatter.js" path="/Users/acelakov/redhat/insights-inventory-frontend/src/Utilities/OperatingSystemFormatter.js">
        <metrics statements="6" coveredstatements="6" conditionals="10" coveredconditionals="10" methods="1" coveredmethods="1"/>
        <line num="4" count="13" type="stmt"/>
        <line num="5" count="339" type="cond" truecount="2" falsecount="0"/>
        <line num="10" count="304" type="cond" truecount="4" falsecount="0"/>
        <line num="15" count="304" type="stmt"/>
        <line num="22" count="35" type="stmt"/>
        <line num="29" count="13" type="stmt"/>
      </file>
      <file name="Redirect.js" path="/Users/acelakov/redhat/insights-inventory-frontend/src/Utilities/Redirect.js">
        <metrics statements="4" coveredstatements="4" conditionals="0" coveredconditionals="0" methods="1" coveredmethods="1"/>
        <line num="5" count="2" type="stmt"/>
        <line num="6" count="1" type="stmt"/>
        <line num="7" count="1" type="stmt"/>
        <line num="9" count="1" type="stmt"/>
      </file>
      <file name="RouterWrapper.js" path="/Users/acelakov/redhat/insights-inventory-frontend/src/Utilities/RouterWrapper.js">
        <metrics statements="5" coveredstatements="0" conditionals="0" coveredconditionals="0" methods="1" coveredmethods="0"/>
        <line num="5" count="0" type="stmt"/>
        <line num="6" count="0" type="stmt"/>
        <line num="7" count="0" type="stmt"/>
        <line num="8" count="0" type="stmt"/>
        <line num="11" count="0" type="stmt"/>
      </file>
      <file name="TagWithDialog.js" path="/Users/acelakov/redhat/insights-inventory-frontend/src/Utilities/TagWithDialog.js">
        <metrics statements="10" coveredstatements="10" conditionals="2" coveredconditionals="2" methods="6" coveredmethods="6"/>
        <line num="7" count="31" type="stmt"/>
        <line num="8" count="6" type="stmt"/>
        <line num="9" count="2" type="stmt"/>
        <line num="13" count="2" type="stmt"/>
        <line num="17" count="31" type="stmt"/>
        <line num="23" count="31" type="stmt"/>
        <line num="25" count="2" type="cond" truecount="2" falsecount="0"/>
        <line num="26" count="1" type="stmt"/>
        <line num="27" count="1" type="stmt"/>
        <line num="32" count="6" type="stmt"/>
      </file>
      <file name="TagsModal.js" path="/Users/acelakov/redhat/insights-inventory-frontend/src/Utilities/TagsModal.js">
        <metrics statements="50" coveredstatements="47" conditionals="32" coveredconditionals="27" methods="24" coveredmethods="22"/>
        <line num="11" count="31" type="stmt"/>
        <line num="12" count="153" type="stmt"/>
        <line num="13" count="153" type="stmt"/>
        <line num="14" count="153" type="stmt"/>
        <line num="15" count="153" type="stmt"/>
        <line num="17" count="153" type="stmt"/>
        <line num="18" count="153" type="cond" truecount="1" falsecount="1"/>
        <line num="21" count="153" type="stmt"/>
        <line num="22" count="153" type="cond" truecount="4" falsecount="0"/>
        <line num="23" count="2" type="stmt"/>
        <line num="26" count="151" type="cond" truecount="2" falsecount="0"/>
        <line num="29" count="153" type="stmt"/>
        <line num="31" count="153" type="cond" truecount="2" falsecount="0"/>
        <line num="34" count="153" type="stmt"/>
        <line num="35" count="153" type="cond" truecount="1" falsecount="1"/>
        <line num="39" count="153" type="stmt"/>
        <line num="41" count="153" type="cond" truecount="2" falsecount="0"/>
        <line num="43" count="153" type="cond" truecount="2" falsecount="0"/>
        <line num="44" count="1" type="stmt"/>
        <line num="46" count="1" type="stmt"/>
        <line num="47" count="1" type="stmt"/>
        <line num="56" count="152" type="stmt"/>
        <line num="57" count="174" type="stmt"/>
        <line num="62" count="153" type="stmt"/>
        <line num="63" count="153" type="stmt"/>
        <line num="66" count="1" type="stmt"/>
        <line num="68" count="153" type="cond" truecount="2" falsecount="0"/>
        <line num="71" count="153" type="stmt"/>
        <line num="72" count="64" type="stmt"/>
        <line num="75" count="153" type="stmt"/>
        <line num="76" count="1" type="cond" truecount="1" falsecount="1"/>
        <line num="77" count="1" type="stmt"/>
        <line num="79" count="0" type="stmt"/>
        <line num="83" count="153" type="stmt"/>
        <line num="87" count="153" type="stmt"/>
        <line num="100" count="10" type="cond" truecount="1" falsecount="1"/>
        <line num="103" count="2" type="stmt"/>
        <line num="111" count="2" type="stmt"/>
        <line num="112" count="2" type="stmt"/>
        <line num="113" count="2" type="stmt"/>
        <line num="114" count="2" type="stmt"/>
        <line num="115" count="2" type="stmt"/>
        <line num="126" count="0" type="stmt"/>
        <line num="127" count="0" type="stmt"/>
        <line num="132" count="1" type="stmt"/>
        <line num="139" count="1" type="stmt"/>
        <line num="141" count="1" type="cond" truecount="2" falsecount="0"/>
        <line num="153" count="31" type="stmt"/>
        <line num="166" count="31" type="stmt"/>
        <line num="168" count="2" type="stmt"/>
      </file>
      <file name="TestingUtilities.js" path="/Users/acelakov/redhat/insights-inventory-frontend/src/Utilities/TestingUtilities.js">
        <metrics statements="4" coveredstatements="4" conditionals="4" coveredconditionals="3" methods="1" coveredmethods="1"/>
        <line num="7" count="18" type="stmt"/>
        <line num="9" count="18" type="stmt"/>
        <line num="15" count="189" type="stmt"/>
        <line num="30" count="18" type="stmt"/>
      </file>
      <file name="URLSearchParams.js" path="/Users/acelakov/redhat/insights-inventory-frontend/src/Utilities/URLSearchParams.js">
        <metrics statements="16" coveredstatements="16" conditionals="6" coveredconditionals="4" methods="8" coveredmethods="8"/>
        <line num="7" count="2" type="cond" truecount="0" falsecount="1"/>
        <line num="8" count="2" type="stmt"/>
        <line num="10" count="2" type="stmt"/>
        <line num="12" count="2" type="stmt"/>
        <line num="13" count="2" type="cond" truecount="2" falsecount="0"/>
        <line num="16" count="2" type="stmt"/>
        <line num="17" count="2" type="stmt"/>
        <line num="18" count="2" type="stmt"/>
        <line num="21" count="2" type="cond" truecount="0" falsecount="1"/>
        <line num="22" count="2" type="stmt"/>
        <line num="23" count="2" type="stmt"/>
        <line num="26" count="2" type="stmt"/>
        <line num="30" count="2" type="stmt"/>
        <line num="32" count="2" type="stmt"/>
        <line num="34" count="2" type="stmt"/>
        <line num="40" count="2" type="stmt"/>
      </file>
      <file name="Wrapper.js" path="/Users/acelakov/redhat/insights-inventory-frontend/src/Utilities/Wrapper.js">
        <metrics statements="4" coveredstatements="2" conditionals="2" coveredconditionals="0" methods="1" coveredmethods="0"/>
        <line num="6" count="30" type="stmt"/>
        <line num="13" count="0" type="stmt"/>
        <line num="19" count="0" type="stmt"/>
        <line num="32" count="30" type="stmt"/>
      </file>
      <file name="constants.js" path="/Users/acelakov/redhat/insights-inventory-frontend/src/Utilities/constants.js">
        <metrics statements="62" coveredstatements="60" conditionals="74" coveredconditionals="41" methods="13" coveredmethods="11"/>
        <line num="3" count="63" type="stmt"/>
        <line num="4" count="63" type="stmt"/>
        <line num="5" count="63" type="stmt"/>
        <line num="6" count="63" type="stmt"/>
        <line num="7" count="63" type="stmt"/>
        <line num="8" count="63" type="stmt"/>
        <line num="9" count="63" type="stmt"/>
        <line num="10" count="63" type="stmt"/>
        <line num="11" count="63" type="stmt"/>
        <line num="12" count="63" type="stmt"/>
        <line num="13" count="63" type="stmt"/>
        <line num="15" count="63" type="stmt"/>
        <line num="16" count="63" type="stmt"/>
        <line num="17" count="63" type="stmt"/>
        <line num="19" count="63" type="stmt"/>
        <line num="20" count="63" type="stmt"/>
        <line num="21" count="63" type="stmt"/>
        <line num="23" count="63" type="stmt"/>
        <line num="25" count="63" type="stmt"/>
        <line num="26" count="63" type="stmt"/>
        <line num="28" count="63" type="stmt"/>
        <line num="29" count="63" type="stmt"/>
        <line num="30" count="63" type="stmt"/>
        <line num="31" count="63" type="stmt"/>
        <line num="33" count="63" type="stmt"/>
        <line num="35" count="315" type="stmt"/>
        <line num="36" count="315" type="stmt"/>
        <line num="37" count="315" type="stmt"/>
        <line num="40" count="63" type="stmt"/>
        <line num="46" count="63" type="stmt"/>
        <line num="47" count="63" type="stmt"/>
        <line num="73" count="63" type="stmt"/>
        <line num="92" count="63" type="stmt"/>
        <line num="109" count="63" type="stmt"/>
        <line num="111" count="63" type="stmt"/>
        <line num="116" count="63" type="stmt"/>
        <line num="122" count="63" type="stmt"/>
        <line num="124" count="63" type="stmt"/>
        <line num="136" count="4" type="stmt"/>
        <line num="137" count="4" type="stmt"/>
        <line num="140" count="4" type="stmt"/>
        <line num="162" count="63" type="stmt"/>
        <line num="163" count="0" type="stmt"/>
        <line num="164" count="0" type="stmt"/>
        <line num="187" count="65" type="stmt"/>
        <line num="189" count="57" type="cond" truecount="2" falsecount="0"/>
        <line num="190" count="28" type="stmt"/>
        <line num="191" count="29" type="cond" truecount="2" falsecount="0"/>
        <line num="192" count="4" type="stmt"/>
        <line num="198" count="25" type="stmt"/>
        <line num="208" count="137" type="stmt"/>
        <line num="210" count="25" type="stmt"/>
        <line num="222" count="63" type="stmt"/>
        <line num="223" count="1" type="stmt"/>
        <line num="224" count="1" type="stmt"/>
        <line num="225" count="1" type="stmt"/>
        <line num="228" count="1" type="stmt"/>
        <line num="231" count="271" type="cond" truecount="2" falsecount="0"/>
        <line num="233" count="63" type="stmt"/>
        <line num="245" count="17" type="stmt"/>
        <line num="296" count="63" type="stmt"/>
        <line num="298" count="63" type="stmt"/>
      </file>
      <file name="conventional.js" path="/Users/acelakov/redhat/insights-inventory-frontend/src/Utilities/conventional.js">
        <metrics statements="3" coveredstatements="1" conditionals="0" coveredconditionals="0" methods="1" coveredmethods="0"/>
        <line num="7" count="1" type="stmt"/>
        <line num="8" count="0" type="stmt"/>
        <line num="11" count="0" type="stmt"/>
      </file>
      <file name="edge.js" path="/Users/acelakov/redhat/insights-inventory-frontend/src/Utilities/edge.js">
        <metrics statements="23" coveredstatements="13" conditionals="2" coveredconditionals="0" methods="11" coveredmethods="3"/>
        <line num="10" count="4" type="stmt"/>
        <line num="12" count="4" type="stmt"/>
        <line num="13" count="0" type="stmt"/>
        <line num="15" count="0" type="stmt"/>
        <line num="23" count="0" type="stmt"/>
        <line num="31" count="0" type="stmt"/>
        <line num="39" count="0" type="stmt"/>
        <line num="53" count="4" type="stmt"/>
        <line num="54" count="0" type="stmt"/>
        <line num="57" count="0" type="stmt"/>
        <line num="60" count="4" type="stmt"/>
        <line num="61" count="0" type="stmt"/>
        <line num="64" count="0" type="stmt"/>
        <line num="67" count="4" type="stmt"/>
        <line num="68" count="0" type="stmt"/>
        <line num="80" count="4" type="stmt"/>
        <line num="81" count="4" type="stmt"/>
        <line num="82" count="1" type="stmt"/>
        <line num="87" count="4" type="stmt"/>
        <line num="88" count="1" type="stmt"/>
        <line num="89" count="1" type="stmt"/>
        <line num="90" count="2" type="stmt"/>
        <line num="92" count="1" type="stmt"/>
      </file>
      <file name="index.js" path="/Users/acelakov/redhat/insights-inventory-frontend/src/Utilities/index.js">
        <metrics statements="0" coveredstatements="0" conditionals="0" coveredconditionals="0" methods="0" coveredmethods="0"/>
      </file>
      <file name="path.js" path="/Users/acelakov/redhat/insights-inventory-frontend/src/Utilities/path.js">
        <metrics statements="5" coveredstatements="0" conditionals="3" coveredconditionals="0" methods="2" coveredmethods="0"/>
        <line num="2" count="0" type="stmt"/>
        <line num="3" count="0" type="stmt"/>
        <line num="5" count="0" type="stmt"/>
        <line num="7" count="0" type="stmt"/>
        <line num="11" count="0" type="cond" truecount="0" falsecount="2"/>
      </file>
      <file name="sharedFunctions.js" path="/Users/acelakov/redhat/insights-inventory-frontend/src/Utilities/sharedFunctions.js">
        <metrics statements="25" coveredstatements="24" conditionals="27" coveredconditionals="24" methods="4" coveredmethods="4"/>
        <line num="3" count="25" type="cond" truecount="1" falsecount="0"/>
        <line num="4" count="15" type="stmt"/>
        <line num="6" count="15" type="stmt"/>
        <line num="9" count="25" type="stmt"/>
        <line num="10" count="6" type="stmt"/>
        <line num="11" count="6" type="stmt"/>
        <line num="13" count="6" type="stmt"/>
        <line num="14" count="6" type="stmt"/>
        <line num="16" count="6" type="cond" truecount="2" falsecount="0"/>
        <line num="17" count="4" type="stmt"/>
        <line num="18" count="2" type="cond" truecount="1" falsecount="1"/>
        <line num="22" count="0" type="stmt"/>
        <line num="23" count="2" type="cond" truecount="4" falsecount="0"/>
        <line num="24" count="1" type="stmt"/>
        <line num="26" count="1" type="stmt"/>
        <line num="30" count="25" type="stmt"/>
        <line num="32" count="318" type="cond" truecount="2" falsecount="0"/>
        <line num="33" count="313" type="stmt"/>
        <line num="34" count="5" type="cond" truecount="2" falsecount="0"/>
        <line num="35" count="3" type="stmt"/>
        <line num="39" count="2" type="stmt"/>
        <line num="43" count="25" type="stmt"/>
        <line num="45" count="31" type="cond" truecount="1" falsecount="1"/>
        <line num="52" count="31" type="stmt"/>
        <line num="69" count="31" type="stmt"/>
      </file>
      <file name="testUtils.js" path="/Users/acelakov/redhat/insights-inventory-frontend/src/Utilities/testUtils.js">
        <metrics statements="10" coveredstatements="8" conditionals="6" coveredconditionals="3" methods="4" coveredmethods="3"/>
        <line num="3" count="2" type="stmt"/>
        <line num="4" count="41" type="stmt"/>
        <line num="5" count="41" type="stmt"/>
        <line num="10" count="13" type="cond" truecount="3" falsecount="0"/>
        <line num="15" count="31" type="stmt"/>
        <line num="19" count="2" type="stmt"/>
        <line num="20" count="1" type="stmt"/>
        <line num="21" count="1" type="stmt"/>
        <line num="26" count="0" type="cond" truecount="0" falsecount="3"/>
        <line num="31" count="0" type="stmt"/>
      </file>
      <file name="useFeatureFlag.js" path="/Users/acelakov/redhat/insights-inventory-frontend/src/Utilities/useFeatureFlag.js">
        <metrics statements="3" coveredstatements="0" conditionals="2" coveredconditionals="0" methods="1" coveredmethods="0"/>
        <line num="4" count="0" type="stmt"/>
        <line num="5" count="0" type="stmt"/>
        <line num="6" count="0" type="cond" truecount="0" falsecount="2"/>
      </file>
    </package>
    <package name="src.Utilities.hooks">
      <metrics statements="95" coveredstatements="44" conditionals="60" coveredconditionals="30" methods="36" coveredmethods="13"/>
      <file name="useBulkSelectConfig.js" path="/Users/acelakov/redhat/insights-inventory-frontend/src/Utilities/hooks/useBulkSelectConfig.js">
        <metrics statements="29" coveredstatements="15" conditionals="38" coveredconditionals="22" methods="14" coveredmethods="5"/>
        <line num="11" count="2" type="stmt"/>
        <line num="20" count="6" type="stmt"/>
        <line num="21" count="6" type="stmt"/>
        <line num="22" count="6" type="stmt"/>
        <line num="23" count="6" type="stmt"/>
        <line num="24" count="0" type="stmt"/>
        <line num="25" count="6" type="cond" truecount="0" falsecount="2"/>
        <line num="26" count="6" type="stmt"/>
        <line num="27" count="6" type="cond" truecount="2" falsecount="0"/>
        <line num="29" count="6" type="stmt"/>
        <line num="30" count="0" type="stmt"/>
        <line num="32" count="0" type="stmt"/>
        <line num="33" count="0" type="stmt"/>
        <line num="36" count="6" type="cond" truecount="0" falsecount="1"/>
        <line num="37" count="6" type="cond" truecount="4" falsecount="0"/>
        <line num="39" count="3" type="cond" truecount="2" falsecount="2"/>
        <line num="41" count="6" type="stmt"/>
        <line num="42" count="0" type="stmt"/>
        <line num="45" count="6" type="cond" truecount="0" falsecount="1"/>
        <line num="46" count="0" type="stmt"/>
        <line num="47" count="0" type="stmt"/>
        <line num="56" count="0" type="stmt"/>
        <line num="57" count="0" type="stmt"/>
        <line num="58" count="0" type="stmt"/>
        <line num="61" count="6" type="stmt"/>
        <line num="67" count="0" type="stmt"/>
        <line num="76" count="0" type="stmt"/>
        <line num="85" count="0" type="stmt"/>
        <line num="93" count="0" type="stmt"/>
      </file>
      <file name="useEdgeGroups.js" path="/Users/acelakov/redhat/insights-inventory-frontend/src/Utilities/hooks/useEdgeGroups.js">
        <metrics statements="16" coveredstatements="0" conditionals="2" coveredconditionals="0" methods="3" coveredmethods="0"/>
        <line num="5" count="0" type="stmt"/>
        <line num="6" count="0" type="stmt"/>
        <line num="7" count="0" type="stmt"/>
        <line num="9" count="0" type="stmt"/>
        <line num="13" count="0" type="stmt"/>
        <line num="14" count="0" type="stmt"/>
        <line num="15" count="0" type="stmt"/>
        <line num="16" count="0" type="stmt"/>
        <line num="17" count="0" type="cond" truecount="0" falsecount="2"/>
        <line num="18" count="0" type="stmt"/>
        <line num="19" count="0" type="stmt"/>
        <line num="20" count="0" type="stmt"/>
        <line num="23" count="0" type="stmt"/>
        <line num="25" count="0" type="stmt"/>
        <line num="29" count="0" type="stmt"/>
        <line num="31" count="0" type="stmt"/>
      </file>
      <file name="useFetchBatched.js" path="/Users/acelakov/redhat/insights-inventory-frontend/src/Utilities/hooks/useFetchBatched.js">
        <metrics statements="18" coveredstatements="3" conditionals="10" coveredconditionals="0" methods="10" coveredmethods="1"/>
        <line num="3" count="7" type="stmt"/>
        <line num="4" count="18" type="stmt"/>
        <line num="6" count="18" type="stmt"/>
        <line num="9" count="0" type="cond" truecount="0" falsecount="2"/>
        <line num="11" count="0" type="stmt"/>
        <line num="13" count="0" type="stmt"/>
        <line num="14" count="0" type="stmt"/>
        <line num="18" count="0" type="stmt"/>
        <line num="21" count="0" type="cond" truecount="0" falsecount="2"/>
        <line num="23" count="0" type="stmt"/>
        <line num="25" count="0" type="stmt"/>
        <line num="26" count="0" type="stmt"/>
        <line num="32" count="0" type="stmt"/>
        <line num="41" count="0" type="cond" truecount="0" falsecount="2"/>
        <line num="43" count="0" type="stmt"/>
        <line num="45" count="0" type="stmt"/>
        <line num="46" count="0" type="stmt"/>
        <line num="53" count="0" type="stmt"/>
      </file>
      <file name="useFetchOperatingSystems.js" path="/Users/acelakov/redhat/insights-inventory-frontend/src/Utilities/hooks/useFetchOperatingSystems.js">
        <metrics statements="21" coveredstatements="19" conditionals="9" coveredconditionals="7" methods="5" coveredmethods="5"/>
        <line num="4" count="5" type="stmt"/>
        <line num="9" count="5" type="stmt"/>
        <line num="15" count="93" type="stmt"/>
        <line num="17" count="93" type="stmt"/>
        <line num="19" count="93" type="stmt"/>
        <line num="20" count="36" type="cond" truecount="2" falsecount="0"/>
        <line num="22" count="35" type="cond" truecount="2" falsecount="0"/>
        <line num="23" count="35" type="stmt"/>
        <line num="25" count="35" type="stmt"/>
        <line num="26" count="35" type="stmt"/>
        <line num="28" count="0" type="stmt"/>
        <line num="29" count="0" type="stmt"/>
        <line num="38" count="93" type="stmt"/>
        <line num="39" count="36" type="stmt"/>
        <line num="40" count="36" type="stmt"/>
        <line num="41" count="36" type="cond" truecount="1" falsecount="1"/>
        <line num="42" count="36" type="stmt"/>
        <line num="49" count="36" type="stmt"/>
        <line num="50" count="36" type="stmt"/>
        <line num="51" count="36" type="stmt"/>
        <line num="55" count="93" type="stmt"/>
      </file>
      <file name="usePromiseQueue.js" path="/Users/acelakov/redhat/insights-inventory-frontend/src/Utilities/hooks/usePromiseQueue.js">
        <metrics statements="9" coveredstatements="5" conditionals="1" coveredconditionals="1" methods="3" coveredmethods="1"/>
        <line num="4" count="7" type="stmt"/>
        <line num="6" count="7" type="cond" truecount="1" falsecount="0"/>
        <line num="7" count="18" type="stmt"/>
        <line num="12" count="18" type="stmt"/>
        <line num="14" count="0" type="stmt"/>
        <line num="18" count="0" type="stmt"/>
        <line num="21" count="0" type="stmt"/>
        <line num="26" count="0" type="stmt"/>
        <line num="31" count="18" type="stmt"/>
      </file>
      <file name="useWorkspaceFeatureFlag.js" path="/Users/acelakov/redhat/insights-inventory-frontend/src/Utilities/hooks/useWorkspaceFeatureFlag.js">
        <metrics statements="2" coveredstatements="2" conditionals="0" coveredconditionals="0" methods="1" coveredmethods="1"/>
        <line num="3" count="16" type="stmt"/>
        <line num="4" count="261" type="stmt"/>
      </file>
    </package>
    <package name="src.api">
      <metrics statements="112" coveredstatements="85" conditionals="128" coveredconditionals="75" methods="46" coveredmethods="34"/>
      <file name="api.js" path="/Users/acelakov/redhat/insights-inventory-frontend/src/api/api.js">
        <metrics statements="92" coveredstatements="65" conditionals="128" coveredconditionals="75" methods="41" coveredmethods="29"/>
        <line num="1" count="50" type="stmt"/>
        <line num="2" count="50" type="stmt"/>
        <line num="23" count="50" type="stmt"/>
        <line num="24" count="50" type="stmt"/>
        <line num="25" count="50" type="stmt"/>
        <line num="30" count="50" type="stmt"/>
        <line num="31" count="50" type="stmt"/>
        <line num="32" count="22" type="stmt"/>
        <line num="34" count="50" type="cond" truecount="0" falsecount="1"/>
        <line num="39" count="7" type="stmt"/>
        <line num="42" count="7" type="stmt"/>
        <line num="44" count="14" type="cond" truecount="2" falsecount="0"/>
        <line num="53" count="14" type="cond" truecount="2" falsecount="0"/>
        <line num="59" count="50" type="stmt"/>
        <line num="63" count="1" type="cond" truecount="1" falsecount="1"/>
        <line num="64" count="0" type="stmt"/>
        <line num="66" count="0" type="stmt"/>
        <line num="72" count="0" type="stmt"/>
        <line num="74" count="0" type="stmt"/>
        <line num="79" count="0" type="stmt"/>
        <line num="81" count="0" type="stmt"/>
        <line num="88" count="1" type="stmt"/>
        <line num="91" count="50" type="stmt"/>
        <line num="92" count="2" type="stmt"/>
        <line num="94" count="2" type="stmt"/>
        <line num="96" count="2" type="cond" truecount="2" falsecount="0"/>
        <line num="104" count="50" type="cond" truecount="1" falsecount="0"/>
        <line num="105" count="3" type="stmt"/>
        <line num="107" count="3" type="stmt"/>
        <line num="111" count="6" type="stmt"/>
        <line num="118" count="3" type="stmt"/>
        <line num="120" count="3" type="stmt"/>
        <line num="124" count="5" type="stmt"/>
        <line num="126" count="5" type="stmt"/>
        <line num="127" count="5" type="stmt"/>
        <line num="133" count="5" type="cond" truecount="2" falsecount="0"/>
        <line num="134" count="2" type="stmt"/>
        <line num="138" count="5" type="stmt"/>
        <line num="149" count="50" type="stmt"/>
        <line num="157" count="3" type="stmt"/>
        <line num="158" count="3" type="stmt"/>
        <line num="183" count="3" type="cond" truecount="1" falsecount="1"/>
        <line num="190" count="50" type="cond" truecount="1" falsecount="0"/>
        <line num="234" count="10" type="cond" truecount="3" falsecount="1"/>
        <line num="235" count="0" type="stmt"/>
        <line num="250" count="0" type="cond" truecount="0" falsecount="4"/>
        <line num="251" count="0" type="stmt"/>
        <line num="252" count="0" type="stmt"/>
        <line num="270" count="0" type="stmt"/>
        <line num="278" count="0" type="stmt"/>
        <line num="282" count="0" type="cond" truecount="0" falsecount="2"/>
        <line num="284" count="0" type="stmt"/>
        <line num="288" count="0" type="stmt"/>
        <line num="295" count="0" type="stmt"/>
        <line num="296" count="10" type="cond" truecount="2" falsecount="0"/>
        <line num="297" count="1" type="stmt"/>
        <line num="304" count="1" type="cond" truecount="2" falsecount="0"/>
        <line num="308" count="1" type="cond" truecount="3" falsecount="1"/>
        <line num="310" count="1" type="stmt"/>
        <line num="319" count="1" type="stmt"/>
        <line num="360" count="1" type="cond" truecount="1" falsecount="1"/>
        <line num="362" count="1" type="cond" truecount="0" falsecount="2"/>
        <line num="366" count="0" type="stmt"/>
        <line num="374" count="9" type="stmt"/>
        <line num="382" count="0" type="stmt"/>
        <line num="393" count="30" type="stmt"/>
        <line num="414" count="50" type="cond" truecount="0" falsecount="1"/>
        <line num="415" count="4" type="stmt"/>
        <line num="418" count="4" type="cond" truecount="1" falsecount="1"/>
        <line num="419" count="0" type="stmt"/>
        <line num="420" count="0" type="stmt"/>
        <line num="422" count="0" type="stmt"/>
        <line num="424" count="4" type="stmt"/>
        <line num="427" count="50" type="stmt"/>
        <line num="428" count="5" type="stmt"/>
        <line num="431" count="50" type="stmt"/>
        <line num="432" count="5" type="stmt"/>
        <line num="435" count="50" type="stmt"/>
        <line num="436" count="0" type="stmt"/>
        <line num="438" count="50" type="stmt"/>
        <line num="439" count="0" type="stmt"/>
        <line num="442" count="50" type="stmt"/>
        <line num="443" count="5" type="stmt"/>
        <line num="444" count="5" type="stmt"/>
        <line num="446" count="0" type="stmt"/>
        <line num="450" count="50" type="stmt"/>
        <line num="451" count="4" type="stmt"/>
        <line num="452" count="1" type="stmt"/>
        <line num="455" count="50" type="stmt"/>
        <line num="456" count="0" type="stmt"/>
        <line num="457" count="0" type="stmt"/>
        <line num="459" count="0" type="stmt"/>
      </file>
      <file name="index.js" path="/Users/acelakov/redhat/insights-inventory-frontend/src/api/index.js">
        <metrics statements="0" coveredstatements="0" conditionals="0" coveredconditionals="0" methods="0" coveredmethods="0"/>
      </file>
      <file name="systemIssues.js" path="/Users/acelakov/redhat/insights-inventory-frontend/src/api/systemIssues.js">
        <metrics statements="20" coveredstatements="20" conditionals="0" coveredconditionals="0" methods="5" coveredmethods="5"/>
        <line num="2" count="47" type="stmt"/>
        <line num="4" count="47" type="stmt"/>
        <line num="5" count="16" type="stmt"/>
        <line num="6" count="16" type="stmt"/>
        <line num="8" count="64" type="stmt"/>
        <line num="13" count="1" type="stmt"/>
        <line num="15" count="15" type="stmt"/>
        <line num="19" count="47" type="stmt"/>
        <line num="20" count="16" type="stmt"/>
        <line num="21" count="16" type="stmt"/>
        <line num="23" count="10" type="stmt"/>
        <line num="27" count="47" type="stmt"/>
        <line num="28" count="16" type="stmt"/>
        <line num="29" count="16" type="stmt"/>
        <line num="31" count="10" type="stmt"/>
        <line num="35" count="47" type="stmt"/>
        <line num="36" count="16" type="stmt"/>
        <line num="54" count="16" type="stmt"/>
        <line num="55" count="16" type="stmt"/>
        <line num="63" count="1" type="stmt"/>
      </file>
    </package>
    <package name="src.api.edge">
      <metrics statements="27" coveredstatements="6" conditionals="17" coveredconditionals="0" methods="10" coveredmethods="0"/>
      <file name="imagesInfo.js" path="/Users/acelakov/redhat/insights-inventory-frontend/src/api/edge/imagesInfo.js">
        <metrics statements="24" coveredstatements="5" conditionals="17" coveredconditionals="0" methods="9" coveredmethods="0"/>
        <line num="1" count="1" type="stmt"/>
        <line num="4" count="1" type="stmt"/>
        <line num="5" count="0" type="stmt"/>
        <line num="6" count="0" type="stmt"/>
        <line num="7" count="0" type="stmt"/>
        <line num="9" count="1" type="stmt"/>
        <line num="10" count="0" type="stmt"/>
        <line num="11" count="0" type="stmt"/>
        <line num="14" count="1" type="stmt"/>
        <line num="15" count="0" type="stmt"/>
        <line num="16" count="0" type="stmt"/>
        <line num="17" count="0" type="stmt"/>
        <line num="19" count="1" type="stmt"/>
        <line num="20" count="0" type="cond" truecount="0" falsecount="2"/>
        <line num="21" count="0" type="stmt"/>
        <line num="23" count="0" type="stmt"/>
        <line num="24" count="0" type="stmt"/>
        <line num="25" count="0" type="cond" truecount="0" falsecount="2"/>
        <line num="30" count="0" type="stmt"/>
        <line num="32" count="0" type="cond" truecount="0" falsecount="2"/>
        <line num="36" count="0" type="cond" truecount="0" falsecount="2"/>
        <line num="40" count="0" type="stmt"/>
        <line num="42" count="0" type="cond" truecount="0" falsecount="2"/>
        <line num="49" count="0" type="stmt"/>
      </file>
      <file name="updates.js" path="/Users/acelakov/redhat/insights-inventory-frontend/src/api/edge/updates.js">
        <metrics statements="3" coveredstatements="1" conditionals="0" coveredconditionals="0" methods="1" coveredmethods="0"/>
        <line num="4" count="2" type="stmt"/>
        <line num="5" count="0" type="stmt"/>
        <line num="8" count="0" type="stmt"/>
      </file>
    </package>
    <package name="src.components">
      <metrics statements="51" coveredstatements="5" conditionals="18" coveredconditionals="2" methods="12" coveredmethods="2"/>
      <file name="FontAwesomeImageIcon.js" path="/Users/acelakov/redhat/insights-inventory-frontend/src/components/FontAwesomeImageIcon.js">
        <metrics statements="3" coveredstatements="3" conditionals="2" coveredconditionals="2" methods="1" coveredmethods="1"/>
        <line num="4" count="16" type="stmt"/>
        <line num="5" count="6" type="stmt"/>
        <line num="38" count="16" type="stmt"/>
      </file>
      <file name="LostPage.js" path="/Users/acelakov/redhat/insights-inventory-frontend/src/components/LostPage.js">
        <metrics statements="2" coveredstatements="0" conditionals="0" coveredconditionals="0" methods="1" coveredmethods="0"/>
        <line num="5" count="0" type="stmt"/>
        <line num="6" count="0" type="stmt"/>
      </file>
      <file name="SpinnerFallback.js" path="/Users/acelakov/redhat/insights-inventory-frontend/src/components/SpinnerFallback.js">
        <metrics statements="2" coveredstatements="2" conditionals="0" coveredconditionals="0" methods="1" coveredmethods="1"/>
        <line num="4" count="1" type="stmt"/>
        <line num="5" count="4" type="stmt"/>
      </file>
      <file name="VulnerabilityEdgeAlert.js" path="/Users/acelakov/redhat/insights-inventory-frontend/src/components/VulnerabilityEdgeAlert.js">
        <metrics statements="6" coveredstatements="0" conditionals="0" coveredconditionals="0" methods="3" coveredmethods="0"/>
        <line num="5" count="0" type="stmt"/>
        <line num="6" count="0" type="stmt"/>
        <line num="7" count="0" type="stmt"/>
        <line num="19" count="0" type="stmt"/>
        <line num="49" count="0" type="stmt"/>
        <line num="68" count="0" type="stmt"/>
      </file>
      <file name="VulnerabilityEdgePrompt.js" path="/Users/acelakov/redhat/insights-inventory-frontend/src/components/VulnerabilityEdgePrompt.js">
        <metrics statements="38" coveredstatements="0" conditionals="16" coveredconditionals="0" methods="6" coveredmethods="0"/>
        <line num="9" count="0" type="stmt"/>
        <line num="10" count="0" type="stmt"/>
        <line num="11" count="0" type="stmt"/>
        <line num="12" count="0" type="stmt"/>
        <line num="13" count="0" type="stmt"/>
        <line num="14" count="0" type="stmt"/>
        <line num="15" count="0" type="stmt"/>
        <line num="16" count="0" type="stmt"/>
        <line num="17" count="0" type="stmt"/>
        <line num="18" count="0" type="stmt"/>
        <line num="25" count="0" type="stmt"/>
        <line num="26" count="0" type="cond" truecount="0" falsecount="2"/>
        <line num="27" count="0" type="stmt"/>
        <line num="28" count="0" type="stmt"/>
        <line num="32" count="0" type="stmt"/>
        <line num="33" count="0" type="stmt"/>
        <line num="34" count="0" type="stmt"/>
        <line num="35" count="0" type="stmt"/>
        <line num="36" count="0" type="stmt"/>
        <line num="37" count="0" type="stmt"/>
        <line num="38" count="0" type="stmt"/>
        <line num="39" count="0" type="stmt"/>
        <line num="40" count="0" type="stmt"/>
        <line num="43" count="0" type="stmt"/>
        <line num="44" count="0" type="stmt"/>
        <line num="47" count="0" type="stmt"/>
        <line num="49" count="0" type="stmt"/>
        <line num="50" count="0" type="cond" truecount="0" falsecount="4"/>
        <line num="51" count="0" type="stmt"/>
        <line num="53" count="0" type="cond" truecount="0" falsecount="2"/>
        <line num="57" count="0" type="stmt"/>
        <line num="59" count="0" type="cond" truecount="0" falsecount="2"/>
        <line num="60" count="0" type="stmt"/>
        <line num="62" count="0" type="cond" truecount="0" falsecount="4"/>
        <line num="63" count="0" type="stmt"/>
        <line num="65" count="0" type="stmt"/>
        <line num="68" count="0" type="stmt"/>
        <line num="88" count="0" type="stmt"/>
      </file>
    </package>
    <package name="src.components.GeneralInfo.BiosCard">
      <metrics statements="11" coveredstatements="9" conditionals="12" coveredconditionals="12" methods="5" coveredmethods="3"/>
      <file name="BiosCard.js" path="/Users/acelakov/redhat/insights-inventory-frontend/src/components/GeneralInfo/BiosCard/BiosCard.js">
        <metrics statements="11" coveredstatements="9" conditionals="12" coveredconditionals="12" methods="5" coveredmethods="3"/>
        <line num="9" count="3" type="stmt"/>
        <line num="18" count="25" type="stmt"/>
        <line num="37" count="2" type="stmt"/>
        <line num="39" count="0" type="cond" truecount="2" falsecount="0"/>
        <line num="45" count="3" type="stmt"/>
        <line num="59" count="3" type="stmt"/>
        <line num="61" count="0" type="stmt"/>
        <line num="68" count="3" type="stmt"/>
        <line num="69" count="25" type="stmt"/>
        <line num="75" count="3" type="stmt"/>
        <line num="76" count="3" type="stmt"/>
      </file>
      <file name="index.js" path="/Users/acelakov/redhat/insights-inventory-frontend/src/components/GeneralInfo/BiosCard/index.js">
        <metrics statements="0" coveredstatements="0" conditionals="0" coveredconditionals="0" methods="0" coveredmethods="0"/>
      </file>
    </package>
    <package name="src.components.GeneralInfo.BootcImageCard">
      <metrics statements="9" coveredstatements="6" conditionals="4" coveredconditionals="2" methods="5" coveredmethods="2"/>
      <file name="BootcImageCard.js" path="/Users/acelakov/redhat/insights-inventory-frontend/src/components/GeneralInfo/BootcImageCard/BootcImageCard.js">
        <metrics statements="9" coveredstatements="6" conditionals="4" coveredconditionals="2" methods="5" coveredmethods="2"/>
        <line num="8" count="3" type="stmt"/>
        <line num="9" count="2" type="stmt"/>
        <line num="10" count="2" type="stmt"/>
        <line num="16" count="2" type="stmt"/>
        <line num="37" count="0" type="stmt"/>
        <line num="39" count="0" type="cond" truecount="0" falsecount="2"/>
        <line num="46" count="3" type="stmt"/>
        <line num="61" count="3" type="stmt"/>
        <line num="63" count="0" type="stmt"/>
      </file>
      <file name="index.js" path="/Users/acelakov/redhat/insights-inventory-frontend/src/components/GeneralInfo/BootcImageCard/index.js">
        <metrics statements="0" coveredstatements="0" conditionals="0" coveredconditionals="0" methods="0" coveredmethods="0"/>
      </file>
    </package>
    <package name="src.components.GeneralInfo.CollectionCard">
      <metrics statements="11" coveredstatements="9" conditionals="33" coveredconditionals="27" methods="6" coveredmethods="4"/>
      <file name="CollectionCard.js" path="/Users/acelakov/redhat/insights-inventory-frontend/src/components/GeneralInfo/CollectionCard/CollectionCard.js">
        <metrics statements="11" coveredstatements="9" conditionals="33" coveredconditionals="27" methods="6" coveredmethods="4"/>
        <line num="13" count="1" type="stmt"/>
        <line num="14" count="7" type="stmt"/>
        <line num="26" count="1" type="stmt"/>
        <line num="31" count="1" type="stmt"/>
        <line num="43" count="9" type="stmt"/>
        <line num="95" count="2" type="stmt"/>
        <line num="97" count="0" type="cond" truecount="2" falsecount="0"/>
        <line num="103" count="1" type="stmt"/>
        <line num="123" count="1" type="stmt"/>
        <line num="125" count="0" type="stmt"/>
        <line num="136" count="9" type="stmt"/>
      </file>
      <file name="index.js" path="/Users/acelakov/redhat/insights-inventory-frontend/src/components/GeneralInfo/CollectionCard/index.js">
        <metrics statements="0" coveredstatements="0" conditionals="0" coveredconditionals="0" methods="0" coveredmethods="0"/>
      </file>
    </package>
    <package name="src.components.GeneralInfo.ConfigurationCard">
      <metrics statements="17" coveredstatements="15" conditionals="20" coveredconditionals="20" methods="10" coveredmethods="8"/>
      <file name="ConfigurationCard.js" path="/Users/acelakov/redhat/insights-inventory-frontend/src/components/GeneralInfo/ConfigurationCard/ConfigurationCard.js">
        <metrics statements="17" coveredstatements="15" conditionals="20" coveredconditionals="20" methods="10" coveredmethods="8"/>
        <line num="10" count="30" type="cond" truecount="2" falsecount="0"/>
        <line num="11" count="27" type="stmt"/>
        <line num="24" count="3" type="stmt"/>
        <line num="34" count="31" type="stmt"/>
        <line num="47" count="1" type="stmt"/>
        <line num="63" count="1" type="stmt"/>
        <line num="80" count="1" type="stmt"/>
        <line num="95" count="1" type="stmt"/>
        <line num="104" count="2" type="stmt"/>
        <line num="106" count="0" type="cond" truecount="2" falsecount="0"/>
        <line num="112" count="3" type="stmt"/>
        <line num="146" count="3" type="stmt"/>
        <line num="148" count="0" type="stmt"/>
        <line num="156" count="3" type="stmt"/>
        <line num="157" count="31" type="stmt"/>
        <line num="163" count="3" type="stmt"/>
        <line num="164" count="3" type="stmt"/>
      </file>
      <file name="index.js" path="/Users/acelakov/redhat/insights-inventory-frontend/src/components/GeneralInfo/ConfigurationCard/index.js">
        <metrics statements="0" coveredstatements="0" conditionals="0" coveredconditionals="0" methods="0" coveredmethods="0"/>
      </file>
    </package>
    <package name="src.components.GeneralInfo.DataCollectorsCard">
      <metrics statements="18" coveredstatements="13" conditionals="18" coveredconditionals="13" methods="8" coveredmethods="4"/>
      <file name="DataCollectorsCard.js" path="/Users/acelakov/redhat/insights-inventory-frontend/src/components/GeneralInfo/DataCollectorsCard/DataCollectorsCard.js">
        <metrics statements="18" coveredstatements="13" conditionals="18" coveredconditionals="13" methods="8" coveredmethods="4"/>
        <line num="20" count="3" type="stmt"/>
        <line num="26" count="21" type="stmt"/>
        <line num="27" count="21" type="stmt"/>
        <line num="29" count="0" type="stmt"/>
        <line num="30" count="0" type="stmt"/>
        <line num="31" count="0" type="stmt"/>
        <line num="33" count="0" type="cond" truecount="0" falsecount="2"/>
        <line num="39" count="163" type="stmt"/>
        <line num="40" count="21" type="cond" truecount="2" falsecount="0"/>
        <line num="41" count="21" type="stmt"/>
        <line num="63" count="81" type="stmt"/>
        <line num="73" count="0" type="stmt"/>
        <line num="116" count="3" type="stmt"/>
        <line num="124" count="3" type="stmt"/>
        <line num="128" count="3" type="stmt"/>
        <line num="129" count="21" type="stmt"/>
        <line num="137" count="3" type="stmt"/>
        <line num="138" count="3" type="stmt"/>
      </file>
      <file name="index.js" path="/Users/acelakov/redhat/insights-inventory-frontend/src/components/GeneralInfo/DataCollectorsCard/index.js">
        <metrics statements="0" coveredstatements="0" conditionals="0" coveredconditionals="0" methods="0" coveredmethods="0"/>
      </file>
    </package>
    <package name="src.components.GeneralInfo.EditButton">
      <metrics statements="18" coveredstatements="18" conditionals="10" coveredconditionals="10" methods="4" coveredmethods="4"/>
      <file name="EditButton.js" path="/Users/acelakov/redhat/insights-inventory-frontend/src/components/GeneralInfo/EditButton/EditButton.js">
        <metrics statements="18" coveredstatements="18" conditionals="10" coveredconditionals="10" methods="4" coveredmethods="4"/>
        <line num="15" count="6" type="stmt"/>
        <line num="16" count="92" type="stmt"/>
        <line num="28" count="6" type="stmt"/>
        <line num="33" count="6" type="stmt"/>
        <line num="34" count="91" type="stmt"/>
        <line num="36" count="91" type="stmt"/>
        <line num="42" count="91" type="cond" truecount="2" falsecount="0"/>
        <line num="43" count="1" type="stmt"/>
        <line num="52" count="90" type="stmt"/>
        <line num="55" count="6" type="stmt"/>
        <line num="60" count="6" type="stmt"/>
        <line num="61" count="94" type="stmt"/>
        <line num="63" count="94" type="cond" truecount="4" falsecount="0"/>
        <line num="64" count="2" type="stmt"/>
        <line num="67" count="92" type="cond" truecount="2" falsecount="0"/>
        <line num="68" count="91" type="stmt"/>
        <line num="71" count="1" type="stmt"/>
        <line num="80" count="6" type="stmt"/>
      </file>
      <file name="index.js" path="/Users/acelakov/redhat/insights-inventory-frontend/src/components/GeneralInfo/EditButton/index.js">
        <metrics statements="0" coveredstatements="0" conditionals="0" coveredconditionals="0" methods="0" coveredmethods="0"/>
      </file>
    </package>
    <package name="src.components.GeneralInfo.GeneralInformation">
      <metrics statements="34" coveredstatements="32" conditionals="65" coveredconditionals="46" methods="12" coveredmethods="11"/>
      <file name="ConversionAlert.js" path="/Users/acelakov/redhat/insights-inventory-frontend/src/components/GeneralInfo/GeneralInformation/ConversionAlert.js">
        <metrics statements="4" coveredstatements="4" conditionals="0" coveredconditionals="0" methods="2" coveredmethods="2"/>
        <line num="5" count="2" type="stmt"/>
        <line num="6" count="2" type="stmt"/>
        <line num="8" count="2" type="stmt"/>
        <line num="36" count="1" type="stmt"/>
      </file>
      <file name="GeneralInformation.js" path="/Users/acelakov/redhat/insights-inventory-frontend/src/components/GeneralInfo/GeneralInformation/GeneralInformation.js">
        <metrics statements="30" coveredstatements="28" conditionals="65" coveredconditionals="46" methods="10" coveredmethods="9"/>
        <line num="27" count="20" type="stmt"/>
        <line num="33" count="20" type="stmt"/>
        <line num="34" count="2" type="stmt"/>
        <line num="35" count="2" type="cond" truecount="1" falsecount="1"/>
        <line num="36" count="2" type="cond" truecount="2" falsecount="0"/>
        <line num="37" count="2" type="cond" truecount="2" falsecount="0"/>
        <line num="38" count="2" type="stmt"/>
        <line num="41" count="2" type="stmt"/>
        <line num="44" count="2" type="cond" truecount="1" falsecount="1"/>
        <line num="46" count="2" type="stmt"/>
        <line num="51" count="20" type="stmt"/>
        <line num="56" count="2" type="cond" truecount="2" falsecount="0"/>
        <line num="58" count="2" type="cond" truecount="1" falsecount="1"/>
        <line num="59" count="0" type="stmt"/>
        <line num="62" count="2" type="stmt"/>
        <line num="74" count="20" type="cond" truecount="1" falsecount="1"/>
        <line num="75" count="20" type="stmt"/>
        <line num="90" count="23" type="stmt"/>
        <line num="106" count="23" type="stmt"/>
        <line num="107" count="23" type="cond" truecount="1" falsecount="1"/>
        <line num="108" count="23" type="stmt"/>
        <line num="221" count="0" type="stmt"/>
        <line num="240" count="2" type="stmt"/>
        <line num="299" count="2" type="stmt"/>
        <line num="316" count="2" type="stmt"/>
        <line num="317" count="22" type="stmt"/>
        <line num="318" count="21" type="stmt"/>
        <line num="319" count="21" type="stmt"/>
        <line num="320" count="21" type="stmt"/>
        <line num="321" count="21" type="stmt"/>
      </file>
      <file name="index.js" path="/Users/acelakov/redhat/insights-inventory-frontend/src/components/GeneralInfo/GeneralInformation/index.js">
        <metrics statements="0" coveredstatements="0" conditionals="0" coveredconditionals="0" methods="0" coveredmethods="0"/>
      </file>
    </package>
    <package name="src.components.GeneralInfo.InfoTable">
      <metrics statements="34" coveredstatements="30" conditionals="22" coveredconditionals="22" methods="15" coveredmethods="13"/>
      <file name="InfoTable.js" path="/Users/acelakov/redhat/insights-inventory-frontend/src/components/GeneralInfo/InfoTable/InfoTable.js">
        <metrics statements="34" coveredstatements="30" conditionals="22" coveredconditionals="22" methods="15" coveredmethods="13"/>
        <line num="25" count="19" type="stmt"/>
        <line num="35" count="19" type="stmt"/>
        <line num="36" count="2" type="stmt"/>
        <line num="37" count="2" type="cond" truecount="2" falsecount="0"/>
        <line num="38" count="2" type="stmt"/>
        <line num="46" count="19" type="stmt"/>
        <line num="47" count="0" type="stmt"/>
        <line num="48" count="0" type="stmt"/>
        <line num="49" count="0" type="stmt"/>
        <line num="54" count="19" type="stmt"/>
        <line num="55" count="6" type="stmt"/>
        <line num="58" count="19" type="stmt"/>
        <line num="59" count="31" type="stmt"/>
        <line num="61" count="31" type="stmt"/>
        <line num="62" count="31" type="stmt"/>
        <line num="73" count="19" type="stmt"/>
        <line num="74" count="2" type="stmt"/>
        <line num="85" count="60" type="stmt"/>
        <line num="86" count="60" type="stmt"/>
        <line num="87" count="60" type="cond" truecount="2" falsecount="0"/>
        <line num="88" count="60" type="stmt"/>
        <line num="89" count="60" type="cond" truecount="2" falsecount="0"/>
        <line num="92" count="11" type="stmt"/>
        <line num="104" count="60" type="stmt"/>
        <line num="111" count="3" type="stmt"/>
        <line num="113" count="1" type="stmt"/>
        <line num="129" count="32" type="stmt"/>
        <line num="133" count="1" type="stmt"/>
        <line num="158" count="7" type="stmt"/>
        <line num="170" count="1" type="stmt"/>
        <line num="173" count="1" type="stmt"/>
        <line num="185" count="3" type="stmt"/>
        <line num="204" count="3" type="stmt"/>
        <line num="207" count="0" type="stmt"/>
      </file>
      <file name="index.js" path="/Users/acelakov/redhat/insights-inventory-frontend/src/components/GeneralInfo/InfoTable/index.js">
        <metrics statements="0" coveredstatements="0" conditionals="0" coveredconditionals="0" methods="0" coveredmethods="0"/>
      </file>
    </package>
    <package name="src.components.GeneralInfo.InfrastructureCard">
      <metrics statements="15" coveredstatements="13" conditionals="26" coveredconditionals="20" methods="8" coveredmethods="6"/>
      <file name="InfrastructureCard.js" path="/Users/acelakov/redhat/insights-inventory-frontend/src/components/GeneralInfo/InfrastructureCard/InfrastructureCard.js">
        <metrics statements="15" coveredstatements="13" conditionals="26" coveredconditionals="20" methods="8" coveredmethods="6"/>
        <line num="9" count="3" type="stmt"/>
        <line num="22" count="31" type="stmt"/>
        <line num="50" count="3" type="stmt"/>
        <line num="67" count="1" type="stmt"/>
        <line num="95" count="1" type="stmt"/>
        <line num="104" count="2" type="stmt"/>
        <line num="106" count="0" type="cond" truecount="2" falsecount="0"/>
        <line num="112" count="3" type="stmt"/>
        <line num="133" count="3" type="stmt"/>
        <line num="135" count="0" type="stmt"/>
        <line num="146" count="3" type="stmt"/>
        <line num="149" count="31" type="stmt"/>
        <line num="154" count="3" type="stmt"/>
        <line num="158" count="3" type="stmt"/>
        <line num="159" count="3" type="stmt"/>
      </file>
      <file name="index.js" path="/Users/acelakov/redhat/insights-inventory-frontend/src/components/GeneralInfo/InfrastructureCard/index.js">
        <metrics statements="0" coveredstatements="0" conditionals="0" coveredconditionals="0" methods="0" coveredmethods="0"/>
      </file>
    </package>
    <package name="src.components.GeneralInfo.LoadingCard">
      <metrics statements="22" coveredstatements="22" conditionals="33" coveredconditionals="33" methods="5" coveredmethods="5"/>
      <file name="LoadingCard.js" path="/Users/acelakov/redhat/insights-inventory-frontend/src/components/GeneralInfo/LoadingCard/LoadingCard.js">
        <metrics statements="22" coveredstatements="22" conditionals="33" coveredconditionals="33" methods="5" coveredmethods="5"/>
        <line num="23" count="13" type="stmt"/>
        <line num="24" count="1200" type="cond" truecount="5" falsecount="0"/>
        <line num="25" count="240" type="cond" truecount="2" falsecount="0"/>
        <line num="30" count="960" type="cond" truecount="2" falsecount="0"/>
        <line num="31" count="3" type="stmt"/>
        <line num="34" count="957" type="cond" truecount="2" falsecount="0"/>
        <line num="37" count="13" type="stmt"/>
        <line num="38" count="213" type="stmt"/>
        <line num="40" count="213" type="stmt"/>
        <line num="41" count="213" type="stmt"/>
        <line num="42" count="211" type="cond" truecount="2" falsecount="0"/>
        <line num="43" count="13" type="stmt"/>
        <line num="47" count="213" type="cond" truecount="2" falsecount="0"/>
        <line num="48" count="1" type="stmt"/>
        <line num="55" count="212" type="stmt"/>
        <line num="62" count="13" type="stmt"/>
        <line num="70" count="13" type="stmt"/>
        <line num="77" count="259" type="stmt"/>
        <line num="109" count="1313" type="cond" truecount="2" falsecount="0"/>
        <line num="113" count="1313" type="stmt"/>
        <line num="160" count="13" type="stmt"/>
        <line num="178" count="13" type="stmt"/>
      </file>
      <file name="index.js" path="/Users/acelakov/redhat/insights-inventory-frontend/src/components/GeneralInfo/LoadingCard/index.js">
        <metrics statements="0" coveredstatements="0" conditionals="0" coveredconditionals="0" methods="0" coveredmethods="0"/>
      </file>
    </package>
    <package name="src.components.GeneralInfo.OperatingSystemCard">
      <metrics statements="12" coveredstatements="10" conditionals="18" coveredconditionals="16" methods="6" coveredmethods="4"/>
      <file name="OperatingSystemCard.js" path="/Users/acelakov/redhat/insights-inventory-frontend/src/components/GeneralInfo/OperatingSystemCard/OperatingSystemCard.js">
        <metrics statements="12" coveredstatements="10" conditionals="18" coveredconditionals="16" methods="6" coveredmethods="4"/>
        <line num="11" count="3" type="stmt"/>
        <line num="22" count="29" type="stmt"/>
        <line num="65" count="1" type="stmt"/>
        <line num="76" count="2" type="stmt"/>
        <line num="78" count="0" type="cond" truecount="2" falsecount="0"/>
        <line num="84" count="3" type="stmt"/>
        <line num="105" count="3" type="stmt"/>
        <line num="107" count="0" type="stmt"/>
        <line num="116" count="3" type="stmt"/>
        <line num="117" count="29" type="stmt"/>
        <line num="123" count="3" type="stmt"/>
        <line num="124" count="3" type="stmt"/>
      </file>
      <file name="index.js" path="/Users/acelakov/redhat/insights-inventory-frontend/src/components/GeneralInfo/OperatingSystemCard/index.js">
        <metrics statements="0" coveredstatements="0" conditionals="0" coveredconditionals="0" methods="0" coveredmethods="0"/>
      </file>
    </package>
    <package name="src.components.GeneralInfo.SubscriptionCard">
      <metrics statements="8" coveredstatements="8" conditionals="8" coveredconditionals="8" methods="2" coveredmethods="2"/>
      <file name="SubscriptionCard.js" path="/Users/acelakov/redhat/insights-inventory-frontend/src/components/GeneralInfo/SubscriptionCard/SubscriptionCard.js">
        <metrics statements="8" coveredstatements="8" conditionals="8" coveredconditionals="8" methods="2" coveredmethods="2"/>
        <line num="7" count="3" type="stmt"/>
        <line num="14" count="25" type="stmt"/>
        <line num="30" count="3" type="stmt"/>
        <line num="41" count="3" type="stmt"/>
        <line num="48" count="3" type="stmt"/>
        <line num="49" count="25" type="stmt"/>
        <line num="55" count="3" type="stmt"/>
        <line num="56" count="3" type="stmt"/>
      </file>
      <file name="index.js" path="/Users/acelakov/redhat/insights-inventory-frontend/src/components/GeneralInfo/SubscriptionCard/index.js">
        <metrics statements="0" coveredstatements="0" conditionals="0" coveredconditionals="0" methods="0" coveredmethods="0"/>
      </file>
    </package>
    <package name="src.components.GeneralInfo.SystemCard">
      <metrics statements="35" coveredstatements="28" conditionals="39" coveredconditionals="39" methods="16" coveredmethods="11"/>
      <file name="SystemCard.js" path="/Users/acelakov/redhat/insights-inventory-frontend/src/components/GeneralInfo/SystemCard/SystemCard.js">
        <metrics statements="35" coveredstatements="28" conditionals="39" coveredconditionals="39" methods="16" coveredmethods="11"/>
        <line num="14" count="3" type="stmt"/>
        <line num="15" count="141" type="stmt"/>
        <line num="33" count="44" type="stmt"/>
        <line num="38" count="44" type="stmt"/>
        <line num="39" count="0" type="stmt"/>
        <line num="45" count="96" type="stmt"/>
        <line num="46" count="0" type="stmt"/>
        <line num="47" count="0" type="stmt"/>
        <line num="48" count="0" type="stmt"/>
        <line num="51" count="44" type="stmt"/>
        <line num="52" count="2" type="stmt"/>
        <line num="53" count="2" type="stmt"/>
        <line num="58" count="44" type="stmt"/>
        <line num="59" count="2" type="stmt"/>
        <line num="60" count="2" type="stmt"/>
        <line num="65" count="44" type="stmt"/>
        <line num="66" count="143" type="stmt"/>
        <line num="67" count="143" type="cond" truecount="3" falsecount="0"/>
        <line num="91" count="48" type="stmt"/>
        <line num="92" count="48" type="stmt"/>
        <line num="94" count="48" type="stmt"/>
        <line num="184" count="1" type="stmt"/>
        <line num="217" count="1" type="stmt"/>
        <line num="225" count="2" type="stmt"/>
        <line num="227" count="0" type="cond" truecount="2" falsecount="0"/>
        <line num="268" count="3" type="stmt"/>
        <line num="312" count="3" type="stmt"/>
        <line num="330" count="3" type="stmt"/>
        <line num="336" count="44" type="stmt"/>
        <line num="338" count="0" type="stmt"/>
        <line num="342" count="0" type="stmt"/>
        <line num="347" count="3" type="stmt"/>
        <line num="348" count="44" type="stmt"/>
        <line num="356" count="3" type="stmt"/>
        <line num="357" count="3" type="stmt"/>
      </file>
      <file name="index.js" path="/Users/acelakov/redhat/insights-inventory-frontend/src/components/GeneralInfo/SystemCard/index.js">
        <metrics statements="0" coveredstatements="0" conditionals="0" coveredconditionals="0" methods="0" coveredmethods="0"/>
      </file>
    </package>
    <package name="src.components.GeneralInfo.SystemStatusCard">
      <metrics statements="9" coveredstatements="8" conditionals="16" coveredconditionals="15" methods="3" coveredmethods="2"/>
      <file name="SystemStatusCard.js" path="/Users/acelakov/redhat/insights-inventory-frontend/src/components/GeneralInfo/SystemStatusCard/SystemStatusCard.js">
        <metrics statements="9" coveredstatements="8" conditionals="16" coveredconditionals="15" methods="3" coveredmethods="2"/>
        <line num="9" count="3" type="stmt"/>
        <line num="19" count="26" type="stmt"/>
        <line num="66" count="3" type="stmt"/>
        <line num="82" count="3" type="stmt"/>
        <line num="85" count="0" type="stmt"/>
        <line num="92" count="3" type="stmt"/>
        <line num="93" count="26" type="stmt"/>
        <line num="101" count="3" type="stmt"/>
        <line num="102" count="3" type="stmt"/>
      </file>
      <file name="index.js" path="/Users/acelakov/redhat/insights-inventory-frontend/src/components/GeneralInfo/SystemStatusCard/index.js">
        <metrics statements="0" coveredstatements="0" conditionals="0" coveredconditionals="0" methods="0" coveredmethods="0"/>
      </file>
    </package>
    <package name="src.components.GeneralInfo.TextInputModal">
      <metrics statements="17" coveredstatements="15" conditionals="14" coveredconditionals="13" methods="8" coveredmethods="6"/>
      <file name="TextInputModal.js" path="/Users/acelakov/redhat/insights-inventory-frontend/src/components/GeneralInfo/TextInputModal/TextInputModal.js">
        <metrics statements="17" coveredstatements="15" conditionals="14" coveredconditionals="13" methods="8" coveredmethods="6"/>
        <line num="16" count="101" type="stmt"/>
        <line num="17" count="101" type="stmt"/>
        <line num="21" count="130" type="cond" truecount="2" falsecount="0"/>
        <line num="22" count="100" type="stmt"/>
        <line num="25" count="30" type="cond" truecount="2" falsecount="0"/>
        <line num="26" count="17" type="stmt"/>
        <line num="29" count="13" type="stmt"/>
        <line num="45" count="127" type="stmt"/>
        <line num="46" count="127" type="stmt"/>
        <line num="48" count="127" type="stmt"/>
        <line num="56" count="1" type="stmt"/>
        <line num="62" count="1" type="stmt"/>
        <line num="86" count="16" type="stmt"/>
        <line num="104" count="4" type="stmt"/>
        <line num="117" count="4" type="stmt"/>
        <line num="118" count="0" type="stmt"/>
        <line num="119" count="0" type="stmt"/>
      </file>
      <file name="index.js" path="/Users/acelakov/redhat/insights-inventory-frontend/src/components/GeneralInfo/TextInputModal/index.js">
        <metrics statements="0" coveredstatements="0" conditionals="0" coveredconditionals="0" methods="0" coveredmethods="0"/>
      </file>
    </package>
    <package name="src.components.GeneralInfo.dataMapper">
      <metrics statements="15" coveredstatements="15" conditionals="28" coveredconditionals="28" methods="11" coveredmethods="11"/>
      <file name="dataMapper.js" path="/Users/acelakov/redhat/insights-inventory-frontend/src/components/GeneralInfo/dataMapper/dataMapper.js">
        <metrics statements="15" coveredstatements="15" conditionals="28" coveredconditionals="28" methods="11" coveredmethods="11"/>
        <line num="14" count="7" type="stmt"/>
        <line num="27" count="7" type="stmt"/>
        <line num="40" count="7" type="cond" truecount="1" falsecount="0"/>
        <line num="60" count="2" type="cond" truecount="3" falsecount="0"/>
        <line num="61" count="2" type="stmt"/>
        <line num="67" count="2" type="cond" truecount="2" falsecount="0"/>
        <line num="82" count="7" type="cond" truecount="1" falsecount="0"/>
        <line num="90" count="3" type="stmt"/>
        <line num="102" count="7" type="cond" truecount="1" falsecount="0"/>
        <line num="122" count="4" type="stmt"/>
        <line num="137" count="7" type="stmt"/>
        <line num="139" count="3" type="stmt"/>
        <line num="154" count="5" type="stmt"/>
        <line num="187" count="12" type="cond" truecount="2" falsecount="0"/>
        <line num="194" count="16" type="stmt"/>
      </file>
      <file name="index.js" path="/Users/acelakov/redhat/insights-inventory-frontend/src/components/GeneralInfo/dataMapper/index.js">
        <metrics statements="0" coveredstatements="0" conditionals="0" coveredconditionals="0" methods="0" coveredmethods="0"/>
      </file>
    </package>
    <package name="src.components.GeneralInfo.selectors">
      <metrics statements="25" coveredstatements="21" conditionals="50" coveredconditionals="40" methods="15" coveredmethods="13"/>
      <file name="index.js" path="/Users/acelakov/redhat/insights-inventory-frontend/src/components/GeneralInfo/selectors/index.js">
        <metrics statements="0" coveredstatements="0" conditionals="0" coveredconditionals="0" methods="0" coveredmethods="0"/>
      </file>
      <file name="selectors.js" path="/Users/acelakov/redhat/insights-inventory-frontend/src/components/GeneralInfo/selectors/selectors.js">
[...]
        <line num="16" count="1" type="stmt"/>
        <line num="17" count="0" type="stmt"/>
        <line num="20" count="1" type="stmt"/>
        <line num="21" count="0" type="stmt"/>
        <line num="31" count="1" type="stmt"/>
        <line num="32" count="0" type="stmt"/>
        <line num="33" count="0" type="stmt"/>
        <line num="34" count="0" type="stmt"/>
        <line num="37" count="0" type="stmt"/>
        <line num="38" count="0" type="stmt"/>
        <line num="40" count="0" type="stmt"/>
        <line num="41" count="0" type="stmt"/>
        <line num="61" count="1" type="stmt"/>
        <line num="65" count="1" type="stmt"/>
        <line num="68" count="1" type="stmt"/>
      </file>
      <file name="InventoryPageContents.js" path="/Users/acelakov/redhat/insights-inventory-frontend/src/routes/InventoryComponents/InventoryPageContents.js">
        <metrics statements="1" coveredstatements="1" conditionals="0" coveredconditionals="0" methods="0" coveredmethods="0"/>
        <line num="4" count="2" type="stmt"/>
      </file>
      <file name="InventoryPageHeader.js" path="/Users/acelakov/redhat/insights-inventory-frontend/src/routes/InventoryComponents/InventoryPageHeader.js">
        <metrics statements="11" coveredstatements="11" conditionals="3" coveredconditionals="3" methods="6" coveredmethods="6"/>
        <line num="25" count="2" type="stmt"/>
        <line num="26" count="6" type="stmt"/>
        <line num="38" count="6" type="stmt"/>
        <line num="45" count="1" type="stmt"/>
        <line num="49" count="6" type="stmt"/>
        <line num="56" count="2" type="stmt"/>
        <line num="63" count="2" type="stmt"/>
        <line num="64" count="7" type="stmt"/>
        <line num="65" count="7" type="stmt"/>
        <line num="66" count="7" type="stmt"/>
        <line num="84" count="2" type="stmt"/>
      </file>
      <file name="InventoryPopover.js" path="/Users/acelakov/redhat/insights-inventory-frontend/src/routes/InventoryComponents/InventoryPopover.js">
        <metrics statements="2" coveredstatements="2" conditionals="0" coveredconditionals="0" methods="1" coveredmethods="1"/>
        <line num="16" count="2" type="stmt"/>
        <line num="17" count="7" type="stmt"/>
      </file>
      <file name="NestedHashTable.js" path="/Users/acelakov/redhat/insights-inventory-frontend/src/routes/InventoryComponents/NestedHashTable.js">
        <metrics statements="6" coveredstatements="6" conditionals="0" coveredconditionals="0" methods="4" coveredmethods="4"/>
        <line num="7" count="4" type="stmt"/>
        <line num="8" count="13" type="stmt"/>
        <line num="13" count="26" type="stmt"/>
        <line num="23" count="18" type="stmt"/>
        <line num="25" count="36" type="stmt"/>
        <line num="38" count="4" type="stmt"/>
      </file>
    </package>
    <package name="src.store">
      <metrics statements="249" coveredstatements="140" conditionals="216" coveredconditionals="85" methods="145" coveredmethods="65"/>
      <file name="action-types.js" path="/Users/acelakov/redhat/insights-inventory-frontend/src/store/action-types.js">
        <metrics statements="29" coveredstatements="29" conditionals="0" coveredconditionals="0" methods="3" coveredmethods="3"/>
        <line num="3" count="43" type="stmt"/>
        <line num="4" count="172" type="stmt"/>
        <line num="5" count="1376" type="stmt"/>
        <line num="16" count="43" type="stmt"/>
        <line num="18" count="43" type="stmt"/>
        <line num="27" count="43" type="stmt"/>
        <line num="41" count="43" type="stmt"/>
        <line num="48" count="43" type="stmt"/>
        <line num="49" count="129" type="stmt"/>
        <line num="53" count="43" type="stmt"/>
        <line num="54" count="43" type="stmt"/>
        <line num="57" count="43" type="stmt"/>
        <line num="58" count="43" type="stmt"/>
        <line num="59" count="43" type="stmt"/>
        <line num="60" count="43" type="stmt"/>
        <line num="61" count="43" type="stmt"/>
        <line num="62" count="43" type="stmt"/>
        <line num="63" count="43" type="stmt"/>
        <line num="65" count="43" type="stmt"/>
        <line num="66" count="43" type="stmt"/>
        <line num="67" count="43" type="stmt"/>
        <line num="68" count="43" type="stmt"/>
        <line num="69" count="43" type="stmt"/>
        <line num="70" count="43" type="stmt"/>
        <line num="71" count="43" type="stmt"/>
        <line num="72" count="43" type="stmt"/>
        <line num="73" count="43" type="stmt"/>
        <line num="74" count="43" type="stmt"/>
        <line num="75" count="43" type="stmt"/>
      </file>
      <file name="actions.js" path="/Users/acelakov/redhat/insights-inventory-frontend/src/store/actions.js">
        <metrics statements="11" coveredstatements="11" conditionals="0" coveredconditionals="0" methods="10" coveredmethods="7"/>
        <line num="15" count="36" type="stmt"/>
        <line num="31" count="36" type="stmt"/>
        <line num="38" count="36" type="stmt"/>
        <line num="39" count="4" type="stmt"/>
        <line num="44" count="36" type="stmt"/>
        <line num="61" count="36" type="stmt"/>
        <line num="69" count="36" type="stmt"/>
        <line num="77" count="36" type="stmt"/>
        <line num="82" count="36" type="stmt"/>
        <line num="99" count="36" type="stmt"/>
        <line num="104" count="36" type="stmt"/>
      </file>
      <file name="entities.js" path="/Users/acelakov/redhat/insights-inventory-frontend/src/store/entities.js">
        <metrics statements="64" coveredstatements="9" conditionals="63" coveredconditionals="8" methods="38" coveredmethods="7"/>
        <line num="29" count="10" type="stmt"/>
        <line num="41" count="60" type="stmt"/>
        <line num="47" count="302" type="stmt"/>
        <line num="57" count="306" type="cond" truecount="2" falsecount="0"/>
        <line num="72" count="3" type="stmt"/>
        <line num="86" count="306" type="stmt"/>
        <line num="107" count="306" type="cond" truecount="1" falsecount="1"/>
        <line num="113" count="306" type="stmt"/>
        <line num="142" count="0" type="stmt"/>
        <line num="148" count="0" type="cond" truecount="0" falsecount="2"/>
        <line num="163" count="0" type="stmt"/>
        <line num="169" count="10" type="stmt"/>
        <line num="170" count="0" type="stmt"/>
        <line num="191" count="0" type="cond" truecount="0" falsecount="2"/>
        <line num="192" count="0" type="stmt"/>
        <line num="196" count="0" type="cond" truecount="0" falsecount="5"/>
        <line num="197" count="0" type="stmt"/>
        <line num="200" count="0" type="cond" truecount="0" falsecount="2"/>
        <line num="201" count="0" type="stmt"/>
        <line num="204" count="0" type="stmt"/>
        <line num="210" count="0" type="cond" truecount="0" falsecount="2"/>
        <line num="221" count="0" type="stmt"/>
        <line num="228" count="0" type="stmt"/>
        <line num="229" count="0" type="stmt"/>
        <line num="230" count="0" type="cond" truecount="0" falsecount="2"/>
        <line num="231" count="0" type="stmt"/>
        <line num="232" count="0" type="stmt"/>
        <line num="238" count="0" type="stmt"/>
        <line num="241" count="0" type="stmt"/>
        <line num="242" count="0" type="stmt"/>
        <line num="243" count="0" type="cond" truecount="0" falsecount="2"/>
        <line num="244" count="0" type="stmt"/>
        <line num="246" count="0" type="stmt"/>
        <line num="249" count="0" type="stmt"/>
        <line num="256" count="0" type="stmt"/>
        <line num="274" count="0" type="cond" truecount="0" falsecount="1"/>
        <line num="275" count="0" type="cond" truecount="0" falsecount="2"/>
        <line num="276" count="0" type="cond" truecount="0" falsecount="2"/>
        <line num="277" count="0" type="stmt"/>
        <line num="278" count="0" type="stmt"/>
        <line num="279" count="0" type="stmt"/>
        <line num="282" count="0" type="stmt"/>
        <line num="283" count="0" type="stmt"/>
        <line num="286" count="0" type="cond" truecount="0" falsecount="2"/>
        <line num="287" count="0" type="stmt"/>
        <line num="288" count="0" type="stmt"/>
        <line num="289" count="0" type="stmt"/>
        <line num="296" count="0" type="stmt"/>
        <line num="303" count="0" type="cond" truecount="0" falsecount="2"/>
        <line num="304" count="0" type="stmt"/>
        <line num="306" count="0" type="stmt"/>
        <line num="321" count="0" type="cond" truecount="0" falsecount="2"/>
        <line num="322" count="0" type="stmt"/>
        <line num="324" count="0" type="stmt"/>
        <line num="336" count="0" type="stmt"/>
        <line num="351" count="0" type="cond" truecount="0" falsecount="2"/>
        <line num="352" count="0" type="stmt"/>
        <line num="355" count="0" type="stmt"/>
        <line num="358" count="0" type="stmt"/>
        <line num="359" count="0" type="stmt"/>
        <line num="376" count="0" type="stmt"/>
        <line num="390" count="0" type="stmt"/>
        <line num="400" count="0" type="stmt"/>
        <line num="406" count="0" type="stmt"/>
      </file>
      <file name="entityDetails.js" path="/Users/acelakov/redhat/insights-inventory-frontend/src/store/entityDetails.js">
        <metrics statements="14" coveredstatements="1" conditionals="16" coveredconditionals="0" methods="11" coveredmethods="0"/>
        <line num="4" count="6" type="stmt"/>
        <line num="7" count="0" type="stmt"/>
        <line num="14" count="0" type="stmt"/>
        <line num="22" count="0" type="stmt"/>
        <line num="29" count="0" type="stmt"/>
        <line num="36" count="0" type="cond" truecount="0" falsecount="2"/>
        <line num="37" count="0" type="stmt"/>
        <line num="41" count="0" type="cond" truecount="0" falsecount="2"/>
        <line num="61" count="0" type="cond" truecount="0" falsecount="2"/>
        <line num="62" count="0" type="stmt"/>
        <line num="66" count="0" type="cond" truecount="0" falsecount="2"/>
        <line num="86" count="0" type="stmt"/>
        <line num="97" count="0" type="stmt"/>
        <line num="99" count="0" type="stmt"/>
      </file>
      <file name="groupDetail.js" path="/Users/acelakov/redhat/insights-inventory-frontend/src/store/groupDetail.js">
        <metrics statements="5" coveredstatements="3" conditionals="0" coveredconditionals="0" methods="4" coveredmethods="2"/>
        <line num="4" count="6" type="stmt"/>
        <line num="16" count="1" type="stmt"/>
        <line num="23" count="0" type="stmt"/>
        <line num="33" count="0" type="stmt"/>
        <line num="43" count="1" type="stmt"/>
      </file>
      <file name="groups.js" path="/Users/acelakov/redhat/insights-inventory-frontend/src/store/groups.js">
        <metrics statements="4" coveredstatements="1" conditionals="0" coveredconditionals="0" methods="3" coveredmethods="0"/>
        <line num="4" count="6" type="stmt"/>
        <line num="16" count="0" type="stmt"/>
        <line num="23" count="0" type="stmt"/>
        <line num="33" count="0" type="stmt"/>
      </file>
      <file name="index.js" path="/Users/acelakov/redhat/insights-inventory-frontend/src/store/index.js">
        <metrics statements="8" coveredstatements="6" conditionals="5" coveredconditionals="1" methods="3" coveredmethods="1"/>
        <line num="25" count="5" type="stmt"/>
        <line num="31" count="5" type="cond" truecount="1" falsecount="1"/>
        <line num="35" count="5" type="stmt"/>
        <line num="36" count="10" type="stmt"/>
        <line num="37" count="10" type="stmt"/>
        <line num="56" count="5" type="cond" truecount="0" falsecount="1"/>
        <line num="57" count="0" type="stmt"/>
        <line num="63" count="0" type="stmt"/>
      </file>
      <file name="inventory-actions.js" path="/Users/acelakov/redhat/insights-inventory-frontend/src/store/inventory-actions.js">
        <metrics statements="41" coveredstatements="37" conditionals="52" coveredconditionals="26" methods="29" coveredmethods="17"/>
        <line num="28" count="40" type="stmt"/>
        <line num="34" count="31" type="stmt"/>
        <line num="36" count="8" type="stmt"/>
        <line num="44" count="31" type="stmt"/>
        <line num="45" count="135" type="cond" truecount="2" falsecount="1"/>
        <line num="48" count="31" type="cond" truecount="2" falsecount="0"/>
        <line num="68" count="31" type="cond" truecount="1" falsecount="1"/>
        <line num="69" count="31" type="cond" truecount="1" falsecount="1"/>
        <line num="71" count="31" type="stmt"/>
        <line num="73" count="31" type="stmt"/>
        <line num="86" count="1" type="stmt"/>
        <line num="92" count="0" type="stmt"/>
        <line num="94" count="0" type="cond" truecount="0" falsecount="4"/>
        <line num="105" count="0" type="stmt"/>
        <line num="106" count="0" type="stmt"/>
        <line num="116" count="40" type="cond" truecount="0" falsecount="1"/>
        <line num="123" count="40" type="stmt"/>
        <line num="128" count="40" type="stmt"/>
        <line num="136" count="40" type="stmt"/>
        <line num="141" count="40" type="stmt"/>
        <line num="146" count="40" type="stmt"/>
        <line num="151" count="40" type="cond" truecount="1" falsecount="0"/>
        <line num="156" count="40" type="stmt"/>
        <line num="160" count="40" type="stmt"/>
        <line num="165" count="40" type="stmt"/>
        <line num="179" count="40" type="stmt"/>
        <line num="193" count="40" type="stmt"/>
        <line num="202" count="40" type="stmt"/>
        <line num="207" count="40" type="stmt"/>
        <line num="211" count="27" type="stmt"/>
        <line num="217" count="40" type="stmt"/>
        <line num="225" count="40" type="stmt"/>
        <line num="230" count="40" type="cond" truecount="0" falsecount="1"/>
        <line num="235" count="40" type="stmt"/>
        <line num="251" count="40" type="stmt"/>
        <line num="256" count="40" type="stmt"/>
        <line num="257" count="4" type="stmt"/>
        <line num="264" count="40" type="stmt"/>
        <line num="265" count="4" type="stmt"/>
        <line num="271" count="40" type="stmt"/>
        <line num="272" count="1" type="stmt"/>
      </file>
      <file name="reducers.js" path="/Users/acelakov/redhat/insights-inventory-frontend/src/store/reducers.js">
        <metrics statements="43" coveredstatements="14" conditionals="34" coveredconditionals="6" methods="22" coveredmethods="7"/>
        <line num="23" count="6" type="stmt"/>
        <line num="26" count="0" type="stmt"/>
        <line num="34" count="0" type="stmt"/>
        <line num="41" count="0" type="cond" truecount="0" falsecount="2"/>
        <line num="42" count="0" type="cond" truecount="0" falsecount="2"/>
        <line num="43" count="0" type="cond" truecount="0" falsecount="2"/>
        <line num="44" count="0" type="stmt"/>
        <line num="45" count="0" type="stmt"/>
        <line num="47" count="0" type="cond" truecount="0" falsecount="2"/>
        <line num="48" count="0" type="stmt"/>
        <line num="51" count="0" type="cond" truecount="0" falsecount="2"/>
        <line num="52" count="0" type="cond" truecount="0" falsecount="2"/>
        <line num="55" count="0" type="cond" truecount="0" falsecount="2"/>
        <line num="56" count="0" type="stmt"/>
        <line num="57" count="0" type="cond" truecount="0" falsecount="2"/>
        <line num="58" count="0" type="stmt"/>
        <line num="60" count="0" type="stmt"/>
        <line num="64" count="0" type="stmt"/>
        <line num="71" count="0" type="cond" truecount="0" falsecount="2"/>
        <line num="72" count="0" type="stmt"/>
        <line num="74" count="0" type="stmt"/>
        <line num="81" count="3" type="cond" truecount="2" falsecount="0"/>
        <line num="82" count="1" type="stmt"/>
        <line num="85" count="2" type="cond" truecount="1" falsecount="1"/>
        <line num="86" count="0" type="stmt"/>
        <line num="89" count="2" type="stmt"/>
        <line num="94" count="2" type="stmt"/>
        <line num="104" count="0" type="stmt"/>
        <line num="111" count="0" type="stmt"/>
        <line num="112" count="0" type="stmt"/>
        <line num="114" count="0" type="stmt"/>
        <line num="122" count="0" type="stmt"/>
        <line num="128" count="6" type="stmt"/>
        <line num="135" count="6" type="stmt"/>
        <line num="141" count="0" type="stmt"/>
        <line num="150" count="6" type="stmt"/>
        <line num="151" count="6" type="stmt"/>
        <line num="159" count="0" type="cond" truecount="0" falsecount="1"/>
        <line num="162" count="5" type="stmt"/>
        <line num="163" count="32" type="stmt"/>
        <line num="180" count="0" type="cond" truecount="0" falsecount="1"/>
        <line num="183" count="5" type="stmt"/>
        <line num="184" count="32" type="stmt"/>
      </file>
      <file name="redux.js" path="/Users/acelakov/redhat/insights-inventory-frontend/src/store/redux.js">
        <metrics statements="0" coveredstatements="0" conditionals="0" coveredconditionals="0" methods="0" coveredmethods="0"/>
      </file>
      <file name="registeryContext.js" path="/Users/acelakov/redhat/insights-inventory-frontend/src/store/registeryContext.js">
        <metrics statements="1" coveredstatements="0" conditionals="0" coveredconditionals="0" methods="1" coveredmethods="0"/>
        <line num="3" count="0" type="stmt"/>
      </file>
      <file name="system-issues-actions.js" path="/Users/acelakov/redhat/insights-inventory-frontend/src/store/system-issues-actions.js">
        <metrics statements="4" coveredstatements="4" conditionals="0" coveredconditionals="0" methods="4" coveredmethods="4"/>
        <line num="4" count="36" type="stmt"/>
        <line num="9" count="36" type="stmt"/>
        <line num="14" count="36" type="stmt"/>
        <line num="19" count="36" type="stmt"/>
      </file>
      <file name="systemIssues.js" path="/Users/acelakov/redhat/insights-inventory-frontend/src/store/systemIssues.js">
        <metrics statements="10" coveredstatements="10" conditionals="16" coveredconditionals="16" methods="10" coveredmethods="10"/>
        <line num="5" count="2" type="stmt"/>
        <line num="11" count="1" type="stmt"/>
        <line num="18" count="2" type="stmt"/>
        <line num="42" count="2" type="stmt"/>
        <line num="63" count="2" type="stmt"/>
        <line num="76" count="5" type="stmt"/>
        <line num="87" count="1" type="stmt"/>
        <line num="89" count="1" type="stmt"/>
        <line num="91" count="1" type="stmt"/>
        <line num="93" count="1" type="stmt"/>
      </file>
      <file name="systemProfileStore.js" path="/Users/acelakov/redhat/insights-inventory-frontend/src/store/systemProfileStore.js">
        <metrics statements="15" coveredstatements="15" conditionals="30" coveredconditionals="28" methods="7" coveredmethods="7"/>
        <line num="4" count="7" type="stmt"/>
        <line num="6" count="7" type="stmt"/>
        <line num="9" count="7" type="stmt"/>
        <line num="10" count="13" type="cond" truecount="4" falsecount="0"/>
        <line num="11" count="3" type="stmt"/>
        <line num="14" count="10" type="stmt"/>
        <line num="15" count="10" type="stmt"/>
        <line num="21" count="2" type="stmt"/>
        <line num="30" count="3" type="stmt"/>
        <line num="33" count="4" type="stmt"/>
        <line num="49" count="3" type="stmt"/>
        <line num="52" count="4" type="stmt"/>
        <line num="64" count="2" type="cond" truecount="4" falsecount="0"/>
        <line num="66" count="2" type="cond" truecount="3" falsecount="1"/>
        <line num="70" count="2" type="stmt"/>
      </file>
    </package>
  </project>
</coverage>
