TN:
SF:src/App.js
FN:8,(anonymous_0)
FNF:1
FNH:0
FNDA:0,(anonymous_0)
DA:8,0
DA:9,0
LF:2
LH:0
BRF:0
BRH:0
end_of_record
TN:
SF:src/AppEntry.js
FN:10,(anonymous_0)
FN:11,(anonymous_1)
FN:14,(anonymous_2)
FN:16,(anonymous_3)
FN:23,(anonymous_4)
FNF:5
FNH:0
FNDA:0,(anonymous_0)
FNDA:0,(anonymous_1)
FNDA:0,(anonymous_2)
FNDA:0,(anonymous_3)
FNDA:0,(anonymous_4)
DA:10,0
DA:11,0
DA:12,0
DA:13,0
DA:15,0
DA:16,0
DA:20,0
DA:23,0
DA:35,0
LF:9
LH:0
BRDA:12,0,0,0
BRDA:12,0,1,0
BRDA:20,1,0,0
BRDA:20,1,1,0
BRF:4
BRH:0
end_of_record
TN:
SF:src/ApplicationTab.js
FN:14,(anonymous_0)
FNF:1
FNH:0
FNDA:0,(anonymous_0)
DA:14,0
DA:15,0
DA:21,0
DA:29,0
DA:31,0
DA:49,0
LF:6
LH:0
BRDA:31,0,0,0
BRDA:31,0,1,0
BRDA:31,1,0,0
BRDA:31,1,1,0
BRDA:31,1,2,0
BRF:5
BRH:0
end_of_record
TN:
SF:src/Contexts.js
FNF:0
FNH:0
DA:3,5
LF:1
LH:1
BRF:0
BRH:0
end_of_record
TN:
SF:src/DevAppEntry.js
FN:6,(anonymous_0)
FNF:1
FNH:0
FNDA:0,(anonymous_0)
DA:6,0
LF:1
LH:0
BRF:0
BRH:0
end_of_record
TN:
SF:src/Routes.js
FN:17,(anonymous_0)
FN:20,(anonymous_1)
FN:23,(anonymous_2)
FN:24,(anonymous_3)
FN:25,(anonymous_4)
FN:29,(anonymous_5)
FN:44,(anonymous_6)
FN:57,(anonymous_7)
FN:59,(anonymous_8)
FNF:9
FNH:3
FNDA:0,(anonymous_0)
FNDA:0,(anonymous_1)
FNDA:0,(anonymous_2)
FNDA:0,(anonymous_3)
FNDA:0,(anonymous_4)
FNDA:0,(anonymous_5)
FNDA:8,(anonymous_6)
FNDA:4,(anonymous_7)
FNDA:4,(anonymous_8)
DA:17,1
DA:18,0
DA:20,1
DA:21,0
DA:23,1
DA:24,1
DA:25,1
DA:26,0
DA:29,1
DA:31,1
DA:44,1
DA:45,8
DA:46,8
DA:47,8
DA:48,8
DA:50,8
DA:54,8
DA:55,8
DA:57,8
DA:59,4
DA:60,4
DA:61,4
DA:62,4
DA:64,4
DA:65,4
DA:66,4
DA:69,4
DA:70,4
DA:71,4
DA:73,4
DA:75,0
DA:77,0
DA:78,0
DA:84,8
DA:140,8
DA:144,8
DA:145,4
DA:148,4
LF:38
LH:32
BRDA:64,0,0,4
BRDA:64,0,1,0
BRDA:69,1,0,4
BRDA:69,1,1,0
BRDA:77,2,0,0
BRDA:77,2,1,0
BRDA:93,3,0,8
BRDA:93,3,1,0
BRDA:101,4,0,8
BRDA:101,4,1,0
BRDA:140,5,0,8
BRDA:140,5,1,0
BRDA:141,6,0,8
BRDA:141,6,1,2
BRDA:144,7,0,4
BRDA:144,7,1,4
BRDA:148,8,0,1
BRDA:148,8,1,3
BRF:18
BRH:11
end_of_record
TN:
SF:src/config.js
FNF:0
FNH:0
DA:1,0
DA:2,0
LF:2
LH:0
BRF:0
BRH:0
end_of_record
TN:
SF:src/constants.js
FN:8,(anonymous_0)
FN:16,(anonymous_1)
FN:41,(anonymous_2)
FN:47,(anonymous_3)
FN:51,(anonymous_4)
FN:53,(anonymous_5)
FN:55,(anonymous_6)
FN:69,(anonymous_7)
FN:73,(anonymous_8)
FN:75,(anonymous_9)
FN:85,(anonymous_10)
FN:93,(anonymous_11)
FN:106,(anonymous_12)
FN:106,(anonymous_13)
FN:135,(anonymous_14)
FN:145,(anonymous_15)
FN:194,(anonymous_16)
FN:209,(anonymous_17)
FN:224,(anonymous_18)
FN:237,(anonymous_19)
FNF:20
FNH:17
FNDA:6,(anonymous_0)
FNDA:8,(anonymous_1)
FNDA:65,(anonymous_2)
FNDA:56,(anonymous_3)
FNDA:66,(anonymous_4)
FNDA:2777,(anonymous_5)
FNDA:1801,(anonymous_6)
FNDA:47,(anonymous_7)
FNDA:0,(anonymous_8)
FNDA:88,(anonymous_9)
FNDA:32,(anonymous_10)
FNDA:6,(anonymous_11)
FNDA:2,(anonymous_12)
FNDA:2,(anonymous_13)
FNDA:0,(anonymous_14)
FNDA:0,(anonymous_15)
FNDA:7,(anonymous_16)
FNDA:5,(anonymous_17)
FNDA:106,(anonymous_18)
FNDA:2,(anonymous_19)
DA:8,48
DA:9,6
DA:10,6
DA:11,1
DA:12,1
DA:15,6
DA:16,8
DA:17,6
DA:23,6
DA:34,6
DA:35,4
DA:38,6
DA:41,48
DA:42,65
DA:47,48
DA:48,56
DA:51,48
DA:52,66
DA:54,2777
DA:57,1801
DA:58,1801
DA:69,48
DA:73,0
DA:75,47
DA:76,88
DA:78,88
DA:79,88
DA:86,32
DA:93,48
DA:98,6
DA:99,1
DA:101,5
DA:103,5
DA:106,2
DA:109,5
DA:120,5
DA:127,48
DA:135,48
DA:136,0
DA:137,0
DA:138,0
DA:139,0
DA:143,0
DA:146,0
DA:147,0
DA:148,0
DA:149,0
DA:150,0
DA:151,0
DA:153,0
DA:163,0
DA:164,0
DA:165,0
DA:166,0
DA:167,0
DA:168,0
DA:169,0
DA:170,0
DA:175,0
DA:192,48
DA:194,48
DA:209,48
DA:224,106
DA:237,48
DA:253,48
DA:255,48
DA:257,48
DA:259,48
DA:261,48
DA:263,48
DA:265,48
DA:266,48
DA:267,48
DA:268,48
DA:269,48
DA:270,48
DA:271,48
DA:275,48
DA:276,48
DA:277,48
DA:278,48
DA:280,48
LF:82
LH:60
BRDA:10,0,0,1
BRDA:10,0,1,5
BRDA:15,1,0,2
BRDA:17,2,0,6
BRDA:17,2,1,4
BRDA:24,3,0,4
BRDA:24,3,1,2
BRDA:25,4,0,4
BRDA:25,4,1,2
BRDA:34,5,0,4
BRDA:34,5,1,2
BRDA:41,6,0,1
BRDA:41,7,0,1
BRDA:48,8,0,56
BRDA:48,8,1,55
BRDA:51,9,0,1
BRDA:51,10,0,2
BRDA:54,11,0,2777
BRDA:54,11,1,1800
BRDA:57,12,0,1801
BRDA:57,12,1,756
BRDA:57,12,2,753
BRDA:59,13,0,1801
BRDA:59,13,1,756
BRDA:60,14,0,53
BRDA:60,14,1,703
BRDA:70,15,0,1
BRDA:71,16,0,1
BRDA:72,17,0,2
BRDA:73,18,0,3
BRDA:76,19,0,88
BRDA:76,19,1,48
BRDA:78,20,0,88
BRDA:78,20,1,88
BRDA:78,20,2,43
BRDA:82,21,0,88
BRDA:82,21,1,79
BRDA:84,22,0,88
BRDA:84,22,1,88
BRDA:87,23,0,88
BRDA:87,23,1,33
BRDA:88,24,0,88
BRDA:88,24,1,3
BRDA:94,25,0,1
BRDA:95,26,0,3
BRDA:96,27,0,2
BRDA:98,28,0,1
BRDA:98,28,1,5
BRDA:103,29,0,5
BRDA:103,29,1,4
BRDA:103,29,2,1
BRDA:109,30,0,1
BRDA:109,30,1,4
BRDA:109,31,0,5
BRDA:109,31,1,4
BRDA:109,31,2,1
BRDA:109,31,3,1
BRDA:146,32,0,0
BRDA:146,32,1,0
BRDA:172,33,0,0
BRDA:172,33,1,0
BRF:61
BRH:57
end_of_record
TN:
SF:src/Utilities/AccessDenied.js
FN:6,(anonymous_0)
FNF:1
FNH:1
FNDA:3,(anonymous_0)
DA:6,5
DA:7,3
DA:15,5
DA:21,5
LF:4
LH:4
BRF:0
BRH:0
end_of_record
TN:
SF:src/Utilities/ChromeLoader.js
FN:5,(anonymous_0)
FN:10,(anonymous_1)
FNF:2
FNH:0
FNDA:0,(anonymous_0)
FNDA:0,(anonymous_1)
DA:5,0
DA:6,0
DA:8,0
DA:11,0
DA:12,0
DA:15,0
DA:21,0
LF:7
LH:0
BRDA:11,0,0,0
BRDA:11,0,1,0
BRF:2
BRH:0
end_of_record
TN:
SF:src/Utilities/DeleteModal.js
FN:17,(anonymous_0)
FN:42,(anonymous_1)
FN:83,(anonymous_2)
FN:111,(anonymous_3)
FN:112,(anonymous_4)
FNF:5
FNH:3
FNDA:11,(anonymous_0)
FNDA:1,(anonymous_1)
FNDA:1,(anonymous_2)
FNDA:0,(anonymous_3)
FNDA:0,(anonymous_4)
DA:17,31
DA:24,11
DA:25,11
DA:26,6
DA:30,6
DA:32,5
DA:35,11
DA:42,1
DA:83,1
DA:93,31
DA:98,31
DA:108,31
DA:111,0
DA:112,0
LF:14
LH:12
BRDA:25,0,0,6
BRDA:25,0,1,5
BRDA:27,1,0,2
BRDA:27,1,1,4
BRDA:30,2,0,2
BRDA:30,2,1,4
BRDA:44,3,0,11
BRDA:44,3,1,11
BRF:8
BRH:8
end_of_record
TN:
SF:src/Utilities/InsightsDisconnected.js
FN:8,(anonymous_0)
FNF:1
FNH:1
FNDA:2,(anonymous_0)
DA:8,12
DA:9,2
LF:2
LH:2
BRF:0
BRH:0
end_of_record
TN:
SF:src/Utilities/OperatingSystemFilterHelpers.js
FN:7,(anonymous_0)
FN:12,(anonymous_1)
FN:16,(anonymous_2)
FN:18,(anonymous_3)
FN:28,(anonymous_4)
FN:30,(anonymous_5)
FN:45,(anonymous_6)
FN:52,(anonymous_7)
FN:53,(anonymous_8)
FN:54,(anonymous_9)
FN:63,(anonymous_10)
FN:65,(anonymous_11)
FN:90,(anonymous_12)
FN:92,(anonymous_13)
FN:94,(anonymous_14)
FN:101,(anonymous_15)
FN:106,(anonymous_16)
FN:108,(anonymous_17)
FN:113,(anonymous_18)
FN:129,(anonymous_19)
FN:141,(anonymous_20)
FNF:21
FNH:21
FNDA:17,(anonymous_0)
FNDA:32,(anonymous_1)
FNDA:17,(anonymous_2)
FNDA:80,(anonymous_3)
FNDA:3,(anonymous_4)
FNDA:17,(anonymous_5)
FNDA:16,(anonymous_6)
FNDA:4,(anonymous_7)
FNDA:11,(anonymous_8)
FNDA:25,(anonymous_9)
FNDA:2,(anonymous_10)
FNDA:7,(anonymous_11)
FNDA:8,(anonymous_12)
FNDA:5,(anonymous_13)
FNDA:2,(anonymous_14)
FNDA:1,(anonymous_15)
FNDA:7,(anonymous_16)
FNDA:25,(anonymous_17)
FNDA:5,(anonymous_18)
FNDA:4,(anonymous_19)
FNDA:6,(anonymous_20)
DA:7,1
DA:8,17
DA:12,32
DA:16,1
DA:17,17
DA:19,80
DA:28,1
DA:29,3
DA:31,17
DA:32,17
DA:33,17
DA:39,17
DA:40,17
DA:45,1
DA:46,16
DA:52,1
DA:53,4
DA:54,11
DA:55,25
DA:56,10
DA:57,10
DA:60,11
DA:63,1
DA:64,2
DA:66,7
DA:67,7
DA:69,7
DA:70,5
DA:79,7
DA:85,7
DA:90,8
DA:92,2
DA:94,5
DA:95,5
DA:98,2
DA:101,1
DA:105,1
DA:106,1
DA:107,7
DA:108,25
DA:110,7
DA:113,5
DA:118,1
DA:129,1
DA:135,4
DA:136,4
DA:137,4
DA:139,4
DA:141,6
DA:143,2
DA:148,4
LF:51
LH:51
BRDA:19,0,0,80
BRDA:19,0,1,15
BRDA:28,1,0,0
BRDA:29,2,0,2
BRDA:29,2,1,1
BRDA:45,3,0,5
BRDA:46,4,0,5
BRDA:46,4,1,11
BRDA:52,5,0,0
BRDA:55,6,0,10
BRDA:55,6,1,15
BRDA:55,7,0,25
BRDA:55,7,1,16
BRDA:63,8,0,0
BRDA:69,9,0,5
BRDA:69,9,1,2
BRDA:102,10,0,0
BRDA:103,11,0,0
BRDA:108,12,0,25
BRDA:108,12,1,5
BRDA:118,13,0,1
BRDA:118,13,1,0
BRDA:139,14,0,2
BRDA:139,14,1,2
BRF:24
BRH:18
end_of_record
TN:
SF:src/Utilities/OperatingSystemFormatter.js
FN:4,(anonymous_0)
FNF:1
FNH:1
FNDA:339,(anonymous_0)
DA:4,13
DA:5,339
DA:10,304
DA:15,304
DA:22,35
DA:29,13
LF:6
LH:6
BRDA:5,0,0,304
BRDA:5,0,1,35
BRDA:6,1,0,339
BRDA:6,1,1,201
BRDA:10,2,0,304
BRDA:10,2,1,304
BRDA:10,2,2,303
BRDA:10,2,3,1
BRDA:24,3,0,35
BRDA:24,3,1,9
BRF:10
BRH:10
end_of_record
TN:
SF:src/Utilities/Redirect.js
FN:5,(anonymous_0)
FNF:1
FNH:1
FNDA:1,(anonymous_0)
DA:5,2
DA:6,1
DA:7,1
DA:9,1
LF:4
LH:4
BRF:0
BRH:0
end_of_record
TN:
SF:src/Utilities/RouterWrapper.js
FN:5,(anonymous_0)
FNF:1
FNH:0
FNDA:0,(anonymous_0)
DA:5,0
DA:6,0
DA:7,0
DA:8,0
DA:11,0
LF:5
LH:0
BRF:0
BRH:0
end_of_record
TN:
SF:src/Utilities/TagWithDialog.js
FN:7,(anonymous_0)
FN:9,(anonymous_1)
FN:13,(anonymous_2)
FN:23,(anonymous_3)
FN:24,(anonymous_4)
FN:32,(anonymous_5)
FNF:6
FNH:6
FNDA:6,(anonymous_0)
FNDA:2,(anonymous_1)
FNDA:2,(anonymous_2)
FNDA:6,(anonymous_3)
FNDA:2,(anonymous_4)
FNDA:6,(anonymous_5)
DA:7,31
DA:8,6
DA:9,2
DA:13,2
DA:17,31
DA:23,31
DA:25,2
DA:26,1
DA:27,1
DA:32,6
LF:10
LH:10
BRDA:25,0,0,1
BRDA:25,0,1,1
BRF:2
BRH:2
end_of_record
TN:
SF:src/Utilities/TagsModal.js
FN:11,(anonymous_0)
FN:18,(anonymous_1)
FN:21,(anonymous_2)
FN:30,(anonymous_3)
FN:34,(anonymous_4)
FN:39,(anonymous_5)
FN:45,(anonymous_6)
FN:46,(anonymous_7)
FN:57,(anonymous_8)
FN:57,(anonymous_9)
FN:62,(anonymous_10)
FN:65,(anonymous_11)
FN:66,(anonymous_12)
FN:71,(anonymous_13)
FN:75,(anonymous_14)
FN:79,(anonymous_15)
FN:100,(anonymous_16)
FN:103,(anonymous_17)
FN:110,(anonymous_18)
FN:125,(anonymous_19)
FN:132,(anonymous_20)
FN:139,(anonymous_21)
FN:141,(anonymous_22)
FN:168,(anonymous_23)
FNF:24
FNH:22
FNDA:153,(anonymous_0)
FNDA:153,(anonymous_1)
FNDA:153,(anonymous_2)
FNDA:153,(anonymous_3)
FNDA:153,(anonymous_4)
FNDA:153,(anonymous_5)
FNDA:1,(anonymous_6)
FNDA:1,(anonymous_7)
FNDA:123,(anonymous_8)
FNDA:174,(anonymous_9)
FNDA:153,(anonymous_10)
FNDA:1,(anonymous_11)
FNDA:1,(anonymous_12)
FNDA:64,(anonymous_13)
FNDA:1,(anonymous_14)
FNDA:0,(anonymous_15)
FNDA:10,(anonymous_16)
FNDA:2,(anonymous_17)
FNDA:2,(anonymous_18)
FNDA:0,(anonymous_19)
FNDA:1,(anonymous_20)
FNDA:1,(anonymous_21)
FNDA:1,(anonymous_22)
FNDA:2,(anonymous_23)
DA:11,31
DA:12,153
DA:13,153
DA:14,153
DA:15,153
DA:17,153
DA:18,153
DA:21,153
DA:22,153
DA:23,2
DA:26,151
DA:29,153
DA:31,153
DA:34,153
DA:35,153
DA:39,153
DA:41,153
DA:43,153
DA:44,1
DA:46,1
DA:47,1
DA:56,152
DA:57,174
DA:62,153
DA:63,153
DA:66,1
DA:68,153
DA:71,153
DA:72,64
DA:75,153
DA:76,1
DA:77,1
DA:79,0
DA:83,153
DA:87,153
DA:100,10
DA:103,2
DA:111,2
DA:112,2
DA:113,2
DA:114,2
DA:115,2
DA:126,0
DA:127,0
DA:132,1
DA:139,1
DA:141,1
DA:153,31
DA:166,31
DA:168,2
LF:50
LH:47
BRDA:18,0,0,153
BRDA:18,0,1,0
BRDA:22,1,0,2
BRDA:22,1,1,151
BRDA:22,2,0,153
BRDA:22,2,1,151
BRDA:26,3,0,151
BRDA:26,3,1,130
BRDA:31,4,0,153
BRDA:31,4,1,143
BRDA:35,5,0,0
BRDA:35,5,1,153
BRDA:41,6,0,153
BRDA:41,6,1,152
BRDA:43,7,0,1
BRDA:43,7,1,152
BRDA:64,8,0,153
BRDA:64,8,1,152
BRDA:68,9,0,1
BRDA:68,9,1,152
BRDA:76,10,0,1
BRDA:76,10,1,0
BRDA:93,11,0,153
BRDA:93,11,1,10
BRDA:100,12,0,10
BRDA:100,12,1,0
BRDA:138,13,0,153
BRDA:138,13,1,153
BRDA:141,14,0,1
BRDA:141,14,1,1
BRDA:145,15,0,0
BRDA:145,15,1,153
BRF:32
BRH:27
end_of_record
TN:
SF:src/Utilities/TestingUtilities.js
FN:9,(anonymous_0)
FNF:1
FNH:1
FNDA:189,(anonymous_0)
DA:7,18
DA:9,18
DA:15,189
DA:30,18
LF:4
LH:4
BRDA:11,0,0,187
BRDA:13,1,0,26
BRDA:18,2,0,0
BRDA:18,2,1,189
BRF:4
BRH:3
end_of_record
TN:
SF:src/Utilities/URLSearchParams.js
FN:7,(anonymous_0)
FN:10,(anonymous_1)
FN:11,(anonymous_2)
FN:21,(anonymous_3)
FN:24,(anonymous_4)
FN:26,(anonymous_5)
FN:28,(anonymous_6)
FN:32,(anonymous_7)
FNF:8
FNH:8
FNDA:2,(anonymous_0)
FNDA:2,(anonymous_1)
FNDA:2,(anonymous_2)
FNDA:2,(anonymous_3)
FNDA:2,(anonymous_4)
FNDA:2,(anonymous_5)
FNDA:2,(anonymous_6)
FNDA:2,(anonymous_7)
DA:7,2
DA:8,2
DA:10,2
DA:12,2
DA:13,2
DA:16,2
DA:17,2
DA:18,2
DA:21,2
DA:22,2
DA:23,2
DA:26,2
DA:30,2
DA:32,2
DA:34,2
DA:40,2
LF:16
LH:16
BRDA:7,0,0,0
BRDA:13,1,0,1
BRDA:13,1,1,1
BRDA:21,2,0,0
BRDA:36,3,0,1
BRDA:36,3,1,1
BRF:6
BRH:4
end_of_record
TN:
SF:src/Utilities/Wrapper.js
FN:6,(anonymous_0)
FNF:1
FNH:0
FNDA:0,(anonymous_0)
DA:6,30
DA:13,0
DA:19,0
DA:32,30
LF:4
LH:2
BRDA:22,0,0,0
BRDA:22,0,1,0
BRF:2
BRH:0
end_of_record
TN:
SF:src/Utilities/constants.js
FN:34,subtractDate
FN:135,filterToGroup
FN:137,(anonymous_2)
FN:140,(anonymous_3)
FN:162,(anonymous_4)
FN:164,(anonymous_5)
FN:186,reduceFilters
FN:188,(anonymous_7)
FN:208,(anonymous_8)
FN:222,(anonymous_9)
FN:223,(anonymous_10)
FN:231,(anonymous_11)
FN:233,(anonymous_12)
FNF:13
FNH:11
FNDA:315,subtractDate
FNDA:4,filterToGroup
FNDA:4,(anonymous_2)
FNDA:4,(anonymous_3)
FNDA:0,(anonymous_4)
FNDA:0,(anonymous_5)
FNDA:65,reduceFilters
FNDA:57,(anonymous_7)
FNDA:137,(anonymous_8)
FNDA:1,(anonymous_9)
FNDA:1,(anonymous_10)
FNDA:271,(anonymous_11)
FNDA:17,(anonymous_12)
DA:3,63
DA:4,63
DA:5,63
DA:6,63
DA:7,63
DA:8,63
DA:9,63
DA:10,63
DA:11,63
DA:12,63
DA:13,63
DA:15,63
DA:16,63
DA:17,63
DA:19,63
DA:20,63
DA:21,63
DA:23,63
DA:25,63
DA:26,63
DA:28,63
DA:29,63
DA:30,63
DA:31,63
DA:33,63
DA:35,315
DA:36,315
DA:37,315
DA:40,63
DA:46,63
DA:47,63
DA:73,63
DA:92,63
DA:109,63
DA:111,63
DA:116,63
DA:122,63
DA:124,63
DA:136,4
DA:137,4
DA:140,4
DA:162,63
DA:163,0
DA:164,0
DA:187,65
DA:189,57
DA:190,28
DA:191,29
DA:192,4
DA:198,25
DA:208,137
DA:210,25
DA:222,63
DA:223,1
DA:224,1
DA:225,1
DA:228,1
DA:231,271
DA:233,63
DA:245,17
DA:296,63
DA:298,63
LF:62
LH:60
BRDA:135,0,0,0
BRDA:135,1,0,4
BRDA:167,2,0,0
BRDA:167,2,1,0
BRDA:168,3,0,0
BRDA:168,3,1,0
BRDA:171,4,0,0
BRDA:171,4,1,0
BRDA:172,5,0,0
BRDA:172,5,1,0
BRDA:175,6,0,0
BRDA:175,6,1,0
BRDA:177,7,0,0
BRDA:177,7,1,0
BRDA:177,8,0,0
BRDA:177,8,1,0
BRDA:186,9,0,0
BRDA:189,10,0,28
BRDA:189,10,1,29
BRDA:191,11,0,4
BRDA:191,11,1,25
BRDA:212,12,0,25
BRDA:212,12,1,12
BRDA:231,13,0,271
BRDA:231,13,1,36
BRDA:246,14,0,17
BRDA:246,14,1,4
BRDA:247,15,0,1
BRDA:247,15,1,3
BRDA:249,16,0,17
BRDA:249,16,1,3
BRDA:250,17,0,1
BRDA:250,17,1,2
BRDA:252,18,0,17
BRDA:252,18,1,4
BRDA:253,19,0,1
BRDA:253,19,1,3
BRDA:255,20,0,17
BRDA:255,20,1,3
BRDA:257,21,0,1
BRDA:257,21,1,2
BRDA:259,22,0,17
BRDA:259,22,1,13
BRDA:259,22,2,11
BRDA:259,22,3,8
BRDA:259,22,4,6
BRDA:263,23,0,17
BRDA:263,23,1,13
BRDA:263,23,2,11
BRDA:263,23,3,8
BRDA:263,23,4,6
BRDA:267,24,0,17
BRDA:267,24,1,0
BRDA:267,24,2,0
BRDA:271,25,0,17
BRDA:271,25,1,0
BRDA:272,26,0,0
BRDA:272,26,1,0
BRDA:274,27,0,17
BRDA:274,27,1,0
BRDA:275,28,0,0
BRDA:275,28,1,0
BRDA:279,29,0,17
BRDA:279,29,1,0
BRDA:280,30,0,0
BRDA:280,30,1,0
BRDA:284,31,0,17
BRDA:284,31,1,0
BRDA:285,32,0,0
BRDA:285,32,1,0
BRDA:289,33,0,17
BRDA:289,33,1,0
BRDA:290,34,0,0
BRDA:290,34,1,0
BRF:74
BRH:41
end_of_record
TN:
SF:src/Utilities/conventional.js
FN:7,(anonymous_0)
FNF:1
FNH:0
FNDA:0,(anonymous_0)
DA:7,1
DA:8,0
DA:11,0
LF:3
LH:1
BRF:0
BRH:0
end_of_record
TN:
SF:src/Utilities/edge.js
FN:12,(anonymous_0)
FN:14,(anonymous_1)
FN:22,(anonymous_2)
FN:30,(anonymous_3)
FN:38,(anonymous_4)
FN:53,(anonymous_5)
FN:60,(anonymous_6)
FN:67,(anonymous_7)
FN:81,(anonymous_8)
FN:87,(anonymous_9)
FN:89,(anonymous_10)
FNF:11
FNH:3
FNDA:0,(anonymous_0)
FNDA:0,(anonymous_1)
FNDA:0,(anonymous_2)
FNDA:0,(anonymous_3)
FNDA:0,(anonymous_4)
FNDA:0,(anonymous_5)
FNDA:0,(anonymous_6)
FNDA:0,(anonymous_7)
FNDA:1,(anonymous_8)
FNDA:1,(anonymous_9)
FNDA:2,(anonymous_10)
DA:10,4
DA:12,4
DA:13,0
DA:15,0
DA:23,0
DA:31,0
DA:39,0
DA:53,4
DA:54,0
DA:57,0
DA:60,4
DA:61,0
DA:64,0
DA:67,4
DA:68,0
DA:80,4
DA:81,4
DA:82,1
DA:87,4
DA:88,1
DA:89,1
DA:90,2
DA:92,1
LF:23
LH:13
BRDA:44,0,0,0
BRDA:44,0,1,0
BRF:2
BRH:0
end_of_record
TN:
SF:src/Utilities/index.js
FNF:0
FNH:0
LF:0
LH:0
BRF:0
BRH:0
end_of_record
TN:
SF:src/Utilities/path.js
FN:1,getBaseName
FN:10,resolveRelPath
FNF:2
FNH:0
FNDA:0,getBaseName
FNDA:0,resolveRelPath
DA:2,0
DA:3,0
DA:5,0
DA:7,0
DA:11,0
LF:5
LH:0
BRDA:10,0,0,0
BRDA:11,1,0,0
BRDA:11,1,1,0
BRF:3
BRH:0
end_of_record
TN:
SF:src/Utilities/sharedFunctions.js
FN:3,(anonymous_0)
FN:9,(anonymous_1)
FN:30,(anonymous_2)
FN:43,(anonymous_3)
FNF:4
FNH:4
FNDA:15,(anonymous_0)
FNDA:6,(anonymous_1)
FNDA:318,(anonymous_2)
FNDA:31,(anonymous_3)
DA:3,25
DA:4,15
DA:6,15
DA:9,25
DA:10,6
DA:11,6
DA:13,6
DA:14,6
DA:16,6
DA:17,4
DA:18,2
DA:22,0
DA:23,2
DA:24,1
DA:26,1
DA:30,25
DA:32,318
DA:33,313
DA:34,5
DA:35,3
DA:39,2
DA:43,25
DA:45,31
DA:52,31
DA:69,31
LF:25
LH:24
BRDA:3,0,0,14
BRDA:16,1,0,4
BRDA:16,1,1,2
BRDA:18,2,0,0
BRDA:18,2,1,2
BRDA:19,3,0,2
BRDA:19,3,1,0
BRDA:23,4,0,1
BRDA:23,4,1,1
BRDA:23,5,0,2
BRDA:23,5,1,1
BRDA:32,6,0,313
BRDA:32,6,1,5
BRDA:34,7,0,3
BRDA:34,7,1,2
BRDA:45,8,0,0
BRDA:45,8,1,31
BRDA:53,9,0,31
BRDA:53,9,1,4
BRDA:58,10,0,31
BRDA:58,10,1,11
BRDA:59,11,0,31
BRDA:59,11,1,31
BRDA:61,12,0,31
BRDA:61,12,1,31
BRDA:63,13,0,31
BRDA:63,13,1,4
BRF:27
BRH:24
end_of_record
TN:
SF:src/Utilities/testUtils.js
FN:3,(anonymous_0)
FN:9,(anonymous_1)
FN:19,(anonymous_2)
FN:25,(anonymous_3)
FNF:4
FNH:3
FNDA:41,(anonymous_0)
FNDA:13,(anonymous_1)
FNDA:1,(anonymous_2)
FNDA:0,(anonymous_3)
DA:3,2
DA:4,41
DA:5,41
DA:10,13
DA:15,31
DA:19,2
DA:20,1
DA:21,1
DA:26,0
DA:31,0
LF:10
LH:8
BRDA:10,0,0,13
BRDA:10,0,1,10
BRDA:10,0,2,3
BRDA:26,1,0,0
BRDA:26,1,1,0
BRDA:26,1,2,0
BRF:6
BRH:3
end_of_record
TN:
SF:src/Utilities/useFeatureFlag.js
FN:3,(anonymous_0)
FNF:1
FNH:0
FNDA:0,(anonymous_0)
DA:4,0
DA:5,0
DA:6,0
LF:3
LH:0
BRDA:6,0,0,0
BRDA:6,0,1,0
BRF:2
BRH:0
end_of_record
TN:
SF:src/Utilities/hooks/useBulkSelectConfig.js
FN:11,(anonymous_0)
FN:23,(anonymous_1)
FN:25,(anonymous_2)
FN:26,(anonymous_3)
FN:29,(anonymous_4)
FN:36,(anonymous_5)
FN:37,(anonymous_6)
FN:39,(anonymous_7)
FN:41,(anonymous_8)
FN:45,(anonymous_9)
FN:67,(anonymous_10)
FN:76,(anonymous_11)
FN:84,(anonymous_12)
FN:92,(anonymous_13)
FNF:14
FNH:5
FNDA:6,(anonymous_0)
FNDA:0,(anonymous_1)
FNDA:0,(anonymous_2)
FNDA:6,(anonymous_3)
FNDA:0,(anonymous_4)
FNDA:6,(anonymous_5)
FNDA:6,(anonymous_6)
FNDA:3,(anonymous_7)
FNDA:0,(anonymous_8)
FNDA:0,(anonymous_9)
FNDA:0,(anonymous_10)
FNDA:0,(anonymous_11)
FNDA:0,(anonymous_12)
FNDA:0,(anonymous_13)
DA:11,2
DA:20,6
DA:21,6
DA:22,6
DA:23,6
DA:24,0
DA:25,6
DA:26,6
DA:27,6
DA:29,6
DA:30,0
DA:32,0
DA:33,0
DA:36,6
DA:37,6
DA:39,3
DA:41,6
DA:42,0
DA:45,6
DA:46,0
DA:47,0
DA:56,0
DA:57,0
DA:58,0
DA:61,6
DA:67,0
DA:76,0
DA:85,0
DA:93,0
LF:29
LH:15
BRDA:25,0,0,0
BRDA:25,0,1,0
BRDA:27,1,0,3
BRDA:27,1,1,3
BRDA:36,2,0,0
BRDA:37,3,0,3
BRDA:37,3,1,3
BRDA:37,4,0,6
BRDA:37,4,1,3
BRDA:39,5,0,3
BRDA:39,5,1,0
BRDA:39,6,0,3
BRDA:39,6,1,0
BRDA:45,7,0,0
BRDA:49,8,0,0
BRDA:49,8,1,0
BRDA:52,9,0,0
BRDA:52,9,1,0
BRDA:63,10,0,3
BRDA:63,10,1,3
BRDA:71,11,0,6
BRDA:71,11,1,0
BRDA:71,12,0,6
BRDA:71,12,1,6
BRDA:71,12,2,6
BRDA:73,13,0,0
BRDA:73,13,1,6
BRDA:75,14,0,6
BRDA:75,14,1,0
BRDA:81,15,0,6
BRDA:81,15,1,0
BRDA:81,16,0,6
BRDA:81,16,1,6
BRDA:81,16,2,6
BRDA:83,17,0,6
BRDA:83,17,1,0
BRDA:95,18,0,0
BRDA:95,18,1,6
BRF:38
BRH:22
end_of_record
TN:
SF:src/Utilities/hooks/useEdgeGroups.js
FN:5,(anonymous_0)
FN:13,(anonymous_1)
FN:14,(anonymous_2)
FNF:3
FNH:0
FNDA:0,(anonymous_0)
FNDA:0,(anonymous_1)
FNDA:0,(anonymous_2)
DA:5,0
DA:6,0
DA:7,0
DA:9,0
DA:13,0
DA:14,0
DA:15,0
DA:16,0
DA:17,0
DA:18,0
DA:19,0
DA:20,0
DA:23,0
DA:25,0
DA:29,0
DA:31,0
LF:16
LH:0
BRDA:17,0,0,0
BRDA:17,0,1,0
BRF:2
BRH:0
end_of_record
TN:
SF:src/Utilities/hooks/useFetchBatched.js
FN:3,(anonymous_0)
FN:8,(anonymous_1)
FN:13,(anonymous_2)
FN:13,(anonymous_3)
FN:20,(anonymous_4)
FN:25,(anonymous_5)
FN:25,(anonymous_6)
FN:34,(anonymous_7)
FN:45,(anonymous_8)
FN:45,(anonymous_9)
FNF:10
FNH:1
FNDA:18,(anonymous_0)
FNDA:0,(anonymous_1)
FNDA:0,(anonymous_2)
FNDA:0,(anonymous_3)
FNDA:0,(anonymous_4)
FNDA:0,(anonymous_5)
FNDA:0,(anonymous_6)
FNDA:0,(anonymous_7)
FNDA:0,(anonymous_8)
FNDA:0,(anonymous_9)
DA:3,7
DA:4,18
DA:6,18
DA:9,0
DA:11,0
DA:13,0
DA:14,0
DA:18,0
DA:21,0
DA:23,0
DA:25,0
DA:26,0
DA:32,0
DA:41,0
DA:43,0
DA:45,0
DA:46,0
DA:53,0
LF:18
LH:3
BRDA:8,0,0,0
BRDA:9,1,0,0
BRDA:9,1,1,0
BRDA:20,2,0,0
BRDA:21,3,0,0
BRDA:21,3,1,0
BRDA:38,4,0,0
BRDA:39,5,0,0
BRDA:41,6,0,0
BRDA:41,6,1,0
BRF:10
BRH:0
end_of_record
TN:
SF:src/Utilities/hooks/useFetchOperatingSystems.js
FN:9,(anonymous_0)
FN:19,(anonymous_1)
FN:38,(anonymous_2)
FN:39,(anonymous_3)
FN:49,(anonymous_4)
FNF:5
FNH:5
FNDA:93,(anonymous_0)
FNDA:36,(anonymous_1)
FNDA:36,(anonymous_2)
FNDA:36,(anonymous_3)
FNDA:36,(anonymous_4)
DA:4,5
DA:9,5
DA:15,93
DA:17,93
DA:19,93
DA:20,36
DA:22,35
DA:23,35
DA:25,35
DA:26,35
DA:28,0
DA:29,0
DA:38,93
DA:39,36
DA:40,36
DA:41,36
DA:42,36
DA:49,36
DA:50,36
DA:51,36
DA:55,93
LF:21
LH:19
BRDA:10,0,0,0
BRDA:20,1,0,1
BRDA:20,1,1,35
BRDA:22,2,0,35
BRDA:22,2,1,34
BRDA:41,3,0,36
BRDA:41,3,1,0
BRDA:43,4,0,36
BRDA:43,4,1,1
BRF:9
BRH:7
end_of_record
TN:
SF:src/Utilities/hooks/usePromiseQueue.js
FN:6,(anonymous_0)
FN:13,(anonymous_1)
FN:14,(anonymous_2)
FNF:3
FNH:1
FNDA:18,(anonymous_0)
FNDA:0,(anonymous_1)
FNDA:0,(anonymous_2)
DA:4,7
DA:6,7
DA:7,18
DA:12,18
DA:14,0
DA:18,0
DA:21,0
DA:26,0
DA:31,18
LF:9
LH:5
BRDA:6,0,0,18
BRF:1
BRH:1
end_of_record
TN:
SF:src/Utilities/hooks/useWorkspaceFeatureFlag.js
FN:3,(anonymous_0)
FNF:1
FNH:1
FNDA:261,(anonymous_0)
DA:3,16
DA:4,261
LF:2
LH:2
BRF:0
BRH:0
end_of_record
TN:
SF:src/api/api.js
FN:31,(anonymous_0)
FN:34,(anonymous_1)
FN:39,(anonymous_2)
FN:42,(anonymous_3)
FN:43,(anonymous_4)
FN:53,(anonymous_5)
FN:59,(anonymous_6)
FN:66,(anonymous_7)
FN:72,(anonymous_8)
FN:74,(anonymous_9)
FN:79,(anonymous_10)
FN:81,(anonymous_11)
FN:91,(anonymous_12)
FN:93,(anonymous_13)
FN:95,(anonymous_14)
FN:104,(anonymous_15)
FN:106,(anonymous_16)
FN:110,(anonymous_17)
FN:120,(anonymous_18)
FN:124,(anonymous_19)
FN:125,(anonymous_20)
FN:132,(anonymous_21)
FN:149,(anonymous_22)
FN:190,(anonymous_23)
FN:213,getEntities
FN:287,(anonymous_25)
FN:359,(anonymous_26)
FN:362,(anonymous_27)
FN:365,(anonymous_28)
FN:381,getTags
FN:392,getAllTags
FN:414,(anonymous_31)
FN:420,(anonymous_32)
FN:427,(anonymous_33)
FN:431,(anonymous_34)
FN:435,(anonymous_35)
FN:438,(anonymous_36)
FN:442,(anonymous_37)
FN:450,(anonymous_38)
FN:451,(anonymous_39)
FN:455,(anonymous_40)
FNF:41
FNH:29
FNDA:22,(anonymous_0)
FNDA:7,(anonymous_1)
FNDA:7,(anonymous_2)
FNDA:7,(anonymous_3)
FNDA:14,(anonymous_4)
FNDA:14,(anonymous_5)
FNDA:1,(anonymous_6)
FNDA:0,(anonymous_7)
FNDA:0,(anonymous_8)
FNDA:0,(anonymous_9)
FNDA:0,(anonymous_10)
FNDA:0,(anonymous_11)
FNDA:2,(anonymous_12)
FNDA:2,(anonymous_13)
FNDA:2,(anonymous_14)
FNDA:3,(anonymous_15)
FNDA:3,(anonymous_16)
FNDA:6,(anonymous_17)
FNDA:3,(anonymous_18)
FNDA:5,(anonymous_19)
FNDA:5,(anonymous_20)
FNDA:5,(anonymous_21)
FNDA:3,(anonymous_22)
FNDA:45,(anonymous_23)
FNDA:10,getEntities
FNDA:0,(anonymous_25)
FNDA:1,(anonymous_26)
FNDA:1,(anonymous_27)
FNDA:0,(anonymous_28)
FNDA:0,getTags
FNDA:30,getAllTags
FNDA:4,(anonymous_31)
FNDA:0,(anonymous_32)
FNDA:5,(anonymous_33)
FNDA:5,(anonymous_34)
FNDA:0,(anonymous_35)
FNDA:0,(anonymous_36)
FNDA:5,(anonymous_37)
FNDA:4,(anonymous_38)
FNDA:1,(anonymous_39)
FNDA:0,(anonymous_40)
DA:1,50
DA:2,50
DA:23,50
DA:24,50
DA:25,50
DA:30,50
DA:31,50
DA:32,22
DA:34,50
DA:39,7
DA:42,7
DA:44,14
DA:53,14
DA:59,50
DA:63,1
DA:64,0
DA:66,0
DA:72,0
DA:74,0
DA:79,0
DA:81,0
DA:88,1
DA:91,50
DA:92,2
DA:94,2
DA:96,2
DA:104,50
DA:105,3
DA:107,3
DA:111,6
DA:118,3
DA:120,3
DA:124,5
DA:126,5
DA:127,5
DA:133,5
DA:134,2
DA:138,5
DA:149,50
DA:157,3
DA:158,3
DA:183,3
DA:190,50
DA:234,10
DA:235,0
DA:250,0
DA:251,0
DA:252,0
DA:270,0
DA:278,0
DA:282,0
DA:284,0
DA:288,0
DA:295,0
DA:296,10
DA:297,1
DA:304,1
DA:308,1
DA:310,1
DA:319,1
DA:360,1
DA:362,1
DA:366,0
DA:374,9
DA:382,0
DA:393,30
DA:414,50
DA:415,4
DA:418,4
DA:419,0
DA:420,0
DA:422,0
DA:424,4
DA:427,50
DA:428,5
DA:431,50
DA:432,5
DA:435,50
DA:436,0
DA:438,50
DA:439,0
DA:442,50
DA:443,5
DA:444,5
DA:446,0
DA:450,50
DA:451,4
DA:452,1
DA:455,50
DA:456,0
DA:457,0
DA:459,0
LF:92
LH:65
BRDA:34,0,0,0
BRDA:44,1,0,6
BRDA:44,1,1,8
BRDA:47,2,0,6
BRDA:47,2,1,5
BRDA:48,3,0,6
BRDA:48,3,1,5
BRDA:48,3,2,4
BRDA:53,4,0,6
BRDA:53,4,1,8
BRDA:60,5,0,1
BRDA:61,6,0,0
BRDA:63,7,0,0
BRDA:63,7,1,1
BRDA:76,8,0,0
BRDA:76,8,1,0
BRDA:93,9,0,2
BRDA:93,9,1,0
BRDA:96,10,0,1
BRDA:96,10,1,1
BRDA:97,11,0,1
BRDA:97,11,1,1
BRDA:104,12,0,2
BRDA:133,13,0,2
BRDA:133,13,1,3
BRDA:160,14,0,0
BRDA:160,14,1,3
BRDA:161,15,0,0
BRDA:161,15,1,3
BRDA:168,16,0,0
BRDA:168,16,1,3
BRDA:169,17,0,1
BRDA:169,17,1,2
BRDA:170,18,0,0
BRDA:170,18,1,3
BRDA:183,19,0,3
BRDA:183,19,1,0
BRDA:190,20,0,1
BRDA:192,21,0,45
BRDA:192,21,1,21
BRDA:193,22,0,45
BRDA:193,22,1,1
BRDA:194,23,0,45
BRDA:194,23,1,2
BRDA:195,24,0,45
BRDA:195,24,1,2
BRDA:198,25,0,45
BRDA:198,25,1,1
BRDA:199,26,0,45
BRDA:199,26,1,0
BRDA:200,27,0,45
BRDA:200,27,1,0
BRDA:201,28,0,45
BRDA:201,28,1,0
BRDA:202,29,0,45
BRDA:202,29,1,0
BRDA:205,30,0,45
BRDA:205,30,1,0
BRDA:208,31,0,45
BRDA:208,31,1,17
BRDA:223,32,0,10
BRDA:234,33,0,0
BRDA:234,33,1,10
BRDA:234,34,0,10
BRDA:234,34,1,9
BRDA:245,35,0,0
BRDA:245,35,1,0
BRDA:250,36,0,0
BRDA:250,36,1,0
BRDA:250,37,0,0
BRDA:250,37,1,0
BRDA:261,38,0,0
BRDA:261,38,1,0
BRDA:273,39,0,0
BRDA:273,39,1,0
BRDA:282,40,0,0
BRDA:282,40,1,0
BRDA:290,41,0,0
BRDA:290,41,1,0
BRDA:290,41,2,0
BRDA:296,42,0,1
BRDA:296,42,1,9
BRDA:298,43,0,1
BRDA:298,43,1,1
BRDA:299,44,0,1
BRDA:299,44,1,1
BRDA:300,45,0,1
BRDA:300,45,1,0
BRDA:304,46,0,1
BRDA:304,46,1,1
BRDA:308,47,0,1
BRDA:308,47,1,1
BRDA:308,48,0,1
BRDA:308,48,1,0
BRDA:311,49,0,1
BRDA:311,49,1,0
BRDA:314,50,0,1
BRDA:314,50,1,0
BRDA:338,51,0,1
BRDA:338,51,1,1
BRDA:344,52,0,1
BRDA:344,52,1,0
BRDA:350,53,0,1
BRDA:350,53,1,0
BRDA:351,54,0,1
BRDA:351,54,1,0
BRDA:353,55,0,0
BRDA:353,55,1,1
BRDA:360,56,0,1
BRDA:360,56,1,0
BRDA:362,57,0,0
BRDA:362,58,0,0
BRDA:368,59,0,0
BRDA:368,59,1,0
BRDA:368,59,2,0
BRDA:381,60,0,0
BRDA:384,61,0,0
BRDA:384,61,1,0
BRDA:385,62,0,0
BRDA:385,62,1,0
BRDA:392,63,0,2
BRDA:397,64,0,30
BRDA:397,64,1,29
BRDA:398,65,0,30
BRDA:398,65,1,29
BRDA:414,66,0,0
BRDA:418,67,0,0
BRDA:418,67,1,4
BRF:128
BRH:75
end_of_record
TN:
SF:src/api/index.js
FNF:0
FNH:0
LF:0
LH:0
BRF:0
BRH:0
end_of_record
TN:
SF:src/api/systemIssues.js
FN:4,(anonymous_0)
FN:7,(anonymous_1)
FN:19,(anonymous_2)
FN:27,(anonymous_3)
FN:35,(anonymous_4)
FNF:5
FNH:5
FNDA:16,(anonymous_0)
FNDA:64,(anonymous_1)
FNDA:16,(anonymous_2)
FNDA:16,(anonymous_3)
FNDA:16,(anonymous_4)
DA:2,47
DA:4,47
DA:5,16
DA:6,16
DA:8,64
DA:13,1
DA:15,15
DA:19,47
DA:20,16
DA:21,16
DA:23,10
DA:27,47
DA:28,16
DA:29,16
DA:31,10
DA:35,47
DA:36,16
DA:54,16
DA:55,16
DA:63,1
LF:20
LH:20
BRF:0
BRH:0
end_of_record
TN:
SF:src/api/edge/imagesInfo.js
FN:4,(anonymous_0)
FN:6,(anonymous_1)
FN:9,(anonymous_2)
FN:11,(anonymous_3)
FN:14,(anonymous_4)
FN:16,(anonymous_5)
FN:19,(anonymous_6)
FN:23,(anonymous_7)
FN:31,(anonymous_8)
FNF:9
FNH:0
FNDA:0,(anonymous_0)
FNDA:0,(anonymous_1)
FNDA:0,(anonymous_2)
FNDA:0,(anonymous_3)
FNDA:0,(anonymous_4)
FNDA:0,(anonymous_5)
FNDA:0,(anonymous_6)
FNDA:0,(anonymous_7)
FNDA:0,(anonymous_8)
DA:1,1
DA:4,1
DA:5,0
DA:6,0
DA:7,0
DA:9,1
DA:10,0
DA:11,0
DA:14,1
DA:15,0
DA:16,0
DA:17,0
DA:19,1
DA:20,0
DA:21,0
DA:23,0
DA:24,0
DA:25,0
DA:30,0
DA:32,0
DA:36,0
DA:40,0
DA:42,0
DA:49,0
LF:24
LH:5
BRDA:20,0,0,0
BRDA:20,0,1,0
BRDA:25,1,0,0
BRDA:25,1,1,0
BRDA:26,2,0,0
BRDA:26,2,1,0
BRDA:26,2,2,0
BRDA:32,3,0,0
BRDA:32,3,1,0
BRDA:36,4,0,0
BRDA:36,4,1,0
BRDA:37,5,0,0
BRDA:37,5,1,0
BRDA:42,6,0,0
BRDA:42,6,1,0
BRDA:44,7,0,0
BRDA:44,7,1,0
BRF:17
BRH:0
end_of_record
TN:
SF:src/api/edge/updates.js
FN:4,(anonymous_0)
FNF:1
FNH:0
FNDA:0,(anonymous_0)
DA:4,2
DA:5,0
DA:8,0
LF:3
LH:1
BRF:0
BRH:0
end_of_record
TN:
SF:src/components/FontAwesomeImageIcon.js
FN:4,(anonymous_0)
FNF:1
FNH:1
FNDA:6,(anonymous_0)
DA:4,16
DA:5,6
DA:38,16
LF:3
LH:3
BRDA:18,0,0,6
BRDA:18,0,1,6
BRF:2
BRH:2
end_of_record
TN:
SF:src/components/LostPage.js
FN:5,(anonymous_0)
FNF:1
FNH:0
FNDA:0,(anonymous_0)
DA:5,0
DA:6,0
LF:2
LH:0
BRF:0
BRH:0
end_of_record
TN:
SF:src/components/SpinnerFallback.js
FN:4,(anonymous_0)
FNF:1
FNH:1
FNDA:4,(anonymous_0)
DA:4,1
DA:5,4
LF:2
LH:2
BRF:0
BRH:0
end_of_record
TN:
SF:src/components/VulnerabilityEdgeAlert.js
FN:5,(anonymous_0)
FN:18,(anonymous_1)
FN:48,(anonymous_2)
FNF:3
FNH:0
FNDA:0,(anonymous_0)
FNDA:0,(anonymous_1)
FNDA:0,(anonymous_2)
DA:5,0
DA:6,0
DA:7,0
DA:19,0
DA:49,0
DA:68,0
LF:6
LH:0
BRF:0
BRH:0
end_of_record
TN:
SF:src/components/VulnerabilityEdgePrompt.js
FN:9,(anonymous_0)
FN:25,(anonymous_1)
FN:34,(anonymous_2)
FN:35,(anonymous_3)
FN:49,(anonymous_4)
FN:87,(anonymous_5)
FNF:6
FNH:0
FNDA:0,(anonymous_0)
FNDA:0,(anonymous_1)
FNDA:0,(anonymous_2)
FNDA:0,(anonymous_3)
FNDA:0,(anonymous_4)
FNDA:0,(anonymous_5)
DA:9,0
DA:10,0
DA:11,0
DA:12,0
DA:13,0
DA:14,0
DA:15,0
DA:16,0
DA:17,0
DA:18,0
DA:25,0
DA:26,0
DA:27,0
DA:28,0
DA:32,0
DA:33,0
DA:34,0
DA:35,0
DA:36,0
DA:37,0
DA:38,0
DA:39,0
DA:40,0
DA:43,0
DA:44,0
DA:47,0
DA:49,0
DA:50,0
DA:51,0
DA:53,0
DA:57,0
DA:59,0
DA:60,0
DA:62,0
DA:63,0
DA:65,0
DA:68,0
DA:88,0
LF:38
LH:0
BRDA:26,0,0,0
BRDA:26,0,1,0
BRDA:50,1,0,0
BRDA:50,1,1,0
BRDA:50,2,0,0
BRDA:50,2,1,0
BRDA:53,3,0,0
BRDA:53,3,1,0
BRDA:54,4,0,0
BRDA:54,4,1,0
BRDA:59,5,0,0
BRDA:59,5,1,0
BRDA:62,6,0,0
BRDA:62,6,1,0
BRDA:62,7,0,0
BRDA:62,7,1,0
BRF:16
BRH:0
end_of_record
TN:
SF:src/components/GeneralInfo/BiosCard/BiosCard.js
FN:9,(anonymous_0)
FN:37,(anonymous_1)
FN:39,(anonymous_2)
FN:61,(anonymous_3)
FN:69,(anonymous_4)
FNF:5
FNH:3
FNDA:25,(anonymous_0)
FNDA:2,(anonymous_1)
FNDA:0,(anonymous_2)
FNDA:0,(anonymous_3)
FNDA:25,(anonymous_4)
DA:9,3
DA:18,25
DA:37,2
DA:39,0
DA:45,3
DA:59,3
DA:61,0
DA:68,3
DA:69,25
DA:75,3
DA:76,3
LF:11
LH:9
BRDA:23,0,0,24
BRDA:23,0,1,1
BRDA:24,1,0,24
BRDA:24,1,1,1
BRDA:25,2,0,24
BRDA:25,2,1,1
BRDA:29,3,0,20
BRDA:29,3,1,4
BRDA:39,4,0,2
BRDA:39,4,1,1
BRDA:70,5,0,25
BRDA:70,5,1,22
BRF:12
BRH:12
end_of_record
TN:
SF:src/components/GeneralInfo/BiosCard/index.js
FNF:0
FNH:0
LF:0
LH:0
BRF:0
BRH:0
end_of_record
TN:
SF:src/components/GeneralInfo/BootcImageCard/BootcImageCard.js
FN:8,(anonymous_0)
FN:10,(anonymous_1)
FN:37,(anonymous_2)
FN:39,(anonymous_3)
FN:63,(anonymous_4)
FNF:5
FNH:2
FNDA:2,(anonymous_0)
FNDA:2,(anonymous_1)
FNDA:0,(anonymous_2)
FNDA:0,(anonymous_3)
FNDA:0,(anonymous_4)
DA:8,3
DA:9,2
DA:10,2
DA:16,2
DA:37,0
DA:39,0
DA:46,3
DA:61,3
DA:63,0
LF:9
LH:6
BRDA:11,0,0,2
BRDA:11,0,1,1
BRDA:39,1,0,0
BRDA:39,1,1,0
BRF:4
BRH:2
end_of_record
TN:
SF:src/components/GeneralInfo/BootcImageCard/index.js
FNF:0
FNH:0
LF:0
LH:0
BRF:0
BRH:0
end_of_record
TN:
SF:src/components/GeneralInfo/CollectionCard/CollectionCard.js
FN:13,(anonymous_0)
FN:31,(anonymous_1)
FN:95,(anonymous_2)
FN:97,(anonymous_3)
FN:125,(anonymous_4)
FN:136,(anonymous_5)
FNF:6
FNH:4
FNDA:7,(anonymous_0)
FNDA:9,(anonymous_1)
FNDA:2,(anonymous_2)
FNDA:0,(anonymous_3)
FNDA:0,(anonymous_4)
FNDA:9,(anonymous_5)
DA:13,1
DA:14,7
DA:26,1
DA:31,1
DA:43,9
DA:95,2
DA:97,0
DA:103,1
DA:123,1
DA:125,0
DA:136,9
LF:11
LH:9
BRDA:17,0,0,7
BRDA:17,0,1,0
BRDA:18,1,0,7
BRDA:18,1,1,0
BRDA:22,2,0,7
BRDA:22,2,1,0
BRDA:22,2,2,0
BRDA:48,3,0,8
BRDA:48,3,1,1
BRDA:61,4,0,8
BRDA:61,4,1,1
BRDA:66,5,0,8
BRDA:66,5,1,7
BRDA:67,6,0,7
BRDA:67,6,1,0
BRDA:75,7,0,8
BRDA:75,7,1,1
BRDA:80,8,0,8
BRDA:80,8,1,7
BRDA:81,9,0,7
BRDA:81,9,1,0
BRDA:89,10,0,8
BRDA:89,10,1,1
BRDA:90,11,0,8
BRDA:90,11,1,7
BRDA:92,12,0,8
BRDA:92,12,1,1
BRDA:93,13,0,8
BRDA:93,13,1,7
BRDA:97,14,0,2
BRDA:97,14,1,1
BRDA:138,15,0,9
BRDA:138,15,1,8
BRF:33
BRH:27
end_of_record
TN:
SF:src/components/GeneralInfo/CollectionCard/index.js
FNF:0
FNH:0
LF:0
LH:0
BRF:0
BRH:0
end_of_record
TN:
SF:src/components/GeneralInfo/ConfigurationCard/ConfigurationCard.js
FN:9,enabledRepos
FN:24,(anonymous_1)
FN:46,(anonymous_2)
FN:62,(anonymous_3)
FN:79,(anonymous_4)
FN:94,(anonymous_5)
FN:104,(anonymous_6)
FN:106,(anonymous_7)
FN:148,(anonymous_8)
FN:157,(anonymous_9)
FNF:10
FNH:8
FNDA:30,enabledRepos
FNDA:31,(anonymous_1)
FNDA:1,(anonymous_2)
FNDA:1,(anonymous_3)
FNDA:1,(anonymous_4)
FNDA:1,(anonymous_5)
FNDA:2,(anonymous_6)
FNDA:0,(anonymous_7)
FNDA:0,(anonymous_8)
FNDA:31,(anonymous_9)
DA:10,30
DA:11,27
DA:24,3
DA:34,31
DA:47,1
DA:63,1
DA:80,1
DA:95,1
DA:104,2
DA:106,0
DA:112,3
DA:146,3
DA:148,0
DA:156,3
DA:157,31
DA:163,3
DA:164,3
LF:17
LH:15
BRDA:10,0,0,27
BRDA:10,0,1,3
BRDA:12,1,0,27
BRDA:12,1,1,27
BRDA:12,1,2,27
BRDA:15,2,0,27
BRDA:15,2,1,27
BRDA:15,2,2,1
BRDA:39,3,0,30
BRDA:39,3,1,1
BRDA:55,4,0,30
BRDA:55,4,1,1
BRDA:71,5,0,30
BRDA:71,5,1,1
BRDA:88,6,0,30
BRDA:88,6,1,1
BRDA:106,7,0,2
BRDA:106,7,1,1
BRDA:158,8,0,31
BRDA:158,8,1,28
BRF:20
BRH:20
end_of_record
TN:
SF:src/components/GeneralInfo/ConfigurationCard/index.js
FNF:0
FNH:0
LF:0
LH:0
BRF:0
BRH:0
end_of_record
TN:
SF:src/components/GeneralInfo/DataCollectorsCard/DataCollectorsCard.js
FN:20,(anonymous_0)
FN:28,(anonymous_1)
FN:29,(anonymous_2)
FN:31,(anonymous_3)
FN:39,(anonymous_4)
FN:62,(anonymous_5)
FN:72,(anonymous_6)
FN:129,(anonymous_7)
FNF:8
FNH:4
FNDA:21,(anonymous_0)
FNDA:0,(anonymous_1)
FNDA:0,(anonymous_2)
FNDA:0,(anonymous_3)
FNDA:163,(anonymous_4)
FNDA:81,(anonymous_5)
FNDA:0,(anonymous_6)
FNDA:21,(anonymous_7)
DA:20,3
DA:26,21
DA:27,21
DA:29,0
DA:30,0
DA:31,0
DA:33,0
DA:39,163
DA:40,21
DA:41,21
DA:63,81
DA:73,0
DA:116,3
DA:124,3
DA:128,3
DA:129,21
DA:137,3
DA:138,3
LF:18
LH:13
BRDA:28,0,0,0
BRDA:33,1,0,0
BRDA:33,1,1,0
BRDA:40,2,0,21
BRDA:40,2,1,20
BRDA:60,3,0,0
BRDA:60,3,1,21
BRDA:65,4,0,41
BRDA:65,4,1,40
BRDA:68,5,0,41
BRDA:68,5,1,0
BRDA:85,6,0,2
BRDA:85,6,1,79
BRDA:92,7,0,81
BRDA:92,7,1,81
BRDA:92,7,2,41
BRDA:102,8,0,41
BRDA:102,8,1,39
BRF:18
BRH:13
end_of_record
TN:
SF:src/components/GeneralInfo/DataCollectorsCard/index.js
FNF:0
FNH:0
LF:0
LH:0
BRF:0
BRH:0
end_of_record
TN:
SF:src/components/GeneralInfo/EditButton/EditButton.js
FN:15,(anonymous_0)
FN:33,(anonymous_1)
FN:34,(anonymous_2)
FN:60,(anonymous_3)
FNF:4
FNH:4
FNDA:92,(anonymous_0)
FNDA:91,(anonymous_1)
FNDA:88,(anonymous_2)
FNDA:94,(anonymous_3)
DA:15,6
DA:16,92
DA:28,6
DA:33,6
DA:34,91
DA:36,91
DA:42,91
DA:43,1
DA:52,90
DA:55,6
DA:60,6
DA:61,94
DA:63,94
DA:64,2
DA:67,92
DA:68,91
DA:71,1
DA:80,6
LF:18
LH:18
BRDA:38,0,0,91
BRDA:38,0,1,89
BRDA:42,1,0,1
BRDA:42,1,1,90
BRDA:63,2,0,2
BRDA:63,2,1,92
BRDA:63,3,0,94
BRDA:63,3,1,93
BRDA:67,4,0,91
BRDA:67,4,1,1
BRF:10
BRH:10
end_of_record
TN:
SF:src/components/GeneralInfo/EditButton/index.js
FNF:0
FNH:0
LF:0
LH:0
BRF:0
BRH:0
end_of_record
TN:
SF:src/components/GeneralInfo/GeneralInformation/ConversionAlert.js
FN:5,(anonymous_0)
FN:36,(anonymous_1)
FNF:2
FNH:2
FNDA:2,(anonymous_0)
FNDA:1,(anonymous_1)
DA:5,2
DA:6,2
DA:8,2
DA:36,1
LF:4
LH:4
BRF:0
BRH:0
end_of_record
TN:
SF:src/components/GeneralInfo/GeneralInformation/GeneralInformation.js
FN:33,(anonymous_0)
FN:35,(anonymous_1)
FN:51,(anonymous_2)
FN:62,(anonymous_3)
FN:72,(anonymous_4)
FN:81,(anonymous_5)
FN:221,(anonymous_6)
FN:316,(anonymous_7)
FN:319,(anonymous_8)
FN:320,(anonymous_9)
FNF:10
FNH:9
FNDA:2,(anonymous_0)
FNDA:2,(anonymous_1)
FNDA:2,(anonymous_2)
FNDA:2,(anonymous_3)
FNDA:20,(anonymous_4)
FNDA:23,(anonymous_5)
FNDA:0,(anonymous_6)
FNDA:22,(anonymous_7)
FNDA:21,(anonymous_8)
FNDA:20,(anonymous_9)
DA:27,20
DA:33,20
DA:34,2
DA:35,2
DA:36,2
DA:37,2
DA:38,2
DA:41,2
DA:44,2
DA:46,2
DA:51,20
DA:56,2
DA:58,2
DA:59,0
DA:62,2
DA:74,20
DA:75,20
DA:90,23
DA:106,23
DA:107,23
DA:108,23
DA:221,0
DA:240,2
DA:299,2
DA:316,2
DA:317,22
DA:318,21
DA:319,21
DA:320,21
DA:321,21
LF:30
LH:28
BRDA:35,0,0,2
BRDA:35,0,1,0
BRDA:36,1,0,2
BRDA:36,1,1,2
BRDA:37,2,0,2
BRDA:37,2,1,2
BRDA:39,3,0,2
BRDA:39,3,1,2
BRDA:42,4,0,2
BRDA:42,4,1,2
BRDA:44,5,0,0
BRDA:44,5,1,2
BRDA:47,6,0,2
BRDA:47,6,1,0
BRDA:52,7,0,0
BRDA:53,8,0,0
BRDA:54,9,0,2
BRDA:56,10,0,2
BRDA:56,10,1,2
BRDA:57,11,0,0
BRDA:57,11,1,2
BRDA:58,12,0,0
BRDA:58,12,1,2
BRDA:74,13,0,20
BRDA:74,13,1,0
BRDA:76,14,0,20
BRDA:76,14,1,0
BRDA:107,15,0,0
BRDA:107,15,1,23
BRDA:109,16,0,23
BRDA:109,16,1,0
BRDA:110,17,0,23
BRDA:110,17,1,2
BRDA:119,18,0,23
BRDA:119,18,1,22
BRDA:127,19,0,23
BRDA:127,19,1,22
BRDA:134,20,0,23
BRDA:134,20,1,23
BRDA:141,21,0,23
BRDA:141,21,1,22
BRDA:152,22,0,23
BRDA:152,22,1,22
BRDA:160,23,0,23
BRDA:160,23,1,22
BRDA:166,24,0,23
BRDA:166,24,1,23
BRDA:172,25,0,23
BRDA:172,25,1,0
BRDA:172,25,2,0
BRDA:180,26,0,23
BRDA:180,26,1,22
BRDA:187,27,0,23
BRDA:187,27,1,0
BRDA:195,28,0,23
BRDA:195,28,1,0
BRDA:200,29,0,0
BRDA:200,29,1,0
BRDA:205,30,0,23
BRDA:205,30,1,0
BRDA:205,30,2,0
BRDA:218,31,0,23
BRDA:218,31,1,21
BRDA:219,32,0,23
BRDA:219,32,1,21
BRF:65
BRH:46
end_of_record
TN:
SF:src/components/GeneralInfo/GeneralInformation/index.js
FNF:0
FNH:0
LF:0
LH:0
BRF:0
BRH:0
end_of_record
TN:
SF:src/components/GeneralInfo/InfoTable/InfoTable.js
FN:35,(anonymous_0)
FN:46,(anonymous_1)
FN:54,(anonymous_2)
FN:58,(anonymous_3)
FN:73,(anonymous_4)
FN:84,(anonymous_5)
FN:92,(anonymous_6)
FN:110,(anonymous_7)
FN:112,(anonymous_8)
FN:129,(anonymous_9)
FN:133,(anonymous_10)
FN:157,(anonymous_11)
FN:169,(anonymous_12)
FN:172,(anonymous_13)
FN:207,(anonymous_14)
FNF:15
FNH:13
FNDA:2,(anonymous_0)
FNDA:0,(anonymous_1)
FNDA:6,(anonymous_2)
FNDA:31,(anonymous_3)
FNDA:2,(anonymous_4)
FNDA:60,(anonymous_5)
FNDA:11,(anonymous_6)
FNDA:3,(anonymous_7)
FNDA:1,(anonymous_8)
FNDA:32,(anonymous_9)
FNDA:1,(anonymous_10)
FNDA:7,(anonymous_11)
FNDA:1,(anonymous_12)
FNDA:1,(anonymous_13)
FNDA:0,(anonymous_14)
DA:25,19
DA:35,19
DA:36,2
DA:37,2
DA:38,2
DA:46,19
DA:47,0
DA:48,0
DA:49,0
DA:54,19
DA:55,6
DA:58,19
DA:59,31
DA:61,31
DA:62,31
DA:73,19
DA:74,2
DA:85,60
DA:86,60
DA:87,60
DA:88,60
DA:89,60
DA:92,11
DA:104,60
DA:111,3
DA:113,1
DA:129,32
DA:133,1
DA:158,7
DA:170,1
DA:173,1
DA:185,3
DA:204,3
DA:207,0
LF:34
LH:30
BRDA:37,0,0,1
BRDA:37,0,1,1
BRDA:65,1,0,31
BRDA:65,1,1,31
BRDA:87,2,0,3
BRDA:87,2,1,57
BRDA:89,3,0,3
BRDA:89,3,1,57
BRDA:95,4,0,11
BRDA:95,4,1,11
BRDA:118,5,0,60
BRDA:118,5,1,43
BRDA:132,6,0,1
BRDA:132,6,1,31
BRDA:139,7,0,57
BRDA:139,7,1,3
BRDA:147,8,0,2
BRDA:147,8,1,55
BRDA:147,9,0,57
BRDA:147,9,1,3
BRDA:159,10,0,7
BRDA:159,10,1,6
BRF:22
BRH:22
end_of_record
TN:
SF:src/components/GeneralInfo/InfoTable/index.js
FNF:0
FNH:0
LF:0
LH:0
BRF:0
BRH:0
end_of_record
TN:
SF:src/components/GeneralInfo/InfrastructureCard/InfrastructureCard.js
FN:9,(anonymous_0)
FN:49,(anonymous_1)
FN:66,(anonymous_2)
FN:94,(anonymous_3)
FN:104,(anonymous_4)
FN:106,(anonymous_5)
FN:135,(anonymous_6)
FN:146,(anonymous_7)
FNF:8
FNH:6
FNDA:31,(anonymous_0)
FNDA:3,(anonymous_1)
FNDA:1,(anonymous_2)
FNDA:1,(anonymous_3)
FNDA:2,(anonymous_4)
FNDA:0,(anonymous_5)
FNDA:0,(anonymous_6)
FNDA:31,(anonymous_7)
DA:9,3
DA:22,31
DA:50,3
DA:67,1
DA:95,1
DA:104,2
DA:106,0
DA:112,3
DA:133,3
DA:135,0
DA:146,3
DA:149,31
DA:154,3
DA:158,3
DA:159,3
LF:15
LH:13
BRDA:27,0,0,30
BRDA:27,0,1,1
BRDA:28,1,0,30
BRDA:28,1,1,1
BRDA:29,2,0,31
BRDA:29,2,1,0
BRDA:34,3,0,0
BRDA:34,3,1,31
BRDA:34,4,0,31
BRDA:34,4,1,0
BRDA:41,5,0,30
BRDA:41,5,1,1
BRDA:58,6,0,30
BRDA:58,6,1,1
BRDA:75,7,0,31
BRDA:75,7,1,0
BRDA:80,8,0,0
BRDA:80,8,1,31
BRDA:80,9,0,31
BRDA:80,9,1,0
BRDA:87,10,0,30
BRDA:87,10,1,1
BRDA:106,11,0,2
BRDA:106,11,1,1
BRDA:150,12,0,31
BRDA:150,12,1,28
BRF:26
BRH:20
end_of_record
TN:
SF:src/components/GeneralInfo/InfrastructureCard/index.js
FNF:0
FNH:0
LF:0
LH:0
BRF:0
BRH:0
end_of_record
TN:
SF:src/components/GeneralInfo/LoadingCard/LoadingCard.js
FN:23,(anonymous_0)
FN:37,(anonymous_1)
FN:41,(anonymous_2)
FN:70,(anonymous_3)
FN:95,(anonymous_4)
FNF:5
FNH:5
FNDA:1200,(anonymous_0)
FNDA:213,(anonymous_1)
FNDA:211,(anonymous_2)
FNDA:259,(anonymous_3)
FNDA:1313,(anonymous_4)
DA:23,13
DA:24,1200
DA:25,240
DA:30,960
DA:31,3
DA:34,957
DA:37,13
DA:38,213
DA:40,213
DA:41,213
DA:42,211
DA:43,13
DA:47,213
DA:48,1
DA:55,212
DA:62,13
DA:70,13
DA:77,259
DA:109,1313
DA:113,1313
DA:160,13
DA:178,13
LF:22
LH:22
BRDA:24,0,0,240
BRDA:24,0,1,960
BRDA:24,1,0,1200
BRDA:24,1,1,228
BRDA:24,1,2,1042
BRDA:25,2,0,115
BRDA:25,2,1,125
BRDA:27,3,0,125
BRDA:27,3,1,90
BRDA:30,4,0,3
BRDA:30,4,1,957
BRDA:34,5,0,957
BRDA:34,5,1,158
BRDA:42,6,0,13
BRDA:42,6,1,198
BRDA:47,7,0,1
BRDA:47,7,1,212
BRDA:74,8,0,12
BRDA:91,9,0,236
BRDA:91,9,1,23
BRDA:109,10,0,1172
BRDA:109,10,1,141
BRDA:128,11,0,1313
BRDA:128,11,1,126
BRDA:129,12,0,126
BRDA:129,12,1,113
BRDA:131,13,0,1313
BRDA:131,13,1,1187
BRDA:132,14,0,200
BRDA:132,14,1,987
BRDA:132,15,0,1187
BRDA:132,15,1,873
BRDA:132,15,2,358
BRF:33
BRH:33
end_of_record
TN:
SF:src/components/GeneralInfo/LoadingCard/index.js
FNF:0
FNH:0
LF:0
LH:0
BRF:0
BRH:0
end_of_record
TN:
SF:src/components/GeneralInfo/OperatingSystemCard/OperatingSystemCard.js
FN:11,(anonymous_0)
FN:64,(anonymous_1)
FN:76,(anonymous_2)
FN:78,(anonymous_3)
FN:107,(anonymous_4)
FN:117,(anonymous_5)
FNF:6
FNH:4
FNDA:29,(anonymous_0)
FNDA:1,(anonymous_1)
FNDA:2,(anonymous_2)
FNDA:0,(anonymous_3)
FNDA:0,(anonymous_4)
FNDA:29,(anonymous_5)
DA:11,3
DA:22,29
DA:65,1
DA:76,2
DA:78,0
DA:84,3
DA:105,3
DA:107,0
DA:116,3
DA:117,29
DA:123,3
DA:124,3
LF:12
LH:10
BRDA:27,0,0,28
BRDA:27,0,1,1
BRDA:39,1,0,28
BRDA:39,1,1,1
BRDA:42,2,0,28
BRDA:42,2,1,1
BRDA:45,3,0,28
BRDA:45,3,1,1
BRDA:49,4,0,0
BRDA:49,4,1,28
BRDA:57,5,0,28
BRDA:57,5,1,1
BRDA:73,6,0,0
BRDA:73,6,1,29
BRDA:78,7,0,2
BRDA:78,7,1,1
BRDA:118,8,0,29
BRDA:118,8,1,26
BRF:18
BRH:16
end_of_record
TN:
SF:src/components/GeneralInfo/OperatingSystemCard/index.js
FNF:0
FNH:0
LF:0
LH:0
BRF:0
BRH:0
end_of_record
TN:
SF:src/components/GeneralInfo/SubscriptionCard/SubscriptionCard.js
FN:7,(anonymous_0)
FN:49,(anonymous_1)
FNF:2
FNH:2
FNDA:25,(anonymous_0)
FNDA:25,(anonymous_1)
DA:7,3
DA:14,25
DA:30,3
DA:41,3
DA:48,3
DA:49,25
DA:55,3
DA:56,3
LF:8
LH:8
BRDA:20,0,0,24
BRDA:20,0,1,1
BRDA:23,1,0,24
BRDA:23,1,1,1
BRDA:24,2,0,24
BRDA:24,2,1,1
BRDA:51,3,0,25
BRDA:51,3,1,22
BRF:8
BRH:8
end_of_record
TN:
SF:src/components/GeneralInfo/SubscriptionCard/index.js
FNF:0
FNH:0
LF:0
LH:0
BRF:0
BRH:0
end_of_record
TN:
SF:src/components/GeneralInfo/SystemCard/SystemCard.js
FN:14,(anonymous_0)
FN:38,(anonymous_1)
FN:45,(anonymous_2)
FN:45,(anonymous_3)
FN:51,(anonymous_4)
FN:58,(anonymous_5)
FN:65,(anonymous_6)
FN:70,(anonymous_7)
FN:183,(anonymous_8)
FN:216,(anonymous_9)
FN:225,(anonymous_10)
FN:227,(anonymous_11)
FN:335,mapDispatchToProps
FN:337,(anonymous_13)
FN:341,(anonymous_14)
FN:348,(anonymous_15)
FNF:16
FNH:11
FNDA:141,(anonymous_0)
FNDA:0,(anonymous_1)
FNDA:96,(anonymous_2)
FNDA:0,(anonymous_3)
FNDA:2,(anonymous_4)
FNDA:2,(anonymous_5)
FNDA:143,(anonymous_6)
FNDA:48,(anonymous_7)
FNDA:1,(anonymous_8)
FNDA:1,(anonymous_9)
FNDA:2,(anonymous_10)
FNDA:0,(anonymous_11)
FNDA:44,mapDispatchToProps
FNDA:0,(anonymous_13)
FNDA:0,(anonymous_14)
FNDA:44,(anonymous_15)
DA:14,3
DA:15,141
DA:33,44
DA:38,44
DA:39,0
DA:45,96
DA:46,0
DA:47,0
DA:48,0
DA:51,44
DA:52,2
DA:53,2
DA:58,44
DA:59,2
DA:60,2
DA:65,44
DA:66,143
DA:67,143
DA:91,48
DA:92,48
DA:94,48
DA:184,1
DA:217,1
DA:225,2
DA:227,0
DA:268,3
DA:312,3
DA:330,3
DA:336,44
DA:338,0
DA:342,0
DA:347,3
DA:348,44
DA:356,3
DA:357,3
LF:35
LH:28
BRDA:67,0,0,143
BRDA:67,0,1,63
BRDA:67,0,2,60
BRDA:101,1,0,47
BRDA:101,1,1,1
BRDA:116,2,0,47
BRDA:116,2,1,1
BRDA:140,3,0,47
BRDA:140,3,1,1
BRDA:164,4,0,47
BRDA:164,4,1,1
BRDA:169,5,0,47
BRDA:169,5,1,1
BRDA:176,6,0,47
BRDA:176,6,1,1
BRDA:192,7,0,47
BRDA:192,7,1,1
BRDA:195,8,0,47
BRDA:195,8,1,1
BRDA:198,9,0,47
BRDA:198,9,1,1
BRDA:201,10,0,47
BRDA:201,10,1,1
BRDA:209,11,0,47
BRDA:209,11,1,1
BRDA:224,12,0,47
BRDA:224,12,1,1
BRDA:227,13,0,2
BRDA:227,13,1,1
BRDA:234,14,0,48
BRDA:234,14,1,48
BRDA:243,15,0,48
BRDA:243,15,1,48
BRDA:250,16,0,48
BRDA:250,16,1,48
BRDA:259,17,0,48
BRDA:259,17,1,48
BRDA:350,18,0,44
BRDA:350,18,1,41
BRF:39
BRH:39
end_of_record
TN:
SF:src/components/GeneralInfo/SystemCard/index.js
FNF:0
FNH:0
LF:0
LH:0
BRF:0
BRH:0
end_of_record
TN:
SF:src/components/GeneralInfo/SystemStatusCard/SystemStatusCard.js
FN:9,(anonymous_0)
FN:85,(anonymous_1)
FN:93,(anonymous_2)
FNF:3
FNH:2
FNDA:26,(anonymous_0)
FNDA:0,(anonymous_1)
FNDA:26,(anonymous_2)
DA:9,3
DA:19,26
DA:66,3
DA:82,3
DA:85,0
DA:92,3
DA:93,26
DA:101,3
DA:102,3
LF:9
LH:8
BRDA:24,0,0,25
BRDA:24,0,1,1
BRDA:28,1,0,0
BRDA:28,1,1,25
BRDA:32,2,0,25
BRDA:32,2,1,1
BRDA:36,3,0,25
BRDA:36,3,1,23
BRDA:42,4,0,25
BRDA:42,4,1,1
BRDA:46,5,0,25
BRDA:46,5,1,23
BRDA:52,6,0,25
BRDA:52,6,1,1
BRDA:56,7,0,4
BRDA:56,7,1,21
BRF:16
BRH:15
end_of_record
TN:
SF:src/components/GeneralInfo/SystemStatusCard/index.js
FNF:0
FNH:0
LF:0
LH:0
BRF:0
BRH:0
end_of_record
TN:
SF:src/components/GeneralInfo/TextInputModal/TextInputModal.js
FN:15,(anonymous_0)
FN:20,(anonymous_1)
FN:34,(anonymous_2)
FN:56,(anonymous_3)
FN:62,(anonymous_4)
FN:86,(anonymous_5)
FN:118,(anonymous_6)
FN:119,(anonymous_7)
FNF:8
FNH:6
FNDA:101,(anonymous_0)
FNDA:130,(anonymous_1)
FNDA:127,(anonymous_2)
FNDA:1,(anonymous_3)
FNDA:1,(anonymous_4)
FNDA:16,(anonymous_5)
FNDA:0,(anonymous_6)
FNDA:0,(anonymous_7)
DA:16,101
DA:17,101
DA:21,130
DA:22,100
DA:25,30
DA:26,17
DA:29,13
DA:45,127
DA:46,127
DA:48,127
DA:56,1
DA:62,1
DA:86,16
DA:104,4
DA:117,4
DA:118,0
DA:119,0
LF:17
LH:15
BRDA:21,0,0,100
BRDA:21,0,1,30
BRDA:25,1,0,17
BRDA:25,1,1,13
BRDA:30,2,0,13
BRDA:30,2,1,8
BRDA:53,3,0,127
BRDA:53,3,1,0
BRDA:65,4,0,127
BRDA:65,4,1,93
BRDA:88,5,0,127
BRDA:88,5,1,10
BRDA:92,6,0,127
BRDA:92,6,1,10
BRF:14
BRH:13
end_of_record
TN:
SF:src/components/GeneralInfo/TextInputModal/index.js
FNF:0
FNH:0
LF:0
LH:0
BRF:0
BRH:0
end_of_record
TN:
SF:src/components/GeneralInfo/dataMapper/dataMapper.js
FN:40,(anonymous_0)
FN:59,(anonymous_1)
FN:67,(anonymous_2)
FN:82,(anonymous_3)
FN:90,(anonymous_4)
FN:102,(anonymous_5)
FN:122,(anonymous_6)
FN:137,(anonymous_7)
FN:154,(anonymous_8)
FN:187,(anonymous_9)
FN:194,(anonymous_10)
FNF:11
FNH:11
FNDA:3,(anonymous_0)
FNDA:2,(anonymous_1)
FNDA:2,(anonymous_2)
FNDA:2,(anonymous_3)
FNDA:3,(anonymous_4)
FNDA:3,(anonymous_5)
FNDA:4,(anonymous_6)
FNDA:3,(anonymous_7)
FNDA:5,(anonymous_8)
FNDA:12,(anonymous_9)
FNDA:16,(anonymous_10)
DA:14,7
DA:27,7
DA:40,7
DA:60,2
DA:61,2
DA:67,2
DA:82,7
DA:90,3
DA:102,7
DA:122,4
DA:137,7
DA:139,3
DA:154,5
DA:187,12
DA:194,16
LF:15
LH:15
BRDA:40,0,0,1
BRDA:60,1,0,2
BRDA:60,1,1,2
BRDA:60,1,2,1
BRDA:65,2,0,2
BRDA:65,2,1,2
BRDA:66,3,0,2
BRDA:66,3,1,1
BRDA:67,4,0,2
BRDA:67,4,1,2
BRDA:72,5,0,2
BRDA:72,5,1,2
BRDA:72,5,2,1
BRDA:74,6,0,2
BRDA:74,6,1,2
BRDA:74,6,2,1
BRDA:75,7,0,2
BRDA:75,7,1,2
BRDA:75,7,2,2
BRDA:82,8,0,1
BRDA:93,9,0,3
BRDA:93,9,1,3
BRDA:102,10,0,1
BRDA:127,11,0,4
BRDA:127,11,1,2
BRDA:138,12,0,1
BRDA:187,13,0,1
BRDA:187,14,0,1
BRF:28
BRH:28
end_of_record
TN:
SF:src/components/GeneralInfo/dataMapper/index.js
FNF:0
FNH:0
LF:0
LH:0
BRF:0
BRH:0
end_of_record
TN:
SF:src/components/GeneralInfo/selectors/index.js
FNF:0
FNH:0
LF:0
LH:0
BRF:0
BRH:0
end_of_record
TN:
SF:src/components/GeneralInfo/selectors/selectors.js
FN:4,safeParser
FN:12,(anonymous_1)
FN:18,(anonymous_2)
FN:42,(anonymous_3)
FN:54,(anonymous_4)
FN:73,(anonymous_5)
FN:83,(anonymous_6)
FN:97,(anonymous_7)
FN:120,(anonymous_8)
FN:132,(anonymous_9)
FN:140,(anonymous_10)
FN:148,(anonymous_11)
FN:150,(anonymous_12)
FN:151,(anonymous_13)
FN:163,(anonymous_14)
FNF:15
FNH:13
FNDA:0,safeParser
FNDA:25,(anonymous_1)
FNDA:46,(anonymous_2)
FNDA:0,(anonymous_3)
FNDA:31,(anonymous_4)
FNDA:27,(anonymous_5)
FNDA:2,(anonymous_6)
FNDA:33,(anonymous_7)
FNDA:33,(anonymous_8)
FNDA:11,(anonymous_9)
FNDA:164,(anonymous_10)
FNDA:41,(anonymous_11)
FNDA:205,(anonymous_12)
FNDA:164,(anonymous_13)
FNDA:26,(anonymous_14)
DA:5,0
DA:6,0
DA:8,0
DA:12,25
DA:18,13
DA:30,46
DA:42,0
DA:54,13
DA:64,31
DA:73,13
DA:77,27
DA:83,13
DA:97,13
DA:106,33
DA:120,13
DA:125,33
DA:132,13
DA:135,11
DA:140,13
DA:141,164
DA:148,13
DA:149,41
DA:150,205
DA:151,164
DA:163,26
LF:25
LH:21
BRDA:12,0,0,2
BRDA:19,1,0,4
BRDA:29,2,0,4
BRDA:31,3,0,46
BRDA:31,3,1,5
BRDA:32,4,0,46
BRDA:32,4,1,5
BRDA:34,5,0,46
BRDA:34,5,1,5
BRDA:34,5,2,1
BRDA:34,5,3,1
BRDA:39,6,0,46
BRDA:39,6,1,5
BRDA:39,6,2,1
BRDA:41,7,0,46
BRDA:41,7,1,41
BRDA:43,8,0,0
BRDA:43,8,1,0
BRDA:45,9,0,0
BRDA:45,9,1,0
BRDA:46,10,0,0
BRDA:46,10,1,0
BRDA:47,11,0,0
BRDA:47,11,1,0
BRDA:55,12,0,4
BRDA:63,13,0,4
BRDA:67,14,0,31
BRDA:67,14,1,5
BRDA:73,15,0,4
BRDA:83,16,0,1
BRDA:87,17,0,2
BRDA:87,17,1,2
BRDA:89,18,0,2
BRDA:89,18,1,2
BRDA:98,19,0,4
BRDA:103,20,0,5
BRDA:105,21,0,4
BRDA:108,22,0,33
BRDA:108,22,1,5
BRDA:108,22,2,1
BRDA:108,22,3,4
BRDA:110,23,0,1
BRDA:110,23,1,0
BRDA:120,24,0,4
BRDA:132,25,0,2
BRDA:141,26,0,3
BRDA:141,26,1,161
BRDA:142,27,0,0
BRDA:142,27,1,3
BRDA:163,28,0,2
BRF:50
BRH:40
end_of_record
TN:
SF:src/components/GroupSystems/GroupImmutableSystems.js
FN:37,(anonymous_0)
FN:46,(anonymous_1)
FN:48,(anonymous_2)
FN:54,(anonymous_3)
FN:59,(anonymous_4)
FN:68,(anonymous_5)
FN:71,(anonymous_6)
FN:73,(anonymous_7)
FN:95,(anonymous_8)
FN:114,(anonymous_9)
FN:130,(anonymous_10)
FN:131,(anonymous_11)
FN:136,(anonymous_12)
FN:141,(anonymous_13)
FN:142,(anonymous_14)
FN:144,(anonymous_15)
FN:161,(anonymous_16)
FN:165,(anonymous_17)
FN:185,(anonymous_18)
FN:212,(anonymous_19)
FN:217,(anonymous_20)
FN:224,(anonymous_21)
FN:232,(anonymous_22)
FN:251,(anonymous_23)
FN:272,(anonymous_24)
FN:286,(anonymous_25)
FN:307,(anonymous_26)
FNF:27
FNH:0
FNDA:0,(anonymous_0)
FNDA:0,(anonymous_1)
FNDA:0,(anonymous_2)
FNDA:0,(anonymous_3)
FNDA:0,(anonymous_4)
FNDA:0,(anonymous_5)
FNDA:0,(anonymous_6)
FNDA:0,(anonymous_7)
FNDA:0,(anonymous_8)
FNDA:0,(anonymous_9)
FNDA:0,(anonymous_10)
FNDA:0,(anonymous_11)
FNDA:0,(anonymous_12)
FNDA:0,(anonymous_13)
FNDA:0,(anonymous_14)
FNDA:0,(anonymous_15)
FNDA:0,(anonymous_16)
FNDA:0,(anonymous_17)
FNDA:0,(anonymous_18)
FNDA:0,(anonymous_19)
FNDA:0,(anonymous_20)
FNDA:0,(anonymous_21)
FNDA:0,(anonymous_22)
FNDA:0,(anonymous_23)
FNDA:0,(anonymous_24)
FNDA:0,(anonymous_25)
FNDA:0,(anonymous_26)
DA:37,1
DA:38,0
DA:39,0
DA:40,0
DA:43,0
DA:46,0
DA:47,0
DA:48,0
DA:50,0
DA:53,0
DA:54,0
DA:55,0
DA:59,0
DA:63,0
DA:64,0
DA:65,0
DA:67,0
DA:68,0
DA:71,0
DA:73,0
DA:74,0
DA:76,0
DA:78,0
DA:79,0
DA:80,0
DA:84,0
DA:85,0
DA:86,0
DA:87,0
DA:93,0
DA:95,0
DA:101,0
DA:102,0
DA:107,0
DA:108,0
DA:109,0
DA:110,0
DA:111,0
DA:112,0
DA:113,0
DA:114,0
DA:115,0
DA:118,0
DA:123,0
DA:130,0
DA:131,0
DA:132,0
DA:136,0
DA:139,0
DA:140,0
DA:141,0
DA:142,0
DA:144,0
DA:151,0
DA:161,0
DA:162,0
DA:163,0
DA:164,0
DA:165,0
DA:166,0
DA:168,0
DA:169,0
DA:171,0
DA:173,0
DA:174,0
DA:176,0
DA:180,0
DA:186,0
DA:187,0
DA:212,0
DA:217,0
DA:224,0
DA:233,0
DA:234,0
DA:252,0
DA:253,0
DA:273,0
DA:274,0
DA:287,0
DA:288,0
DA:308,0
DA:309,0
DA:325,1
LF:83
LH:2
BRDA:40,0,0,0
BRDA:40,0,1,0
BRDA:43,1,0,0
BRDA:43,1,1,0
BRDA:55,2,0,0
BRDA:55,2,1,0
BRDA:55,2,2,0
BRDA:55,2,3,0
BRDA:68,3,0,0
BRDA:68,3,1,0
BRDA:71,4,0,0
BRDA:71,4,1,0
BRDA:109,5,0,0
BRDA:109,5,1,0
BRDA:112,6,0,0
BRDA:112,6,1,0
BRDA:136,7,0,0
BRDA:136,7,1,0
BRDA:162,8,0,0
BRDA:162,8,1,0
BRDA:162,9,0,0
BRDA:162,9,1,0
BRDA:162,10,0,0
BRDA:162,10,1,0
BRDA:168,11,0,0
BRDA:168,11,1,0
BRDA:182,12,0,0
BRDA:182,12,1,0
BRDA:195,13,0,0
BRDA:195,13,1,0
BRDA:202,14,0,0
BRDA:202,14,1,0
BRDA:215,15,0,0
BRDA:215,15,1,0
BRDA:245,16,0,0
BRDA:245,16,1,0
BRDA:300,17,0,0
BRDA:300,17,1,0
BRDA:301,18,0,0
BRDA:301,18,1,0
BRF:40
BRH:0
end_of_record
TN:
SF:src/components/GroupSystems/GroupSystems.js
FN:31,(anonymous_0)
FN:40,(anonymous_1)
FN:42,(anonymous_2)
FN:43,(anonymous_3)
FN:63,(anonymous_4)
FN:70,(anonymous_5)
FN:75,(anonymous_6)
FN:78,(anonymous_7)
FN:119,(anonymous_8)
FN:138,(anonymous_9)
FN:141,(anonymous_10)
FN:159,(anonymous_11)
FN:167,(anonymous_12)
FN:186,(anonymous_13)
FN:204,(anonymous_14)
FNF:15
FNH:0
FNDA:0,(anonymous_0)
FNDA:0,(anonymous_1)
FNDA:0,(anonymous_2)
FNDA:0,(anonymous_3)
FNDA:0,(anonymous_4)
FNDA:0,(anonymous_5)
FNDA:0,(anonymous_6)
FNDA:0,(anonymous_7)
FNDA:0,(anonymous_8)
FNDA:0,(anonymous_9)
FNDA:0,(anonymous_10)
FNDA:0,(anonymous_11)
FNDA:0,(anonymous_12)
FNDA:0,(anonymous_13)
FNDA:0,(anonymous_14)
DA:31,1
DA:32,0
DA:33,0
DA:35,0
DA:36,0
DA:37,0
DA:39,0
DA:40,0
DA:42,0
DA:43,0
DA:44,0
DA:46,0
DA:48,0
DA:50,0
DA:54,0
DA:55,0
DA:56,0
DA:59,0
DA:63,0
DA:64,0
DA:66,0
DA:67,0
DA:70,0
DA:71,0
DA:75,0
DA:77,0
DA:78,0
DA:89,0
DA:91,0
DA:104,0
DA:114,0
DA:120,0
DA:121,0
DA:138,0
DA:142,0
DA:159,0
DA:168,0
DA:169,0
DA:187,0
DA:188,0
DA:205,0
DA:206,0
DA:225,1
LF:43
LH:2
BRDA:40,0,0,0
BRDA:40,0,1,0
BRDA:42,1,0,0
BRDA:42,1,1,0
BRDA:56,2,0,0
BRDA:56,2,1,0
BRDA:59,3,0,0
BRDA:59,3,1,0
BRDA:66,4,0,0
BRDA:66,4,1,0
BRDA:66,5,0,0
BRDA:66,5,1,0
BRDA:75,6,0,0
BRDA:75,6,1,0
BRDA:116,7,0,0
BRDA:116,7,1,0
BRDA:129,8,0,0
BRDA:129,8,1,0
BRDA:136,9,0,0
BRDA:136,9,1,0
BRDA:197,10,0,0
BRDA:197,10,1,0
BRDA:198,11,0,0
BRDA:198,11,1,0
BRF:24
BRH:0
end_of_record
TN:
SF:src/components/GroupSystems/helpers.js
FN:5,(anonymous_0)
FN:12,(anonymous_1)
FN:21,(anonymous_2)
FN:30,(anonymous_3)
FN:30,(anonymous_4)
FN:53,(anonymous_5)
FN:53,(anonymous_6)
FN:57,(anonymous_7)
FN:64,(anonymous_8)
FN:66,(anonymous_9)
FN:66,(anonymous_10)
FN:91,(anonymous_11)
FN:91,(anonymous_12)
FNF:13
FNH:0
FNDA:0,(anonymous_0)
FNDA:0,(anonymous_1)
FNDA:0,(anonymous_2)
FNDA:0,(anonymous_3)
FNDA:0,(anonymous_4)
FNDA:0,(anonymous_5)
FNDA:0,(anonymous_6)
FNDA:0,(anonymous_7)
FNDA:0,(anonymous_8)
FNDA:0,(anonymous_9)
FNDA:0,(anonymous_10)
FNDA:0,(anonymous_11)
FNDA:0,(anonymous_12)
DA:5,1
DA:11,0
DA:12,0
DA:16,0
DA:22,0
DA:30,0
DA:34,0
DA:45,0
DA:53,0
DA:57,1
DA:63,0
DA:64,0
DA:66,0
DA:70,0
DA:81,0
DA:91,0
LF:16
LH:2
BRDA:8,0,0,0
BRDA:11,1,0,0
BRDA:11,1,1,0
BRDA:22,2,0,0
BRDA:22,2,1,0
BRDA:37,3,0,0
BRDA:37,3,1,0
BRDA:60,4,0,0
BRDA:63,5,0,0
BRDA:63,5,1,0
BRDA:73,6,0,0
BRDA:73,6,1,0
BRF:12
BRH:0
end_of_record
TN:
SF:src/components/GroupSystems/index.js
FN:9,(anonymous_0)
FN:11,(anonymous_1)
FNF:2
FNH:2
FNDA:2,(anonymous_0)
FNDA:3,(anonymous_1)
DA:9,1
DA:10,2
DA:11,3
DA:13,2
DA:30,1
LF:5
LH:5
BRDA:13,0,0,2
BRDA:13,0,1,0
BRDA:13,1,0,2
BRDA:13,1,1,1
BRDA:19,2,0,0
BRDA:19,2,1,0
BRDA:19,3,0,0
BRDA:19,3,1,0
BRDA:20,4,0,0
BRDA:20,4,1,0
BRF:10
BRH:3
end_of_record
TN:
SF:src/components/GroupsTable/GroupsTable.js
FN:89,(anonymous_0)
FN:93,(anonymous_1)
FN:97,(anonymous_2)
FN:98,(anonymous_3)
FN:101,(anonymous_4)
FN:110,(anonymous_5)
FN:113,(anonymous_6)
FN:126,(anonymous_7)
FN:132,(anonymous_8)
FN:151,(anonymous_9)
FN:156,(anonymous_10)
FN:158,(anonymous_11)
FN:180,(anonymous_12)
FN:189,(anonymous_13)
FN:194,(anonymous_14)
FN:205,(anonymous_15)
FN:212,(anonymous_16)
FN:225,(anonymous_17)
FN:242,(anonymous_18)
FN:244,(anonymous_19)
FN:247,(anonymous_20)
FN:294,(anonymous_21)
FN:303,(anonymous_22)
FN:310,(anonymous_23)
FN:321,(anonymous_24)
FN:333,(anonymous_25)
FN:356,(anonymous_26)
FN:375,(anonymous_27)
FN:382,(anonymous_28)
FN:389,(anonymous_29)
FN:396,(anonymous_30)
FN:422,(anonymous_31)
FN:429,(anonymous_32)
FN:443,(anonymous_33)
FN:453,(anonymous_34)
FN:484,(anonymous_35)
FN:492,(anonymous_36)
FNF:37
FNH:0
FNDA:0,(anonymous_0)
FNDA:0,(anonymous_1)
FNDA:0,(anonymous_2)
FNDA:0,(anonymous_3)
FNDA:0,(anonymous_4)
FNDA:0,(anonymous_5)
FNDA:0,(anonymous_6)
FNDA:0,(anonymous_7)
FNDA:0,(anonymous_8)
FNDA:0,(anonymous_9)
FNDA:0,(anonymous_10)
FNDA:0,(anonymous_11)
FNDA:0,(anonymous_12)
FNDA:0,(anonymous_13)
FNDA:0,(anonymous_14)
FNDA:0,(anonymous_15)
FNDA:0,(anonymous_16)
FNDA:0,(anonymous_17)
FNDA:0,(anonymous_18)
FNDA:0,(anonymous_19)
FNDA:0,(anonymous_20)
FNDA:0,(anonymous_21)
FNDA:0,(anonymous_22)
FNDA:0,(anonymous_23)
FNDA:0,(anonymous_24)
FNDA:0,(anonymous_25)
FNDA:0,(anonymous_26)
FNDA:0,(anonymous_27)
FNDA:0,(anonymous_28)
FNDA:0,(anonymous_29)
FNDA:0,(anonymous_30)
FNDA:0,(anonymous_31)
FNDA:0,(anonymous_32)
FNDA:0,(anonymous_33)
FNDA:0,(anonymous_34)
FNDA:0,(anonymous_35)
FNDA:0,(anonymous_36)
DA:54,1
DA:59,1
DA:74,1
DA:81,1
DA:83,1
DA:89,0
DA:93,0
DA:97,0
DA:99,0
DA:101,0
DA:110,1
DA:111,0
DA:112,0
DA:113,0
DA:115,0
DA:116,0
DA:117,0
DA:121,0
DA:122,0
DA:123,0
DA:124,0
DA:125,0
DA:126,0
DA:127,0
DA:128,0
DA:129,0
DA:131,0
DA:133,0
DA:135,0
DA:136,0
DA:137,0
DA:138,0
DA:145,0
DA:151,0
DA:152,0
DA:153,0
DA:156,0
DA:158,0
DA:174,0
DA:175,0
DA:177,0
DA:178,0
DA:180,0
DA:183,0
DA:189,0
DA:190,0
DA:193,0
DA:194,0
DA:206,0
DA:207,0
DA:213,0
DA:214,0
DA:225,0
DA:227,0
DA:242,0
DA:244,0
DA:245,0
DA:247,0
DA:248,0
DA:249,0
DA:252,0
DA:253,0
DA:254,0
DA:273,0
DA:277,0
DA:294,0
DA:295,0
DA:296,0
DA:297,0
DA:299,0
DA:303,0
DA:304,0
DA:307,0
DA:310,0
DA:311,0
DA:312,0
DA:313,0
DA:316,0
DA:317,0
DA:318,0
DA:319,0
DA:321,0
DA:334,0
DA:338,0
DA:357,0
DA:361,0
DA:370,0
DA:376,0
DA:377,0
DA:380,0
DA:382,0
DA:390,0
DA:391,0
DA:394,0
DA:397,0
DA:398,0
DA:422,0
DA:430,0
DA:432,0
DA:433,0
DA:435,0
DA:444,0
DA:445,0
DA:447,0
DA:454,0
DA:455,0
DA:457,0
DA:485,0
DA:492,0
DA:544,1
LF:110
LH:7
BRDA:126,0,0,0
BRDA:126,0,1,0
BRDA:129,1,0,0
BRDA:129,1,1,0
BRDA:135,2,0,0
BRDA:135,2,1,0
BRDA:135,3,0,0
BRDA:135,3,1,0
BRDA:161,4,0,0
BRDA:161,4,1,0
BRDA:164,5,0,0
BRDA:164,5,1,0
BRDA:167,6,0,0
BRDA:167,6,1,0
BRDA:175,7,0,0
BRDA:175,7,1,0
BRDA:177,8,0,0
BRDA:177,8,1,0
BRDA:204,9,0,0
BRDA:204,9,1,0
BRDA:209,10,0,0
BRDA:209,10,1,0
BRDA:230,11,0,0
BRDA:230,11,1,0
BRDA:248,12,0,0
BRDA:248,12,1,0
BRDA:248,13,0,0
BRDA:248,13,1,0
BRDA:248,13,2,0
BRDA:252,14,0,0
BRDA:252,14,1,0
BRDA:253,15,0,0
BRDA:253,15,1,0
BRDA:261,16,0,0
BRDA:261,16,1,0
BRDA:296,17,0,0
BRDA:296,17,1,0
BRDA:329,18,0,0
BRDA:329,18,1,0
BRDA:341,19,0,0
BRDA:341,19,1,0
BRDA:352,20,0,0
BRDA:352,20,1,0
BRDA:364,21,0,0
BRDA:364,21,1,0
BRDA:372,22,0,0
BRDA:372,22,1,0
BRDA:376,23,0,0
BRDA:376,23,1,0
BRDA:386,24,0,0
BRDA:386,24,1,0
BRDA:390,25,0,0
BRDA:390,25,1,0
BRDA:401,26,0,0
BRDA:401,26,1,0
BRDA:407,27,0,0
BRDA:407,27,1,0
BRDA:426,28,0,0
BRDA:426,28,1,0
BRDA:427,29,0,0
BRDA:427,29,1,0
BRDA:430,30,0,0
BRDA:430,30,1,0
BRDA:440,31,0,0
BRDA:440,31,1,0
BRDA:441,32,0,0
BRDA:441,32,1,0
BRDA:444,33,0,0
BRDA:444,33,1,0
BRDA:454,34,0,0
BRDA:454,34,1,0
BRDA:472,35,0,0
BRDA:472,35,1,0
BRDA:479,36,0,0
BRDA:479,36,1,0
BRDA:488,37,0,0
BRDA:488,37,1,0
BRDA:496,38,0,0
BRDA:496,38,1,0
BRDA:497,39,0,0
BRDA:497,39,1,0
BRDA:500,40,0,0
BRDA:500,40,1,0
BRDA:530,41,0,0
BRDA:530,41,1,0
BRF:85
BRH:0
end_of_record
TN:
SF:src/components/GroupsTable/index.js
FNF:0
FNH:0
LF:0
LH:0
BRF:0
BRH:0
end_of_record
TN:
SF:src/components/ImmutableDevices/ImmutableDevices.js
FN:8,(anonymous_0)
FN:24,(anonymous_1)
FN:26,(anonymous_2)
FN:27,(anonymous_3)
FN:35,(anonymous_4)
FN:60,(anonymous_5)
FNF:6
FNH:0
FNDA:0,(anonymous_0)
FNDA:0,(anonymous_1)
FNDA:0,(anonymous_2)
FNDA:0,(anonymous_3)
FNDA:0,(anonymous_4)
FNDA:0,(anonymous_5)
DA:8,0
DA:22,0
DA:24,0
DA:26,0
DA:27,0
DA:28,0
DA:35,0
DA:36,0
DA:39,0
DA:60,0
DA:72,0
LF:11
LH:0
BRF:0
BRH:0
end_of_record
TN:
SF:src/components/ImmutableDevices/Status.js
FN:6,(anonymous_0)
FNF:1
FNH:0
FNDA:0,(anonymous_0)
DA:6,1
DA:15,0
DA:19,0
DA:58,1
DA:67,1
LF:5
LH:3
BRDA:9,0,0,0
BRDA:10,1,0,0
BRDA:11,2,0,0
BRDA:15,3,0,0
BRDA:15,3,1,0
BRDA:21,4,0,0
BRDA:21,4,1,0
BRDA:28,5,0,0
BRDA:28,5,1,0
BRDA:39,6,0,0
BRDA:39,6,1,0
BRF:11
BRH:0
end_of_record
TN:
SF:src/components/ImmutableDevices/columns.js
FN:6,(anonymous_0)
FN:29,(anonymous_1)
FNF:2
FNH:0
FNDA:0,(anonymous_0)
FNDA:0,(anonymous_1)
DA:6,1
DA:7,0
DA:18,1
DA:34,0
DA:39,0
LF:5
LH:2
BRDA:39,0,0,0
BRDA:39,0,1,0
BRDA:39,1,0,0
BRDA:39,1,1,0
BRDA:42,2,0,0
BRDA:42,2,1,0
BRDA:51,3,0,0
BRDA:51,3,1,0
BRF:8
BRH:0
end_of_record
TN:
SF:src/components/ImmutableDevices/helpers.js
FN:46,(anonymous_0)
FNF:1
FNH:0
FNDA:0,(anonymous_0)
DA:23,1
DA:31,1
DA:46,1
DA:51,0
DA:52,0
DA:55,0
DA:56,0
DA:59,0
DA:60,0
DA:63,0
DA:64,0
DA:66,0
LF:12
LH:3
BRDA:51,0,0,0
BRDA:51,0,1,0
BRDA:55,1,0,0
BRDA:55,1,1,0
BRDA:59,2,0,0
BRDA:59,2,1,0
BRDA:63,3,0,0
BRDA:63,3,1,0
BRF:8
BRH:0
end_of_record
TN:
SF:src/components/ImmutableDevices/index.js
FNF:0
FNH:0
LF:0
LH:0
BRF:0
BRH:0
end_of_record
TN:
SF:src/components/ImmutableDevices/statusMapper.js
FNF:0
FNH:0
DA:3,1
LF:1
LH:1
BRF:0
BRH:0
end_of_record
TN:
SF:src/components/InventoryDetail/AppInfo.js
FN:20,(anonymous_0)
FN:22,(anonymous_1)
FN:23,(anonymous_2)
FN:69,(anonymous_3)
FN:78,(anonymous_4)
FN:82,(anonymous_5)
FN:106,(anonymous_6)
FNF:7
FNH:0
FNDA:0,(anonymous_0)
FNDA:0,(anonymous_1)
FNDA:0,(anonymous_2)
FNDA:0,(anonymous_3)
FNDA:0,(anonymous_4)
FNDA:0,(anonymous_5)
FNDA:0,(anonymous_6)
DA:20,0
DA:21,0
DA:22,0
DA:23,0
DA:25,0
DA:26,0
DA:29,0
DA:52,0
DA:69,0
DA:70,0
DA:71,0
DA:72,0
DA:73,0
DA:78,0
DA:80,0
DA:81,0
DA:82,0
DA:87,0
DA:89,0
DA:98,0
DA:106,0
DA:107,0
DA:113,0
LF:23
LH:0
BRDA:25,0,0,0
BRDA:25,0,1,0
BRDA:25,1,0,0
BRDA:25,1,1,0
BRDA:31,2,0,0
BRDA:31,2,1,0
BRDA:32,3,0,0
BRDA:32,3,1,0
BRDA:34,4,0,0
BRDA:34,4,1,0
BRDA:72,5,0,0
BRDA:72,5,1,0
BRDA:72,6,0,0
BRDA:72,6,1,0
BRDA:80,7,0,0
BRDA:80,7,1,0
BRDA:82,8,0,0
BRDA:82,8,1,0
BRDA:87,9,0,0
BRDA:87,9,1,0
BRDA:87,10,0,0
BRDA:87,10,1,0
BRDA:92,11,0,0
BRDA:92,11,1,0
BRDA:107,12,0,0
BRDA:107,12,1,0
BRDA:107,13,0,0
BRDA:107,13,1,0
BRF:28
BRH:0
end_of_record
TN:
SF:src/components/InventoryDetail/ApplicationDetails.js
FN:22,(anonymous_0)
FN:31,(anonymous_1)
FN:33,(anonymous_2)
FN:34,(anonymous_3)
FN:40,(anonymous_4)
FN:47,(anonymous_5)
FN:49,(anonymous_6)
FN:60,(anonymous_7)
FN:64,(anonymous_8)
FN:72,(anonymous_9)
FN:87,(anonymous_10)
FN:89,(anonymous_11)
FN:100,(anonymous_12)
FN:112,(anonymous_13)
FNF:14
FNH:0
FNDA:0,(anonymous_0)
FNDA:0,(anonymous_1)
FNDA:0,(anonymous_2)
FNDA:0,(anonymous_3)
FNDA:0,(anonymous_4)
FNDA:0,(anonymous_5)
FNDA:0,(anonymous_6)
FNDA:0,(anonymous_7)
FNDA:0,(anonymous_8)
FNDA:0,(anonymous_9)
FNDA:0,(anonymous_10)
FNDA:0,(anonymous_11)
FNDA:0,(anonymous_12)
FNDA:0,(anonymous_13)
DA:22,0
DA:30,0
DA:31,0
DA:32,0
DA:33,0
DA:34,0
DA:39,0
DA:40,0
DA:42,0
DA:43,0
DA:45,0
DA:47,0
DA:48,0
DA:49,0
DA:51,0
DA:52,0
DA:54,0
DA:56,0
DA:59,0
DA:60,0
DA:64,0
DA:66,0
DA:68,0
DA:69,0
DA:72,0
DA:73,0
DA:79,0
DA:88,0
DA:89,0
DA:91,0
DA:92,0
DA:95,0
DA:101,0
DA:113,0
DA:114,0
DA:149,0
LF:36
LH:0
BRDA:32,0,0,0
BRDA:32,0,1,0
BRDA:32,0,2,0
BRDA:43,1,0,0
BRDA:43,1,1,0
BRDA:51,2,0,0
BRDA:51,2,1,0
BRDA:51,3,0,0
BRDA:51,3,1,0
BRDA:56,4,0,0
BRDA:56,4,1,0
BRDA:66,5,0,0
BRDA:66,5,1,0
BRDA:69,6,0,0
BRDA:69,6,1,0
BRDA:73,7,0,0
BRDA:73,7,1,0
BRDA:73,7,2,0
BRDA:73,7,3,0
BRDA:73,7,4,0
BRDA:73,7,5,0
BRDA:73,7,6,0
BRDA:73,7,7,0
BRDA:81,8,0,0
BRDA:81,8,1,0
BRDA:91,9,0,0
BRDA:91,9,1,0
BRDA:92,10,0,0
BRDA:92,10,1,0
BRDA:122,11,0,0
BRDA:122,11,1,0
BRDA:125,12,0,0
BRDA:125,12,1,0
BRF:33
BRH:0
end_of_record
TN:
SF:src/components/InventoryDetail/DetailHeader.js
FN:13,(anonymous_0)
FN:37,(anonymous_1)
FNF:2
FNH:0
FNDA:0,(anonymous_0)
FNDA:0,(anonymous_1)
DA:13,0
DA:21,0
DA:37,0
DA:43,0
DA:58,0
DA:84,0
LF:6
LH:0
BRDA:29,0,0,0
BRDA:29,0,1,0
BRDA:29,0,2,0
BRDA:43,1,0,0
BRDA:43,1,1,0
BRF:5
BRH:0
end_of_record
TN:
SF:src/components/InventoryDetail/DetailRenderer.js
FN:10,(anonymous_0)
FN:20,(anonymous_1)
FN:23,(anonymous_2)
FN:47,(anonymous_3)
FNF:4
FNH:0
FNDA:0,(anonymous_0)
FNDA:0,(anonymous_1)
FNDA:0,(anonymous_2)
FNDA:0,(anonymous_3)
DA:10,0
DA:11,0
DA:12,0
DA:13,0
DA:20,0
DA:21,0
DA:23,0
DA:25,0
DA:26,0
DA:33,0
DA:38,0
DA:42,0
DA:45,0
DA:47,0
DA:48,0
DA:52,0
DA:56,0
DA:64,0
DA:65,0
DA:66,0
DA:68,0
DA:71,0
DA:76,0
LF:23
LH:0
BRDA:25,0,0,0
BRDA:25,0,1,0
BRDA:33,1,0,0
BRDA:33,1,1,0
BRDA:34,2,0,0
BRDA:34,2,1,0
BRDA:34,2,2,0
BRDA:52,3,0,0
BRDA:52,3,1,0
BRDA:64,4,0,0
BRDA:64,4,1,0
BRDA:65,5,0,0
BRDA:65,5,1,0
BRF:13
BRH:0
end_of_record
TN:
SF:src/components/InventoryDetail/DetailWrapper.js
FN:20,(anonymous_0)
FN:32,(anonymous_1)
FN:34,(anonymous_2)
FN:36,(anonymous_3)
FN:38,(anonymous_4)
FN:48,(anonymous_5)
FN:59,(anonymous_6)
FNF:7
FNH:6
FNDA:10,(anonymous_0)
FNDA:10,(anonymous_1)
FNDA:10,(anonymous_2)
FNDA:10,(anonymous_3)
FNDA:10,(anonymous_4)
FNDA:0,(anonymous_5)
FNDA:1,(anonymous_6)
DA:20,1
DA:30,10
DA:31,10
DA:32,10
DA:33,10
DA:34,10
DA:36,10
DA:38,10
DA:39,10
DA:40,9
DA:44,10
DA:48,0
DA:59,1
DA:85,1
DA:102,1
LF:15
LH:14
BRDA:39,0,0,9
BRDA:39,0,1,1
BRDA:39,1,0,10
BRDA:39,1,1,0
BRDA:39,1,2,10
BRDA:46,2,0,10
BRDA:46,2,1,8
BRDA:70,3,0,10
BRDA:70,3,1,9
BRDA:70,3,2,9
BRDA:70,3,3,1
BRF:11
BRH:10
end_of_record
TN:
SF:src/components/InventoryDetail/FactsInfo.js
FN:19,(anonymous_0)
FNF:1
FNH:1
FNDA:10,(anonymous_0)
DA:19,2
DA:26,10
DA:76,2
DA:83,2
LF:4
LH:4
BRDA:31,0,0,10
BRDA:31,0,1,0
BRDA:32,1,0,10
BRDA:32,1,1,1
BRDA:41,2,0,10
BRDA:41,2,1,0
BRDA:43,3,0,10
BRDA:43,3,1,0
BRDA:59,4,0,10
BRDA:59,4,1,10
BRDA:59,4,2,1
BRDA:66,5,0,10
BRDA:66,5,1,10
BRDA:66,5,2,1
BRF:14
BRH:11
end_of_record
TN:
SF:src/components/InventoryDetail/InsightsPrompt.js
FN:20,(anonymous_0)
FNF:1
FNH:0
FNDA:0,(anonymous_0)
DA:20,0
DA:21,0
LF:2
LH:0
BRF:0
BRH:0
end_of_record
TN:
SF:src/components/InventoryDetail/InventoryDetail.js
FN:21,(anonymous_0)
FN:34,(anonymous_1)
FN:36,(anonymous_2)
FN:38,(anonymous_3)
FN:43,(anonymous_4)
FN:48,(anonymous_5)
FN:111,(anonymous_6)
FN:142,(anonymous_7)
FNF:8
FNH:0
FNDA:0,(anonymous_0)
FNDA:0,(anonymous_1)
FNDA:0,(anonymous_2)
FNDA:0,(anonymous_3)
FNDA:0,(anonymous_4)
FNDA:0,(anonymous_5)
FNDA:0,(anonymous_6)
FNDA:0,(anonymous_7)
DA:21,0
DA:32,0
DA:33,0
DA:34,0
DA:36,0
DA:38,0
DA:39,0
DA:40,0
DA:43,0
DA:44,0
DA:45,0
DA:48,0
DA:50,0
DA:83,0
DA:98,0
DA:111,0
DA:112,0
DA:114,0
DA:115,0
DA:116,0
DA:117,0
DA:120,0
DA:122,0
DA:123,0
DA:127,0
DA:139,0
DA:142,0
DA:143,0
DA:149,0
LF:29
LH:0
BRDA:34,0,0,0
BRDA:34,0,1,0
BRDA:39,1,0,0
BRDA:39,1,1,0
BRDA:39,2,0,0
BRDA:39,2,1,0
BRDA:39,2,2,0
BRDA:52,3,0,0
BRDA:52,3,1,0
BRDA:52,4,0,0
BRDA:52,4,1,0
BRDA:68,5,0,0
BRDA:68,5,1,0
BRDA:114,6,0,0
BRDA:114,6,1,0
BRDA:130,7,0,0
BRDA:130,7,1,0
BRDA:130,7,2,0
BRDA:143,8,0,0
BRDA:143,8,1,0
BRF:20
BRH:0
end_of_record
TN:
SF:src/components/InventoryDetail/SystemNotFound.js
FN:20,(anonymous_0)
FN:35,(anonymous_1)
FNF:2
FNH:2
FNDA:3,(anonymous_0)
FNDA:1,(anonymous_1)
DA:20,1
DA:21,3
DA:22,3
DA:36,1
DA:46,1
LF:5
LH:5
BRF:0
BRH:0
end_of_record
TN:
SF:src/components/InventoryDetail/TopBar.js
FN:32,(anonymous_0)
FN:58,(anonymous_1)
FN:104,(anonymous_2)
FN:123,(anonymous_3)
FN:124,(anonymous_4)
FN:127,(anonymous_5)
FN:138,(anonymous_6)
FN:141,(anonymous_7)
FN:156,(anonymous_8)
FN:170,(anonymous_9)
FN:173,(anonymous_10)
FN:181,(anonymous_11)
FN:221,(anonymous_12)
FN:222,(anonymous_13)
FN:223,(anonymous_14)
FNF:15
FNH:5
FNDA:8,(anonymous_0)
FNDA:1,(anonymous_1)
FNDA:0,(anonymous_2)
FNDA:0,(anonymous_3)
FNDA:6,(anonymous_4)
FNDA:2,(anonymous_5)
FNDA:8,(anonymous_6)
FNDA:0,(anonymous_7)
FNDA:0,(anonymous_8)
FNDA:0,(anonymous_9)
FNDA:0,(anonymous_10)
FNDA:0,(anonymous_11)
FNDA:0,(anonymous_12)
FNDA:0,(anonymous_13)
FNDA:0,(anonymous_14)
DA:32,1
DA:48,8
DA:49,8
DA:50,8
DA:51,8
DA:52,8
DA:58,1
DA:64,8
DA:104,0
DA:123,0
DA:125,6
DA:127,2
DA:139,8
DA:142,0
DA:156,0
DA:170,0
DA:174,0
DA:181,0
DA:182,0
DA:184,0
DA:192,1
DA:215,1
DA:221,0
DA:222,0
DA:223,0
LF:25
LH:13
BRDA:53,0,0,1
BRDA:53,0,1,7
BRDA:61,1,0,8
BRDA:61,1,1,0
BRDA:67,2,0,7
BRDA:67,2,1,1
BRDA:76,3,0,7
BRDA:76,3,1,7
BRDA:80,4,0,7
BRDA:80,4,1,0
BRDA:84,5,0,0
BRDA:84,5,1,0
BRDA:84,5,2,0
BRDA:85,6,0,0
BRDA:85,6,1,0
BRDA:98,7,0,7
BRDA:98,7,1,1
BRDA:102,8,0,1
BRDA:102,8,1,6
BRDA:118,9,0,7
BRDA:118,9,1,6
BRDA:142,10,0,0
BRDA:142,10,1,0
BRDA:155,11,0,7
BRDA:155,11,1,0
BRDA:167,12,0,8
BRDA:167,12,1,0
BRF:27
BRH:16
end_of_record
TN:
SF:src/components/InventoryDetail/helpers.js
FN:3,(anonymous_0)
FN:25,(anonymous_1)
FNF:2
FNH:2
FNDA:1,(anonymous_0)
FNDA:60,(anonymous_1)
DA:3,4
DA:4,1
DA:5,1
DA:10,0
DA:15,0
DA:17,0
DA:25,60
LF:7
LH:4
BRDA:4,0,0,1
BRDA:4,0,1,0
BRDA:10,1,0,0
BRDA:10,1,1,0
BRDA:11,2,0,0
BRDA:11,2,1,0
BRF:6
BRH:1
end_of_record
TN:
SF:src/components/InventoryDetail/index.js
FNF:0
FNH:0
LF:0
LH:0
BRF:0
BRH:0
end_of_record
TN:
SF:src/components/InventoryDetailDrawer/BasicInfo.js
FN:16,(anonymous_0)
FN:18,(anonymous_1)
FN:20,(anonymous_2)
FN:21,(anonymous_3)
FN:50,(anonymous_4)
FNF:5
FNH:5
FNDA:13,(anonymous_0)
FNDA:13,(anonymous_1)
FNDA:13,(anonymous_2)
FNDA:13,(anonymous_3)
FNDA:5,(anonymous_4)
DA:16,2
DA:17,13
DA:18,13
DA:20,13
DA:21,13
DA:22,13
DA:51,5
DA:67,2
DA:72,2
LF:9
LH:9
BRDA:31,0,0,13
BRDA:31,0,1,12
BRDA:43,1,0,13
BRDA:43,1,1,2
BRDA:49,2,0,2
BRDA:49,2,1,0
BRDA:52,3,0,5
BRDA:52,3,1,3
BRDA:54,4,0,5
BRDA:54,4,1,3
BRF:10
BRH:9
end_of_record
TN:
SF:src/components/InventoryDetailDrawer/SystemIssues.js
FN:29,(anonymous_0)
FN:31,(anonymous_1)
FN:33,(anonymous_2)
FN:36,(anonymous_3)
FN:39,(anonymous_4)
FN:42,(anonymous_5)
FN:44,(anonymous_6)
FNF:7
FNH:7
FNDA:16,(anonymous_0)
FNDA:16,(anonymous_1)
FNDA:16,(anonymous_2)
FNDA:16,(anonymous_3)
FNDA:16,(anonymous_4)
FNDA:16,(anonymous_5)
FNDA:16,(anonymous_6)
DA:29,2
DA:30,16
DA:31,16
DA:32,16
DA:33,16
DA:35,16
DA:36,16
DA:38,16
DA:39,16
DA:41,16
DA:42,16
DA:44,16
DA:45,16
DA:46,14
DA:47,14
DA:48,14
DA:49,14
DA:53,16
DA:173,2
LF:19
LH:19
BRDA:45,0,0,14
BRDA:45,0,1,2
BRDA:45,1,0,16
BRDA:45,1,1,15
BRDA:68,2,0,6
BRDA:68,2,1,10
BRDA:74,3,0,6
BRDA:74,3,1,1
BRDA:81,4,0,6
BRDA:81,4,1,1
BRDA:88,5,0,6
BRDA:88,5,1,1
BRDA:95,6,0,6
BRDA:95,6,1,1
BRDA:111,7,0,6
BRDA:111,7,1,10
BRDA:144,8,0,6
BRDA:144,8,1,10
BRDA:147,9,0,6
BRDA:147,9,1,1
BRDA:156,10,0,6
BRDA:156,10,1,10
BRDA:157,11,0,6
BRDA:157,11,1,5
BRDA:162,12,0,0
BRDA:162,12,1,5
BRF:26
BRH:25
end_of_record
TN:
SF:src/components/InventoryDetailDrawer/index.js
FNF:0
FNH:0
LF:0
LH:0
BRF:0
BRH:0
end_of_record
TN:
SF:src/components/InventoryGroupDetail/EdgeGroupDetails.js
FN:9,(anonymous_0)
FNF:1
FNH:0
FNDA:0,(anonymous_0)
DA:9,0
DA:10,0
DA:11,0
DA:12,0
LF:4
LH:0
BRF:0
BRH:0
end_of_record
TN:
SF:src/components/InventoryGroupDetail/EdgeUpdateDeviceModal.js
FN:9,(anonymous_0)
FNF:1
FNH:0
FNDA:0,(anonymous_0)
DA:9,2
DA:10,0
DA:11,0
DA:12,0
LF:4
LH:1
BRF:0
BRH:0
end_of_record
TN:
SF:src/components/InventoryGroupDetail/EmptyStateNoAccess.js
FN:5,(anonymous_0)
FN:29,(anonymous_1)
FN:54,(anonymous_2)
FNF:3
FNH:0
FNDA:0,(anonymous_0)
FNDA:0,(anonymous_1)
FNDA:0,(anonymous_2)
DA:5,2
DA:6,0
DA:8,0
DA:29,2
DA:30,0
DA:32,0
DA:54,2
DA:55,0
DA:57,0
LF:9
LH:3
BRDA:11,0,0,0
BRDA:11,0,1,0
BRDA:18,1,0,0
BRDA:18,1,1,0
BRDA:35,2,0,0
BRDA:35,2,1,0
BRDA:41,3,0,0
BRDA:41,3,1,0
BRDA:44,4,0,0
BRDA:44,4,1,0
BRDA:60,5,0,0
BRDA:60,5,1,0
BRDA:66,6,0,0
BRDA:66,6,1,0
BRDA:69,7,0,0
BRDA:69,7,1,0
BRF:16
BRH:0
end_of_record
TN:
SF:src/components/InventoryGroupDetail/GroupDetailHeader.js
FN:35,(anonymous_0)
FN:39,(anonymous_1)
FN:65,(anonymous_2)
FN:67,(anonymous_3)
FN:81,(anonymous_4)
FN:107,(anonymous_5)
FN:112,(anonymous_6)
FN:118,(anonymous_7)
FN:119,(anonymous_8)
FN:148,(anonymous_9)
FN:149,(anonymous_10)
FN:151,(anonymous_11)
FN:155,(anonymous_12)
FN:168,(anonymous_13)
FN:174,(anonymous_14)
FN:181,(anonymous_15)
FNF:16
FNH:5
FNDA:5,(anonymous_0)
FNDA:3,(anonymous_1)
FNDA:4,(anonymous_2)
FNDA:0,(anonymous_3)
FNDA:10,(anonymous_4)
FNDA:0,(anonymous_5)
FNDA:0,(anonymous_6)
FNDA:0,(anonymous_7)
FNDA:0,(anonymous_8)
FNDA:0,(anonymous_9)
FNDA:0,(anonymous_10)
FNDA:5,(anonymous_11)
FNDA:0,(anonymous_12)
FNDA:0,(anonymous_13)
FNDA:0,(anonymous_14)
FNDA:0,(anonymous_15)
DA:35,2
DA:36,5
DA:37,5
DA:38,5
DA:39,3
DA:42,5
DA:46,5
DA:50,5
DA:51,5
DA:52,5
DA:53,5
DA:57,5
DA:59,5
DA:63,5
DA:65,5
DA:66,4
DA:67,0
DA:68,0
DA:70,0
DA:71,0
DA:73,0
DA:79,5
DA:81,5
DA:82,10
DA:83,10
DA:84,4
DA:95,6
DA:99,0
DA:102,5
DA:107,0
DA:112,0
DA:118,0
DA:119,0
DA:148,0
DA:149,0
DA:152,5
DA:155,0
DA:168,0
DA:174,0
DA:182,0
DA:197,2
LF:41
LH:25
BRDA:66,0,0,0
BRDA:66,0,1,4
BRDA:82,1,0,10
BRDA:82,1,1,0
BRDA:83,2,0,4
BRDA:83,2,1,6
BRDA:83,3,0,10
BRDA:83,3,1,8
BRDA:88,4,0,0
BRDA:88,4,1,4
BRDA:95,5,0,6
BRDA:95,5,1,0
BRDA:104,6,0,5
BRDA:104,6,1,0
BRDA:110,7,0,0
BRDA:110,7,1,0
BRDA:110,8,0,0
BRDA:110,8,1,0
BRDA:115,9,0,5
BRDA:115,9,1,0
BRDA:123,10,0,5
BRDA:123,10,1,0
BRDA:133,11,0,0
BRDA:133,11,1,5
BRDA:158,12,0,5
BRDA:158,12,1,5
BRDA:158,12,2,4
BRDA:161,13,0,0
BRDA:161,13,1,5
BRDA:178,14,0,5
BRDA:178,14,1,0
BRF:31
BRH:17
end_of_record
TN:
SF:src/components/InventoryGroupDetail/GroupDetailInfo.js
FN:13,(anonymous_0)
FN:71,(anonymous_1)
FNF:2
FNH:0
FNDA:0,(anonymous_0)
FNDA:0,(anonymous_1)
DA:13,0
DA:14,0
DA:15,0
DA:19,0
DA:21,0
DA:67,0
DA:71,0
DA:72,0
LF:8
LH:0
BRDA:49,0,0,0
BRDA:49,0,1,0
BRDA:51,1,0,0
BRDA:51,1,1,0
BRDA:57,2,0,0
BRDA:57,2,1,0
BRF:6
BRH:0
end_of_record
TN:
SF:src/components/InventoryGroupDetail/GroupTabDetails.js
FN:19,(anonymous_0)
FN:21,(anonymous_1)
FN:34,(anonymous_2)
FN:45,(anonymous_3)
FN:57,(anonymous_4)
FN:64,(anonymous_5)
FN:78,(anonymous_6)
FNF:7
FNH:0
FNDA:0,(anonymous_0)
FNDA:0,(anonymous_1)
FNDA:0,(anonymous_2)
FNDA:0,(anonymous_3)
FNDA:0,(anonymous_4)
FNDA:0,(anonymous_5)
FNDA:0,(anonymous_6)
DA:19,1
DA:21,1
DA:27,0
DA:29,0
DA:32,0
DA:33,0
DA:35,0
DA:44,0
DA:46,0
DA:55,0
DA:57,0
DA:58,0
DA:59,0
DA:61,0
DA:64,0
DA:65,0
DA:66,0
DA:67,0
DA:69,0
DA:73,0
DA:75,0
DA:78,0
DA:137,1
LF:23
LH:3
BRDA:58,0,0,0
BRDA:58,0,1,0
BRDA:66,1,0,0
BRDA:66,1,1,0
BRDA:87,2,0,0
BRDA:87,2,1,0
BRDA:87,3,0,0
BRDA:87,3,1,0
BRDA:90,4,0,0
BRDA:90,4,1,0
BRDA:90,5,0,0
BRDA:90,5,1,0
BRDA:107,6,0,0
BRDA:107,6,1,0
BRDA:116,7,0,0
BRDA:116,7,1,0
BRDA:119,8,0,0
BRDA:119,8,1,0
BRF:18
BRH:0
end_of_record
TN:
SF:src/components/InventoryGroupDetail/InventoryGroupDetail.js
FN:36,(anonymous_0)
FN:37,(anonymous_1)
FN:46,(anonymous_2)
FN:62,(anonymous_3)
FN:67,(anonymous_4)
FN:72,(anonymous_5)
FN:86,(anonymous_6)
FN:93,(anonymous_7)
FN:100,(anonymous_8)
FN:149,(anonymous_9)
FNF:10
FNH:6
FNDA:0,(anonymous_0)
FNDA:2,(anonymous_1)
FNDA:3,(anonymous_2)
FNDA:1,(anonymous_3)
FNDA:1,(anonymous_4)
FNDA:1,(anonymous_5)
FNDA:1,(anonymous_6)
FNDA:0,(anonymous_7)
FNDA:0,(anonymous_8)
FNDA:0,(anonymous_9)
DA:36,1
DA:37,1
DA:38,2
DA:40,2
DA:44,2
DA:45,2
DA:46,3
DA:48,2
DA:50,2
DA:51,2
DA:53,2
DA:56,2
DA:60,2
DA:62,2
DA:63,1
DA:64,1
DA:67,1
DA:68,1
DA:72,2
DA:74,1
DA:83,2
DA:84,2
DA:86,2
DA:87,1
DA:88,0
DA:89,0
DA:94,0
DA:95,0
DA:96,0
DA:102,0
DA:103,0
DA:104,0
DA:106,0
DA:111,0
DA:112,0
DA:117,2
DA:121,0
DA:124,2
DA:149,0
DA:193,1
LF:40
LH:27
BRDA:63,0,0,1
BRDA:63,0,1,0
BRDA:75,1,0,1
BRDA:75,1,1,1
BRDA:76,2,0,0
BRDA:76,2,1,1
BRDA:87,3,0,0
BRDA:87,3,1,1
BRDA:103,4,0,0
BRDA:103,4,1,0
BRDA:103,5,0,0
BRDA:103,5,1,0
BRDA:117,6,0,0
BRDA:117,6,1,2
BRDA:118,7,0,2
BRDA:118,7,1,0
BRDA:118,7,2,2
BRDA:118,7,3,0
BRDA:124,8,0,0
BRDA:124,8,1,2
BRDA:124,9,0,2
BRDA:124,9,1,0
BRDA:124,9,2,0
BRDA:127,10,0,0
BRDA:127,10,1,0
BRDA:145,11,0,2
BRDA:145,11,1,0
BRDA:156,12,0,2
BRDA:156,12,1,0
BRDA:165,13,0,0
BRDA:165,13,1,2
BRDA:168,14,0,2
BRDA:168,14,1,0
BRF:33
BRH:14
end_of_record
TN:
SF:src/components/InventoryGroupDetail/NoSystemsEmptyState.js
FN:22,(anonymous_0)
FN:63,(anonymous_1)
FNF:2
FNH:0
FNDA:0,(anonymous_0)
FNDA:0,(anonymous_1)
DA:22,1
DA:23,0
DA:24,0
DA:26,0
DA:63,0
DA:73,1
LF:6
LH:2
BRDA:51,0,0,0
BRDA:51,0,1,0
BRDA:58,1,0,0
BRDA:58,1,1,0
BRF:4
BRH:0
end_of_record
TN:
SF:src/components/InventoryGroupDetail/index.js
FN:5,(anonymous_0)
FNF:1
FNH:0
FNDA:0,(anonymous_0)
DA:5,0
DA:6,0
DA:8,0
LF:3
LH:0
BRF:0
BRH:0
end_of_record
TN:
SF:src/components/InventoryGroups/EdgeGroups.js
FN:9,(anonymous_0)
FNF:1
FNH:0
FNDA:0,(anonymous_0)
DA:9,0
DA:10,0
DA:11,0
DA:12,0
LF:4
LH:0
BRF:0
BRH:0
end_of_record
TN:
SF:src/components/InventoryGroups/GetHelpExpandable.js
FN:16,(anonymous_0)
FN:34,(anonymous_1)
FN:52,(anonymous_2)
FNF:3
FNH:1
FNDA:2,(anonymous_0)
FNDA:0,(anonymous_1)
FNDA:0,(anonymous_2)
DA:16,1
DA:18,2
DA:19,2
DA:20,2
DA:22,2
DA:35,0
DA:53,0
LF:7
LH:5
BRDA:35,0,0,0
BRDA:35,0,1,0
BRDA:40,1,0,0
BRDA:40,1,1,2
BRDA:46,2,0,2
BRDA:46,2,1,0
BRDA:46,3,0,2
BRDA:46,3,1,0
BRDA:53,4,0,0
BRDA:53,4,1,0
BRDA:62,5,0,0
BRDA:62,5,1,2
BRF:12
BRH:4
end_of_record
TN:
SF:src/components/InventoryGroups/InventoryGroups.js
FN:13,(anonymous_0)
FN:22,(anonymous_1)
FN:42,(anonymous_2)
FN:46,(anonymous_3)
FN:49,(anonymous_4)
FNF:5
FNH:4
FNDA:2,(anonymous_0)
FNDA:2,(anonymous_1)
FNDA:0,(anonymous_2)
FNDA:2,(anonymous_3)
FNDA:2,(anonymous_4)
DA:13,1
DA:14,2
DA:15,2
DA:16,2
DA:17,2
DA:18,2
DA:20,2
DA:22,2
DA:23,2
DA:26,2
DA:27,2
DA:29,0
DA:30,0
DA:33,1
DA:34,0
DA:35,0
DA:39,1
DA:42,2
DA:43,0
DA:46,2
DA:47,2
DA:49,2
DA:50,2
DA:54,2
LF:24
LH:19
BRDA:29,0,0,0
BRDA:29,0,1,0
BRDA:30,1,0,0
BRDA:30,1,1,0
BRDA:33,2,0,0
BRDA:33,2,1,1
BRDA:39,3,0,1
BRDA:39,3,1,0
BRDA:59,4,0,2
BRDA:59,4,1,0
BRDA:67,5,0,0
BRDA:67,5,1,2
BRDA:68,6,0,0
BRDA:68,6,1,0
BRDA:68,7,0,0
BRDA:68,7,1,0
BRDA:73,8,0,2
BRDA:73,8,1,0
BRDA:77,9,0,0
BRDA:77,9,1,0
BRF:20
BRH:5
end_of_record
TN:
SF:src/components/InventoryGroups/NoGroupsEmptyState.js
FN:21,(anonymous_0)
FNF:1
FNH:1
FNDA:2,(anonymous_0)
DA:19,2
DA:21,2
DA:23,2
DA:24,2
DA:26,2
DA:73,2
LF:6
LH:6
BRDA:33,0,0,0
BRDA:33,0,1,2
BRDA:45,1,0,0
BRDA:45,1,1,2
BRDA:49,2,0,2
BRDA:49,2,1,0
BRDA:55,3,0,0
BRDA:55,3,1,2
BRDA:60,4,0,0
BRDA:60,4,1,0
BRDA:64,5,0,0
BRDA:64,5,1,0
BRF:12
BRH:4
end_of_record
TN:
SF:src/components/InventoryGroups/index.js
FNF:0
FNH:0
LF:0
LH:0
BRF:0
BRH:0
end_of_record
TN:
SF:src/components/InventoryGroups/Modals/AddSelectedHostsToGroupModal.js
FN:15,(anonymous_0)
FN:25,(anonymous_1)
FN:42,(anonymous_2)
FN:45,(anonymous_3)
FN:56,(anonymous_4)
FN:63,(anonymous_5)
FNF:6
FNH:0
FNDA:0,(anonymous_0)
FNDA:0,(anonymous_1)
FNDA:0,(anonymous_2)
FNDA:0,(anonymous_3)
FNDA:0,(anonymous_4)
FNDA:0,(anonymous_5)
DA:15,1
DA:21,0
DA:22,0
DA:23,0
DA:24,0
DA:25,0
DA:26,0
DA:27,0
DA:40,0
DA:43,0
DA:45,0
DA:51,0
DA:56,0
DA:63,0
DA:85,1
LF:15
LH:2
BRDA:35,0,0,0
BRDA:35,0,1,0
BRDA:53,1,0,0
BRDA:53,1,1,0
BRDA:57,2,0,0
BRDA:57,2,1,0
BRDA:71,3,0,0
BRDA:71,3,1,0
BRF:8
BRH:0
end_of_record
TN:
SF:src/components/InventoryGroups/Modals/AddSystemsToGroupModal.js
FN:38,(anonymous_0)
FN:51,(anonymous_1)
FN:53,(anonymous_2)
FN:55,(anonymous_3)
FN:71,(anonymous_4)
FN:80,(anonymous_5)
FN:88,(anonymous_6)
FN:102,(anonymous_7)
FN:111,(anonymous_8)
FN:132,(anonymous_9)
FN:141,(anonymous_10)
FN:154,(anonymous_11)
FN:167,(anonymous_12)
FN:187,(anonymous_13)
FN:191,(anonymous_14)
FN:239,(anonymous_15)
FNF:16
FNH:0
FNDA:0,(anonymous_0)
FNDA:0,(anonymous_1)
FNDA:0,(anonymous_2)
FNDA:0,(anonymous_3)
FNDA:0,(anonymous_4)
FNDA:0,(anonymous_5)
FNDA:0,(anonymous_6)
FNDA:0,(anonymous_7)
FNDA:0,(anonymous_8)
FNDA:0,(anonymous_9)
FNDA:0,(anonymous_10)
FNDA:0,(anonymous_11)
FNDA:0,(anonymous_12)
FNDA:0,(anonymous_13)
FNDA:0,(anonymous_14)
FNDA:0,(anonymous_15)
DA:38,1
DA:46,0
DA:48,0
DA:49,0
DA:50,0
DA:51,0
DA:53,0
DA:55,0
DA:56,0
DA:58,0
DA:59,0
DA:67,0
DA:69,0
DA:72,0
DA:79,0
DA:81,0
DA:88,0
DA:100,0
DA:102,0
DA:109,0
DA:111,0
DA:112,0
DA:113,0
DA:115,0
DA:116,0
DA:119,0
DA:122,0
DA:126,0
DA:130,0
DA:131,0
DA:132,0
DA:136,0
DA:138,0
DA:140,0
DA:141,0
DA:145,0
DA:147,0
DA:148,0
DA:154,0
DA:155,0
DA:159,0
DA:160,0
DA:161,0
DA:162,0
DA:166,0
DA:167,0
DA:181,0
DA:188,0
DA:189,0
DA:192,0
DA:193,0
DA:240,0
DA:241,0
DA:242,0
DA:244,0
DA:245,0
DA:246,0
DA:297,1
LF:58
LH:2
BRDA:51,0,0,0
BRDA:51,0,1,0
BRDA:53,1,0,0
BRDA:53,1,1,0
BRDA:58,2,0,0
BRDA:58,2,1,0
BRDA:73,3,0,0
BRDA:73,3,1,0
BRDA:84,4,0,0
BRDA:84,4,1,0
BRDA:85,5,0,0
BRDA:85,5,1,0
BRDA:96,6,0,0
BRDA:96,6,1,0
BRDA:97,7,0,0
BRDA:97,7,1,0
BRDA:109,8,0,0
BRDA:109,8,1,0
BRDA:112,9,0,0
BRDA:112,9,1,0
BRDA:126,10,0,0
BRDA:126,10,1,0
BRDA:126,10,2,0
BRDA:145,11,0,0
BRDA:145,11,1,0
BRDA:149,12,0,0
BRDA:149,12,1,0
BRDA:159,13,0,0
BRDA:159,13,1,0
BRDA:161,14,0,0
BRDA:161,14,1,0
BRDA:182,15,0,0
BRDA:182,15,1,0
BRDA:205,16,0,0
BRDA:205,16,1,0
BRDA:205,16,2,0
BRDA:222,17,0,0
BRDA:222,17,1,0
BRDA:228,18,0,0
BRDA:228,18,1,0
BRDA:240,19,0,0
BRDA:240,19,1,0
BRDA:249,20,0,0
BRDA:249,20,1,0
BRDA:261,21,0,0
BRDA:261,21,1,0
BRDA:261,22,0,0
BRDA:261,22,1,0
BRF:48
BRH:0
end_of_record
TN:
SF:src/components/InventoryGroups/Modals/ConfirmSystemsAddModal.js
FN:12,(anonymous_0)
FN:28,(anonymous_1)
FN:35,(anonymous_2)
FN:37,(anonymous_3)
FN:49,(anonymous_4)
FNF:5
FNH:0
FNDA:0,(anonymous_0)
FNDA:0,(anonymous_1)
FNDA:0,(anonymous_2)
FNDA:0,(anonymous_3)
FNDA:0,(anonymous_4)
DA:12,1
DA:19,0
DA:20,0
DA:22,0
DA:29,0
DA:38,0
DA:40,0
DA:50,0
DA:78,1
LF:9
LH:2
BRDA:26,0,0,0
BRDA:26,0,1,0
BRDA:52,1,0,0
BRDA:52,1,1,0
BRDA:58,2,0,0
BRDA:58,2,1,0
BRF:6
BRH:0
end_of_record
TN:
SF:src/components/InventoryGroups/Modals/CreateGroupModal.js
FN:11,(anonymous_0)
FN:26,(anonymous_1)
FN:37,(anonymous_2)
FN:50,(anonymous_3)
FN:55,(anonymous_4)
FN:57,(anonymous_5)
FN:66,(anonymous_6)
FNF:7
FNH:4
FNDA:8,(anonymous_0)
FNDA:4,(anonymous_1)
FNDA:0,(anonymous_2)
FNDA:0,(anonymous_3)
FNDA:4,(anonymous_4)
FNDA:3,(anonymous_5)
FNDA:0,(anonymous_6)
DA:11,4
DA:12,8
DA:13,3
DA:16,5
DA:17,5
DA:18,1
DA:23,4
DA:26,4
DA:33,4
DA:34,4
DA:36,4
DA:38,0
DA:50,0
DA:55,4
DA:56,4
DA:57,3
DA:63,4
DA:66,4
DA:67,0
DA:68,0
DA:69,0
DA:71,0
DA:75,4
DA:90,4
LF:24
LH:18
BRDA:11,0,0,2
BRDA:12,1,0,3
BRDA:12,1,1,5
BRDA:17,2,0,1
BRDA:17,2,1,4
BRDA:18,3,0,0
BRDA:18,3,1,1
BRDA:30,4,0,4
BRDA:45,5,0,0
BRDA:45,5,1,0
BRDA:67,6,0,0
BRDA:67,6,1,0
BRDA:79,7,0,0
BRDA:79,7,1,4
BRF:14
BRH:8
end_of_record
TN:
SF:src/components/InventoryGroups/Modals/DeleteGroupModal.js
FN:25,(anonymous_0)
FN:58,(anonymous_1)
FN:67,(anonymous_2)
FN:77,(anonymous_3)
FN:86,(anonymous_4)
FN:92,(anonymous_5)
FN:96,(anonymous_6)
FN:100,(anonymous_7)
FN:109,(anonymous_8)
FN:114,(anonymous_9)
FN:137,(anonymous_10)
FN:161,(anonymous_11)
FN:167,(anonymous_12)
FN:172,(anonymous_13)
FN:200,(anonymous_14)
FNF:15
FNH:0
FNDA:0,(anonymous_0)
FNDA:0,(anonymous_1)
FNDA:0,(anonymous_2)
FNDA:0,(anonymous_3)
FNDA:0,(anonymous_4)
FNDA:0,(anonymous_5)
FNDA:0,(anonymous_6)
FNDA:0,(anonymous_7)
FNDA:0,(anonymous_8)
FNDA:0,(anonymous_9)
FNDA:0,(anonymous_10)
FNDA:0,(anonymous_11)
FNDA:0,(anonymous_12)
FNDA:0,(anonymous_13)
FNDA:0,(anonymous_14)
DA:25,3
DA:58,3
DA:68,0
DA:77,3
DA:83,0
DA:84,0
DA:85,0
DA:86,0
DA:88,0
DA:89,0
DA:90,0
DA:92,0
DA:94,0
DA:96,0
DA:97,0
DA:99,0
DA:100,0
DA:101,0
DA:107,0
DA:109,0
DA:110,0
DA:114,0
DA:115,0
DA:137,0
DA:140,0
DA:162,0
DA:167,0
DA:172,0
DA:200,0
DA:208,3
LF:30
LH:4
BRDA:31,0,0,0
BRDA:31,0,1,0
BRDA:32,1,0,0
BRDA:32,1,1,0
BRDA:58,2,0,0
BRDA:60,3,0,0
BRDA:60,3,1,0
BRDA:61,4,0,0
BRDA:61,4,1,0
BRDA:64,5,0,0
BRDA:64,5,1,0
BRDA:85,6,0,0
BRDA:85,6,1,0
BRDA:99,7,0,0
BRDA:99,7,1,0
BRDA:119,8,0,0
BRDA:119,8,1,0
[...]
TN:
SF:src/modules/TagWithDialog.js
FN:5,(anonymous_0)
FN:9,(anonymous_1)
FNF:2
FNH:0
FNDA:0,(anonymous_0)
FNDA:0,(anonymous_1)
DA:5,0
DA:6,0
DA:9,0
DA:10,0
LF:4
LH:0
BRF:0
BRH:0
end_of_record
TN:
SF:src/routes/InventoryDetail.js
FN:47,(anonymous_0)
FN:54,(anonymous_1)
FN:65,(anonymous_2)
FN:73,(anonymous_3)
FN:82,(anonymous_4)
FN:88,(anonymous_5)
FN:107,(anonymous_6)
FN:117,(anonymous_7)
FN:119,(anonymous_8)
FN:121,(anonymous_9)
FN:127,(anonymous_10)
FN:136,(anonymous_11)
FN:156,(anonymous_12)
FN:163,(anonymous_13)
FN:165,(anonymous_14)
FN:180,(anonymous_15)
FN:185,(anonymous_16)
FN:205,(anonymous_17)
FNF:18
FNH:0
FNDA:0,(anonymous_0)
FNDA:0,(anonymous_1)
FNDA:0,(anonymous_2)
FNDA:0,(anonymous_3)
FNDA:0,(anonymous_4)
FNDA:0,(anonymous_5)
FNDA:0,(anonymous_6)
FNDA:0,(anonymous_7)
FNDA:0,(anonymous_8)
FNDA:0,(anonymous_9)
FNDA:0,(anonymous_10)
FNDA:0,(anonymous_11)
FNDA:0,(anonymous_12)
FNDA:0,(anonymous_13)
FNDA:0,(anonymous_14)
FNDA:0,(anonymous_15)
FNDA:0,(anonymous_16)
FNDA:0,(anonymous_17)
DA:27,0
DA:48,0
DA:55,0
DA:66,0
DA:74,0
DA:82,0
DA:88,0
DA:89,0
DA:107,0
DA:108,0
DA:109,0
DA:110,0
DA:111,0
DA:112,0
DA:113,0
DA:114,0
DA:115,0
DA:116,0
DA:117,0
DA:119,0
DA:120,0
DA:121,0
DA:123,0
DA:124,0
DA:125,0
DA:126,0
DA:127,0
DA:128,0
DA:130,0
DA:135,0
DA:137,0
DA:138,0
DA:140,0
DA:141,0
DA:144,0
DA:147,0
DA:150,0
DA:156,0
DA:157,0
DA:158,0
DA:160,0
DA:163,0
DA:164,0
DA:165,0
DA:166,0
DA:167,0
DA:171,0
DA:176,0
DA:177,0
DA:180,0
DA:181,0
DA:184,0
DA:186,0
DA:197,0
DA:206,0
DA:215,0
DA:244,0
DA:250,0
LF:58
LH:0
BRDA:95,0,0,0
BRDA:95,0,1,0
BRDA:97,1,0,0
BRDA:97,1,1,0
BRDA:121,2,0,0
BRDA:121,2,1,0
BRDA:130,3,0,0
BRDA:130,3,1,0
BRDA:135,4,0,0
BRDA:135,4,1,0
BRDA:137,5,0,0
BRDA:137,5,1,0
BRDA:137,6,0,0
BRDA:137,6,1,0
BRDA:140,7,0,0
BRDA:140,7,1,0
BRDA:152,8,0,0
BRDA:152,8,1,0
BRDA:160,9,0,0
BRDA:160,9,1,0
BRDA:164,10,0,0
BRDA:164,10,1,0
BRDA:176,11,0,0
BRDA:176,11,1,0
BRDA:197,12,0,0
BRDA:197,12,1,0
BRDA:197,13,0,0
BRDA:197,13,1,0
BRDA:202,14,0,0
BRDA:202,14,1,0
BRDA:202,14,2,0
BRF:31
BRH:0
end_of_record
TN:
SF:src/routes/InventoryGroupDetail.js
FNF:0
FNH:0
LF:0
LH:0
BRF:0
BRH:0
end_of_record
TN:
SF:src/routes/InventoryGroups.js
FN:12,(anonymous_0)
FN:16,(anonymous_1)
FNF:2
FNH:2
FNDA:2,(anonymous_0)
FNDA:2,(anonymous_1)
DA:12,1
DA:13,2
DA:14,2
DA:16,2
DA:17,2
DA:18,2
DA:23,2
LF:7
LH:7
BRDA:19,0,0,0
BRDA:19,0,1,2
BRDA:28,1,0,0
BRDA:28,1,1,2
BRF:4
BRH:2
end_of_record
TN:
SF:src/routes/InventoryHostStaleness.js
FN:15,(anonymous_0)
FN:22,(anonymous_1)
FNF:2
FNH:0
FNDA:0,(anonymous_0)
FNDA:0,(anonymous_1)
DA:13,0
DA:15,0
DA:16,0
DA:17,0
DA:22,0
DA:23,0
DA:26,0
DA:29,0
LF:8
LH:0
BRDA:34,0,0,0
BRDA:34,0,1,0
BRF:2
BRH:0
end_of_record
TN:
SF:src/routes/InventoryOrEdgeComponent.js
FN:11,(anonymous_0)
FN:19,(anonymous_1)
FN:21,(anonymous_2)
FNF:3
FNH:0
FNDA:0,(anonymous_0)
FNDA:0,(anonymous_1)
FNDA:0,(anonymous_2)
DA:11,0
DA:12,0
DA:13,0
DA:14,0
DA:15,0
DA:19,0
DA:20,0
DA:21,0
DA:22,0
DA:23,0
DA:24,0
DA:25,0
DA:26,0
DA:30,0
DA:34,0
DA:35,0
DA:36,0
DA:43,0
DA:51,0
LF:19
LH:0
BRDA:23,0,0,0
BRDA:23,0,1,0
BRDA:34,1,0,0
BRDA:34,1,1,0
BRDA:35,2,0,0
BRDA:35,2,1,0
BRF:6
BRH:0
end_of_record
TN:
SF:src/routes/InventoryOrEdgeGroupDetailsComponent.js
FN:11,(anonymous_0)
FN:19,(anonymous_1)
FN:21,(anonymous_2)
FNF:3
FNH:0
FNDA:0,(anonymous_0)
FNDA:0,(anonymous_1)
FNDA:0,(anonymous_2)
DA:11,0
DA:12,0
DA:13,0
DA:14,0
DA:15,0
DA:19,0
DA:20,0
DA:21,0
DA:22,0
DA:23,0
DA:24,0
DA:25,0
DA:26,0
DA:30,0
DA:34,0
DA:37,0
DA:38,0
DA:45,0
DA:53,0
LF:19
LH:0
BRDA:23,0,0,0
BRDA:23,0,1,0
BRDA:34,1,0,0
BRDA:34,1,1,0
BRDA:37,2,0,0
BRDA:37,2,1,0
BRF:6
BRH:0
end_of_record
TN:
SF:src/routes/InventoryPage.js
FN:7,(anonymous_0)
FNF:1
FNH:1
FNDA:3,(anonymous_0)
DA:7,1
DA:8,3
DA:12,3
LF:3
LH:3
BRF:0
BRH:0
end_of_record
TN:
SF:src/routes/SystemUpdate.js
FN:10,(anonymous_0)
FN:16,(anonymous_1)
FNF:2
FNH:0
FNDA:0,(anonymous_0)
FNDA:0,(anonymous_1)
DA:10,0
DA:11,0
DA:12,0
DA:13,0
DA:14,0
DA:16,0
DA:17,0
DA:21,0
DA:23,0
LF:9
LH:0
BRDA:18,0,0,0
BRDA:18,0,1,0
BRDA:23,1,0,0
BRDA:23,1,1,0
BRF:4
BRH:0
end_of_record
TN:
SF:src/routes/InventoryComponents/BifrostPage.js
FN:12,(anonymous_0)
FN:17,(anonymous_1)
FN:18,(anonymous_2)
FN:29,(anonymous_3)
FN:34,(anonymous_4)
FN:59,(anonymous_5)
FNF:6
FNH:6
FNDA:1,(anonymous_0)
FNDA:1,(anonymous_1)
FNDA:1,(anonymous_2)
FNDA:5,(anonymous_3)
FNDA:5,(anonymous_4)
FNDA:3,(anonymous_5)
DA:12,2
DA:13,1
DA:14,1
DA:15,1
DA:17,1
DA:18,1
DA:19,1
DA:20,1
DA:24,1
DA:28,1
DA:29,5
DA:32,1
DA:34,1
DA:35,5
DA:36,5
DA:37,3
DA:44,2
DA:47,5
DA:48,4
DA:52,4
DA:54,1
DA:58,1
DA:59,3
DA:70,1
DA:71,1
DA:74,1
DA:77,1
LF:27
LH:27
BRDA:36,0,0,3
BRDA:36,0,1,2
BRDA:47,1,0,4
BRDA:47,1,1,1
BRF:4
BRH:4
end_of_record
TN:
SF:src/routes/InventoryComponents/BifrostTable.js
FN:17,(anonymous_0)
FN:20,(anonymous_1)
FN:21,(anonymous_2)
FN:23,(anonymous_3)
FN:30,(anonymous_4)
FN:39,(anonymous_5)
FN:51,(anonymous_6)
FN:59,(anonymous_7)
FN:67,(anonymous_8)
FN:96,(anonymous_9)
FNF:10
FNH:10
FNDA:6,(anonymous_0)
FNDA:2,(anonymous_1)
FNDA:2,(anonymous_2)
FNDA:1,(anonymous_3)
FNDA:26,(anonymous_4)
FNDA:12,(anonymous_5)
FNDA:12,(anonymous_6)
FNDA:2,(anonymous_7)
FNDA:36,(anonymous_8)
FNDA:6,(anonymous_9)
DA:17,3
DA:18,6
DA:20,6
DA:21,2
DA:22,2
DA:23,1
DA:25,2
DA:30,26
DA:32,6
DA:40,12
DA:52,12
DA:60,2
DA:68,36
DA:96,6
DA:105,3
LF:15
LH:15
BRDA:20,0,0,0
BRDA:25,1,0,1
BRDA:25,1,1,1
BRDA:34,2,0,4
BRDA:34,2,1,2
BRDA:54,3,0,12
BRDA:54,3,1,0
BRDA:75,4,0,12
BRDA:75,4,1,0
BRF:9
BRH:6
end_of_record
TN:
SF:src/routes/InventoryComponents/BifrostTableColumns.js
FNF:0
FNH:0
DA:1,5
DA:7,5
DA:13,5
DA:20,5
DA:26,5
DA:33,5
DA:39,5
LF:7
LH:7
BRF:0
BRH:0
end_of_record
TN:
SF:src/routes/InventoryComponents/BifrostTableRows.js
FN:5,(anonymous_0)
FNF:1
FNH:1
FNDA:77,(anonymous_0)
DA:5,5
DA:6,77
DA:17,5
LF:3
LH:3
BRF:0
BRH:0
end_of_record
TN:
SF:src/routes/InventoryComponents/HybridInventory.js
FN:11,(anonymous_0)
FN:16,(anonymous_1)
FN:20,(anonymous_2)
FN:31,(anonymous_3)
FN:34,(anonymous_4)
FNF:5
FNH:0
FNDA:0,(anonymous_0)
FNDA:0,(anonymous_1)
FNDA:0,(anonymous_2)
FNDA:0,(anonymous_3)
FNDA:0,(anonymous_4)
DA:11,1
DA:12,0
DA:16,1
DA:17,0
DA:20,1
DA:21,0
DA:31,1
DA:32,0
DA:33,0
DA:34,0
DA:37,0
DA:38,0
DA:40,0
DA:41,0
DA:61,1
DA:65,1
DA:68,1
LF:17
LH:7
BRF:0
BRH:0
end_of_record
TN:
SF:src/routes/InventoryComponents/InventoryPageContents.js
FNF:0
FNH:0
DA:4,2
LF:1
LH:1
BRF:0
BRH:0
end_of_record
TN:
SF:src/routes/InventoryComponents/InventoryPageHeader.js
FN:25,(anonymous_0)
FN:38,(anonymous_1)
FN:45,(anonymous_2)
FN:49,(anonymous_3)
FN:56,(anonymous_4)
FN:63,(anonymous_5)
FNF:6
FNH:6
FNDA:6,(anonymous_0)
FNDA:6,(anonymous_1)
FNDA:1,(anonymous_2)
FNDA:6,(anonymous_3)
FNDA:2,(anonymous_4)
FNDA:7,(anonymous_5)
DA:25,2
DA:26,6
DA:38,6
DA:45,1
DA:49,6
DA:56,2
DA:63,2
DA:64,7
DA:65,7
DA:66,7
DA:84,2
LF:11
LH:11
BRDA:76,0,0,7
BRDA:76,0,1,7
BRDA:76,0,2,6
BRF:3
BRH:3
end_of_record
TN:
SF:src/routes/InventoryComponents/InventoryPopover.js
FN:16,(anonymous_0)
FNF:1
FNH:1
FNDA:7,(anonymous_0)
DA:16,2
DA:17,7
LF:2
LH:2
BRF:0
BRH:0
end_of_record
TN:
SF:src/routes/InventoryComponents/NestedHashTable.js
FN:7,(anonymous_0)
FN:12,(anonymous_1)
FN:22,(anonymous_2)
FN:24,(anonymous_3)
FNF:4
FNH:4
FNDA:13,(anonymous_0)
FNDA:26,(anonymous_1)
FNDA:18,(anonymous_2)
FNDA:36,(anonymous_3)
DA:7,4
DA:8,13
DA:13,26
DA:23,18
DA:25,36
DA:38,4
LF:6
LH:6
BRF:0
BRH:0
end_of_record
TN:
SF:src/store/action-types.js
FN:3,(anonymous_0)
FN:5,(anonymous_1)
FN:49,(anonymous_2)
FNF:3
FNH:3
FNDA:172,(anonymous_0)
FNDA:1376,(anonymous_1)
FNDA:129,(anonymous_2)
DA:3,43
DA:4,172
DA:5,1376
DA:16,43
DA:18,43
DA:27,43
DA:41,43
DA:48,43
DA:49,129
DA:53,43
DA:54,43
DA:57,43
DA:58,43
DA:59,43
DA:60,43
DA:61,43
DA:62,43
DA:63,43
DA:65,43
DA:66,43
DA:67,43
DA:68,43
DA:69,43
DA:70,43
DA:71,43
DA:72,43
DA:73,43
DA:74,43
DA:75,43
LF:29
LH:29
BRF:0
BRH:0
end_of_record
TN:
SF:src/store/actions.js
FN:15,(anonymous_0)
FN:31,(anonymous_1)
FN:38,(anonymous_2)
FN:44,(anonymous_3)
FN:61,(anonymous_4)
FN:69,(anonymous_5)
FN:77,(anonymous_6)
FN:82,(anonymous_7)
FN:99,(anonymous_8)
FN:104,(anonymous_9)
FNF:10
FNH:7
FNDA:1,(anonymous_0)
FNDA:1,(anonymous_1)
FNDA:4,(anonymous_2)
FNDA:1,(anonymous_3)
FNDA:0,(anonymous_4)
FNDA:0,(anonymous_5)
FNDA:21,(anonymous_6)
FNDA:1,(anonymous_7)
FNDA:4,(anonymous_8)
FNDA:0,(anonymous_9)
DA:15,36
DA:31,36
DA:38,36
DA:39,4
DA:44,36
DA:61,36
DA:69,36
DA:77,36
DA:82,36
DA:99,36
DA:104,36
LF:11
LH:11
BRF:0
BRH:0
end_of_record
TN:
SF:src/store/entities.js
FN:41,(anonymous_0)
FN:46,(anonymous_1)
FN:56,(anonymous_2)
FN:71,(anonymous_3)
FN:85,(anonymous_4)
FN:97,(anonymous_5)
FN:112,(anonymous_6)
FN:141,entitiesPending
FN:148,(anonymous_8)
FN:162,clearFilters
FN:169,(anonymous_10)
FN:174,entitiesLoaded
FN:209,(anonymous_12)
FN:220,loadingRejected
FN:227,selectEntity
FN:231,(anonymous_15)
FN:241,(anonymous_16)
FN:242,(anonymous_17)
FN:246,(anonymous_18)
FN:255,changeSort
FN:265,selectFilter
FN:277,(anonymous_21)
FN:279,(anonymous_22)
FN:283,(anonymous_23)
FN:287,(anonymous_24)
FN:289,(anonymous_25)
FN:302,showTags
FN:304,(anonymous_27)
FN:320,showTagsPending
FN:322,(anonymous_29)
FN:335,toggleTagModalReducer
FN:343,allTags
FN:358,(anonymous_32)
FN:359,(anonymous_33)
FN:376,(anonymous_34)
FN:389,(anonymous_35)
FN:400,(anonymous_36)
FN:406,(anonymous_37)
FNF:38
FNH:7
FNDA:60,(anonymous_0)
FNDA:302,(anonymous_1)
FNDA:306,(anonymous_2)
FNDA:3,(anonymous_3)
FNDA:306,(anonymous_4)
FNDA:306,(anonymous_5)
FNDA:306,(anonymous_6)
FNDA:0,entitiesPending
FNDA:0,(anonymous_8)
FNDA:0,clearFilters
FNDA:0,(anonymous_10)
FNDA:0,entitiesLoaded
FNDA:0,(anonymous_12)
FNDA:0,loadingRejected
FNDA:0,selectEntity
FNDA:0,(anonymous_15)
FNDA:0,(anonymous_16)
FNDA:0,(anonymous_17)
FNDA:0,(anonymous_18)
FNDA:0,changeSort
FNDA:0,selectFilter
FNDA:0,(anonymous_21)
FNDA:0,(anonymous_22)
FNDA:0,(anonymous_23)
FNDA:0,(anonymous_24)
FNDA:0,(anonymous_25)
FNDA:0,showTags
FNDA:0,(anonymous_27)
FNDA:0,showTagsPending
FNDA:0,(anonymous_29)
FNDA:0,toggleTagModalReducer
FNDA:0,allTags
FNDA:0,(anonymous_32)
FNDA:0,(anonymous_33)
FNDA:0,(anonymous_34)
FNDA:0,(anonymous_35)
FNDA:0,(anonymous_36)
FNDA:0,(anonymous_37)
DA:29,10
DA:41,60
DA:47,302
DA:57,306
DA:72,3
DA:86,306
DA:107,306
DA:113,306
DA:142,0
DA:148,0
DA:163,0
DA:169,10
DA:170,0
DA:191,0
DA:192,0
DA:196,0
DA:197,0
DA:200,0
DA:201,0
DA:204,0
DA:210,0
DA:221,0
DA:228,0
DA:229,0
DA:230,0
DA:231,0
DA:232,0
DA:238,0
DA:241,0
DA:242,0
DA:243,0
DA:244,0
DA:246,0
DA:249,0
DA:256,0
DA:274,0
DA:275,0
DA:276,0
DA:277,0
DA:278,0
DA:279,0
DA:282,0
DA:283,0
DA:286,0
DA:287,0
DA:288,0
DA:289,0
DA:296,0
DA:303,0
DA:304,0
DA:306,0
DA:321,0
DA:322,0
DA:324,0
DA:336,0
DA:351,0
DA:352,0
DA:355,0
DA:358,0
DA:359,0
DA:376,0
DA:390,0
DA:400,0
DA:406,0
LF:64
LH:9
BRDA:53,0,0,1
BRDA:53,0,1,59
BRDA:57,1,0,195
BRDA:57,1,1,111
BRDA:59,2,0,0
BRDA:59,2,1,195
BRDA:107,3,0,306
BRDA:107,3,1,0
BRDA:123,4,0,306
BRDA:123,4,1,1
BRDA:144,5,0,0
BRDA:144,5,1,0
BRDA:144,5,2,0
BRDA:148,6,0,0
BRDA:148,6,1,0
BRDA:191,7,0,0
BRDA:191,7,1,0
BRDA:196,8,0,0
BRDA:196,8,1,0
BRDA:196,9,0,0
BRDA:196,9,1,0
BRDA:196,9,2,0
BRDA:200,10,0,0
BRDA:200,10,1,0
BRDA:206,11,0,0
BRDA:206,11,1,0
BRDA:207,12,0,0
BRDA:207,12,1,0
BRDA:210,13,0,0
BRDA:210,13,1,0
BRDA:212,14,0,0
BRDA:212,14,1,0
BRDA:213,15,0,0
BRDA:213,15,1,0
BRDA:214,16,0,0
BRDA:214,16,1,0
BRDA:215,17,0,0
BRDA:215,17,1,0
BRDA:216,18,0,0
BRDA:216,18,1,0
BRDA:230,19,0,0
BRDA:230,19,1,0
BRDA:243,20,0,0
BRDA:243,20,1,0
BRDA:274,21,0,0
BRDA:275,22,0,0
BRDA:275,22,1,0
BRDA:276,23,0,0
BRDA:276,23,1,0
BRDA:286,24,0,0
BRDA:286,24,1,0
BRDA:303,25,0,0
BRDA:303,25,1,0
BRDA:305,26,0,0
BRDA:305,26,1,0
BRDA:321,27,0,0
BRDA:321,27,1,0
BRDA:323,28,0,0
BRDA:323,28,1,0
BRDA:351,29,0,0
BRDA:351,29,1,0
BRDA:367,30,0,0
BRDA:367,30,1,0
BRF:63
BRH:8
end_of_record
TN:
SF:src/store/entityDetails.js
FN:6,entityDetailPending
FN:13,entityDetailLoaded
FN:21,toggleDrawer
FN:28,showTagsPending
FN:35,updateAnsibleName
FN:40,(anonymous_5)
FN:60,updateEntity
FN:65,(anonymous_7)
FN:86,(anonymous_8)
FN:96,(anonymous_9)
FN:98,(anonymous_10)
FNF:11
FNH:0
FNDA:0,entityDetailPending
FNDA:0,entityDetailLoaded
FNDA:0,toggleDrawer
FNDA:0,showTagsPending
FNDA:0,updateAnsibleName
FNDA:0,(anonymous_5)
FNDA:0,updateEntity
FNDA:0,(anonymous_7)
FNDA:0,(anonymous_8)
FNDA:0,(anonymous_9)
FNDA:0,(anonymous_10)
DA:4,6
DA:7,0
DA:14,0
DA:22,0
DA:29,0
DA:36,0
DA:37,0
DA:41,0
DA:61,0
DA:62,0
DA:66,0
DA:86,0
DA:97,0
DA:99,0
LF:14
LH:1
BRDA:36,0,0,0
BRDA:36,0,1,0
BRDA:39,1,0,0
BRDA:39,1,1,0
BRDA:41,2,0,0
BRDA:41,2,1,0
BRDA:50,3,0,0
BRDA:50,3,1,0
BRDA:61,4,0,0
BRDA:61,4,1,0
BRDA:64,5,0,0
BRDA:64,5,1,0
BRDA:66,6,0,0
BRDA:66,6,1,0
BRDA:75,7,0,0
BRDA:75,7,1,0
BRF:16
BRH:0
end_of_record
TN:
SF:src/store/groupDetail.js
FN:15,(anonymous_0)
FN:22,(anonymous_1)
FN:32,(anonymous_2)
FN:42,(anonymous_3)
FNF:4
FNH:2
FNDA:1,(anonymous_0)
FNDA:0,(anonymous_1)
FNDA:0,(anonymous_2)
FNDA:1,(anonymous_3)
DA:4,6
DA:16,1
DA:23,0
DA:33,0
DA:43,1
LF:5
LH:3
BRF:0
BRH:0
end_of_record
TN:
SF:src/store/groups.js
FN:15,(anonymous_0)
FN:22,(anonymous_1)
FN:32,(anonymous_2)
FNF:3
FNH:0
FNDA:0,(anonymous_0)
FNDA:0,(anonymous_1)
FNDA:0,(anonymous_2)
DA:4,6
DA:16,0
DA:23,0
DA:33,0
LF:4
LH:1
BRF:0
BRH:0
end_of_record
TN:
SF:src/store/index.js
FN:35,(anonymous_0)
FN:56,(anonymous_1)
FN:62,addNewListener
FNF:3
FNH:1
FNDA:10,(anonymous_0)
FNDA:0,(anonymous_1)
FNDA:0,addNewListener
DA:25,5
DA:31,5
DA:35,5
DA:36,10
DA:37,10
DA:56,5
DA:57,0
DA:63,0
LF:8
LH:6
BRDA:31,0,0,0
BRDA:31,0,1,5
BRDA:32,1,0,0
BRDA:32,1,1,0
BRDA:56,2,0,0
BRF:5
BRH:1
end_of_record
TN:
SF:src/store/inventory-actions.js
FN:28,(anonymous_0)
FN:36,(anonymous_1)
FN:44,(anonymous_2)
FN:86,(anonymous_3)
FN:92,(anonymous_4)
FN:94,(anonymous_5)
FN:103,(anonymous_6)
FN:116,(anonymous_7)
FN:123,(anonymous_8)
FN:128,(anonymous_9)
FN:136,(anonymous_10)
FN:141,(anonymous_11)
FN:146,(anonymous_12)
FN:151,(anonymous_13)
FN:156,(anonymous_14)
FN:160,(anonymous_15)
FN:165,(anonymous_16)
FN:179,(anonymous_17)
FN:193,(anonymous_18)
FN:202,(anonymous_19)
FN:207,(anonymous_20)
FN:217,(anonymous_21)
FN:225,(anonymous_22)
FN:230,(anonymous_23)
FN:235,(anonymous_24)
FN:251,(anonymous_25)
FN:256,(anonymous_26)
FN:264,(anonymous_27)
FN:271,(anonymous_28)
FNF:29
FNH:17
FNDA:31,(anonymous_0)
FNDA:8,(anonymous_1)
FNDA:135,(anonymous_2)
FNDA:1,(anonymous_3)
FNDA:0,(anonymous_4)
FNDA:0,(anonymous_5)
FNDA:0,(anonymous_6)
FNDA:0,(anonymous_7)
FNDA:0,(anonymous_8)
FNDA:9,(anonymous_9)
FNDA:4,(anonymous_10)
FNDA:6,(anonymous_11)
FNDA:0,(anonymous_12)
FNDA:1,(anonymous_13)
FNDA:1,(anonymous_14)
FNDA:0,(anonymous_15)
FNDA:0,(anonymous_16)
FNDA:0,(anonymous_17)
FNDA:0,(anonymous_18)
FNDA:3,(anonymous_19)
FNDA:27,(anonymous_20)
FNDA:1,(anonymous_21)
FNDA:1,(anonymous_22)
FNDA:0,(anonymous_23)
FNDA:0,(anonymous_24)
FNDA:1,(anonymous_25)
FNDA:4,(anonymous_26)
FNDA:4,(anonymous_27)
FNDA:1,(anonymous_28)
DA:28,40
DA:34,31
DA:36,8
DA:44,31
DA:45,135
DA:48,31
DA:68,31
DA:69,31
DA:71,31
DA:73,31
DA:86,1
DA:92,0
DA:94,0
DA:105,0
DA:106,0
DA:116,40
DA:123,40
DA:128,40
DA:136,40
DA:141,40
DA:146,40
DA:151,40
DA:156,40
DA:160,40
DA:165,40
DA:179,40
DA:193,40
DA:202,40
DA:207,40
DA:211,27
DA:217,40
DA:225,40
DA:230,40
DA:235,40
DA:251,40
DA:256,40
DA:257,4
DA:264,40
DA:265,4
DA:271,40
DA:272,1
LF:41
LH:37
BRDA:29,0,0,27
BRDA:31,1,0,0
BRDA:32,2,0,31
BRDA:38,3,0,0
BRDA:38,3,1,8
BRDA:38,4,0,8
BRDA:38,4,1,8
BRDA:45,5,0,135
BRDA:45,5,1,135
BRDA:45,5,2,0
BRDA:48,6,0,20
BRDA:48,6,1,11
BRDA:50,7,0,20
BRDA:50,7,1,0
BRDA:51,8,0,20
BRDA:51,8,1,0
BRDA:52,9,0,20
BRDA:52,9,1,0
BRDA:55,10,0,20
BRDA:55,10,1,0
BRDA:56,11,0,20
BRDA:56,11,1,0
BRDA:59,12,0,11
BRDA:59,12,1,0
BRDA:60,13,0,11
BRDA:60,13,1,0
BRDA:61,14,0,11
BRDA:61,14,1,0
BRDA:64,15,0,11
BRDA:64,15,1,0
BRDA:65,16,0,11
BRDA:65,16,1,0
BRDA:68,17,0,31
BRDA:68,17,1,0
BRDA:69,18,0,31
BRDA:69,18,1,0
BRDA:91,19,0,0
BRDA:91,19,1,1
BRDA:93,20,0,0
BRDA:93,20,1,0
BRDA:94,21,0,0
BRDA:94,21,1,0
BRDA:94,22,0,0
BRDA:94,22,1,0
BRDA:98,23,0,1
BRDA:98,23,1,0
BRDA:100,24,0,1
BRDA:100,24,1,0
BRDA:116,25,0,0
BRDA:151,26,0,1
BRDA:210,27,0,27
BRDA:230,28,0,0
BRF:52
BRH:26
end_of_record
TN:
SF:src/store/reducers.js
FN:25,entitiesLoaded
FN:33,entityLoaded
FN:40,entitySelected
FN:44,(anonymous_3)
FN:48,(anonymous_4)
FN:51,(anonymous_5)
FN:56,(anonymous_6)
FN:70,entityDeleted
FN:72,(anonymous_8)
FN:80,onEntitiesLoaded
FN:93,(anonymous_10)
FN:103,onSetFilter
FN:110,onSetPagination
FN:121,onSetSort
FN:141,(anonymous_14)
FN:150,(anonymous_15)
FN:158,mergeWithEntities
FN:159,(anonymous_17)
FN:163,(anonymous_18)
FN:179,mergeWithDetail
FN:180,(anonymous_20)
FN:184,(anonymous_21)
FNF:22
FNH:7
FNDA:0,entitiesLoaded
FNDA:0,entityLoaded
FNDA:0,entitySelected
FNDA:0,(anonymous_3)
FNDA:0,(anonymous_4)
FNDA:0,(anonymous_5)
FNDA:0,(anonymous_6)
FNDA:0,entityDeleted
FNDA:0,(anonymous_8)
FNDA:3,onEntitiesLoaded
FNDA:2,(anonymous_10)
FNDA:0,onSetFilter
FNDA:0,onSetPagination
FNDA:0,onSetSort
FNDA:0,(anonymous_14)
FNDA:6,(anonymous_15)
FNDA:5,mergeWithEntities
FNDA:0,(anonymous_17)
FNDA:32,(anonymous_18)
FNDA:5,mergeWithDetail
FNDA:0,(anonymous_20)
FNDA:32,(anonymous_21)
DA:23,6
DA:26,0
DA:34,0
DA:41,0
DA:42,0
DA:43,0
DA:44,0
DA:45,0
DA:47,0
DA:48,0
DA:51,0
DA:52,0
DA:55,0
DA:56,0
DA:57,0
DA:58,0
DA:60,0
DA:64,0
DA:71,0
DA:72,0
DA:74,0
DA:81,3
DA:82,1
DA:85,2
DA:86,0
DA:89,2
DA:94,2
DA:104,0
DA:111,0
DA:112,0
DA:114,0
DA:122,0
DA:128,6
DA:135,6
DA:141,0
DA:150,6
DA:151,6
DA:159,0
DA:162,5
DA:163,32
DA:180,0
DA:183,5
DA:184,32
LF:43
LH:14
BRDA:41,0,0,0
BRDA:41,0,1,0
BRDA:42,1,0,0
BRDA:42,1,1,0
BRDA:43,2,0,0
BRDA:43,2,1,0
BRDA:47,3,0,0
BRDA:47,3,1,0
BRDA:51,4,0,0
BRDA:51,4,1,0
BRDA:52,5,0,0
BRDA:52,5,1,0
BRDA:55,6,0,0
BRDA:55,6,1,0
BRDA:57,7,0,0
BRDA:57,7,1,0
BRDA:71,8,0,0
BRDA:71,8,1,0
BRDA:81,9,0,1
BRDA:81,9,1,2
BRDA:85,10,0,0
BRDA:85,10,1,2
BRDA:96,11,0,2
BRDA:96,11,1,0
BRDA:116,12,0,0
BRDA:116,12,1,0
BRDA:117,13,0,0
BRDA:117,13,1,0
BRDA:124,14,0,0
BRDA:124,14,1,0
BRDA:159,15,0,0
BRDA:160,16,0,5
BRDA:180,17,0,0
BRDA:181,18,0,5
BRF:34
BRH:6
end_of_record
TN:
SF:src/store/redux.js
FNF:0
FNH:0
LF:0
LH:0
BRF:0
BRH:0
end_of_record
TN:
SF:src/store/registeryContext.js
FN:4,(anonymous_0)
FNF:1
FNH:0
FNDA:0,(anonymous_0)
DA:3,0
LF:1
LH:0
BRF:0
BRH:0
end_of_record
TN:
SF:src/store/system-issues-actions.js
FN:4,(anonymous_0)
FN:9,(anonymous_1)
FN:14,(anonymous_2)
FN:19,(anonymous_3)
FNF:4
FNH:4
FNDA:14,(anonymous_0)
FNDA:14,(anonymous_1)
FNDA:14,(anonymous_2)
FNDA:14,(anonymous_3)
DA:4,36
DA:9,36
DA:14,36
DA:19,36
LF:4
LH:4
BRF:0
BRH:0
end_of_record
TN:
SF:src/store/systemIssues.js
FN:4,advisor
FN:11,(anonymous_1)
FN:17,cve
FN:41,patch
FN:62,compliance
FN:75,isPending
FN:86,(anonymous_6)
FN:88,(anonymous_7)
FN:90,(anonymous_8)
FN:92,(anonymous_9)
FNF:10
FNH:10
FNDA:2,advisor
FNDA:1,(anonymous_1)
FNDA:2,cve
FNDA:2,patch
FNDA:2,compliance
FNDA:5,isPending
FNDA:1,(anonymous_6)
FNDA:1,(anonymous_7)
FNDA:1,(anonymous_8)
FNDA:1,(anonymous_9)
DA:5,2
DA:11,1
DA:18,2
DA:42,2
DA:63,2
DA:76,5
DA:87,1
DA:89,1
DA:91,1
DA:93,1
LF:10
LH:10
BRDA:25,0,0,2
BRDA:25,0,1,1
BRDA:28,1,0,2
BRDA:28,1,1,1
BRDA:31,2,0,2
BRDA:31,2,1,1
BRDA:34,3,0,2
BRDA:34,3,1,1
BRDA:49,4,0,2
BRDA:49,4,1,1
BRDA:52,5,0,2
BRDA:52,5,1,1
BRDA:55,6,0,2
BRDA:55,6,1,1
BRDA:80,7,0,5
BRDA:80,7,1,4
BRF:16
BRH:16
end_of_record
TN:
SF:src/store/systemProfileStore.js
FN:9,(anonymous_0)
FN:20,systemProfilePending
FN:29,calculateRepos
FN:33,(anonymous_3)
FN:48,calculateInterfaces
FN:52,(anonymous_5)
FN:62,onSystemProfile
FNF:7
FNH:7
FNDA:13,(anonymous_0)
FNDA:2,systemProfilePending
FNDA:3,calculateRepos
FNDA:4,(anonymous_3)
FNDA:3,calculateInterfaces
FNDA:4,(anonymous_5)
FNDA:2,onSystemProfile
DA:4,7
DA:6,7
DA:9,7
DA:10,13
DA:11,3
DA:14,10
DA:15,10
DA:21,2
DA:30,3
DA:33,4
DA:49,3
DA:52,4
DA:64,2
DA:66,2
DA:70,2
LF:15
LH:15
BRDA:10,0,0,3
BRDA:10,0,1,10
BRDA:10,1,0,13
BRDA:10,1,1,12
BRDA:31,2,0,3
BRDA:31,2,1,2
BRDA:35,3,0,2
BRDA:35,3,1,2
BRDA:35,4,0,4
BRDA:35,4,1,3
BRDA:50,5,0,3
BRDA:50,5,1,2
BRDA:54,6,0,4
BRDA:54,6,1,1
BRDA:55,7,0,4
BRDA:55,7,1,1
BRDA:64,8,0,2
BRDA:64,8,1,1
BRDA:64,8,2,1
BRDA:64,8,3,1
BRDA:66,9,0,2
BRDA:66,9,1,1
BRDA:66,9,2,1
BRDA:66,9,3,0
BRDA:73,10,0,0
BRDA:73,10,1,2
BRDA:73,11,0,2
BRDA:73,11,1,2
BRDA:81,12,0,2
BRDA:81,12,1,1
BRF:30
BRH:28
end_of_record
