<?xml version="1.0" encoding="UTF-8"?>
<coverage generated="1738253244244" clover="3.2.0">
  <project timestamp="1738253244244" name="All files">
    <metrics statements="3019" coveredstatements="2075" conditionals="2628" coveredconditionals="1478" methods="1136" coveredmethods="638" elements="6783" coveredelements="4191" complexity="0" loc="3019" ncloc="3019" packages="47" files="166" classes="166"/>
    <package name="src">
      <metrics statements="89" coveredstatements="49" conditionals="66" coveredconditionals="4" methods="21" coveredmethods="6"/>
      <file name="ApplicationTab.js" path="/Users/acelakov/redhat/insights-inventory-frontend/src/ApplicationTab.js">
        <metrics statements="6" coveredstatements="2" conditionals="5" coveredconditionals="0" methods="1" coveredmethods="0"/>
        <line num="14" count="8" type="stmt"/>
        <line num="15" count="0" type="stmt"/>
        <line num="21" count="0" type="stmt"/>
        <line num="29" count="0" type="stmt"/>
        <line num="31" count="0" type="cond" truecount="0" falsecount="5"/>
        <line num="49" count="8" type="stmt"/>
      </file>
      <file name="Contexts.js" path="/Users/acelakov/redhat/insights-inventory-frontend/src/Contexts.js">
        <metrics statements="1" coveredstatements="1" conditionals="0" coveredconditionals="0" methods="0" coveredmethods="0"/>
        <line num="3" count="96" type="stmt"/>
      </file>
      <file name="constants.js" path="/Users/acelakov/redhat/insights-inventory-frontend/src/constants.js">
        <metrics statements="82" coveredstatements="46" conditionals="61" coveredconditionals="4" methods="20" coveredmethods="6"/>
        <line num="8" count="245" type="stmt"/>
        <line num="9" count="0" type="stmt"/>
        <line num="10" count="0" type="cond" truecount="0" falsecount="2"/>
        <line num="11" count="0" type="stmt"/>
        <line num="12" count="0" type="stmt"/>
        <line num="15" count="0" type="cond" truecount="0" falsecount="1"/>
        <line num="16" count="0" type="stmt"/>
        <line num="17" count="0" type="cond" truecount="0" falsecount="2"/>
        <line num="23" count="0" type="stmt"/>
        <line num="34" count="0" type="cond" truecount="0" falsecount="2"/>
        <line num="35" count="0" type="stmt"/>
        <line num="38" count="0" type="stmt"/>
        <line num="41" count="245" type="cond" truecount="0" falsecount="2"/>
        <line num="42" count="0" type="stmt"/>
        <line num="47" count="245" type="stmt"/>
        <line num="48" count="70" type="cond" truecount="2" falsecount="0"/>
        <line num="51" count="245" type="cond" truecount="0" falsecount="2"/>
        <line num="52" count="0" type="stmt"/>
        <line num="54" count="0" type="cond" truecount="0" falsecount="2"/>
        <line num="57" count="0" type="cond" truecount="0" falsecount="3"/>
        <line num="58" count="0" type="stmt"/>
        <line num="69" count="245" type="stmt"/>
        <line num="73" count="0" type="cond" truecount="0" falsecount="1"/>
        <line num="75" count="0" type="stmt"/>
        <line num="76" count="0" type="cond" truecount="0" falsecount="2"/>
        <line num="78" count="0" type="cond" truecount="0" falsecount="3"/>
        <line num="79" count="0" type="stmt"/>
        <line num="86" count="0" type="stmt"/>
        <line num="93" count="245" type="stmt"/>
        <line num="98" count="0" type="cond" truecount="0" falsecount="2"/>
        <line num="99" count="0" type="stmt"/>
        <line num="101" count="0" type="stmt"/>
        <line num="103" count="0" type="cond" truecount="0" falsecount="3"/>
        <line num="106" count="0" type="stmt"/>
        <line num="109" count="0" type="cond" truecount="0" falsecount="6"/>
        <line num="120" count="0" type="stmt"/>
        <line num="127" count="245" type="stmt"/>
        <line num="135" count="245" type="stmt"/>
        <line num="136" count="2651" type="stmt"/>
        <line num="137" count="2651" type="stmt"/>
        <line num="138" count="2651" type="stmt"/>
        <line num="139" count="2651" type="stmt"/>
        <line num="143" count="2651" type="stmt"/>
        <line num="146" count="0" type="cond" truecount="0" falsecount="2"/>
        <line num="147" count="0" type="stmt"/>
        <line num="148" count="0" type="stmt"/>
        <line num="149" count="0" type="stmt"/>
        <line num="150" count="0" type="stmt"/>
        <line num="151" count="0" type="stmt"/>
        <line num="153" count="0" type="stmt"/>
        <line num="163" count="2651" type="stmt"/>
        <line num="164" count="2651" type="stmt"/>
        <line num="165" count="2651" type="stmt"/>
        <line num="166" count="2651" type="stmt"/>
        <line num="167" count="2651" type="stmt"/>
        <line num="168" count="2651" type="stmt"/>
        <line num="169" count="2651" type="stmt"/>
        <line num="170" count="2651" type="stmt"/>
        <line num="175" count="2651" type="stmt"/>
        <line num="192" count="245" type="stmt"/>
        <line num="194" count="717" type="stmt"/>
        <line num="209" count="762179" type="stmt"/>
        <line num="224" count="55468" type="stmt"/>
        <line num="237" count="315" type="stmt"/>
        <line num="253" count="245" type="stmt"/>
        <line num="255" count="245" type="stmt"/>
        <line num="257" count="245" type="stmt"/>
        <line num="259" count="245" type="stmt"/>
        <line num="261" count="245" type="stmt"/>
        <line num="263" count="245" type="stmt"/>
        <line num="265" count="245" type="stmt"/>
        <line num="266" count="245" type="stmt"/>
        <line num="267" count="245" type="stmt"/>
        <line num="268" count="245" type="stmt"/>
        <line num="269" count="245" type="stmt"/>
        <line num="270" count="245" type="stmt"/>
        <line num="271" count="245" type="stmt"/>
        <line num="275" count="245" type="stmt"/>
        <line num="276" count="245" type="stmt"/>
        <line num="277" count="245" type="stmt"/>
        <line num="278" count="245" type="stmt"/>
        <line num="280" count="245" type="stmt"/>
      </file>
    </package>
    <package name="src.Utilities">
      <metrics statements="231" coveredstatements="166" conditionals="170" coveredconditionals="94" methods="80" coveredmethods="39"/>
      <file name="AccessDenied.js" path="/Users/acelakov/redhat/insights-inventory-frontend/src/Utilities/AccessDenied.js">
        <metrics statements="4" coveredstatements="4" conditionals="0" coveredconditionals="0" methods="1" coveredmethods="1"/>
        <line num="6" count="152" type="stmt"/>
        <line num="7" count="118" type="stmt"/>
        <line num="15" count="152" type="stmt"/>
        <line num="21" count="152" type="stmt"/>
      </file>
      <file name="ChromeLoader.js" path="/Users/acelakov/redhat/insights-inventory-frontend/src/Utilities/ChromeLoader.js">
        <metrics statements="7" coveredstatements="6" conditionals="2" coveredconditionals="1" methods="2" coveredmethods="2"/>
        <line num="5" count="13" type="stmt"/>
        <line num="6" count="6" type="stmt"/>
        <line num="8" count="6" type="stmt"/>
        <line num="11" count="6" type="cond" truecount="1" falsecount="1"/>
        <line num="12" count="6" type="stmt"/>
        <line num="15" count="0" type="stmt"/>
        <line num="21" count="13" type="stmt"/>
      </file>
      <file name="DeleteModal.js" path="/Users/acelakov/redhat/insights-inventory-frontend/src/Utilities/DeleteModal.js">
        <metrics statements="14" coveredstatements="10" conditionals="8" coveredconditionals="8" methods="5" coveredmethods="1"/>
        <line num="17" count="245" type="stmt"/>
        <line num="24" count="4758" type="stmt"/>
        <line num="25" count="4758" type="cond" truecount="2" falsecount="0"/>
        <line num="26" count="512" type="stmt"/>
        <line num="30" count="512" type="cond" truecount="2" falsecount="0"/>
        <line num="32" count="4246" type="stmt"/>
        <line num="35" count="4758" type="stmt"/>
        <line num="42" count="0" type="stmt"/>
        <line num="83" count="0" type="stmt"/>
        <line num="93" count="245" type="stmt"/>
        <line num="98" count="245" type="stmt"/>
        <line num="108" count="245" type="stmt"/>
        <line num="111" count="0" type="stmt"/>
        <line num="112" count="0" type="stmt"/>
      </file>
      <file name="InsightsDisconnected.js" path="/Users/acelakov/redhat/insights-inventory-frontend/src/Utilities/InsightsDisconnected.js">
        <metrics statements="2" coveredstatements="2" conditionals="0" coveredconditionals="0" methods="1" coveredmethods="1"/>
        <line num="8" count="245" type="stmt"/>
        <line num="9" count="80807" type="stmt"/>
      </file>
      <file name="OperatingSystemFormatter.js" path="/Users/acelakov/redhat/insights-inventory-frontend/src/Utilities/OperatingSystemFormatter.js">
        <metrics statements="6" coveredstatements="6" conditionals="10" coveredconditionals="9" methods="1" coveredmethods="1"/>
        <line num="4" count="245" type="stmt"/>
        <line num="5" count="80842" type="cond" truecount="2" falsecount="0"/>
        <line num="10" count="35" type="cond" truecount="3" falsecount="1"/>
        <line num="15" count="35" type="stmt"/>
        <line num="22" count="80807" type="stmt"/>
        <line num="29" count="245" type="stmt"/>
      </file>
      <file name="TagWithDialog.js" path="/Users/acelakov/redhat/insights-inventory-frontend/src/Utilities/TagWithDialog.js">
        <metrics statements="10" coveredstatements="5" conditionals="2" coveredconditionals="0" methods="6" coveredmethods="3"/>
        <line num="7" count="245" type="stmt"/>
        <line num="8" count="59543" type="stmt"/>
        <line num="9" count="0" type="stmt"/>
        <line num="13" count="0" type="stmt"/>
        <line num="17" count="245" type="stmt"/>
        <line num="23" count="59543" type="stmt"/>
        <line num="25" count="0" type="cond" truecount="0" falsecount="2"/>
        <line num="26" count="0" type="stmt"/>
        <line num="27" count="0" type="stmt"/>
        <line num="32" count="102977" type="stmt"/>
      </file>
      <file name="TagsModal.js" path="/Users/acelakov/redhat/insights-inventory-frontend/src/Utilities/TagsModal.js">
        <metrics statements="50" coveredstatements="32" conditionals="32" coveredconditionals="25" methods="24" coveredmethods="11"/>
        <line num="11" count="245" type="stmt"/>
        <line num="12" count="18811" type="stmt"/>
        <line num="13" count="18811" type="stmt"/>
        <line num="14" count="18811" type="stmt"/>
        <line num="15" count="18811" type="stmt"/>
        <line num="17" count="18811" type="stmt"/>
        <line num="18" count="31812" type="cond" truecount="1" falsecount="1"/>
        <line num="21" count="18811" type="stmt"/>
        <line num="22" count="31812" type="cond" truecount="4" falsecount="0"/>
        <line num="23" count="105" type="stmt"/>
        <line num="26" count="31707" type="cond" truecount="2" falsecount="0"/>
        <line num="29" count="18811" type="stmt"/>
        <line num="31" count="31812" type="cond" truecount="2" falsecount="0"/>
        <line num="34" count="18811" type="stmt"/>
        <line num="35" count="31812" type="cond" truecount="1" falsecount="1"/>
        <line num="39" count="18811" type="stmt"/>
        <line num="41" count="31812" type="cond" truecount="2" falsecount="0"/>
        <line num="43" count="31812" type="cond" truecount="2" falsecount="0"/>
        <line num="44" count="105" type="stmt"/>
        <line num="46" count="0" type="stmt"/>
        <line num="47" count="0" type="stmt"/>
        <line num="56" count="31707" type="stmt"/>
        <line num="57" count="47660" type="stmt"/>
        <line num="62" count="18811" type="stmt"/>
        <line num="63" count="31812" type="stmt"/>
        <line num="66" count="0" type="stmt"/>
        <line num="68" count="31812" type="cond" truecount="2" falsecount="0"/>
        <line num="71" count="18811" type="stmt"/>
        <line num="72" count="2006" type="stmt"/>
        <line num="75" count="18811" type="stmt"/>
        <line num="76" count="0" type="cond" truecount="0" falsecount="2"/>
        <line num="77" count="0" type="stmt"/>
        <line num="79" count="0" type="stmt"/>
        <line num="83" count="18811" type="stmt"/>
        <line num="87" count="18811" type="stmt"/>
        <line num="100" count="27310" type="cond" truecount="1" falsecount="1"/>
        <line num="103" count="0" type="stmt"/>
        <line num="111" count="0" type="stmt"/>
        <line num="112" count="0" type="stmt"/>
        <line num="113" count="0" type="stmt"/>
        <line num="114" count="0" type="stmt"/>
        <line num="115" count="0" type="stmt"/>
        <line num="126" count="0" type="stmt"/>
        <line num="127" count="0" type="stmt"/>
        <line num="132" count="0" type="stmt"/>
        <line num="139" count="0" type="stmt"/>
        <line num="141" count="0" type="cond" truecount="0" falsecount="2"/>
        <line num="153" count="245" type="stmt"/>
        <line num="166" count="245" type="stmt"/>
        <line num="168" count="0" type="stmt"/>
      </file>
      <file name="URLSearchParams.js" path="/Users/acelakov/redhat/insights-inventory-frontend/src/Utilities/URLSearchParams.js">
        <metrics statements="16" coveredstatements="16" conditionals="6" coveredconditionals="4" methods="8" coveredmethods="8"/>
        <line num="5" count="52" type="cond" truecount="0" falsecount="1"/>
        <line num="6" count="1792" type="stmt"/>
        <line num="8" count="4786" type="stmt"/>
        <line num="10" count="4786" type="stmt"/>
        <line num="11" count="4786" type="cond" truecount="2" falsecount="0"/>
        <line num="14" count="1792" type="stmt"/>
        <line num="15" count="1792" type="stmt"/>
        <line num="16" count="1792" type="stmt"/>
        <line num="19" count="52" type="cond" truecount="0" falsecount="1"/>
        <line num="20" count="7263" type="stmt"/>
        <line num="21" count="7263" type="stmt"/>
        <line num="24" count="4828" type="stmt"/>
        <line num="28" count="1344" type="stmt"/>
        <line num="30" count="4828" type="stmt"/>
        <line num="32" count="1344" type="stmt"/>
        <line num="38" count="7263" type="stmt"/>
      </file>
      <file name="Wrapper.js" path="/Users/acelakov/redhat/insights-inventory-frontend/src/Utilities/Wrapper.js">
        <metrics statements="4" coveredstatements="2" conditionals="2" coveredconditionals="0" methods="1" coveredmethods="0"/>
        <line num="6" count="245" type="stmt"/>
        <line num="13" count="0" type="stmt"/>
        <line num="19" count="0" type="stmt"/>
        <line num="32" count="245" type="stmt"/>
      </file>
      <file name="constants.js" path="/Users/acelakov/redhat/insights-inventory-frontend/src/Utilities/constants.js">
        <metrics statements="62" coveredstatements="52" conditionals="74" coveredconditionals="30" methods="13" coveredmethods="6"/>
        <line num="3" count="245" type="stmt"/>
        <line num="4" count="245" type="stmt"/>
        <line num="5" count="245" type="stmt"/>
        <line num="6" count="245" type="stmt"/>
        <line num="7" count="245" type="stmt"/>
        <line num="8" count="245" type="stmt"/>
        <line num="9" count="245" type="stmt"/>
        <line num="10" count="245" type="stmt"/>
        <line num="11" count="245" type="stmt"/>
        <line num="12" count="245" type="stmt"/>
        <line num="13" count="245" type="stmt"/>
        <line num="15" count="245" type="stmt"/>
        <line num="16" count="245" type="stmt"/>
        <line num="17" count="245" type="stmt"/>
        <line num="19" count="245" type="stmt"/>
        <line num="20" count="245" type="stmt"/>
        <line num="21" count="245" type="stmt"/>
        <line num="23" count="245" type="stmt"/>
        <line num="25" count="245" type="stmt"/>
        <line num="26" count="245" type="stmt"/>
        <line num="28" count="245" type="stmt"/>
        <line num="29" count="245" type="stmt"/>
        <line num="30" count="245" type="stmt"/>
        <line num="31" count="245" type="stmt"/>
        <line num="33" count="245" type="stmt"/>
        <line num="35" count="1225" type="stmt"/>
        <line num="36" count="1225" type="stmt"/>
        <line num="37" count="1225" type="stmt"/>
        <line num="40" count="245" type="stmt"/>
        <line num="46" count="245" type="stmt"/>
        <line num="47" count="245" type="stmt"/>
        <line num="73" count="245" type="stmt"/>
        <line num="92" count="245" type="stmt"/>
        <line num="109" count="245" type="stmt"/>
        <line num="111" count="245" type="stmt"/>
        <line num="116" count="245" type="stmt"/>
        <line num="122" count="245" type="stmt"/>
        <line num="124" count="245" type="stmt"/>
        <line num="136" count="0" type="stmt"/>
        <line num="137" count="0" type="stmt"/>
        <line num="140" count="0" type="stmt"/>
        <line num="162" count="245" type="stmt"/>
        <line num="163" count="0" type="stmt"/>
        <line num="164" count="0" type="stmt"/>
        <line num="187" count="1982" type="stmt"/>
        <line num="189" count="48" type="cond" truecount="2" falsecount="0"/>
        <line num="190" count="16" type="stmt"/>
        <line num="191" count="32" type="cond" truecount="1" falsecount="1"/>
        <line num="192" count="0" type="stmt"/>
        <line num="198" count="32" type="stmt"/>
        <line num="208" count="48" type="stmt"/>
        <line num="210" count="32" type="stmt"/>
        <line num="222" count="245" type="stmt"/>
        <line num="223" count="0" type="stmt"/>
        <line num="224" count="0" type="stmt"/>
        <line num="225" count="0" type="stmt"/>
        <line num="228" count="0" type="stmt"/>
        <line num="231" count="86976" type="cond" truecount="2" falsecount="0"/>
        <line num="233" count="245" type="stmt"/>
        <line num="245" count="5434" type="stmt"/>
        <line num="296" count="245" type="stmt"/>
        <line num="298" count="245" type="stmt"/>
      </file>
      <file name="edge.js" path="/Users/acelakov/redhat/insights-inventory-frontend/src/Utilities/edge.js">
        <metrics statements="23" coveredstatements="8" conditionals="2" coveredconditionals="0" methods="11" coveredmethods="0"/>
        <line num="10" count="63" type="stmt"/>
        <line num="12" count="63" type="stmt"/>
        <line num="13" count="0" type="stmt"/>
        <line num="15" count="0" type="stmt"/>
        <line num="23" count="0" type="stmt"/>
        <line num="31" count="0" type="stmt"/>
        <line num="39" count="0" type="stmt"/>
        <line num="53" count="63" type="stmt"/>
        <line num="54" count="0" type="stmt"/>
        <line num="57" count="0" type="stmt"/>
        <line num="60" count="63" type="stmt"/>
        <line num="61" count="0" type="stmt"/>
        <line num="64" count="0" type="stmt"/>
        <line num="67" count="63" type="stmt"/>
        <line num="68" count="0" type="stmt"/>
        <line num="80" count="63" type="stmt"/>
        <line num="81" count="63" type="stmt"/>
        <line num="82" count="0" type="stmt"/>
        <line num="87" count="63" type="stmt"/>
        <line num="88" count="0" type="stmt"/>
        <line num="89" count="0" type="stmt"/>
        <line num="90" count="0" type="stmt"/>
        <line num="92" count="0" type="stmt"/>
      </file>
      <file name="index.js" path="/Users/acelakov/redhat/insights-inventory-frontend/src/Utilities/index.js">
        <metrics statements="0" coveredstatements="0" conditionals="0" coveredconditionals="0" methods="0" coveredmethods="0"/>
      </file>
      <file name="path.js" path="/Users/acelakov/redhat/insights-inventory-frontend/src/Utilities/path.js">
        <metrics statements="5" coveredstatements="0" conditionals="3" coveredconditionals="0" methods="2" coveredmethods="0"/>
        <line num="2" count="0" type="stmt"/>
        <line num="3" count="0" type="stmt"/>
        <line num="5" count="0" type="stmt"/>
        <line num="7" count="0" type="stmt"/>
        <line num="11" count="0" type="cond" truecount="0" falsecount="2"/>
      </file>
      <file name="sharedFunctions.js" path="/Users/acelakov/redhat/insights-inventory-frontend/src/Utilities/sharedFunctions.js">
        <metrics statements="25" coveredstatements="20" conditionals="27" coveredconditionals="15" methods="4" coveredmethods="4"/>
        <line num="3" count="245" type="cond" truecount="1" falsecount="0"/>
        <line num="4" count="630" type="stmt"/>
        <line num="6" count="630" type="stmt"/>
        <line num="9" count="245" type="stmt"/>
        <line num="10" count="315" type="stmt"/>
        <line num="11" count="315" type="stmt"/>
        <line num="13" count="315" type="stmt"/>
        <line num="14" count="315" type="stmt"/>
        <line num="16" count="315" type="cond" truecount="1" falsecount="1"/>
        <line num="17" count="315" type="stmt"/>
        <line num="18" count="0" type="cond" truecount="0" falsecount="2"/>
        <line num="22" count="0" type="stmt"/>
        <line num="23" count="0" type="cond" truecount="0" falsecount="4"/>
        <line num="24" count="0" type="stmt"/>
        <line num="26" count="0" type="stmt"/>
        <line num="30" count="245" type="stmt"/>
        <line num="32" count="81087" type="cond" truecount="2" falsecount="0"/>
        <line num="33" count="35" type="stmt"/>
        <line num="34" count="81052" type="cond" truecount="2" falsecount="0"/>
        <line num="35" count="245" type="stmt"/>
        <line num="39" count="80807" type="stmt"/>
        <line num="43" count="245" type="stmt"/>
        <line num="45" count="3003" type="cond" truecount="1" falsecount="1"/>
        <line num="52" count="3003" type="stmt"/>
        <line num="69" count="3003" type="stmt"/>
      </file>
      <file name="useFeatureFlag.js" path="/Users/acelakov/redhat/insights-inventory-frontend/src/Utilities/useFeatureFlag.js">
        <metrics statements="3" coveredstatements="3" conditionals="2" coveredconditionals="2" methods="1" coveredmethods="1"/>
        <line num="4" count="113005" type="stmt"/>
        <line num="5" count="112992" type="stmt"/>
        <line num="6" count="112992" type="cond" truecount="2" falsecount="0"/>
      </file>
    </package>
    <package name="src.Utilities.hooks">
      <metrics statements="79" coveredstatements="67" conditionals="58" coveredconditionals="40" methods="33" coveredmethods="28"/>
      <file name="useBulkSelectConfig.js" path="/Users/acelakov/redhat/insights-inventory-frontend/src/Utilities/hooks/useBulkSelectConfig.js">
        <metrics statements="29" coveredstatements="19" conditionals="38" coveredconditionals="28" methods="14" coveredmethods="9"/>
        <line num="11" count="92" type="stmt"/>
        <line num="20" count="9888" type="stmt"/>
        <line num="21" count="9888" type="stmt"/>
        <line num="22" count="9888" type="stmt"/>
        <line num="23" count="9888" type="stmt"/>
        <line num="24" count="52" type="stmt"/>
        <line num="25" count="9888" type="cond" truecount="0" falsecount="2"/>
        <line num="26" count="20486" type="stmt"/>
        <line num="27" count="9888" type="cond" truecount="2" falsecount="0"/>
        <line num="29" count="9888" type="stmt"/>
        <line num="30" count="0" type="stmt"/>
        <line num="32" count="0" type="stmt"/>
        <line num="33" count="0" type="stmt"/>
        <line num="36" count="9888" type="cond" truecount="1" falsecount="0"/>
        <line num="37" count="9888" type="cond" truecount="4" falsecount="0"/>
        <line num="39" count="47981" type="cond" truecount="4" falsecount="0"/>
        <line num="41" count="9888" type="stmt"/>
        <line num="42" count="0" type="stmt"/>
        <line num="45" count="9888" type="cond" truecount="0" falsecount="1"/>
        <line num="46" count="0" type="stmt"/>
        <line num="47" count="0" type="stmt"/>
        <line num="56" count="0" type="stmt"/>
        <line num="57" count="0" type="stmt"/>
        <line num="58" count="0" type="stmt"/>
        <line num="61" count="9888" type="stmt"/>
        <line num="67" count="12" type="stmt"/>
        <line num="76" count="14" type="stmt"/>
        <line num="85" count="0" type="stmt"/>
        <line num="93" count="26" type="stmt"/>
      </file>
      <file name="useFetchBatched.js" path="/Users/acelakov/redhat/insights-inventory-frontend/src/Utilities/hooks/useFetchBatched.js">
        <metrics statements="18" coveredstatements="18" conditionals="10" coveredconditionals="5" methods="10" coveredmethods="10"/>
        <line num="3" count="206" type="stmt"/>
        <line num="4" count="36626" type="stmt"/>
        <line num="6" count="36626" type="stmt"/>
        <line num="9" count="37" type="cond" truecount="1" falsecount="1"/>
        <line num="11" count="37" type="stmt"/>
        <line num="13" count="74" type="stmt"/>
        <line num="14" count="74" type="stmt"/>
        <line num="18" count="37" type="stmt"/>
        <line num="21" count="243" type="cond" truecount="1" falsecount="1"/>
        <line num="23" count="243" type="stmt"/>
        <line num="25" count="338" type="stmt"/>
        <line num="26" count="338" type="stmt"/>
        <line num="32" count="243" type="stmt"/>
        <line num="41" count="1344" type="cond" truecount="1" falsecount="1"/>
        <line num="43" count="1344" type="stmt"/>
        <line num="45" count="1344" type="stmt"/>
        <line num="46" count="1344" type="stmt"/>
        <line num="53" count="1344" type="stmt"/>
      </file>
      <file name="useFetchOperatingSystems.js" path="/Users/acelakov/redhat/insights-inventory-frontend/src/Utilities/hooks/useFetchOperatingSystems.js">
        <metrics statements="21" coveredstatements="19" conditionals="9" coveredconditionals="6" methods="5" coveredmethods="5"/>
        <line num="4" count="138" type="stmt"/>
        <line num="9" count="138" type="stmt"/>
        <line num="15" count="18761" type="stmt"/>
        <line num="17" count="18761" type="stmt"/>
        <line num="19" count="18761" type="stmt"/>
        <line num="20" count="1982" type="cond" truecount="1" falsecount="1"/>
        <line num="22" count="1982" type="cond" truecount="2" falsecount="0"/>
        <line num="23" count="1982" type="stmt"/>
        <line num="25" count="1982" type="stmt"/>
        <line num="26" count="1982" type="stmt"/>
        <line num="28" count="0" type="stmt"/>
        <line num="29" count="0" type="stmt"/>
        <line num="38" count="18761" type="stmt"/>
        <line num="39" count="1982" type="stmt"/>
        <line num="40" count="1982" type="stmt"/>
        <line num="41" count="1982" type="cond" truecount="1" falsecount="1"/>
        <line num="42" count="1982" type="stmt"/>
        <line num="49" count="1982" type="stmt"/>
        <line num="50" count="1868" type="stmt"/>
        <line num="51" count="1868" type="stmt"/>
        <line num="55" count="18761" type="stmt"/>
      </file>
      <file name="usePromiseQueue.js" path="/Users/acelakov/redhat/insights-inventory-frontend/src/Utilities/hooks/usePromiseQueue.js">
        <metrics statements="9" coveredstatements="9" conditionals="1" coveredconditionals="1" methods="3" coveredmethods="3"/>
        <line num="4" count="206" type="stmt"/>
        <line num="6" count="206" type="cond" truecount="1" falsecount="0"/>
        <line num="7" count="36626" type="stmt"/>
        <line num="12" count="36626" type="stmt"/>
        <line num="14" count="1624" type="stmt"/>
        <line num="18" count="1624" type="stmt"/>
        <line num="21" count="1623" type="stmt"/>
        <line num="26" count="1623" type="stmt"/>
        <line num="31" count="36626" type="stmt"/>
      </file>
      <file name="useWorkspaceFeatureFlag.js" path="/Users/acelakov/redhat/insights-inventory-frontend/src/Utilities/hooks/useWorkspaceFeatureFlag.js">
        <metrics statements="2" coveredstatements="2" conditionals="0" coveredconditionals="0" methods="1" coveredmethods="1"/>
        <line num="3" count="224" type="stmt"/>
        <line num="4" count="52546" type="stmt"/>
      </file>
    </package>
    <package name="src.__factories__">
      <metrics statements="7" coveredstatements="7" conditionals="9" coveredconditionals="9" methods="3" coveredmethods="3"/>
      <file name="groups.js" path="/Users/acelakov/redhat/insights-inventory-frontend/src/__factories__/groups.js">
        <metrics statements="7" coveredstatements="7" conditionals="9" coveredconditionals="9" methods="3" coveredmethods="3"/>
        <line num="3" count="16" type="stmt"/>
        <line num="4" count="90" type="stmt"/>
        <line num="5" count="2731" type="stmt"/>
        <line num="7" count="2731" type="stmt"/>
        <line num="21" count="16" type="stmt"/>
        <line num="28" count="71" type="stmt"/>
        <line num="30" count="71" type="stmt"/>
      </file>
    </package>
    <package name="src.api">
      <metrics statements="112" coveredstatements="71" conditionals="128" coveredconditionals="81" methods="46" coveredmethods="24"/>
      <file name="api.js" path="/Users/acelakov/redhat/insights-inventory-frontend/src/api/api.js">
        <metrics statements="92" coveredstatements="66" conditionals="128" coveredconditionals="81" methods="41" coveredmethods="24"/>
        <line num="1" count="245" type="stmt"/>
        <line num="2" count="245" type="stmt"/>
        <line num="23" count="245" type="stmt"/>
        <line num="24" count="245" type="stmt"/>
        <line num="25" count="245" type="stmt"/>
        <line num="30" count="245" type="stmt"/>
        <line num="31" count="245" type="stmt"/>
        <line num="32" count="35" type="stmt"/>
        <line num="34" count="55816" type="cond" truecount="1" falsecount="0"/>
        <line num="39" count="1114920" type="stmt"/>
        <line num="42" count="1114920" type="stmt"/>
        <line num="44" count="1114920" type="cond" truecount="1" falsecount="1"/>
        <line num="53" count="1114920" type="cond" truecount="1" falsecount="1"/>
        <line num="59" count="245" type="stmt"/>
        <line num="63" count="2057" type="cond" truecount="2" falsecount="0"/>
        <line num="64" count="2024" type="stmt"/>
        <line num="66" count="37861" type="stmt"/>
        <line num="72" count="2024" type="stmt"/>
        <line num="74" count="36763" type="stmt"/>
        <line num="79" count="61" type="stmt"/>
        <line num="81" count="1159" type="stmt"/>
        <line num="88" count="33" type="stmt"/>
        <line num="91" count="245" type="stmt"/>
        <line num="92" count="3003" type="stmt"/>
        <line num="94" count="0" type="stmt"/>
        <line num="96" count="0" type="cond" truecount="0" falsecount="2"/>
        <line num="104" count="245" type="cond" truecount="1" falsecount="0"/>
        <line num="105" count="2368" type="stmt"/>
        <line num="107" count="0" type="stmt"/>
        <line num="111" count="0" type="stmt"/>
        <line num="118" count="2368" type="stmt"/>
        <line num="120" count="0" type="stmt"/>
        <line num="124" count="0" type="stmt"/>
        <line num="126" count="0" type="stmt"/>
        <line num="127" count="0" type="stmt"/>
        <line num="133" count="0" type="cond" truecount="0" falsecount="2"/>
        <line num="134" count="0" type="stmt"/>
        <line num="138" count="0" type="stmt"/>
        <line num="149" count="245" type="stmt"/>
        <line num="157" count="2368" type="stmt"/>
        <line num="158" count="2368" type="stmt"/>
        <line num="183" count="2368" type="cond" truecount="1" falsecount="1"/>
        <line num="190" count="288" type="cond" truecount="0" falsecount="1"/>
        <line num="234" count="3038" type="cond" truecount="4" falsecount="0"/>
        <line num="235" count="35" type="stmt"/>
        <line num="250" count="35" type="cond" truecount="3" falsecount="1"/>
        <line num="251" count="35" type="stmt"/>
        <line num="252" count="35" type="stmt"/>
        <line num="270" count="35" type="stmt"/>
        <line num="278" count="0" type="stmt"/>
        <line num="282" count="35" type="cond" truecount="1" falsecount="1"/>
        <line num="284" count="35" type="stmt"/>
        <line num="288" count="70" type="stmt"/>
        <line num="295" count="35" type="stmt"/>
        <line num="296" count="3003" type="cond" truecount="1" falsecount="1"/>
        <line num="297" count="3003" type="stmt"/>
        <line num="304" count="3003" type="cond" truecount="2" falsecount="0"/>
        <line num="308" count="3003" type="cond" truecount="3" falsecount="1"/>
        <line num="310" count="3003" type="stmt"/>
        <line num="319" count="3003" type="stmt"/>
        <line num="360" count="2996" type="cond" truecount="2" falsecount="0"/>
        <line num="362" count="2996" type="cond" truecount="2" falsecount="0"/>
        <line num="366" count="55746" type="stmt"/>
        <line num="374" count="0" type="stmt"/>
        <line num="382" count="0" type="stmt"/>
        <line num="393" count="1788" type="stmt"/>
        <line num="414" count="245" type="cond" truecount="0" falsecount="1"/>
        <line num="415" count="1982" type="stmt"/>
        <line num="418" count="1982" type="cond" truecount="2" falsecount="0"/>
        <line num="419" count="631" type="stmt"/>
        <line num="420" count="0" type="stmt"/>
        <line num="422" count="631" type="stmt"/>
        <line num="424" count="1982" type="stmt"/>
        <line num="427" count="245" type="stmt"/>
        <line num="428" count="0" type="stmt"/>
        <line num="431" count="245" type="stmt"/>
        <line num="432" count="0" type="stmt"/>
        <line num="435" count="245" type="stmt"/>
        <line num="436" count="0" type="stmt"/>
        <line num="438" count="245" type="stmt"/>
        <line num="439" count="0" type="stmt"/>
        <line num="442" count="245" type="stmt"/>
        <line num="443" count="0" type="stmt"/>
        <line num="444" count="0" type="stmt"/>
        <line num="446" count="0" type="stmt"/>
        <line num="450" count="245" type="stmt"/>
        <line num="451" count="63" type="stmt"/>
        <line num="452" count="0" type="stmt"/>
        <line num="455" count="245" type="stmt"/>
        <line num="456" count="0" type="stmt"/>
        <line num="457" count="0" type="stmt"/>
        <line num="459" count="0" type="stmt"/>
      </file>
      <file name="index.js" path="/Users/acelakov/redhat/insights-inventory-frontend/src/api/index.js">
        <metrics statements="0" coveredstatements="0" conditionals="0" coveredconditionals="0" methods="0" coveredmethods="0"/>
      </file>
      <file name="systemIssues.js" path="/Users/acelakov/redhat/insights-inventory-frontend/src/api/systemIssues.js">
        <metrics statements="20" coveredstatements="5" conditionals="0" coveredconditionals="0" methods="5" coveredmethods="0"/>
        <line num="2" count="245" type="stmt"/>
        <line num="4" count="245" type="stmt"/>
        <line num="5" count="0" type="stmt"/>
        <line num="6" count="0" type="stmt"/>
        <line num="8" count="0" type="stmt"/>
        <line num="13" count="0" type="stmt"/>
        <line num="15" count="0" type="stmt"/>
        <line num="19" count="245" type="stmt"/>
        <line num="20" count="0" type="stmt"/>
        <line num="21" count="0" type="stmt"/>
        <line num="23" count="0" type="stmt"/>
        <line num="27" count="245" type="stmt"/>
        <line num="28" count="0" type="stmt"/>
        <line num="29" count="0" type="stmt"/>
        <line num="31" count="0" type="stmt"/>
        <line num="35" count="245" type="stmt"/>
        <line num="36" count="0" type="stmt"/>
        <line num="54" count="0" type="stmt"/>
        <line num="55" count="0" type="stmt"/>
        <line num="63" count="0" type="stmt"/>
      </file>
    </package>
    <package name="src.api.edge">
      <metrics statements="27" coveredstatements="8" conditionals="17" coveredconditionals="0" methods="10" coveredmethods="2"/>
      <file name="imagesInfo.js" path="/Users/acelakov/redhat/insights-inventory-frontend/src/api/edge/imagesInfo.js">
        <metrics statements="24" coveredstatements="7" conditionals="17" coveredconditionals="0" methods="9" coveredmethods="2"/>
        <line num="1" count="26" type="stmt"/>
        <line num="4" count="26" type="stmt"/>
        <line num="5" count="0" type="stmt"/>
        <line num="6" count="0" type="stmt"/>
        <line num="7" count="0" type="stmt"/>
        <line num="9" count="26" type="stmt"/>
        <line num="10" count="302" type="stmt"/>
        <line num="11" count="302" type="stmt"/>
        <line num="14" count="26" type="stmt"/>
        <line num="15" count="0" type="stmt"/>
        <line num="16" count="0" type="stmt"/>
        <line num="17" count="0" type="stmt"/>
        <line num="19" count="26" type="stmt"/>
        <line num="20" count="0" type="cond" truecount="0" falsecount="2"/>
        <line num="21" count="0" type="stmt"/>
        <line num="23" count="0" type="stmt"/>
        <line num="24" count="0" type="stmt"/>
        <line num="25" count="0" type="cond" truecount="0" falsecount="2"/>
        <line num="30" count="0" type="stmt"/>
        <line num="32" count="0" type="cond" truecount="0" falsecount="2"/>
        <line num="36" count="0" type="cond" truecount="0" falsecount="2"/>
        <line num="40" count="0" type="stmt"/>
        <line num="42" count="0" type="cond" truecount="0" falsecount="2"/>
        <line num="49" count="0" type="stmt"/>
      </file>
      <file name="updates.js" path="/Users/acelakov/redhat/insights-inventory-frontend/src/api/edge/updates.js">
        <metrics statements="3" coveredstatements="1" conditionals="0" coveredconditionals="0" methods="1" coveredmethods="0"/>
        <line num="4" count="18" type="stmt"/>
        <line num="5" count="0" type="stmt"/>
        <line num="8" count="0" type="stmt"/>
      </file>
    </package>
    <package name="src.components">
      <metrics statements="49" coveredstatements="6" conditionals="18" coveredconditionals="0" methods="11" coveredmethods="1"/>
      <file name="FontAwesomeImageIcon.js" path="/Users/acelakov/redhat/insights-inventory-frontend/src/components/FontAwesomeImageIcon.js">
        <metrics statements="3" coveredstatements="2" conditionals="2" coveredconditionals="0" methods="1" coveredmethods="0"/>
        <line num="4" count="245" type="stmt"/>
        <line num="5" count="0" type="stmt"/>
        <line num="38" count="245" type="stmt"/>
      </file>
      <file name="SpinnerFallback.js" path="/Users/acelakov/redhat/insights-inventory-frontend/src/components/SpinnerFallback.js">
        <metrics statements="2" coveredstatements="2" conditionals="0" coveredconditionals="0" methods="1" coveredmethods="1"/>
        <line num="4" count="2" type="stmt"/>
        <line num="5" count="2" type="stmt"/>
      </file>
      <file name="VulnerabilityEdgeAlert.js" path="/Users/acelakov/redhat/insights-inventory-frontend/src/components/VulnerabilityEdgeAlert.js">
        <metrics statements="6" coveredstatements="1" conditionals="0" coveredconditionals="0" methods="3" coveredmethods="0"/>
        <line num="5" count="8" type="stmt"/>
        <line num="6" count="0" type="stmt"/>
        <line num="7" count="0" type="stmt"/>
        <line num="19" count="0" type="stmt"/>
        <line num="49" count="0" type="stmt"/>
        <line num="68" count="0" type="stmt"/>
      </file>
      <file name="VulnerabilityEdgePrompt.js" path="/Users/acelakov/redhat/insights-inventory-frontend/src/components/VulnerabilityEdgePrompt.js">
        <metrics statements="38" coveredstatements="1" conditionals="16" coveredconditionals="0" methods="6" coveredmethods="0"/>
        <line num="9" count="8" type="stmt"/>
        <line num="10" count="0" type="stmt"/>
        <line num="11" count="0" type="stmt"/>
        <line num="12" count="0" type="stmt"/>
        <line num="13" count="0" type="stmt"/>
        <line num="14" count="0" type="stmt"/>
        <line num="15" count="0" type="stmt"/>
        <line num="16" count="0" type="stmt"/>
        <line num="17" count="0" type="stmt"/>
        <line num="18" count="0" type="stmt"/>
        <line num="25" count="0" type="stmt"/>
        <line num="26" count="0" type="cond" truecount="0" falsecount="2"/>
        <line num="27" count="0" type="stmt"/>
        <line num="28" count="0" type="stmt"/>
        <line num="32" count="0" type="stmt"/>
        <line num="33" count="0" type="stmt"/>
        <line num="34" count="0" type="stmt"/>
        <line num="35" count="0" type="stmt"/>
        <line num="36" count="0" type="stmt"/>
        <line num="37" count="0" type="stmt"/>
        <line num="38" count="0" type="stmt"/>
        <line num="39" count="0" type="stmt"/>
        <line num="40" count="0" type="stmt"/>
        <line num="43" count="0" type="stmt"/>
        <line num="44" count="0" type="stmt"/>
        <line num="47" count="0" type="stmt"/>
        <line num="49" count="0" type="stmt"/>
        <line num="50" count="0" type="cond" truecount="0" falsecount="4"/>
        <line num="51" count="0" type="stmt"/>
        <line num="53" count="0" type="cond" truecount="0" falsecount="2"/>
        <line num="57" count="0" type="stmt"/>
        <line num="59" count="0" type="cond" truecount="0" falsecount="2"/>
        <line num="60" count="0" type="stmt"/>
        <line num="62" count="0" type="cond" truecount="0" falsecount="4"/>
        <line num="63" count="0" type="stmt"/>
        <line num="65" count="0" type="stmt"/>
        <line num="68" count="0" type="stmt"/>
        <line num="88" count="0" type="stmt"/>
      </file>
    </package>
    <package name="src.components.GeneralInfo.BiosCard">
      <metrics statements="11" coveredstatements="8" conditionals="12" coveredconditionals="6" methods="5" coveredmethods="2"/>
      <file name="BiosCard.js" path="/Users/acelakov/redhat/insights-inventory-frontend/src/components/GeneralInfo/BiosCard/BiosCard.js">
        <metrics statements="11" coveredstatements="8" conditionals="12" coveredconditionals="6" methods="5" coveredmethods="2"/>
        <line num="9" count="37" type="stmt"/>
        <line num="18" count="35" type="stmt"/>
        <line num="37" count="0" type="stmt"/>
        <line num="39" count="0" type="cond" truecount="0" falsecount="2"/>
        <line num="45" count="37" type="stmt"/>
        <line num="59" count="37" type="stmt"/>
        <line num="61" count="0" type="stmt"/>
        <line num="68" count="37" type="stmt"/>
        <line num="69" count="35" type="stmt"/>
        <line num="75" count="37" type="stmt"/>
        <line num="76" count="37" type="stmt"/>
      </file>
      <file name="index.js" path="/Users/acelakov/redhat/insights-inventory-frontend/src/components/GeneralInfo/BiosCard/index.js">
        <metrics statements="0" coveredstatements="0" conditionals="0" coveredconditionals="0" methods="0" coveredmethods="0"/>
      </file>
    </package>
    <package name="src.components.GeneralInfo.BootcImageCard">
      <metrics statements="9" coveredstatements="3" conditionals="4" coveredconditionals="0" methods="5" coveredmethods="0"/>
      <file name="BootcImageCard.js" path="/Users/acelakov/redhat/insights-inventory-frontend/src/components/GeneralInfo/BootcImageCard/BootcImageCard.js">
        <metrics statements="9" coveredstatements="3" conditionals="4" coveredconditionals="0" methods="5" coveredmethods="0"/>
        <line num="8" count="37" type="stmt"/>
        <line num="9" count="0" type="stmt"/>
        <line num="10" count="0" type="stmt"/>
        <line num="16" count="0" type="stmt"/>
        <line num="37" count="0" type="stmt"/>
        <line num="39" count="0" type="cond" truecount="0" falsecount="2"/>
        <line num="46" count="37" type="stmt"/>
        <line num="61" count="37" type="stmt"/>
        <line num="63" count="0" type="stmt"/>
      </file>
      <file name="index.js" path="/Users/acelakov/redhat/insights-inventory-frontend/src/components/GeneralInfo/BootcImageCard/index.js">
        <metrics statements="0" coveredstatements="0" conditionals="0" coveredconditionals="0" methods="0" coveredmethods="0"/>
      </file>
    </package>
    <package name="src.components.GeneralInfo.ConfigurationCard">
      <metrics statements="17" coveredstatements="10" conditionals="20" coveredconditionals="11" methods="10" coveredmethods="3"/>
      <file name="ConfigurationCard.js" path="/Users/acelakov/redhat/insights-inventory-frontend/src/components/GeneralInfo/ConfigurationCard/ConfigurationCard.js">
        <metrics statements="17" coveredstatements="10" conditionals="20" coveredconditionals="11" methods="10" coveredmethods="3"/>
        <line num="10" count="35" type="cond" truecount="1" falsecount="1"/>
        <line num="11" count="35" type="stmt"/>
        <line num="24" count="37" type="stmt"/>
        <line num="34" count="35" type="stmt"/>
        <line num="47" count="0" type="stmt"/>
        <line num="63" count="0" type="stmt"/>
        <line num="80" count="0" type="stmt"/>
        <line num="95" count="0" type="stmt"/>
        <line num="104" count="0" type="stmt"/>
        <line num="106" count="0" type="cond" truecount="0" falsecount="2"/>
        <line num="112" count="37" type="stmt"/>
        <line num="146" count="37" type="stmt"/>
        <line num="148" count="0" type="stmt"/>
        <line num="156" count="37" type="stmt"/>
        <line num="157" count="35" type="stmt"/>
        <line num="163" count="37" type="stmt"/>
        <line num="164" count="37" type="stmt"/>
      </file>
      <file name="index.js" path="/Users/acelakov/redhat/insights-inventory-frontend/src/components/GeneralInfo/ConfigurationCard/index.js">
        <metrics statements="0" coveredstatements="0" conditionals="0" coveredconditionals="0" methods="0" coveredmethods="0"/>
      </file>
    </package>
    <package name="src.components.GeneralInfo.DataCollectorsCard">
      <metrics statements="18" coveredstatements="13" conditionals="18" coveredconditionals="12" methods="8" coveredmethods="4"/>
      <file name="DataCollectorsCard.js" path="/Users/acelakov/redhat/insights-inventory-frontend/src/components/GeneralInfo/DataCollectorsCard/DataCollectorsCard.js">
        <metrics statements="18" coveredstatements="13" conditionals="18" coveredconditionals="12" methods="8" coveredmethods="4"/>
        <line num="20" count="37" type="stmt"/>
        <line num="26" count="35" type="stmt"/>
        <line num="27" count="35" type="stmt"/>
        <line num="29" count="0" type="stmt"/>
        <line num="30" count="0" type="stmt"/>
        <line num="31" count="0" type="stmt"/>
        <line num="33" count="0" type="cond" truecount="0" falsecount="2"/>
        <line num="39" count="280" type="stmt"/>
        <line num="40" count="35" type="cond" truecount="2" falsecount="0"/>
        <line num="41" count="35" type="stmt"/>
        <line num="63" count="140" type="stmt"/>
        <line num="73" count="0" type="stmt"/>
        <line num="116" count="37" type="stmt"/>
        <line num="124" count="37" type="stmt"/>
        <line num="128" count="37" type="stmt"/>
        <line num="129" count="35" type="stmt"/>
        <line num="137" count="37" type="stmt"/>
        <line num="138" count="37" type="stmt"/>
      </file>
    </package>
    <package name="src.components.GeneralInfo.EditButton">
      <metrics statements="18" coveredstatements="16" conditionals="10" coveredconditionals="7" methods="4" coveredmethods="4"/>
      <file name="EditButton.js" path="/Users/acelakov/redhat/insights-inventory-frontend/src/components/GeneralInfo/EditButton/EditButton.js">
        <metrics statements="18" coveredstatements="16" conditionals="10" coveredconditionals="7" methods="4" coveredmethods="4"/>
        <line num="15" count="37" type="stmt"/>
        <line num="16" count="80" type="stmt"/>
        <line num="28" count="37" type="stmt"/>
        <line num="33" count="37" type="stmt"/>
        <line num="34" count="106" type="stmt"/>
        <line num="36" count="106" type="stmt"/>
        <line num="42" count="106" type="cond" truecount="2" falsecount="0"/>
        <line num="43" count="26" type="stmt"/>
        <line num="52" count="80" type="stmt"/>
        <line num="55" count="37" type="stmt"/>
        <line num="60" count="37" type="stmt"/>
        <line num="61" count="106" type="stmt"/>
        <line num="63" count="106" type="cond" truecount="3" falsecount="1"/>
        <line num="64" count="0" type="stmt"/>
        <line num="67" count="106" type="cond" truecount="1" falsecount="1"/>
        <line num="68" count="106" type="stmt"/>
        <line num="71" count="0" type="stmt"/>
        <line num="80" count="37" type="stmt"/>
      </file>
      <file name="index.js" path="/Users/acelakov/redhat/insights-inventory-frontend/src/components/GeneralInfo/EditButton/index.js">
        <metrics statements="0" coveredstatements="0" conditionals="0" coveredconditionals="0" methods="0" coveredmethods="0"/>
      </file>
    </package>
    <package name="src.components.GeneralInfo.GeneralInformation">
      <metrics statements="34" coveredstatements="17" conditionals="65" coveredconditionals="29" methods="12" coveredmethods="4"/>
      <file name="ConversionAlert.js" path="/Users/acelakov/redhat/insights-inventory-frontend/src/components/GeneralInfo/GeneralInformation/ConversionAlert.js">
        <metrics statements="4" coveredstatements="1" conditionals="0" coveredconditionals="0" methods="2" coveredmethods="0"/>
        <line num="5" count="37" type="stmt"/>
        <line num="6" count="0" type="stmt"/>
        <line num="8" count="0" type="stmt"/>
        <line num="36" count="0" type="stmt"/>
      </file>
      <file name="GeneralInformation.js" path="/Users/acelakov/redhat/insights-inventory-frontend/src/components/GeneralInfo/GeneralInformation/GeneralInformation.js">
        <metrics statements="30" coveredstatements="16" conditionals="65" coveredconditionals="29" methods="10" coveredmethods="4"/>
        <line num="27" count="35" type="stmt"/>
        <line num="33" count="35" type="stmt"/>
        <line num="34" count="0" type="stmt"/>
        <line num="35" count="0" type="cond" truecount="0" falsecount="2"/>
        <line num="36" count="0" type="cond" truecount="0" falsecount="2"/>
        <line num="37" count="0" type="cond" truecount="0" falsecount="2"/>
        <line num="38" count="0" type="stmt"/>
        <line num="41" count="0" type="stmt"/>
        <line num="44" count="0" type="cond" truecount="0" falsecount="2"/>
        <line num="46" count="0" type="stmt"/>
        <line num="51" count="35" type="stmt"/>
        <line num="56" count="0" type="cond" truecount="0" falsecount="2"/>
        <line num="58" count="0" type="cond" truecount="0" falsecount="2"/>
        <line num="59" count="0" type="stmt"/>
        <line num="62" count="0" type="stmt"/>
        <line num="74" count="35" type="cond" truecount="1" falsecount="1"/>
        <line num="75" count="0" type="stmt"/>
        <line num="90" count="70" type="stmt"/>
        <line num="106" count="70" type="stmt"/>
        <line num="107" count="70" type="cond" truecount="1" falsecount="1"/>
        <line num="108" count="70" type="stmt"/>
        <line num="221" count="0" type="stmt"/>
        <line num="240" count="37" type="stmt"/>
        <line num="299" count="37" type="stmt"/>
        <line num="316" count="37" type="stmt"/>
        <line num="317" count="78" type="stmt"/>
        <line num="318" count="70" type="stmt"/>
        <line num="319" count="70" type="stmt"/>
        <line num="320" count="70" type="stmt"/>
        <line num="321" count="70" type="stmt"/>
      </file>
      <file name="index.js" path="/Users/acelakov/redhat/insights-inventory-frontend/src/components/GeneralInfo/GeneralInformation/index.js">
        <metrics statements="0" coveredstatements="0" conditionals="0" coveredconditionals="0" methods="0" coveredmethods="0"/>
      </file>
    </package>
    <package name="src.components.GeneralInfo.InfoTable">
      <metrics statements="34" coveredstatements="2" conditionals="22" coveredconditionals="0" methods="15" coveredmethods="0"/>
      <file name="InfoTable.js" path="/Users/acelakov/redhat/insights-inventory-frontend/src/components/GeneralInfo/InfoTable/InfoTable.js">
        <metrics statements="34" coveredstatements="2" conditionals="22" coveredconditionals="0" methods="15" coveredmethods="0"/>
        <line num="25" count="0" type="stmt"/>
        <line num="35" count="0" type="stmt"/>
        <line num="36" count="0" type="stmt"/>
        <line num="37" count="0" type="cond" truecount="0" falsecount="2"/>
        <line num="38" count="0" type="stmt"/>
        <line num="46" count="0" type="stmt"/>
        <line num="47" count="0" type="stmt"/>
        <line num="48" count="0" type="stmt"/>
        <line num="49" count="0" type="stmt"/>
        <line num="54" count="0" type="stmt"/>
        <line num="55" count="0" type="stmt"/>
        <line num="58" count="0" type="stmt"/>
        <line num="59" count="0" type="stmt"/>
        <line num="61" count="0" type="stmt"/>
        <line num="62" count="0" type="stmt"/>
        <line num="73" count="0" type="stmt"/>
        <line num="74" count="0" type="stmt"/>
        <line num="85" count="0" type="stmt"/>
        <line num="86" count="0" type="stmt"/>
        <line num="87" count="0" type="cond" truecount="0" falsecount="2"/>
        <line num="88" count="0" type="stmt"/>
        <line num="89" count="0" type="cond" truecount="0" falsecount="2"/>
        <line num="92" count="0" type="stmt"/>
        <line num="104" count="0" type="stmt"/>
        <line num="111" count="0" type="stmt"/>
        <line num="113" count="0" type="stmt"/>
        <line num="129" count="0" type="stmt"/>
        <line num="133" count="0" type="stmt"/>
        <line num="158" count="0" type="stmt"/>
        <line num="170" count="0" type="stmt"/>
        <line num="173" count="0" type="stmt"/>
        <line num="185" count="37" type="stmt"/>
        <line num="204" count="37" type="stmt"/>
        <line num="207" count="0" type="stmt"/>
      </file>
      <file name="index.js" path="/Users/acelakov/redhat/insights-inventory-frontend/src/components/GeneralInfo/InfoTable/index.js">
        <metrics statements="0" coveredstatements="0" conditionals="0" coveredconditionals="0" methods="0" coveredmethods="0"/>
      </file>
    </package>
    <package name="src.components.GeneralInfo.InfrastructureCard">
      <metrics statements="15" coveredstatements="9" conditionals="26" coveredconditionals="13" methods="8" coveredmethods="2"/>
      <file name="InfrastructureCard.js" path="/Users/acelakov/redhat/insights-inventory-frontend/src/components/GeneralInfo/InfrastructureCard/InfrastructureCard.js">
        <metrics statements="15" coveredstatements="9" conditionals="26" coveredconditionals="13" methods="8" coveredmethods="2"/>
        <line num="9" count="37" type="stmt"/>
        <line num="22" count="35" type="stmt"/>
        <line num="50" count="0" type="stmt"/>
        <line num="67" count="0" type="stmt"/>
        <line num="95" count="0" type="stmt"/>
        <line num="104" count="0" type="stmt"/>
        <line num="106" count="0" type="cond" truecount="0" falsecount="2"/>
        <line num="112" count="37" type="stmt"/>
        <line num="133" count="37" type="stmt"/>
        <line num="135" count="0" type="stmt"/>
        <line num="146" count="37" type="stmt"/>
        <line num="149" count="35" type="stmt"/>
        <line num="154" count="37" type="stmt"/>
        <line num="158" count="37" type="stmt"/>
        <line num="159" count="37" type="stmt"/>
      </file>
      <file name="index.js" path="/Users/acelakov/redhat/insights-inventory-frontend/src/components/GeneralInfo/InfrastructureCard/index.js">
        <metrics statements="0" coveredstatements="0" conditionals="0" coveredconditionals="0" methods="0" coveredmethods="0"/>
      </file>
    </package>
    <package name="src.components.GeneralInfo.LoadingCard">
      <metrics statements="20" coveredstatements="13" conditionals="30" coveredconditionals="21" methods="5" coveredmethods="3"/>
      <file name="LoadingCard.js" path="/Users/acelakov/redhat/insights-inventory-frontend/src/components/GeneralInfo/LoadingCard/LoadingCard.js">
        <metrics statements="20" coveredstatements="13" conditionals="30" coveredconditionals="21" methods="5" coveredmethods="3"/>
        <line num="22" count="37" type="stmt"/>
        <line num="23" count="1475" type="cond" truecount="5" falsecount="0"/>
        <line num="24" count="298" type="cond" truecount="1" falsecount="1"/>
        <line num="29" count="1177" type="cond" truecount="1" falsecount="1"/>
        <line num="30" count="0" type="stmt"/>
        <line num="33" count="1177" type="cond" truecount="2" falsecount="0"/>
        <line num="36" count="37" type="stmt"/>
        <line num="37" count="0" type="stmt"/>
        <line num="39" count="0" type="stmt"/>
        <line num="40" count="0" type="stmt"/>
        <line num="41" count="0" type="cond" truecount="0" falsecount="2"/>
        <line num="42" count="0" type="stmt"/>
        <line num="46" count="0" type="stmt"/>
        <line num="53" count="37" type="stmt"/>
        <line num="61" count="37" type="stmt"/>
        <line num="68" count="298" type="stmt"/>
        <line num="100" count="1475" type="cond" truecount="2" falsecount="0"/>
        <line num="104" count="1475" type="stmt"/>
        <line num="151" count="37" type="stmt"/>
        <line num="169" count="37" type="stmt"/>
      </file>
      <file name="index.js" path="/Users/acelakov/redhat/insights-inventory-frontend/src/components/GeneralInfo/LoadingCard/index.js">
        <metrics statements="0" coveredstatements="0" conditionals="0" coveredconditionals="0" methods="0" coveredmethods="0"/>
      </file>
    </package>
    <package name="src.components.GeneralInfo.OperatingSystemCard">
      <metrics statements="12" coveredstatements="8" conditionals="18" coveredconditionals="9" methods="6" coveredmethods="2"/>
      <file name="OperatingSystemCard.js" path="/Users/acelakov/redhat/insights-inventory-frontend/src/components/GeneralInfo/OperatingSystemCard/OperatingSystemCard.js">
        <metrics statements="12" coveredstatements="8" conditionals="18" coveredconditionals="9" methods="6" coveredmethods="2"/>
        <line num="11" count="37" type="stmt"/>
        <line num="22" count="35" type="stmt"/>
        <line num="65" count="0" type="stmt"/>
        <line num="76" count="0" type="stmt"/>
        <line num="78" count="0" type="cond" truecount="0" falsecount="2"/>
        <line num="84" count="37" type="stmt"/>
        <line num="105" count="37" type="stmt"/>
        <line num="107" count="0" type="stmt"/>
        <line num="116" count="37" type="stmt"/>
        <line num="117" count="35" type="stmt"/>
        <line num="123" count="37" type="stmt"/>
        <line num="124" count="37" type="stmt"/>
      </file>
      <file name="index.js" path="/Users/acelakov/redhat/insights-inventory-frontend/src/components/GeneralInfo/OperatingSystemCard/index.js">
        <metrics statements="0" coveredstatements="0" conditionals="0" coveredconditionals="0" methods="0" coveredmethods="0"/>
      </file>
    </package>
    <package name="src.components.GeneralInfo.SubscriptionCard">
      <metrics statements="8" coveredstatements="8" conditionals="8" coveredconditionals="5" methods="2" coveredmethods="2"/>
      <file name="SubscriptionCard.js" path="/Users/acelakov/redhat/insights-inventory-frontend/src/components/GeneralInfo/SubscriptionCard/SubscriptionCard.js">
        <metrics statements="8" coveredstatements="8" conditionals="8" coveredconditionals="5" methods="2" coveredmethods="2"/>
        <line num="7" count="37" type="stmt"/>
        <line num="14" count="35" type="stmt"/>
        <line num="30" count="37" type="stmt"/>
        <line num="41" count="37" type="stmt"/>
        <line num="48" count="37" type="stmt"/>
        <line num="49" count="35" type="stmt"/>
        <line num="55" count="37" type="stmt"/>
        <line num="56" count="37" type="stmt"/>
      </file>
      <file name="index.js" path="/Users/acelakov/redhat/insights-inventory-frontend/src/components/GeneralInfo/SubscriptionCard/index.js">
        <metrics statements="0" coveredstatements="0" conditionals="0" coveredconditionals="0" methods="0" coveredmethods="0"/>
      </file>
    </package>
    <package name="src.components.GeneralInfo.SystemCard">
      <metrics statements="35" coveredstatements="26" conditionals="35" coveredconditionals="22" methods="16" coveredmethods="9"/>
      <file name="SystemCard.js" path="/Users/acelakov/redhat/insights-inventory-frontend/src/components/GeneralInfo/SystemCard/SystemCard.js">
        <metrics statements="35" coveredstatements="26" conditionals="35" coveredconditionals="22" methods="16" coveredmethods="9"/>
        <line num="14" count="37" type="stmt"/>
        <line num="15" count="159" type="stmt"/>
        <line num="33" count="35" type="stmt"/>
        <line num="38" count="35" type="stmt"/>
        <line num="39" count="6" type="stmt"/>
        <line num="45" count="106" type="stmt"/>
        <line num="46" count="0" type="stmt"/>
        <line num="47" count="0" type="stmt"/>
        <line num="48" count="0" type="stmt"/>
        <line num="51" count="35" type="stmt"/>
        <line num="52" count="6" type="stmt"/>
        <line num="53" count="6" type="stmt"/>
        <line num="58" count="35" type="stmt"/>
        <line num="59" count="6" type="stmt"/>
        <line num="60" count="6" type="stmt"/>
        <line num="65" count="35" type="stmt"/>
        <line num="66" count="159" type="stmt"/>
        <line num="67" count="159" type="cond" truecount="2" falsecount="1"/>
        <line num="90" count="53" type="stmt"/>
        <line num="91" count="53" type="stmt"/>
        <line num="92" count="53" type="stmt"/>
        <line num="170" count="0" type="stmt"/>
        <line num="203" count="0" type="stmt"/>
        <line num="211" count="0" type="stmt"/>
        <line num="213" count="0" type="cond" truecount="0" falsecount="2"/>
        <line num="254" count="37" type="stmt"/>
        <line num="298" count="37" type="stmt"/>
        <line num="315" count="37" type="stmt"/>
        <line num="321" count="35" type="stmt"/>
        <line num="323" count="0" type="stmt"/>
        <line num="327" count="0" type="stmt"/>
        <line num="332" count="37" type="stmt"/>
        <line num="333" count="35" type="stmt"/>
        <line num="341" count="37" type="stmt"/>
        <line num="342" count="37" type="stmt"/>
      </file>
      <file name="index.js" path="/Users/acelakov/redhat/insights-inventory-frontend/src/components/GeneralInfo/SystemCard/index.js">
        <metrics statements="0" coveredstatements="0" conditionals="0" coveredconditionals="0" methods="0" coveredmethods="0"/>
      </file>
    </package>
    <package name="src.components.GeneralInfo.SystemStatusCard">
      <metrics statements="9" coveredstatements="8" conditionals="16" coveredconditionals="10" methods="3" coveredmethods="2"/>
      <file name="SystemStatusCard.js" path="/Users/acelakov/redhat/insights-inventory-frontend/src/components/GeneralInfo/SystemStatusCard/SystemStatusCard.js">
        <metrics statements="9" coveredstatements="8" conditionals="16" coveredconditionals="10" methods="3" coveredmethods="2"/>
        <line num="9" count="37" type="stmt"/>
        <line num="19" count="35" type="stmt"/>
        <line num="66" count="37" type="stmt"/>
        <line num="82" count="37" type="stmt"/>
        <line num="85" count="0" type="stmt"/>
        <line num="92" count="37" type="stmt"/>
        <line num="93" count="35" type="stmt"/>
        <line num="101" count="37" type="stmt"/>
        <line num="102" count="37" type="stmt"/>
      </file>
      <file name="index.js" path="/Users/acelakov/redhat/insights-inventory-frontend/src/components/GeneralInfo/SystemStatusCard/index.js">
        <metrics statements="0" coveredstatements="0" conditionals="0" coveredconditionals="0" methods="0" coveredmethods="0"/>
      </file>
    </package>
    <package name="src.components.GeneralInfo.TextInputModal">
      <metrics statements="17" coveredstatements="12" conditionals="14" coveredconditionals="9" methods="8" coveredmethods="4"/>
      <file name="TextInputModal.js" path="/Users/acelakov/redhat/insights-inventory-frontend/src/components/GeneralInfo/TextInputModal/TextInputModal.js">
        <metrics statements="17" coveredstatements="12" conditionals="14" coveredconditionals="9" methods="8" coveredmethods="4"/>
        <line num="16" count="725" type="stmt"/>
        <line num="17" count="725" type="stmt"/>
        <line num="21" count="4864" type="cond" truecount="2" falsecount="0"/>
        <line num="22" count="4834" type="stmt"/>
        <line num="25" count="30" type="cond" truecount="1" falsecount="1"/>
        <line num="26" count="0" type="stmt"/>
        <line num="29" count="30" type="stmt"/>
        <line num="45" count="4864" type="stmt"/>
        <line num="46" count="4864" type="stmt"/>
        <line num="48" count="4864" type="stmt"/>
        <line num="56" count="6" type="stmt"/>
        <line num="62" count="0" type="stmt"/>
        <line num="86" count="0" type="stmt"/>
        <line num="104" count="37" type="stmt"/>
        <line num="117" count="37" type="stmt"/>
        <line num="118" count="0" type="stmt"/>
        <line num="119" count="0" type="stmt"/>
      </file>
      <file name="index.js" path="/Users/acelakov/redhat/insights-inventory-frontend/src/components/GeneralInfo/TextInputModal/index.js">
        <metrics statements="0" coveredstatements="0" conditionals="0" coveredconditionals="0" methods="0" coveredmethods="0"/>
      </file>
    </package>
    <package name="src.components.GeneralInfo.dataMapper">
      <metrics statements="15" coveredstatements="7" conditionals="28" coveredconditionals="0" methods="11" coveredmethods="0"/>
      <file name="dataMapper.js" path="/Users/acelakov/redhat/insights-inventory-frontend/src/components/GeneralInfo/dataMapper/dataMapper.js">
        <metrics statements="15" coveredstatements="7" conditionals="28" coveredconditionals="0" methods="11" coveredmethods="0"/>
        <line num="14" count="37" type="stmt"/>
        <line num="27" count="37" type="stmt"/>
        <line num="40" count="37" type="cond" truecount="0" falsecount="1"/>
        <line num="60" count="0" type="cond" truecount="0" falsecount="3"/>
        <line num="61" count="0" type="stmt"/>
        <line num="67" count="0" type="cond" truecount="0" falsecount="2"/>
        <line num="82" count="37" type="cond" truecount="0" falsecount="1"/>
        <line num="90" count="0" type="stmt"/>
        <line num="102" count="37" type="cond" truecount="0" falsecount="1"/>
        <line num="122" count="0" type="stmt"/>
        <line num="137" count="37" type="stmt"/>
        <line num="139" count="0" type="stmt"/>
        <line num="154" count="0" type="stmt"/>
        <line num="187" count="37" type="cond" truecount="0" falsecount="2"/>
        <line num="194" count="0" type="stmt"/>
      </file>
      <file name="index.js" path="/Users/acelakov/redhat/insights-inventory-frontend/src/components/GeneralInfo/dataMapper/index.js">
        <metrics statements="0" coveredstatements="0" conditionals="0" coveredconditionals="0" methods="0" coveredmethods="0"/>
      </file>
    </package>
    <package name="src.components.GeneralInfo.selectors">
      <metrics statements="25" coveredstatements="20" conditionals="50" coveredconditionals="10" methods="15" coveredmethods="11"/>
      <file name="index.js" path="/Users/acelakov/redhat/insights-inventory-frontend/src/components/GeneralInfo/selectors/index.js">
        <metrics statements="0" coveredstatements="0" conditionals="0" coveredconditionals="0" methods="0" coveredmethods="0"/>
      </file>
      <file name="selectors.js" path="/Users/acelakov/redhat/insights-inventory-frontend/src/components/GeneralInfo/selectors/selectors.js">
        <metrics statements="25" coveredstatements="20" conditionals="50" coveredconditionals="10" methods="15" coveredmethods="11"/>
        <line num="5" count="0" type="stmt"/>
        <line num="6" count="0" type="stmt"/>
        <line num="8" count="0" type="stmt"/>
        <line num="12" count="37" type="cond" truecount="0" falsecount="1"/>
        <line num="18" count="37" type="stmt"/>
        <line num="30" count="35" type="stmt"/>
        <line num="42" count="0" type="stmt"/>
        <line num="54" count="37" type="stmt"/>
        <line num="64" count="35" type="stmt"/>
        <line num="73" count="37" type="cond" truecount="0" falsecount="1"/>
        <line num="77" count="35" type="stmt"/>
        <line num="83" count="37" type="cond" truecount="0" falsecount="1"/>
        <line num="97" count="37" type="stmt"/>
        <line num="106" count="35" type="stmt"/>
        <line num="120" count="37" type="cond" truecount="0" falsecount="1"/>
        <line num="125" count="35" type="stmt"/>
        <line num="132" count="37" type="cond" truecount="0" falsecount="1"/>
        <line num="135" count="0" type="stmt"/>
        <line num="140" count="37" type="stmt"/>
        <line num="141" count="280" type="cond" truecount="2" falsecount="0"/>
        <line num="148" count="37" type="stmt"/>
        <line num="149" count="70" type="stmt"/>
        <line num="150" count="350" type="stmt"/>
        <line num="151" count="280" type="stmt"/>
        <line num="163" count="37" type="cond" truecount="0" falsecount="1"/>
      </file>
    </package>
    <package name="src.components.GroupSystems">
      <metrics statements="147" coveredstatements="58" conditionals="86" coveredconditionals="35" methods="57" coveredmethods="23"/>
      <file name="GroupImmutableSystems.js" path="/Users/acelakov/redhat/insights-inventory-frontend/src/components/GroupSystems/GroupImmutableSystems.js">
        <metrics statements="83" coveredstatements="2" conditionals="40" coveredconditionals="0" methods="27" coveredmethods="0"/>
        <line num="37" count="18" type="stmt"/>
        <line num="38" count="0" type="stmt"/>
        <line num="39" count="0" type="stmt"/>
        <line num="40" count="0" type="cond" truecount="0" falsecount="2"/>
        <line num="43" count="0" type="cond" truecount="0" falsecount="2"/>
        <line num="46" count="0" type="stmt"/>
        <line num="47" count="0" type="stmt"/>
        <line num="48" count="0" type="stmt"/>
        <line num="50" count="0" type="stmt"/>
        <line num="53" count="0" type="stmt"/>
        <line num="54" count="0" type="stmt"/>
        <line num="55" count="0" type="cond" truecount="0" falsecount="4"/>
        <line num="59" count="0" type="stmt"/>
        <line num="63" count="0" type="stmt"/>
        <line num="64" count="0" type="stmt"/>
        <line num="65" count="0" type="stmt"/>
        <line num="67" count="0" type="stmt"/>
        <line num="68" count="0" type="cond" truecount="0" falsecount="2"/>
        <line num="71" count="0" type="cond" truecount="0" falsecount="2"/>
        <line num="73" count="0" type="stmt"/>
        <line num="74" count="0" type="stmt"/>
        <line num="76" count="0" type="stmt"/>
        <line num="78" count="0" type="stmt"/>
        <line num="79" count="0" type="stmt"/>
        <line num="80" count="0" type="stmt"/>
        <line num="84" count="0" type="stmt"/>
        <line num="85" count="0" type="stmt"/>
        <line num="86" count="0" type="stmt"/>
        <line num="87" count="0" type="stmt"/>
        <line num="93" count="0" type="stmt"/>
        <line num="95" count="0" type="stmt"/>
        <line num="101" count="0" type="stmt"/>
        <line num="102" count="0" type="stmt"/>
        <line num="107" count="0" type="stmt"/>
        <line num="108" count="0" type="stmt"/>
        <line num="109" count="0" type="cond" truecount="0" falsecount="2"/>
        <line num="110" count="0" type="stmt"/>
        <line num="111" count="0" type="stmt"/>
        <line num="112" count="0" type="cond" truecount="0" falsecount="2"/>
        <line num="113" count="0" type="stmt"/>
        <line num="114" count="0" type="stmt"/>
        <line num="115" count="0" type="stmt"/>
        <line num="118" count="0" type="stmt"/>
        <line num="123" count="0" type="stmt"/>
        <line num="130" count="0" type="stmt"/>
        <line num="131" count="0" type="stmt"/>
        <line num="132" count="0" type="stmt"/>
        <line num="136" count="0" type="cond" truecount="0" falsecount="2"/>
        <line num="139" count="0" type="stmt"/>
        <line num="140" count="0" type="stmt"/>
        <line num="141" count="0" type="stmt"/>
        <line num="142" count="0" type="stmt"/>
        <line num="144" count="0" type="stmt"/>
        <line num="151" count="0" type="stmt"/>
        <line num="161" count="0" type="stmt"/>
        <line num="162" count="0" type="cond" truecount="0" falsecount="6"/>
        <line num="163" count="0" type="stmt"/>
        <line num="164" count="0" type="stmt"/>
        <line num="165" count="0" type="stmt"/>
        <line num="166" count="0" type="stmt"/>
        <line num="168" count="0" type="cond" truecount="0" falsecount="2"/>
        <line num="169" count="0" type="stmt"/>
        <line num="171" count="0" type="stmt"/>
        <line num="173" count="0" type="stmt"/>
        <line num="174" count="0" type="stmt"/>
        <line num="176" count="0" type="stmt"/>
        <line num="180" count="0" type="stmt"/>
        <line num="186" count="0" type="stmt"/>
        <line num="187" count="0" type="stmt"/>
        <line num="212" count="0" type="stmt"/>
        <line num="217" count="0" type="stmt"/>
        <line num="224" count="0" type="stmt"/>
        <line num="233" count="0" type="stmt"/>
        <line num="234" count="0" type="stmt"/>
        <line num="252" count="0" type="stmt"/>
        <line num="253" count="0" type="stmt"/>
        <line num="273" count="0" type="stmt"/>
        <line num="274" count="0" type="stmt"/>
        <line num="287" count="0" type="stmt"/>
        <line num="288" count="0" type="stmt"/>
        <line num="308" count="0" type="stmt"/>
        <line num="309" count="0" type="stmt"/>
        <line num="325" count="18" type="stmt"/>
      </file>
      <file name="GroupSystems.js" path="/Users/acelakov/redhat/insights-inventory-frontend/src/components/GroupSystems/GroupSystems.js">
        <metrics statements="43" coveredstatements="41" conditionals="24" coveredconditionals="21" methods="15" coveredmethods="14"/>
        <line num="31" count="55" type="stmt"/>
        <line num="32" count="4887" type="stmt"/>
        <line num="33" count="4887" type="stmt"/>
        <line num="35" count="4887" type="stmt"/>
        <line num="36" count="4887" type="stmt"/>
        <line num="37" count="4887" type="stmt"/>
        <line num="39" count="4887" type="stmt"/>
        <line num="40" count="10634" type="cond" truecount="2" falsecount="0"/>
        <line num="42" count="10634" type="cond" truecount="2" falsecount="0"/>
        <line num="43" count="10634" type="stmt"/>
        <line num="44" count="4887" type="stmt"/>
        <line num="46" count="4887" type="stmt"/>
        <line num="48" count="4887" type="stmt"/>
        <line num="50" count="4887" type="stmt"/>
        <line num="54" count="4887" type="stmt"/>
        <line num="55" count="4887" type="stmt"/>
        <line num="56" count="4887" type="cond" truecount="1" falsecount="1"/>
        <line num="59" count="4887" type="cond" truecount="1" falsecount="1"/>
        <line num="63" count="4887" type="stmt"/>
        <line num="64" count="665" type="stmt"/>
        <line num="66" count="665" type="cond" truecount="4" falsecount="0"/>
        <line num="67" count="17" type="stmt"/>
        <line num="70" count="665" type="stmt"/>
        <line num="71" count="629" type="stmt"/>
        <line num="75" count="4887" type="cond" truecount="1" falsecount="1"/>
        <line num="77" count="4887" type="stmt"/>
        <line num="78" count="4887" type="stmt"/>
        <line num="89" count="676" type="stmt"/>
        <line num="91" count="676" type="stmt"/>
        <line num="104" count="4887" type="stmt"/>
        <line num="114" count="4887" type="stmt"/>
        <line num="120" count="0" type="stmt"/>
        <line num="121" count="0" type="stmt"/>
        <line num="138" count="1330" type="stmt"/>
        <line num="142" count="1144" type="stmt"/>
        <line num="159" count="29640" type="stmt"/>
        <line num="168" count="10" type="stmt"/>
        <line num="169" count="10" type="stmt"/>
        <line num="187" count="11" type="stmt"/>
        <line num="188" count="11" type="stmt"/>
        <line num="205" count="9" type="stmt"/>
        <line num="206" count="9" type="stmt"/>
        <line num="225" count="55" type="stmt"/>
      </file>
      <file name="helpers.js" path="/Users/acelakov/redhat/insights-inventory-frontend/src/components/GroupSystems/helpers.js">
        <metrics statements="16" coveredstatements="10" conditionals="12" coveredconditionals="7" methods="13" coveredmethods="7"/>
        <line num="5" count="63" type="stmt"/>
        <line num="11" count="1381" type="cond" truecount="2" falsecount="0"/>
        <line num="12" count="6650" type="stmt"/>
        <line num="16" count="1381" type="stmt"/>
        <line num="22" count="30514" type="cond" truecount="2" falsecount="0"/>
        <line num="30" count="1381" type="stmt"/>
        <line num="34" count="30514" type="stmt"/>
        <line num="45" count="1381" type="stmt"/>
        <line num="53" count="27671" type="stmt"/>
        <line num="57" count="63" type="stmt"/>
        <line num="63" count="0" type="cond" truecount="0" falsecount="2"/>
        <line num="64" count="0" type="stmt"/>
        <line num="66" count="0" type="stmt"/>
        <line num="70" count="0" type="stmt"/>
        <line num="81" count="0" type="stmt"/>
        <line num="91" count="0" type="stmt"/>
      </file>
      <file name="index.js" path="/Users/acelakov/redhat/insights-inventory-frontend/src/components/GroupSystems/index.js">
        <metrics statements="5" coveredstatements="5" conditionals="10" coveredconditionals="7" methods="2" coveredmethods="2"/>
        <line num="9" count="18" type="stmt"/>
        <line num="10" count="197" type="stmt"/>
        <line num="11" count="352" type="stmt"/>
        <line num="13" count="197" type="cond" truecount="4" falsecount="0"/>
        <line num="30" count="18" type="stmt"/>
      </file>
    </package>
    <package name="src.components.GroupsTable">
      <metrics statements="110" coveredstatements="92" conditionals="85" coveredconditionals="63" methods="37" coveredmethods="30"/>
      <file name="GroupsTable.js" path="/Users/acelakov/redhat/insights-inventory-frontend/src/components/GroupsTable/GroupsTable.js">
        <metrics statements="110" coveredstatements="92" conditionals="85" coveredconditionals="63" methods="37" coveredmethods="30"/>
        <line num="54" count="52" type="stmt"/>
        <line num="59" count="52" type="stmt"/>
        <line num="74" count="52" type="stmt"/>
        <line num="81" count="52" type="stmt"/>
        <line num="83" count="52" type="stmt"/>
[...]
        <line num="138" count="210" type="stmt"/>
        <line num="140" count="210" type="cond" truecount="2" falsecount="0"/>
        <line num="141" count="35" type="stmt"/>
        <line num="144" count="210" type="stmt"/>
        <line num="147" count="105" type="stmt"/>
        <line num="150" count="302" type="stmt"/>
        <line num="156" count="302" type="stmt"/>
        <line num="157" count="35" type="stmt"/>
        <line num="158" count="35" type="stmt"/>
        <line num="160" count="35" type="cond" truecount="2" falsecount="0"/>
        <line num="163" count="302" type="stmt"/>
        <line num="164" count="105" type="cond" truecount="2" falsecount="0"/>
        <line num="165" count="35" type="stmt"/>
        <line num="166" count="35" type="stmt"/>
        <line num="167" count="35" type="stmt"/>
        <line num="171" count="302" type="stmt"/>
        <line num="176" count="302" type="cond" truecount="2" falsecount="0"/>
        <line num="177" count="105" type="stmt"/>
        <line num="180" count="302" type="stmt"/>
        <line num="181" count="70" type="stmt"/>
        <line num="184" count="302" type="stmt"/>
        <line num="186" count="35" type="stmt"/>
        <line num="197" count="302" type="cond" truecount="2" falsecount="2"/>
        <line num="206" count="0" type="stmt"/>
        <line num="215" count="302" type="stmt"/>
        <line num="244" count="8" type="stmt"/>
        <line num="250" count="8" type="stmt"/>
      </file>
    </package>
    <package name="src.routes.InventoryComponents">
      <metrics statements="17" coveredstatements="16" conditionals="0" coveredconditionals="0" methods="5" coveredmethods="4"/>
      <file name="HybridInventory.js" path="/Users/acelakov/redhat/insights-inventory-frontend/src/routes/InventoryComponents/HybridInventory.js">
        <metrics statements="17" coveredstatements="16" conditionals="0" coveredconditionals="0" methods="5" coveredmethods="4"/>
        <line num="11" count="33" type="stmt"/>
        <line num="12" count="29" type="stmt"/>
        <line num="16" count="33" type="stmt"/>
        <line num="17" count="0" type="stmt"/>
        <line num="20" count="33" type="stmt"/>
        <line num="21" count="2061" type="stmt"/>
        <line num="31" count="33" type="stmt"/>
        <line num="32" count="2090" type="stmt"/>
        <line num="33" count="2061" type="stmt"/>
        <line num="34" count="1310" type="stmt"/>
        <line num="37" count="2061" type="stmt"/>
        <line num="38" count="2061" type="stmt"/>
        <line num="40" count="2061" type="stmt"/>
        <line num="41" count="2061" type="stmt"/>
        <line num="61" count="33" type="stmt"/>
        <line num="65" count="33" type="stmt"/>
        <line num="68" count="33" type="stmt"/>
      </file>
    </package>
    <package name="src.store">
      <metrics statements="249" coveredstatements="182" conditionals="216" coveredconditionals="106" methods="145" coveredmethods="74"/>
      <file name="action-types.js" path="/Users/acelakov/redhat/insights-inventory-frontend/src/store/action-types.js">
        <metrics statements="29" coveredstatements="29" conditionals="0" coveredconditionals="0" methods="3" coveredmethods="3"/>
        <line num="3" count="245" type="stmt"/>
        <line num="4" count="980" type="stmt"/>
        <line num="5" count="7840" type="stmt"/>
        <line num="16" count="245" type="stmt"/>
        <line num="18" count="245" type="stmt"/>
        <line num="27" count="245" type="stmt"/>
        <line num="41" count="245" type="stmt"/>
        <line num="48" count="245" type="stmt"/>
        <line num="49" count="735" type="stmt"/>
        <line num="53" count="245" type="stmt"/>
        <line num="54" count="245" type="stmt"/>
        <line num="57" count="245" type="stmt"/>
        <line num="58" count="245" type="stmt"/>
        <line num="59" count="245" type="stmt"/>
        <line num="60" count="245" type="stmt"/>
        <line num="61" count="245" type="stmt"/>
        <line num="62" count="245" type="stmt"/>
        <line num="63" count="245" type="stmt"/>
        <line num="65" count="245" type="stmt"/>
        <line num="66" count="245" type="stmt"/>
        <line num="67" count="245" type="stmt"/>
        <line num="68" count="245" type="stmt"/>
        <line num="69" count="245" type="stmt"/>
        <line num="70" count="245" type="stmt"/>
        <line num="71" count="245" type="stmt"/>
        <line num="72" count="245" type="stmt"/>
        <line num="73" count="245" type="stmt"/>
        <line num="74" count="245" type="stmt"/>
        <line num="75" count="245" type="stmt"/>
      </file>
      <file name="actions.js" path="/Users/acelakov/redhat/insights-inventory-frontend/src/store/actions.js">
        <metrics statements="11" coveredstatements="11" conditionals="0" coveredconditionals="0" methods="10" coveredmethods="6"/>
        <line num="15" count="245" type="stmt"/>
        <line num="31" count="245" type="stmt"/>
        <line num="38" count="245" type="stmt"/>
        <line num="39" count="655" type="stmt"/>
        <line num="44" count="245" type="stmt"/>
        <line num="61" count="245" type="stmt"/>
        <line num="69" count="245" type="stmt"/>
        <line num="77" count="245" type="stmt"/>
        <line num="82" count="245" type="stmt"/>
        <line num="99" count="1266" type="stmt"/>
        <line num="104" count="245" type="stmt"/>
      </file>
      <file name="entities.js" path="/Users/acelakov/redhat/insights-inventory-frontend/src/store/entities.js">
        <metrics statements="64" coveredstatements="38" conditionals="63" coveredconditionals="32" methods="38" coveredmethods="23"/>
        <line num="29" count="245" type="stmt"/>
        <line num="41" count="15141" type="stmt"/>
        <line num="47" count="50293" type="stmt"/>
        <line num="57" count="51167" type="cond" truecount="2" falsecount="0"/>
        <line num="72" count="59508" type="stmt"/>
        <line num="86" count="80807" type="stmt"/>
        <line num="107" count="80807" type="cond" truecount="1" falsecount="1"/>
        <line num="113" count="80807" type="stmt"/>
        <line num="142" count="3003" type="stmt"/>
        <line num="148" count="0" type="cond" truecount="0" falsecount="2"/>
        <line num="163" count="39" type="stmt"/>
        <line num="169" count="245" type="stmt"/>
        <line num="170" count="1266" type="stmt"/>
        <line num="191" count="2996" type="cond" truecount="2" falsecount="0"/>
        <line num="192" count="35" type="stmt"/>
        <line num="196" count="2961" type="cond" truecount="4" falsecount="1"/>
        <line num="197" count="0" type="stmt"/>
        <line num="200" count="2961" type="cond" truecount="2" falsecount="0"/>
        <line num="201" count="54" type="stmt"/>
        <line num="204" count="2907" type="stmt"/>
        <line num="210" count="55081" type="cond" truecount="1" falsecount="1"/>
        <line num="221" count="7" type="stmt"/>
        <line num="228" count="513" type="stmt"/>
        <line num="229" count="513" type="stmt"/>
        <line num="230" count="513" type="cond" truecount="1" falsecount="1"/>
        <line num="231" count="0" type="stmt"/>
        <line num="232" count="0" type="stmt"/>
        <line num="238" count="513" type="stmt"/>
        <line num="241" count="513" type="stmt"/>
        <line num="242" count="3269" type="stmt"/>
        <line num="243" count="513" type="cond" truecount="2" falsecount="0"/>
        <line num="244" count="412" type="stmt"/>
        <line num="246" count="1919" type="stmt"/>
        <line num="249" count="513" type="stmt"/>
        <line num="256" count="411" type="stmt"/>
        <line num="274" count="0" type="cond" truecount="0" falsecount="1"/>
        <line num="275" count="0" type="cond" truecount="0" falsecount="2"/>
        <line num="276" count="0" type="cond" truecount="0" falsecount="2"/>
        <line num="277" count="0" type="stmt"/>
        <line num="278" count="0" type="stmt"/>
        <line num="279" count="0" type="stmt"/>
        <line num="282" count="0" type="stmt"/>
        <line num="283" count="0" type="stmt"/>
        <line num="286" count="0" type="cond" truecount="0" falsecount="2"/>
        <line num="287" count="0" type="stmt"/>
        <line num="288" count="0" type="stmt"/>
        <line num="289" count="0" type="stmt"/>
        <line num="296" count="0" type="stmt"/>
        <line num="303" count="0" type="cond" truecount="0" falsecount="2"/>
        <line num="304" count="0" type="stmt"/>
        <line num="306" count="0" type="stmt"/>
        <line num="321" count="0" type="cond" truecount="0" falsecount="2"/>
        <line num="322" count="0" type="stmt"/>
        <line num="324" count="0" type="stmt"/>
        <line num="336" count="0" type="stmt"/>
        <line num="351" count="1785" type="cond" truecount="2" falsecount="0"/>
        <line num="352" count="196" type="stmt"/>
        <line num="355" count="1589" type="stmt"/>
        <line num="358" count="6550" type="stmt"/>
        <line num="359" count="6550" type="stmt"/>
        <line num="376" count="1788" type="stmt"/>
        <line num="390" count="0" type="stmt"/>
        <line num="400" count="1895" type="stmt"/>
        <line num="406" count="0" type="stmt"/>
      </file>
      <file name="entityDetails.js" path="/Users/acelakov/redhat/insights-inventory-frontend/src/store/entityDetails.js">
        <metrics statements="14" coveredstatements="4" conditionals="16" coveredconditionals="0" methods="11" coveredmethods="3"/>
        <line num="4" count="245" type="stmt"/>
        <line num="7" count="35" type="stmt"/>
        <line num="14" count="35" type="stmt"/>
        <line num="22" count="0" type="stmt"/>
        <line num="29" count="0" type="stmt"/>
        <line num="36" count="0" type="cond" truecount="0" falsecount="2"/>
        <line num="37" count="0" type="stmt"/>
        <line num="41" count="0" type="cond" truecount="0" falsecount="2"/>
        <line num="61" count="0" type="cond" truecount="0" falsecount="2"/>
        <line num="62" count="0" type="stmt"/>
        <line num="66" count="0" type="cond" truecount="0" falsecount="2"/>
        <line num="86" count="3003" type="stmt"/>
        <line num="97" count="0" type="stmt"/>
        <line num="99" count="0" type="stmt"/>
      </file>
      <file name="groupDetail.js" path="/Users/acelakov/redhat/insights-inventory-frontend/src/store/groupDetail.js">
        <metrics statements="5" coveredstatements="4" conditionals="0" coveredconditionals="0" methods="4" coveredmethods="3"/>
        <line num="4" count="245" type="stmt"/>
        <line num="16" count="115" type="stmt"/>
        <line num="23" count="111" type="stmt"/>
        <line num="33" count="0" type="stmt"/>
        <line num="43" count="135" type="stmt"/>
      </file>
      <file name="groups.js" path="/Users/acelakov/redhat/insights-inventory-frontend/src/store/groups.js">
        <metrics statements="4" coveredstatements="4" conditionals="0" coveredconditionals="0" methods="3" coveredmethods="3"/>
        <line num="4" count="245" type="stmt"/>
        <line num="16" count="1324" type="stmt"/>
        <line num="23" count="1314" type="stmt"/>
        <line num="33" count="8" type="stmt"/>
      </file>
      <file name="index.js" path="/Users/acelakov/redhat/insights-inventory-frontend/src/store/index.js">
        <metrics statements="8" coveredstatements="6" conditionals="5" coveredconditionals="1" methods="3" coveredmethods="1"/>
        <line num="25" count="245" type="stmt"/>
        <line num="31" count="245" type="cond" truecount="1" falsecount="1"/>
        <line num="35" count="245" type="stmt"/>
        <line num="36" count="3333" type="stmt"/>
        <line num="37" count="3333" type="stmt"/>
        <line num="56" count="245" type="cond" truecount="0" falsecount="1"/>
        <line num="57" count="0" type="stmt"/>
        <line num="63" count="0" type="stmt"/>
      </file>
      <file name="inventory-actions.js" path="/Users/acelakov/redhat/insights-inventory-frontend/src/store/inventory-actions.js">
        <metrics statements="41" coveredstatements="35" conditionals="52" coveredconditionals="30" methods="29" coveredmethods="12"/>
        <line num="28" count="245" type="stmt"/>
        <line num="34" count="3003" type="stmt"/>
        <line num="36" count="0" type="stmt"/>
        <line num="44" count="3003" type="stmt"/>
        <line num="45" count="12673" type="cond" truecount="3" falsecount="0"/>
        <line num="48" count="3003" type="cond" truecount="2" falsecount="0"/>
        <line num="68" count="3003" type="cond" truecount="1" falsecount="1"/>
        <line num="69" count="3003" type="cond" truecount="1" falsecount="1"/>
        <line num="71" count="3003" type="stmt"/>
        <line num="73" count="3003" type="stmt"/>
        <line num="86" count="2996" type="stmt"/>
        <line num="92" count="0" type="stmt"/>
        <line num="94" count="0" type="cond" truecount="0" falsecount="4"/>
        <line num="105" count="7" type="stmt"/>
        <line num="106" count="7" type="stmt"/>
        <line num="116" count="245" type="cond" truecount="0" falsecount="1"/>
        <line num="123" count="245" type="stmt"/>
        <line num="128" count="245" type="stmt"/>
        <line num="136" count="513" type="stmt"/>
        <line num="141" count="411" type="stmt"/>
        <line num="146" count="245" type="stmt"/>
        <line num="151" count="1895" type="cond" truecount="1" falsecount="0"/>
        <line num="156" count="245" type="stmt"/>
        <line num="160" count="245" type="stmt"/>
        <line num="165" count="245" type="stmt"/>
        <line num="179" count="245" type="stmt"/>
        <line num="193" count="245" type="stmt"/>
        <line num="202" count="245" type="stmt"/>
        <line num="207" count="245" type="stmt"/>
        <line num="211" count="1788" type="stmt"/>
        <line num="217" count="1324" type="stmt"/>
        <line num="225" count="245" type="stmt"/>
        <line num="230" count="245" type="cond" truecount="0" falsecount="1"/>
        <line num="235" count="245" type="stmt"/>
        <line num="251" count="245" type="stmt"/>
        <line num="256" count="245" type="stmt"/>
        <line num="257" count="0" type="stmt"/>
        <line num="264" count="245" type="stmt"/>
        <line num="265" count="0" type="stmt"/>
        <line num="271" count="245" type="stmt"/>
        <line num="272" count="0" type="stmt"/>
      </file>
      <file name="reducers.js" path="/Users/acelakov/redhat/insights-inventory-frontend/src/store/reducers.js">
        <metrics statements="43" coveredstatements="34" conditionals="34" coveredconditionals="25" methods="22" coveredmethods="15"/>
        <line num="23" count="245" type="stmt"/>
        <line num="26" count="0" type="stmt"/>
        <line num="34" count="35" type="stmt"/>
        <line num="41" count="513" type="cond" truecount="2" falsecount="0"/>
        <line num="42" count="513" type="cond" truecount="2" falsecount="0"/>
        <line num="43" count="424" type="cond" truecount="1" falsecount="1"/>
        <line num="44" count="0" type="stmt"/>
        <line num="45" count="0" type="stmt"/>
        <line num="47" count="424" type="cond" truecount="2" falsecount="0"/>
        <line num="48" count="513" type="stmt"/>
        <line num="51" count="1230" type="cond" truecount="2" falsecount="0"/>
        <line num="52" count="397" type="cond" truecount="1" falsecount="1"/>
        <line num="55" count="89" type="cond" truecount="2" falsecount="0"/>
        <line num="56" count="247" type="stmt"/>
        <line num="57" count="76" type="cond" truecount="2" falsecount="0"/>
        <line num="58" count="61" type="stmt"/>
        <line num="60" count="15" type="stmt"/>
        <line num="64" count="513" type="stmt"/>
        <line num="71" count="0" type="cond" truecount="0" falsecount="2"/>
        <line num="72" count="0" type="stmt"/>
        <line num="74" count="0" type="stmt"/>
        <line num="81" count="2996" type="cond" truecount="2" falsecount="0"/>
        <line num="82" count="35" type="stmt"/>
        <line num="85" count="2961" type="cond" truecount="2" falsecount="0"/>
        <line num="86" count="54" type="stmt"/>
        <line num="89" count="2907" type="stmt"/>
        <line num="94" count="55081" type="stmt"/>
        <line num="104" count="35" type="stmt"/>
        <line num="111" count="17" type="stmt"/>
        <line num="112" count="17" type="stmt"/>
        <line num="114" count="17" type="stmt"/>
        <line num="122" count="16" type="stmt"/>
        <line num="128" count="245" type="stmt"/>
        <line num="135" count="245" type="stmt"/>
        <line num="141" count="0" type="stmt"/>
        <line num="150" count="245" type="stmt"/>
        <line num="151" count="245" type="stmt"/>
        <line num="159" count="0" type="cond" truecount="0" falsecount="1"/>
        <line num="162" count="245" type="stmt"/>
        <line num="163" count="27833" type="stmt"/>
        <line num="180" count="0" type="cond" truecount="0" falsecount="1"/>
        <line num="183" count="245" type="stmt"/>
        <line num="184" count="27833" type="stmt"/>
      </file>
      <file name="registeryContext.js" path="/Users/acelakov/redhat/insights-inventory-frontend/src/store/registeryContext.js">
        <metrics statements="1" coveredstatements="1" conditionals="0" coveredconditionals="0" methods="1" coveredmethods="0"/>
        <line num="3" count="8" type="stmt"/>
      </file>
      <file name="system-issues-actions.js" path="/Users/acelakov/redhat/insights-inventory-frontend/src/store/system-issues-actions.js">
        <metrics statements="4" coveredstatements="4" conditionals="0" coveredconditionals="0" methods="4" coveredmethods="0"/>
        <line num="4" count="245" type="stmt"/>
        <line num="9" count="245" type="stmt"/>
        <line num="14" count="245" type="stmt"/>
        <line num="19" count="245" type="stmt"/>
      </file>
      <file name="systemIssues.js" path="/Users/acelakov/redhat/insights-inventory-frontend/src/store/systemIssues.js">
        <metrics statements="10" coveredstatements="0" conditionals="16" coveredconditionals="0" methods="10" coveredmethods="0"/>
        <line num="5" count="0" type="stmt"/>
        <line num="11" count="0" type="stmt"/>
        <line num="18" count="0" type="stmt"/>
        <line num="42" count="0" type="stmt"/>
        <line num="63" count="0" type="stmt"/>
        <line num="76" count="0" type="stmt"/>
        <line num="87" count="0" type="stmt"/>
        <line num="89" count="0" type="stmt"/>
        <line num="91" count="0" type="stmt"/>
        <line num="93" count="0" type="stmt"/>
      </file>
      <file name="systemProfileStore.js" path="/Users/acelakov/redhat/insights-inventory-frontend/src/store/systemProfileStore.js">
        <metrics statements="15" coveredstatements="12" conditionals="30" coveredconditionals="18" methods="7" coveredmethods="5"/>
        <line num="4" count="245" type="stmt"/>
        <line num="6" count="245" type="stmt"/>
        <line num="9" count="245" type="stmt"/>
        <line num="10" count="35" type="cond" truecount="3" falsecount="1"/>
        <line num="11" count="0" type="stmt"/>
        <line num="14" count="35" type="stmt"/>
        <line num="15" count="35" type="stmt"/>
        <line num="21" count="35" type="stmt"/>
        <line num="30" count="35" type="stmt"/>
        <line num="33" count="0" type="stmt"/>
        <line num="49" count="35" type="stmt"/>
        <line num="52" count="0" type="stmt"/>
        <line num="64" count="35" type="cond" truecount="3" falsecount="1"/>
        <line num="66" count="35" type="cond" truecount="4" falsecount="0"/>
        <line num="70" count="35" type="stmt"/>
      </file>
    </package>
  </project>
</coverage>
