TN:
SF:src/ApplicationTab.js
FN:14,(anonymous_0)
FNF:1
FNH:0
FNDA:0,(anonymous_0)
DA:14,8
DA:15,0
DA:21,0
DA:29,0
DA:31,0
DA:49,8
LF:6
LH:2
BRDA:31,0,0,0
BRDA:31,0,1,0
BRDA:31,1,0,0
BRDA:31,1,1,0
BRDA:31,1,2,0
BRF:5
BRH:0
end_of_record
TN:
SF:src/Contexts.js
FNF:0
FNH:0
DA:3,96
LF:1
LH:1
BRF:0
BRH:0
end_of_record
TN:
SF:src/constants.js
FN:8,(anonymous_0)
FN:16,(anonymous_1)
FN:41,(anonymous_2)
FN:47,(anonymous_3)
FN:51,(anonymous_4)
FN:53,(anonymous_5)
FN:55,(anonymous_6)
FN:69,(anonymous_7)
FN:73,(anonymous_8)
FN:75,(anonymous_9)
FN:85,(anonymous_10)
FN:93,(anonymous_11)
FN:106,(anonymous_12)
FN:106,(anonymous_13)
FN:135,(anonymous_14)
FN:145,(anonymous_15)
FN:194,(anonymous_16)
FN:209,(anonymous_17)
FN:224,(anonymous_18)
FN:237,(anonymous_19)
FNF:20
FNH:6
FNDA:0,(anonymous_0)
FNDA:0,(anonymous_1)
FNDA:0,(anonymous_2)
FNDA:70,(anonymous_3)
FNDA:0,(anonymous_4)
FNDA:0,(anonymous_5)
FNDA:0,(anonymous_6)
FNDA:0,(anonymous_7)
FNDA:0,(anonymous_8)
FNDA:0,(anonymous_9)
FNDA:0,(anonymous_10)
FNDA:0,(anonymous_11)
FNDA:0,(anonymous_12)
FNDA:0,(anonymous_13)
FNDA:2651,(anonymous_14)
FNDA:0,(anonymous_15)
FNDA:717,(anonymous_16)
FNDA:762179,(anonymous_17)
FNDA:55468,(anonymous_18)
FNDA:315,(anonymous_19)
DA:8,245
DA:9,0
DA:10,0
DA:11,0
DA:12,0
DA:15,0
DA:16,0
DA:17,0
DA:23,0
DA:34,0
DA:35,0
DA:38,0
DA:41,245
DA:42,0
DA:47,245
DA:48,70
DA:51,245
DA:52,0
DA:54,0
DA:57,0
DA:58,0
DA:69,245
DA:73,0
DA:75,0
DA:76,0
DA:78,0
DA:79,0
DA:86,0
DA:93,245
DA:98,0
DA:99,0
DA:101,0
DA:103,0
DA:106,0
DA:109,0
DA:120,0
DA:127,245
DA:135,245
DA:136,2651
DA:137,2651
DA:138,2651
DA:139,2651
DA:143,2651
DA:146,0
DA:147,0
DA:148,0
DA:149,0
DA:150,0
DA:151,0
DA:153,0
DA:163,2651
DA:164,2651
DA:165,2651
DA:166,2651
DA:167,2651
DA:168,2651
DA:169,2651
DA:170,2651
DA:175,2651
DA:192,245
DA:194,717
DA:209,762179
DA:224,55468
DA:237,315
DA:253,245
DA:255,245
DA:257,245
DA:259,245
DA:261,245
DA:263,245
DA:265,245
DA:266,245
DA:267,245
DA:268,245
DA:269,245
DA:270,245
DA:271,245
DA:275,245
DA:276,245
DA:277,245
DA:278,245
DA:280,245
LF:82
LH:46
BRDA:10,0,0,0
BRDA:10,0,1,0
BRDA:15,1,0,0
BRDA:17,2,0,0
BRDA:17,2,1,0
BRDA:24,3,0,0
BRDA:24,3,1,0
BRDA:25,4,0,0
BRDA:25,4,1,0
BRDA:34,5,0,0
BRDA:34,5,1,0
BRDA:41,6,0,0
BRDA:41,7,0,0
BRDA:48,8,0,70
BRDA:48,8,1,70
BRDA:51,9,0,0
BRDA:51,10,0,0
BRDA:54,11,0,0
BRDA:54,11,1,0
BRDA:57,12,0,0
BRDA:57,12,1,0
BRDA:57,12,2,0
BRDA:59,13,0,0
BRDA:59,13,1,0
BRDA:60,14,0,0
BRDA:60,14,1,0
BRDA:70,15,0,0
BRDA:71,16,0,0
BRDA:72,17,0,0
BRDA:73,18,0,0
BRDA:76,19,0,0
BRDA:76,19,1,0
BRDA:78,20,0,0
BRDA:78,20,1,0
BRDA:78,20,2,0
BRDA:82,21,0,0
BRDA:82,21,1,0
BRDA:84,22,0,0
BRDA:84,22,1,0
BRDA:87,23,0,0
BRDA:87,23,1,0
BRDA:88,24,0,0
BRDA:88,24,1,0
BRDA:94,25,0,0
BRDA:95,26,0,0
BRDA:96,27,0,0
BRDA:98,28,0,0
BRDA:98,28,1,0
BRDA:103,29,0,0
BRDA:103,29,1,0
BRDA:103,29,2,0
BRDA:109,30,0,0
BRDA:109,30,1,0
BRDA:109,31,0,0
BRDA:109,31,1,0
BRDA:109,31,2,0
BRDA:109,31,3,0
BRDA:146,32,0,0
BRDA:146,32,1,0
BRDA:172,33,0,666
BRDA:172,33,1,1985
BRF:61
BRH:4
end_of_record
TN:
SF:src/Utilities/AccessDenied.js
FN:6,(anonymous_0)
FNF:1
FNH:1
FNDA:118,(anonymous_0)
DA:6,152
DA:7,118
DA:15,152
DA:21,152
LF:4
LH:4
BRF:0
BRH:0
end_of_record
TN:
SF:src/Utilities/ChromeLoader.js
FN:5,(anonymous_0)
FN:10,(anonymous_1)
FNF:2
FNH:2
FNDA:6,(anonymous_0)
FNDA:6,(anonymous_1)
DA:5,13
DA:6,6
DA:8,6
DA:11,6
DA:12,6
DA:15,0
DA:21,13
LF:7
LH:6
BRDA:11,0,0,6
BRDA:11,0,1,0
BRF:2
BRH:1
end_of_record
TN:
SF:src/Utilities/DeleteModal.js
FN:17,(anonymous_0)
FN:42,(anonymous_1)
FN:83,(anonymous_2)
FN:111,(anonymous_3)
FN:112,(anonymous_4)
FNF:5
FNH:1
FNDA:4758,(anonymous_0)
FNDA:0,(anonymous_1)
FNDA:0,(anonymous_2)
FNDA:0,(anonymous_3)
FNDA:0,(anonymous_4)
DA:17,245
DA:24,4758
DA:25,4758
DA:26,512
DA:30,512
DA:32,4246
DA:35,4758
DA:42,0
DA:83,0
DA:93,245
DA:98,245
DA:108,245
DA:111,0
DA:112,0
LF:14
LH:10
BRDA:25,0,0,512
BRDA:25,0,1,4246
BRDA:27,1,0,250
BRDA:27,1,1,262
BRDA:30,2,0,250
BRDA:30,2,1,262
BRDA:44,3,0,4758
BRDA:44,3,1,4758
BRF:8
BRH:8
end_of_record
TN:
SF:src/Utilities/InsightsDisconnected.js
FN:8,(anonymous_0)
FNF:1
FNH:1
FNDA:80807,(anonymous_0)
DA:8,245
DA:9,80807
LF:2
LH:2
BRF:0
BRH:0
end_of_record
TN:
SF:src/Utilities/OperatingSystemFormatter.js
FN:4,(anonymous_0)
FNF:1
FNH:1
FNDA:80842,(anonymous_0)
DA:4,245
DA:5,80842
DA:10,35
DA:15,35
DA:22,80807
DA:29,245
LF:6
LH:6
BRDA:5,0,0,35
BRDA:5,0,1,80807
BRDA:6,1,0,80842
BRDA:6,1,1,80807
BRDA:10,2,0,35
BRDA:10,2,1,35
BRDA:10,2,2,35
BRDA:10,2,3,0
BRDA:24,3,0,80807
BRDA:24,3,1,80807
BRF:10
BRH:9
end_of_record
TN:
SF:src/Utilities/TagWithDialog.js
FN:7,(anonymous_0)
FN:9,(anonymous_1)
FN:13,(anonymous_2)
FN:23,(anonymous_3)
FN:24,(anonymous_4)
FN:32,(anonymous_5)
FNF:6
FNH:3
FNDA:59543,(anonymous_0)
FNDA:0,(anonymous_1)
FNDA:0,(anonymous_2)
FNDA:59543,(anonymous_3)
FNDA:0,(anonymous_4)
FNDA:102977,(anonymous_5)
DA:7,245
DA:8,59543
DA:9,0
DA:13,0
DA:17,245
DA:23,59543
DA:25,0
DA:26,0
DA:27,0
DA:32,102977
LF:10
LH:5
BRDA:25,0,0,0
BRDA:25,0,1,0
BRF:2
BRH:0
end_of_record
TN:
SF:src/Utilities/TagsModal.js
FN:11,(anonymous_0)
FN:18,(anonymous_1)
FN:21,(anonymous_2)
FN:30,(anonymous_3)
FN:34,(anonymous_4)
FN:39,(anonymous_5)
FN:45,(anonymous_6)
FN:46,(anonymous_7)
FN:57,(anonymous_8)
FN:57,(anonymous_9)
FN:62,(anonymous_10)
FN:65,(anonymous_11)
FN:66,(anonymous_12)
FN:71,(anonymous_13)
FN:75,(anonymous_14)
FN:79,(anonymous_15)
FN:100,(anonymous_16)
FN:103,(anonymous_17)
FN:110,(anonymous_18)
FN:125,(anonymous_19)
FN:132,(anonymous_20)
FN:139,(anonymous_21)
FN:141,(anonymous_22)
FN:168,(anonymous_23)
FNF:24
FNH:11
FNDA:18811,(anonymous_0)
FNDA:31812,(anonymous_1)
FNDA:31812,(anonymous_2)
FNDA:31812,(anonymous_3)
FNDA:31812,(anonymous_4)
FNDA:31812,(anonymous_5)
FNDA:0,(anonymous_6)
FNDA:0,(anonymous_7)
FNDA:47660,(anonymous_8)
FNDA:47660,(anonymous_9)
FNDA:31812,(anonymous_10)
FNDA:0,(anonymous_11)
FNDA:0,(anonymous_12)
FNDA:2006,(anonymous_13)
FNDA:0,(anonymous_14)
FNDA:0,(anonymous_15)
FNDA:27310,(anonymous_16)
FNDA:0,(anonymous_17)
FNDA:0,(anonymous_18)
FNDA:0,(anonymous_19)
FNDA:0,(anonymous_20)
FNDA:0,(anonymous_21)
FNDA:0,(anonymous_22)
FNDA:0,(anonymous_23)
DA:11,245
DA:12,18811
DA:13,18811
DA:14,18811
DA:15,18811
DA:17,18811
DA:18,31812
DA:21,18811
DA:22,31812
DA:23,105
DA:26,31707
DA:29,18811
DA:31,31812
DA:34,18811
DA:35,31812
DA:39,18811
DA:41,31812
DA:43,31812
DA:44,105
DA:46,0
DA:47,0
DA:56,31707
DA:57,47660
DA:62,18811
DA:63,31812
DA:66,0
DA:68,31812
DA:71,18811
DA:72,2006
DA:75,18811
DA:76,0
DA:77,0
DA:79,0
DA:83,18811
DA:87,18811
DA:100,27310
DA:103,0
DA:111,0
DA:112,0
DA:113,0
DA:114,0
DA:115,0
DA:126,0
DA:127,0
DA:132,0
DA:139,0
DA:141,0
DA:153,245
DA:166,245
DA:168,0
LF:50
LH:32
BRDA:18,0,0,31812
BRDA:18,0,1,0
BRDA:22,1,0,105
BRDA:22,1,1,31707
BRDA:22,2,0,31812
BRDA:22,2,1,31812
BRDA:26,3,0,31707
BRDA:26,3,1,18771
BRDA:31,4,0,31812
BRDA:31,4,1,19956
BRDA:35,5,0,0
BRDA:35,5,1,31812
BRDA:41,6,0,31812
BRDA:41,6,1,31812
BRDA:43,7,0,105
BRDA:43,7,1,31707
BRDA:64,8,0,31812
BRDA:64,8,1,31812
BRDA:68,9,0,105
BRDA:68,9,1,31707
BRDA:76,10,0,0
BRDA:76,10,1,0
BRDA:93,11,0,18811
BRDA:93,11,1,6568
BRDA:100,12,0,6568
BRDA:100,12,1,0
BRDA:138,13,0,18811
BRDA:138,13,1,18706
BRDA:141,14,0,0
BRDA:141,14,1,0
BRDA:145,15,0,105
BRDA:145,15,1,18706
BRF:32
BRH:25
end_of_record
TN:
SF:src/Utilities/URLSearchParams.js
FN:5,(anonymous_0)
FN:8,(anonymous_1)
FN:9,(anonymous_2)
FN:19,(anonymous_3)
FN:22,(anonymous_4)
FN:24,(anonymous_5)
FN:26,(anonymous_6)
FN:30,(anonymous_7)
FNF:8
FNH:8
FNDA:1792,(anonymous_0)
FNDA:4786,(anonymous_1)
FNDA:4786,(anonymous_2)
FNDA:7263,(anonymous_3)
FNDA:1344,(anonymous_4)
FNDA:4828,(anonymous_5)
FNDA:1344,(anonymous_6)
FNDA:4828,(anonymous_7)
DA:5,52
DA:6,1792
DA:8,4786
DA:10,4786
DA:11,4786
DA:14,1792
DA:15,1792
DA:16,1792
DA:19,52
DA:20,7263
DA:21,7263
DA:24,4828
DA:28,1344
DA:30,4828
DA:32,1344
DA:38,7263
LF:16
LH:16
BRDA:5,0,0,0
BRDA:11,1,0,420
BRDA:11,1,1,4366
BRDA:19,2,0,0
BRDA:34,3,0,757
BRDA:34,3,1,587
BRF:6
BRH:4
end_of_record
TN:
SF:src/Utilities/Wrapper.js
FN:6,(anonymous_0)
FNF:1
FNH:0
FNDA:0,(anonymous_0)
DA:6,245
DA:13,0
DA:19,0
DA:32,245
LF:4
LH:2
BRDA:22,0,0,0
BRDA:22,0,1,0
BRF:2
BRH:0
end_of_record
TN:
SF:src/Utilities/constants.js
FN:34,subtractDate
FN:135,filterToGroup
FN:137,(anonymous_2)
FN:140,(anonymous_3)
FN:162,(anonymous_4)
FN:164,(anonymous_5)
FN:186,reduceFilters
FN:188,(anonymous_7)
FN:208,(anonymous_8)
FN:222,(anonymous_9)
FN:223,(anonymous_10)
FN:231,(anonymous_11)
FN:233,(anonymous_12)
FNF:13
FNH:6
FNDA:1225,subtractDate
FNDA:0,filterToGroup
FNDA:0,(anonymous_2)
FNDA:0,(anonymous_3)
FNDA:0,(anonymous_4)
FNDA:0,(anonymous_5)
FNDA:1982,reduceFilters
FNDA:48,(anonymous_7)
FNDA:48,(anonymous_8)
FNDA:0,(anonymous_9)
FNDA:0,(anonymous_10)
FNDA:86976,(anonymous_11)
FNDA:5434,(anonymous_12)
DA:3,245
DA:4,245
DA:5,245
DA:6,245
DA:7,245
DA:8,245
DA:9,245
DA:10,245
DA:11,245
DA:12,245
DA:13,245
DA:15,245
DA:16,245
DA:17,245
DA:19,245
DA:20,245
DA:21,245
DA:23,245
DA:25,245
DA:26,245
DA:28,245
DA:29,245
DA:30,245
DA:31,245
DA:33,245
DA:35,1225
DA:36,1225
DA:37,1225
DA:40,245
DA:46,245
DA:47,245
DA:73,245
DA:92,245
DA:109,245
DA:111,245
DA:116,245
DA:122,245
DA:124,245
DA:136,0
DA:137,0
DA:140,0
DA:162,245
DA:163,0
DA:164,0
DA:187,1982
DA:189,48
DA:190,16
DA:191,32
DA:192,0
DA:198,32
DA:208,48
DA:210,32
DA:222,245
DA:223,0
DA:224,0
DA:225,0
DA:228,0
DA:231,86976
DA:233,245
DA:245,5434
DA:296,245
DA:298,245
LF:62
LH:52
BRDA:135,0,0,0
BRDA:135,1,0,0
BRDA:167,2,0,0
BRDA:167,2,1,0
BRDA:168,3,0,0
BRDA:168,3,1,0
BRDA:171,4,0,0
BRDA:171,4,1,0
BRDA:172,5,0,0
BRDA:172,5,1,0
BRDA:175,6,0,0
BRDA:175,6,1,0
BRDA:177,7,0,0
BRDA:177,7,1,0
BRDA:177,8,0,0
BRDA:177,8,1,0
BRDA:186,9,0,0
BRDA:189,10,0,16
BRDA:189,10,1,32
BRDA:191,11,0,0
BRDA:191,11,1,32
BRDA:212,12,0,32
BRDA:212,12,1,32
BRDA:231,13,0,86976
BRDA:231,13,1,69998
BRDA:246,14,0,5434
BRDA:246,14,1,0
BRDA:247,15,0,0
BRDA:247,15,1,0
BRDA:249,16,0,5434
BRDA:249,16,1,0
BRDA:250,17,0,0
BRDA:250,17,1,0
BRDA:252,18,0,5434
BRDA:252,18,1,0
BRDA:253,19,0,0
BRDA:253,19,1,0
BRDA:255,20,0,5434
BRDA:255,20,1,16
BRDA:257,21,0,16
BRDA:257,21,1,0
BRDA:259,22,0,5434
BRDA:259,22,1,5434
BRDA:259,22,2,5434
BRDA:259,22,3,16
BRDA:259,22,4,16
BRDA:263,23,0,5434
BRDA:263,23,1,5434
BRDA:263,23,2,5434
BRDA:263,23,3,16
BRDA:263,23,4,16
BRDA:267,24,0,5434
BRDA:267,24,1,5434
BRDA:267,24,2,0
BRDA:271,25,0,5434
BRDA:271,25,1,0
BRDA:272,26,0,0
BRDA:272,26,1,0
BRDA:274,27,0,5434
BRDA:274,27,1,0
BRDA:275,28,0,0
BRDA:275,28,1,0
BRDA:279,29,0,5434
BRDA:279,29,1,0
BRDA:280,30,0,0
BRDA:280,30,1,0
BRDA:284,31,0,5434
BRDA:284,31,1,0
BRDA:285,32,0,0
BRDA:285,32,1,0
BRDA:289,33,0,5434
BRDA:289,33,1,0
BRDA:290,34,0,0
BRDA:290,34,1,0
BRF:74
BRH:30
end_of_record
TN:
SF:src/Utilities/edge.js
FN:12,(anonymous_0)
FN:14,(anonymous_1)
FN:22,(anonymous_2)
FN:30,(anonymous_3)
FN:38,(anonymous_4)
FN:53,(anonymous_5)
FN:60,(anonymous_6)
FN:67,(anonymous_7)
FN:81,(anonymous_8)
FN:87,(anonymous_9)
FN:89,(anonymous_10)
FNF:11
FNH:0
FNDA:0,(anonymous_0)
FNDA:0,(anonymous_1)
FNDA:0,(anonymous_2)
FNDA:0,(anonymous_3)
FNDA:0,(anonymous_4)
FNDA:0,(anonymous_5)
FNDA:0,(anonymous_6)
FNDA:0,(anonymous_7)
FNDA:0,(anonymous_8)
FNDA:0,(anonymous_9)
FNDA:0,(anonymous_10)
DA:10,63
DA:12,63
DA:13,0
DA:15,0
DA:23,0
DA:31,0
DA:39,0
DA:53,63
DA:54,0
DA:57,0
DA:60,63
DA:61,0
DA:64,0
DA:67,63
DA:68,0
DA:80,63
DA:81,63
DA:82,0
DA:87,63
DA:88,0
DA:89,0
DA:90,0
DA:92,0
LF:23
LH:8
BRDA:44,0,0,0
BRDA:44,0,1,0
BRF:2
BRH:0
end_of_record
TN:
SF:src/Utilities/index.js
FNF:0
FNH:0
LF:0
LH:0
BRF:0
BRH:0
end_of_record
TN:
SF:src/Utilities/path.js
FN:1,getBaseName
FN:10,resolveRelPath
FNF:2
FNH:0
FNDA:0,getBaseName
FNDA:0,resolveRelPath
DA:2,0
DA:3,0
DA:5,0
DA:7,0
DA:11,0
LF:5
LH:0
BRDA:10,0,0,0
BRDA:11,1,0,0
BRDA:11,1,1,0
BRF:3
BRH:0
end_of_record
TN:
SF:src/Utilities/sharedFunctions.js
FN:3,(anonymous_0)
FN:9,(anonymous_1)
FN:30,(anonymous_2)
FN:43,(anonymous_3)
FNF:4
FNH:4
FNDA:630,(anonymous_0)
FNDA:315,(anonymous_1)
FNDA:81087,(anonymous_2)
FNDA:3003,(anonymous_3)
DA:3,245
DA:4,630
DA:6,630
DA:9,245
DA:10,315
DA:11,315
DA:13,315
DA:14,315
DA:16,315
DA:17,315
DA:18,0
DA:22,0
DA:23,0
DA:24,0
DA:26,0
DA:30,245
DA:32,81087
DA:33,35
DA:34,81052
DA:35,245
DA:39,80807
DA:43,245
DA:45,3003
DA:52,3003
DA:69,3003
LF:25
LH:20
BRDA:3,0,0,630
BRDA:16,1,0,315
BRDA:16,1,1,0
BRDA:18,2,0,0
BRDA:18,2,1,0
BRDA:19,3,0,0
BRDA:19,3,1,0
BRDA:23,4,0,0
BRDA:23,4,1,0
BRDA:23,5,0,0
BRDA:23,5,1,0
BRDA:32,6,0,35
BRDA:32,6,1,81052
BRDA:34,7,0,245
BRDA:34,7,1,80807
BRDA:45,8,0,0
BRDA:45,8,1,3003
BRDA:53,9,0,3003
BRDA:53,9,1,0
BRDA:58,10,0,3003
BRDA:58,10,1,661
BRDA:59,11,0,3003
BRDA:59,11,1,3003
BRDA:61,12,0,3003
BRDA:61,12,1,3003
BRDA:63,13,0,3003
BRDA:63,13,1,0
BRF:27
BRH:15
end_of_record
TN:
SF:src/Utilities/useFeatureFlag.js
FN:3,(anonymous_0)
FNF:1
FNH:1
FNDA:113005,(anonymous_0)
DA:4,113005
DA:5,112992
DA:6,112992
LF:3
LH:3
BRDA:6,0,0,76043
BRDA:6,0,1,36949
BRF:2
BRH:2
end_of_record
TN:
SF:src/Utilities/hooks/useBulkSelectConfig.js
FN:11,(anonymous_0)
FN:23,(anonymous_1)
FN:25,(anonymous_2)
FN:26,(anonymous_3)
FN:29,(anonymous_4)
FN:36,(anonymous_5)
FN:37,(anonymous_6)
FN:39,(anonymous_7)
FN:41,(anonymous_8)
FN:45,(anonymous_9)
FN:67,(anonymous_10)
FN:76,(anonymous_11)
FN:84,(anonymous_12)
FN:92,(anonymous_13)
FNF:14
FNH:9
FNDA:9888,(anonymous_0)
FNDA:52,(anonymous_1)
FNDA:0,(anonymous_2)
FNDA:20486,(anonymous_3)
FNDA:0,(anonymous_4)
FNDA:9888,(anonymous_5)
FNDA:3897,(anonymous_6)
FNDA:47981,(anonymous_7)
FNDA:0,(anonymous_8)
FNDA:0,(anonymous_9)
FNDA:12,(anonymous_10)
FNDA:14,(anonymous_11)
FNDA:0,(anonymous_12)
FNDA:26,(anonymous_13)
DA:11,92
DA:20,9888
DA:21,9888
DA:22,9888
DA:23,9888
DA:24,52
DA:25,9888
DA:26,20486
DA:27,9888
DA:29,9888
DA:30,0
DA:32,0
DA:33,0
DA:36,9888
DA:37,9888
DA:39,47981
DA:41,9888
DA:42,0
DA:45,9888
DA:46,0
DA:47,0
DA:56,0
DA:57,0
DA:58,0
DA:61,9888
DA:67,12
DA:76,14
DA:85,0
DA:93,26
LF:29
LH:19
BRDA:25,0,0,0
BRDA:25,0,1,0
BRDA:27,1,0,5737
BRDA:27,1,1,4151
BRDA:36,2,0,1922
BRDA:37,3,0,6868
BRDA:37,3,1,3020
BRDA:37,4,0,3897
BRDA:37,4,1,3029
BRDA:39,5,0,3020
BRDA:39,5,1,578
BRDA:39,6,0,47981
BRDA:39,6,1,31489
BRDA:45,7,0,0
BRDA:49,8,0,0
BRDA:49,8,1,0
BRDA:52,9,0,0
BRDA:52,9,1,0
BRDA:63,10,0,5737
BRDA:63,10,1,4151
BRDA:71,11,0,3047
BRDA:71,11,1,6841
BRDA:71,12,0,9888
BRDA:71,12,1,6560
BRDA:71,12,2,6560
BRDA:73,13,0,27
BRDA:73,13,1,3020
BRDA:75,14,0,0
BRDA:75,14,1,3047
BRDA:81,15,0,3047
BRDA:81,15,1,6841
BRDA:81,16,0,9888
BRDA:81,16,1,6560
BRDA:81,16,2,6560
BRDA:83,17,0,0
BRDA:83,17,1,3047
BRDA:95,18,0,0
BRDA:95,18,1,9888
BRF:38
BRH:28
end_of_record
TN:
SF:src/Utilities/hooks/useFetchBatched.js
FN:3,(anonymous_0)
FN:8,(anonymous_1)
FN:13,(anonymous_2)
FN:13,(anonymous_3)
FN:20,(anonymous_4)
FN:25,(anonymous_5)
FN:25,(anonymous_6)
FN:34,(anonymous_7)
FN:45,(anonymous_8)
FN:45,(anonymous_9)
FNF:10
FNH:10
FNDA:36626,(anonymous_0)
FNDA:37,(anonymous_1)
FNDA:74,(anonymous_2)
FNDA:74,(anonymous_3)
FNDA:243,(anonymous_4)
FNDA:338,(anonymous_5)
FNDA:338,(anonymous_6)
FNDA:1344,(anonymous_7)
FNDA:1344,(anonymous_8)
FNDA:1344,(anonymous_9)
DA:3,206
DA:4,36626
DA:6,36626
DA:9,37
DA:11,37
DA:13,74
DA:14,74
DA:18,37
DA:21,243
DA:23,243
DA:25,338
DA:26,338
DA:32,243
DA:41,1344
DA:43,1344
DA:45,1344
DA:46,1344
DA:53,1344
LF:18
LH:18
BRDA:8,0,0,37
BRDA:9,1,0,37
BRDA:9,1,1,0
BRDA:20,2,0,243
BRDA:21,3,0,243
BRDA:21,3,1,0
BRDA:38,4,0,0
BRDA:39,5,0,0
BRDA:41,6,0,1344
BRDA:41,6,1,0
BRF:10
BRH:5
end_of_record
TN:
SF:src/Utilities/hooks/useFetchOperatingSystems.js
FN:9,(anonymous_0)
FN:19,(anonymous_1)
FN:38,(anonymous_2)
FN:39,(anonymous_3)
FN:49,(anonymous_4)
FNF:5
FNH:5
FNDA:18761,(anonymous_0)
FNDA:1982,(anonymous_1)
FNDA:1982,(anonymous_2)
FNDA:1982,(anonymous_3)
FNDA:1868,(anonymous_4)
DA:4,138
DA:9,138
DA:15,18761
DA:17,18761
DA:19,18761
DA:20,1982
DA:22,1982
DA:23,1982
DA:25,1982
DA:26,1982
DA:28,0
DA:29,0
DA:38,18761
DA:39,1982
DA:40,1982
DA:41,1982
DA:42,1982
DA:49,1982
DA:50,1868
DA:51,1868
DA:55,18761
LF:21
LH:19
BRDA:10,0,0,0
BRDA:20,1,0,0
BRDA:20,1,1,1982
BRDA:22,2,0,1982
BRDA:22,2,1,1982
BRDA:41,3,0,1982
BRDA:41,3,1,0
BRDA:43,4,0,1982
BRDA:43,4,1,41
BRF:9
BRH:6
end_of_record
TN:
SF:src/Utilities/hooks/usePromiseQueue.js
FN:6,(anonymous_0)
FN:13,(anonymous_1)
FN:14,(anonymous_2)
FNF:3
FNH:3
FNDA:36626,(anonymous_0)
FNDA:1624,(anonymous_1)
FNDA:1624,(anonymous_2)
DA:4,206
DA:6,206
DA:7,36626
DA:12,36626
DA:14,1624
DA:18,1624
DA:21,1623
DA:26,1623
DA:31,36626
LF:9
LH:9
BRDA:6,0,0,36626
BRF:1
BRH:1
end_of_record
TN:
SF:src/Utilities/hooks/useWorkspaceFeatureFlag.js
FN:3,(anonymous_0)
FNF:1
FNH:1
FNDA:52546,(anonymous_0)
DA:3,224
DA:4,52546
LF:2
LH:2
BRF:0
BRH:0
end_of_record
TN:
SF:src/__factories__/groups.js
FN:3,(anonymous_0)
FN:4,(anonymous_1)
FN:21,(anonymous_2)
FNF:3
FNH:3
FNDA:90,(anonymous_0)
FNDA:2731,(anonymous_1)
FNDA:71,(anonymous_2)
DA:3,16
DA:4,90
DA:5,2731
DA:7,2731
DA:21,16
DA:28,71
DA:30,71
LF:7
LH:7
BRDA:12,0,0,1183
BRDA:12,0,1,1548
BRDA:14,1,0,16
BRDA:14,1,1,1532
BRDA:22,2,0,71
BRDA:23,3,0,71
BRDA:24,4,0,32
BRDA:25,5,0,16
BRDA:26,6,0,55
BRF:9
BRH:9
end_of_record
TN:
SF:src/api/api.js
FN:31,(anonymous_0)
FN:34,(anonymous_1)
FN:39,(anonymous_2)
FN:42,(anonymous_3)
FN:43,(anonymous_4)
FN:53,(anonymous_5)
FN:59,(anonymous_6)
FN:66,(anonymous_7)
FN:72,(anonymous_8)
FN:74,(anonymous_9)
FN:79,(anonymous_10)
FN:81,(anonymous_11)
FN:91,(anonymous_12)
FN:93,(anonymous_13)
FN:95,(anonymous_14)
FN:104,(anonymous_15)
FN:106,(anonymous_16)
FN:110,(anonymous_17)
FN:120,(anonymous_18)
FN:124,(anonymous_19)
FN:125,(anonymous_20)
FN:132,(anonymous_21)
FN:149,(anonymous_22)
FN:190,(anonymous_23)
FN:213,getEntities
FN:287,(anonymous_25)
FN:359,(anonymous_26)
FN:362,(anonymous_27)
FN:365,(anonymous_28)
FN:381,getTags
FN:392,getAllTags
FN:414,(anonymous_31)
FN:420,(anonymous_32)
FN:427,(anonymous_33)
FN:431,(anonymous_34)
FN:435,(anonymous_35)
FN:438,(anonymous_36)
FN:442,(anonymous_37)
FN:450,(anonymous_38)
FN:451,(anonymous_39)
FN:455,(anonymous_40)
FNF:41
FNH:24
FNDA:35,(anonymous_0)
FNDA:55816,(anonymous_1)
FNDA:1114920,(anonymous_2)
FNDA:1114920,(anonymous_3)
FNDA:1114920,(anonymous_4)
FNDA:1114920,(anonymous_5)
FNDA:2057,(anonymous_6)
FNDA:37861,(anonymous_7)
FNDA:2024,(anonymous_8)
FNDA:36763,(anonymous_9)
FNDA:61,(anonymous_10)
FNDA:1159,(anonymous_11)
FNDA:3003,(anonymous_12)
FNDA:0,(anonymous_13)
FNDA:0,(anonymous_14)
FNDA:2368,(anonymous_15)
FNDA:0,(anonymous_16)
FNDA:0,(anonymous_17)
FNDA:0,(anonymous_18)
FNDA:0,(anonymous_19)
FNDA:0,(anonymous_20)
FNDA:0,(anonymous_21)
FNDA:2368,(anonymous_22)
FNDA:288,(anonymous_23)
FNDA:3038,getEntities
FNDA:70,(anonymous_25)
FNDA:2996,(anonymous_26)
FNDA:2996,(anonymous_27)
FNDA:55746,(anonymous_28)
FNDA:0,getTags
FNDA:1788,getAllTags
FNDA:1982,(anonymous_31)
FNDA:0,(anonymous_32)
FNDA:0,(anonymous_33)
FNDA:0,(anonymous_34)
FNDA:0,(anonymous_35)
FNDA:0,(anonymous_36)
FNDA:0,(anonymous_37)
FNDA:63,(anonymous_38)
FNDA:0,(anonymous_39)
FNDA:0,(anonymous_40)
DA:1,245
DA:2,245
DA:23,245
DA:24,245
DA:25,245
DA:30,245
DA:31,245
DA:32,35
DA:34,55816
DA:39,1114920
DA:42,1114920
DA:44,1114920
DA:53,1114920
DA:59,245
DA:63,2057
DA:64,2024
DA:66,37861
DA:72,2024
DA:74,36763
DA:79,61
DA:81,1159
DA:88,33
DA:91,245
DA:92,3003
DA:94,0
DA:96,0
DA:104,245
DA:105,2368
DA:107,0
DA:111,0
DA:118,2368
DA:120,0
DA:124,0
DA:126,0
DA:127,0
DA:133,0
DA:134,0
DA:138,0
DA:149,245
DA:157,2368
DA:158,2368
DA:183,2368
DA:190,288
DA:234,3038
DA:235,35
DA:250,35
DA:251,35
DA:252,35
DA:270,35
DA:278,0
DA:282,35
DA:284,35
DA:288,70
DA:295,35
DA:296,3003
DA:297,3003
DA:304,3003
DA:308,3003
DA:310,3003
DA:319,3003
DA:360,2996
DA:362,2996
DA:366,55746
DA:374,0
DA:382,0
DA:393,1788
DA:414,245
DA:415,1982
DA:418,1982
DA:419,631
DA:420,0
DA:422,631
DA:424,1982
DA:427,245
DA:428,0
DA:431,245
DA:432,0
DA:435,245
DA:436,0
DA:438,245
DA:439,0
DA:442,245
DA:443,0
DA:444,0
DA:446,0
DA:450,245
DA:451,63
DA:452,0
DA:455,245
DA:456,0
DA:457,0
DA:459,0
LF:92
LH:66
BRDA:34,0,0,35
BRDA:44,1,0,0
BRDA:44,1,1,1114920
BRDA:47,2,0,0
BRDA:47,2,1,0
BRDA:48,3,0,0
BRDA:48,3,1,0
BRDA:48,3,2,0
BRDA:53,4,0,0
BRDA:53,4,1,1114920
BRDA:60,5,0,25
BRDA:61,6,0,35
BRDA:63,7,0,2024
BRDA:63,7,1,33
BRDA:76,8,0,36763
BRDA:76,8,1,24686
BRDA:93,9,0,3003
BRDA:93,9,1,0
BRDA:96,10,0,0
BRDA:96,10,1,0
BRDA:97,11,0,0
BRDA:97,11,1,0
BRDA:104,12,0,2368
BRDA:133,13,0,0
BRDA:133,13,1,0
BRDA:160,14,0,0
BRDA:160,14,1,2368
BRDA:161,15,0,0
BRDA:161,15,1,2368
BRDA:168,16,0,0
BRDA:168,16,1,2368
BRDA:169,17,0,0
BRDA:169,17,1,2368
BRDA:170,18,0,0
BRDA:170,18,1,2368
BRDA:183,19,0,2368
BRDA:183,19,1,0
BRDA:190,20,0,0
BRDA:192,21,0,288
BRDA:192,21,1,195
BRDA:193,22,0,288
BRDA:193,22,1,0
BRDA:194,23,0,288
BRDA:194,23,1,16
BRDA:195,24,0,288
BRDA:195,24,1,16
BRDA:198,25,0,288
BRDA:198,25,1,0
BRDA:199,26,0,288
BRDA:199,26,1,0
BRDA:200,27,0,288
BRDA:200,27,1,0
BRDA:201,28,0,288
BRDA:201,28,1,0
BRDA:202,29,0,288
BRDA:202,29,1,0
BRDA:205,30,0,288
BRDA:205,30,1,28
BRDA:208,31,0,288
BRDA:208,31,1,33
BRDA:223,32,0,3038
BRDA:234,33,0,35
BRDA:234,33,1,3003
BRDA:234,34,0,3038
BRDA:234,34,1,35
BRDA:245,35,0,0
BRDA:245,35,1,35
BRDA:250,36,0,35
BRDA:250,36,1,0
BRDA:250,37,0,35
BRDA:250,37,1,35
BRDA:261,38,0,0
BRDA:261,38,1,35
BRDA:273,39,0,35
BRDA:273,39,1,0
BRDA:282,40,0,35
BRDA:282,40,1,0
BRDA:290,41,0,70
BRDA:290,41,1,35
BRDA:290,41,2,35
BRDA:296,42,0,3003
BRDA:296,42,1,0
BRDA:298,43,0,3003
BRDA:298,43,1,3003
BRDA:299,44,0,3003
BRDA:299,44,1,3003
BRDA:300,45,0,3003
BRDA:300,45,1,0
BRDA:304,46,0,3003
BRDA:304,46,1,2368
BRDA:308,47,0,3003
BRDA:308,47,1,3003
BRDA:308,48,0,3003
BRDA:308,48,1,0
BRDA:311,49,0,3003
BRDA:311,49,1,0
BRDA:314,50,0,3003
BRDA:314,50,1,0
BRDA:338,51,0,3003
BRDA:338,51,1,3003
BRDA:344,52,0,3003
BRDA:344,52,1,0
BRDA:350,53,0,2368
BRDA:350,53,1,635
BRDA:351,54,0,3003
BRDA:351,54,1,0
BRDA:353,55,0,0
BRDA:353,55,1,3003
BRDA:360,56,0,2022
BRDA:360,56,1,974
BRDA:362,57,0,29
BRDA:362,58,0,29
BRDA:368,59,0,55746
BRDA:368,59,1,32274
BRDA:368,59,2,11736
BRDA:381,60,0,0
BRDA:384,61,0,0
BRDA:384,61,1,0
BRDA:385,62,0,0
BRDA:385,62,1,0
BRDA:392,63,0,0
BRDA:397,64,0,1788
BRDA:397,64,1,1788
BRDA:398,65,0,1788
BRDA:398,65,1,1788
BRDA:414,66,0,0
BRDA:418,67,0,631
BRDA:418,67,1,1351
BRF:128
BRH:81
end_of_record
TN:
SF:src/api/index.js
FNF:0
FNH:0
LF:0
LH:0
BRF:0
BRH:0
end_of_record
TN:
SF:src/api/systemIssues.js
FN:4,(anonymous_0)
FN:7,(anonymous_1)
FN:19,(anonymous_2)
FN:27,(anonymous_3)
FN:35,(anonymous_4)
FNF:5
FNH:0
FNDA:0,(anonymous_0)
FNDA:0,(anonymous_1)
FNDA:0,(anonymous_2)
FNDA:0,(anonymous_3)
FNDA:0,(anonymous_4)
DA:2,245
DA:4,245
DA:5,0
DA:6,0
DA:8,0
DA:13,0
DA:15,0
DA:19,245
DA:20,0
DA:21,0
DA:23,0
DA:27,245
DA:28,0
DA:29,0
DA:31,0
DA:35,245
DA:36,0
DA:54,0
DA:55,0
DA:63,0
LF:20
LH:5
BRF:0
BRH:0
end_of_record
TN:
SF:src/api/edge/imagesInfo.js
FN:4,(anonymous_0)
FN:6,(anonymous_1)
FN:9,(anonymous_2)
FN:11,(anonymous_3)
FN:14,(anonymous_4)
FN:16,(anonymous_5)
FN:19,(anonymous_6)
FN:23,(anonymous_7)
FN:31,(anonymous_8)
FNF:9
FNH:2
FNDA:0,(anonymous_0)
FNDA:0,(anonymous_1)
FNDA:302,(anonymous_2)
FNDA:35,(anonymous_3)
FNDA:0,(anonymous_4)
FNDA:0,(anonymous_5)
FNDA:0,(anonymous_6)
FNDA:0,(anonymous_7)
FNDA:0,(anonymous_8)
DA:1,26
DA:4,26
DA:5,0
DA:6,0
DA:7,0
DA:9,26
DA:10,302
DA:11,302
DA:14,26
DA:15,0
DA:16,0
DA:17,0
DA:19,26
DA:20,0
DA:21,0
DA:23,0
DA:24,0
DA:25,0
DA:30,0
DA:32,0
DA:36,0
DA:40,0
DA:42,0
DA:49,0
LF:24
LH:7
BRDA:20,0,0,0
BRDA:20,0,1,0
BRDA:25,1,0,0
BRDA:25,1,1,0
BRDA:26,2,0,0
BRDA:26,2,1,0
BRDA:26,2,2,0
BRDA:32,3,0,0
BRDA:32,3,1,0
BRDA:36,4,0,0
BRDA:36,4,1,0
BRDA:37,5,0,0
BRDA:37,5,1,0
BRDA:42,6,0,0
BRDA:42,6,1,0
BRDA:44,7,0,0
BRDA:44,7,1,0
BRF:17
BRH:0
end_of_record
TN:
SF:src/api/edge/updates.js
FN:4,(anonymous_0)
FNF:1
FNH:0
FNDA:0,(anonymous_0)
DA:4,18
DA:5,0
DA:8,0
LF:3
LH:1
BRF:0
BRH:0
end_of_record
TN:
SF:src/components/FontAwesomeImageIcon.js
FN:4,(anonymous_0)
FNF:1
FNH:0
FNDA:0,(anonymous_0)
DA:4,245
DA:5,0
DA:38,245
LF:3
LH:2
BRDA:18,0,0,0
BRDA:18,0,1,0
BRF:2
BRH:0
end_of_record
TN:
SF:src/components/SpinnerFallback.js
FN:4,(anonymous_0)
FNF:1
FNH:1
FNDA:2,(anonymous_0)
DA:4,2
DA:5,2
LF:2
LH:2
BRF:0
BRH:0
end_of_record
TN:
SF:src/components/VulnerabilityEdgeAlert.js
FN:5,(anonymous_0)
FN:18,(anonymous_1)
FN:48,(anonymous_2)
FNF:3
FNH:0
FNDA:0,(anonymous_0)
FNDA:0,(anonymous_1)
FNDA:0,(anonymous_2)
DA:5,8
DA:6,0
DA:7,0
DA:19,0
DA:49,0
DA:68,0
LF:6
LH:1
BRF:0
BRH:0
end_of_record
TN:
SF:src/components/VulnerabilityEdgePrompt.js
FN:9,(anonymous_0)
FN:25,(anonymous_1)
FN:34,(anonymous_2)
FN:35,(anonymous_3)
FN:49,(anonymous_4)
FN:87,(anonymous_5)
FNF:6
FNH:0
FNDA:0,(anonymous_0)
FNDA:0,(anonymous_1)
FNDA:0,(anonymous_2)
FNDA:0,(anonymous_3)
FNDA:0,(anonymous_4)
FNDA:0,(anonymous_5)
DA:9,8
DA:10,0
DA:11,0
DA:12,0
DA:13,0
DA:14,0
DA:15,0
DA:16,0
DA:17,0
DA:18,0
DA:25,0
DA:26,0
DA:27,0
DA:28,0
DA:32,0
DA:33,0
DA:34,0
DA:35,0
DA:36,0
DA:37,0
DA:38,0
DA:39,0
DA:40,0
DA:43,0
DA:44,0
DA:47,0
DA:49,0
DA:50,0
DA:51,0
DA:53,0
DA:57,0
DA:59,0
DA:60,0
DA:62,0
DA:63,0
DA:65,0
DA:68,0
DA:88,0
LF:38
LH:1
BRDA:26,0,0,0
BRDA:26,0,1,0
BRDA:50,1,0,0
BRDA:50,1,1,0
BRDA:50,2,0,0
BRDA:50,2,1,0
BRDA:53,3,0,0
BRDA:53,3,1,0
BRDA:54,4,0,0
BRDA:54,4,1,0
BRDA:59,5,0,0
BRDA:59,5,1,0
BRDA:62,6,0,0
BRDA:62,6,1,0
BRDA:62,7,0,0
BRDA:62,7,1,0
BRF:16
BRH:0
end_of_record
TN:
SF:src/components/GeneralInfo/BiosCard/BiosCard.js
FN:9,(anonymous_0)
FN:37,(anonymous_1)
FN:39,(anonymous_2)
FN:61,(anonymous_3)
FN:69,(anonymous_4)
FNF:5
FNH:2
FNDA:35,(anonymous_0)
FNDA:0,(anonymous_1)
FNDA:0,(anonymous_2)
FNDA:0,(anonymous_3)
FNDA:35,(anonymous_4)
DA:9,37
DA:18,35
DA:37,0
DA:39,0
DA:45,37
DA:59,37
DA:61,0
DA:68,37
DA:69,35
DA:75,37
DA:76,37
LF:11
LH:8
BRDA:23,0,0,35
BRDA:23,0,1,0
BRDA:24,1,0,35
BRDA:24,1,1,0
BRDA:25,2,0,35
BRDA:25,2,1,0
BRDA:29,3,0,35
BRDA:29,3,1,0
BRDA:39,4,0,0
BRDA:39,4,1,0
BRDA:70,5,0,35
BRDA:70,5,1,35
BRF:12
BRH:6
end_of_record
TN:
SF:src/components/GeneralInfo/BiosCard/index.js
FNF:0
FNH:0
LF:0
LH:0
BRF:0
BRH:0
end_of_record
TN:
SF:src/components/GeneralInfo/BootcImageCard/BootcImageCard.js
FN:8,(anonymous_0)
FN:10,(anonymous_1)
FN:37,(anonymous_2)
FN:39,(anonymous_3)
FN:63,(anonymous_4)
FNF:5
FNH:0
FNDA:0,(anonymous_0)
FNDA:0,(anonymous_1)
FNDA:0,(anonymous_2)
FNDA:0,(anonymous_3)
FNDA:0,(anonymous_4)
DA:8,37
DA:9,0
DA:10,0
DA:16,0
DA:37,0
DA:39,0
DA:46,37
DA:61,37
DA:63,0
LF:9
LH:3
BRDA:11,0,0,0
BRDA:11,0,1,0
BRDA:39,1,0,0
BRDA:39,1,1,0
BRF:4
BRH:0
end_of_record
TN:
SF:src/components/GeneralInfo/BootcImageCard/index.js
FNF:0
FNH:0
LF:0
LH:0
BRF:0
BRH:0
end_of_record
TN:
SF:src/components/GeneralInfo/ConfigurationCard/ConfigurationCard.js
FN:9,enabledRepos
FN:24,(anonymous_1)
FN:46,(anonymous_2)
FN:62,(anonymous_3)
FN:79,(anonymous_4)
FN:94,(anonymous_5)
FN:104,(anonymous_6)
FN:106,(anonymous_7)
FN:148,(anonymous_8)
FN:157,(anonymous_9)
FNF:10
FNH:3
FNDA:35,enabledRepos
FNDA:35,(anonymous_1)
FNDA:0,(anonymous_2)
FNDA:0,(anonymous_3)
FNDA:0,(anonymous_4)
FNDA:0,(anonymous_5)
FNDA:0,(anonymous_6)
FNDA:0,(anonymous_7)
FNDA:0,(anonymous_8)
FNDA:35,(anonymous_9)
DA:10,35
DA:11,35
DA:24,37
DA:34,35
DA:47,0
DA:63,0
DA:80,0
DA:95,0
DA:104,0
DA:106,0
DA:112,37
DA:146,37
DA:148,0
DA:156,37
DA:157,35
DA:163,37
DA:164,37
LF:17
LH:10
BRDA:10,0,0,35
BRDA:10,0,1,0
BRDA:12,1,0,35
BRDA:12,1,1,35
BRDA:12,1,2,0
BRDA:15,2,0,35
BRDA:15,2,1,35
BRDA:15,2,2,0
BRDA:39,3,0,35
BRDA:39,3,1,0
BRDA:55,4,0,35
BRDA:55,4,1,0
BRDA:71,5,0,35
BRDA:71,5,1,0
BRDA:88,6,0,35
BRDA:88,6,1,0
BRDA:106,7,0,0
BRDA:106,7,1,0
BRDA:158,8,0,35
BRDA:158,8,1,35
BRF:20
BRH:11
end_of_record
TN:
SF:src/components/GeneralInfo/ConfigurationCard/index.js
FNF:0
FNH:0
LF:0
LH:0
BRF:0
BRH:0
end_of_record
TN:
SF:src/components/GeneralInfo/DataCollectorsCard/DataCollectorsCard.js
FN:20,(anonymous_0)
FN:28,(anonymous_1)
FN:29,(anonymous_2)
FN:31,(anonymous_3)
FN:39,(anonymous_4)
FN:62,(anonymous_5)
FN:72,(anonymous_6)
FN:129,(anonymous_7)
FNF:8
FNH:4
FNDA:35,(anonymous_0)
FNDA:0,(anonymous_1)
FNDA:0,(anonymous_2)
FNDA:0,(anonymous_3)
FNDA:280,(anonymous_4)
FNDA:140,(anonymous_5)
FNDA:0,(anonymous_6)
FNDA:35,(anonymous_7)
DA:20,37
DA:26,35
DA:27,35
DA:29,0
DA:30,0
DA:31,0
DA:33,0
DA:39,280
DA:40,35
DA:41,35
DA:63,140
DA:73,0
DA:116,37
DA:124,37
DA:128,37
DA:129,35
DA:137,37
DA:138,37
LF:18
LH:13
BRDA:28,0,0,0
BRDA:33,1,0,0
BRDA:33,1,1,0
BRDA:40,2,0,35
BRDA:40,2,1,35
BRDA:60,3,0,0
BRDA:60,3,1,35
BRDA:65,4,0,70
BRDA:65,4,1,70
BRDA:68,5,0,70
BRDA:68,5,1,0
BRDA:85,6,0,35
BRDA:85,6,1,105
BRDA:92,7,0,140
BRDA:92,7,1,140
BRDA:92,7,2,70
BRDA:102,8,0,70
BRDA:102,8,1,0
BRF:18
BRH:12
end_of_record
TN:
SF:src/components/GeneralInfo/EditButton/EditButton.js
FN:15,(anonymous_0)
FN:33,(anonymous_1)
FN:34,(anonymous_2)
FN:60,(anonymous_3)
FNF:4
FNH:4
FNDA:80,(anonymous_0)
FNDA:106,(anonymous_1)
FNDA:106,(anonymous_2)
FNDA:106,(anonymous_3)
DA:15,37
DA:16,80
DA:28,37
DA:33,37
DA:34,106
DA:36,106
DA:42,106
DA:43,26
DA:52,80
DA:55,37
DA:60,37
DA:61,106
DA:63,106
DA:64,0
DA:67,106
DA:68,106
DA:71,0
DA:80,37
LF:18
LH:16
BRDA:38,0,0,106
BRDA:38,0,1,0
BRDA:42,1,0,26
BRDA:42,1,1,80
BRDA:63,2,0,0
BRDA:63,2,1,106
BRDA:63,3,0,106
BRDA:63,3,1,106
BRDA:67,4,0,106
BRDA:67,4,1,0
BRF:10
BRH:7
end_of_record
TN:
SF:src/components/GeneralInfo/EditButton/index.js
FNF:0
FNH:0
LF:0
LH:0
BRF:0
BRH:0
end_of_record
TN:
SF:src/components/GeneralInfo/GeneralInformation/ConversionAlert.js
FN:5,(anonymous_0)
FN:36,(anonymous_1)
FNF:2
FNH:0
FNDA:0,(anonymous_0)
FNDA:0,(anonymous_1)
DA:5,37
DA:6,0
DA:8,0
DA:36,0
LF:4
LH:1
BRF:0
BRH:0
end_of_record
TN:
SF:src/components/GeneralInfo/GeneralInformation/GeneralInformation.js
FN:33,(anonymous_0)
FN:35,(anonymous_1)
FN:51,(anonymous_2)
FN:62,(anonymous_3)
FN:72,(anonymous_4)
FN:81,(anonymous_5)
FN:221,(anonymous_6)
FN:316,(anonymous_7)
FN:319,(anonymous_8)
FN:320,(anonymous_9)
FNF:10
FNH:4
FNDA:0,(anonymous_0)
FNDA:0,(anonymous_1)
FNDA:0,(anonymous_2)
FNDA:0,(anonymous_3)
FNDA:35,(anonymous_4)
FNDA:70,(anonymous_5)
FNDA:0,(anonymous_6)
FNDA:78,(anonymous_7)
FNDA:70,(anonymous_8)
FNDA:0,(anonymous_9)
DA:27,35
DA:33,35
DA:34,0
DA:35,0
DA:36,0
DA:37,0
DA:38,0
DA:41,0
DA:44,0
DA:46,0
DA:51,35
DA:56,0
DA:58,0
DA:59,0
DA:62,0
DA:74,35
DA:75,0
DA:90,70
DA:106,70
DA:107,70
DA:108,70
DA:221,0
DA:240,37
DA:299,37
DA:316,37
DA:317,78
DA:318,70
DA:319,70
DA:320,70
DA:321,70
LF:30
LH:16
BRDA:35,0,0,0
BRDA:35,0,1,0
BRDA:36,1,0,0
BRDA:36,1,1,0
BRDA:37,2,0,0
BRDA:37,2,1,0
BRDA:39,3,0,0
BRDA:39,3,1,0
BRDA:42,4,0,0
BRDA:42,4,1,0
BRDA:44,5,0,0
BRDA:44,5,1,0
BRDA:47,6,0,0
BRDA:47,6,1,0
BRDA:52,7,0,0
BRDA:53,8,0,0
BRDA:54,9,0,0
BRDA:56,10,0,0
BRDA:56,10,1,0
BRDA:57,11,0,0
BRDA:57,11,1,0
BRDA:58,12,0,0
BRDA:58,12,1,0
BRDA:74,13,0,0
BRDA:74,13,1,35
BRDA:76,14,0,0
BRDA:76,14,1,0
BRDA:107,15,0,70
BRDA:107,15,1,0
BRDA:109,16,0,70
BRDA:109,16,1,70
BRDA:110,17,0,70
BRDA:110,17,1,0
BRDA:119,18,0,70
BRDA:119,18,1,70
BRDA:127,19,0,70
BRDA:127,19,1,70
BRDA:134,20,0,70
BRDA:134,20,1,70
BRDA:141,21,0,70
BRDA:141,21,1,70
BRDA:152,22,0,70
BRDA:152,22,1,70
BRDA:160,23,0,70
BRDA:160,23,1,70
BRDA:166,24,0,70
BRDA:166,24,1,70
BRDA:172,25,0,70
BRDA:172,25,1,0
BRDA:172,25,2,0
BRDA:180,26,0,70
BRDA:180,26,1,70
BRDA:187,27,0,70
BRDA:187,27,1,0
BRDA:195,28,0,70
BRDA:195,28,1,0
BRDA:200,29,0,0
BRDA:200,29,1,0
BRDA:205,30,0,70
BRDA:205,30,1,0
BRDA:205,30,2,0
BRDA:218,31,0,70
BRDA:218,31,1,70
BRDA:219,32,0,70
BRDA:219,32,1,70
BRF:65
BRH:29
end_of_record
TN:
SF:src/components/GeneralInfo/GeneralInformation/index.js
FNF:0
FNH:0
LF:0
LH:0
BRF:0
BRH:0
end_of_record
TN:
SF:src/components/GeneralInfo/InfoTable/InfoTable.js
FN:35,(anonymous_0)
FN:46,(anonymous_1)
FN:54,(anonymous_2)
FN:58,(anonymous_3)
FN:73,(anonymous_4)
FN:84,(anonymous_5)
FN:92,(anonymous_6)
FN:110,(anonymous_7)
FN:112,(anonymous_8)
FN:129,(anonymous_9)
FN:133,(anonymous_10)
FN:157,(anonymous_11)
FN:169,(anonymous_12)
FN:172,(anonymous_13)
FN:207,(anonymous_14)
FNF:15
FNH:0
FNDA:0,(anonymous_0)
FNDA:0,(anonymous_1)
FNDA:0,(anonymous_2)
FNDA:0,(anonymous_3)
FNDA:0,(anonymous_4)
FNDA:0,(anonymous_5)
FNDA:0,(anonymous_6)
FNDA:0,(anonymous_7)
FNDA:0,(anonymous_8)
FNDA:0,(anonymous_9)
FNDA:0,(anonymous_10)
FNDA:0,(anonymous_11)
FNDA:0,(anonymous_12)
FNDA:0,(anonymous_13)
FNDA:0,(anonymous_14)
DA:25,0
DA:35,0
DA:36,0
DA:37,0
DA:38,0
DA:46,0
DA:47,0
DA:48,0
DA:49,0
DA:54,0
DA:55,0
DA:58,0
DA:59,0
DA:61,0
DA:62,0
DA:73,0
DA:74,0
DA:85,0
DA:86,0
DA:87,0
DA:88,0
DA:89,0
DA:92,0
DA:104,0
DA:111,0
DA:113,0
DA:129,0
DA:133,0
DA:158,0
DA:170,0
DA:173,0
DA:185,37
DA:204,37
DA:207,0
LF:34
LH:2
BRDA:37,0,0,0
BRDA:37,0,1,0
BRDA:65,1,0,0
BRDA:65,1,1,0
BRDA:87,2,0,0
BRDA:87,2,1,0
BRDA:89,3,0,0
BRDA:89,3,1,0
BRDA:95,4,0,0
BRDA:95,4,1,0
BRDA:118,5,0,0
BRDA:118,5,1,0
BRDA:132,6,0,0
BRDA:132,6,1,0
BRDA:139,7,0,0
BRDA:139,7,1,0
BRDA:147,8,0,0
BRDA:147,8,1,0
BRDA:147,9,0,0
BRDA:147,9,1,0
BRDA:159,10,0,0
BRDA:159,10,1,0
BRF:22
BRH:0
end_of_record
TN:
SF:src/components/GeneralInfo/InfoTable/index.js
FNF:0
FNH:0
LF:0
LH:0
BRF:0
BRH:0
end_of_record
TN:
SF:src/components/GeneralInfo/InfrastructureCard/InfrastructureCard.js
FN:9,(anonymous_0)
FN:49,(anonymous_1)
FN:66,(anonymous_2)
FN:94,(anonymous_3)
FN:104,(anonymous_4)
FN:106,(anonymous_5)
FN:135,(anonymous_6)
FN:146,(anonymous_7)
FNF:8
FNH:2
FNDA:35,(anonymous_0)
FNDA:0,(anonymous_1)
FNDA:0,(anonymous_2)
FNDA:0,(anonymous_3)
FNDA:0,(anonymous_4)
FNDA:0,(anonymous_5)
FNDA:0,(anonymous_6)
FNDA:35,(anonymous_7)
DA:9,37
DA:22,35
DA:50,0
DA:67,0
DA:95,0
DA:104,0
DA:106,0
DA:112,37
DA:133,37
DA:135,0
DA:146,37
DA:149,35
DA:154,37
DA:158,37
DA:159,37
LF:15
LH:9
BRDA:27,0,0,35
BRDA:27,0,1,0
BRDA:28,1,0,35
BRDA:28,1,1,0
BRDA:29,2,0,35
BRDA:29,2,1,0
BRDA:34,3,0,0
BRDA:34,3,1,35
BRDA:34,4,0,35
BRDA:34,4,1,0
BRDA:41,5,0,35
BRDA:41,5,1,0
BRDA:58,6,0,35
BRDA:58,6,1,0
BRDA:75,7,0,35
BRDA:75,7,1,0
BRDA:80,8,0,0
BRDA:80,8,1,35
BRDA:80,9,0,35
BRDA:80,9,1,0
BRDA:87,10,0,35
BRDA:87,10,1,0
BRDA:106,11,0,0
BRDA:106,11,1,0
BRDA:150,12,0,35
BRDA:150,12,1,35
BRF:26
BRH:13
end_of_record
TN:
SF:src/components/GeneralInfo/InfrastructureCard/index.js
FNF:0
FNH:0
LF:0
LH:0
BRF:0
BRH:0
end_of_record
TN:
SF:src/components/GeneralInfo/LoadingCard/LoadingCard.js
FN:22,(anonymous_0)
FN:36,(anonymous_1)
FN:40,(anonymous_2)
FN:61,(anonymous_3)
FN:86,(anonymous_4)
FNF:5
FNH:3
FNDA:1475,(anonymous_0)
FNDA:0,(anonymous_1)
FNDA:0,(anonymous_2)
FNDA:298,(anonymous_3)
FNDA:1475,(anonymous_4)
DA:22,37
DA:23,1475
DA:24,298
DA:29,1177
DA:30,0
DA:33,1177
DA:36,37
DA:37,0
DA:39,0
DA:40,0
DA:41,0
DA:42,0
DA:46,0
DA:53,37
DA:61,37
DA:68,298
DA:100,1475
DA:104,1475
DA:151,37
DA:169,37
LF:20
LH:13
BRDA:23,0,0,298
BRDA:23,0,1,1177
BRDA:23,1,0,1475
BRDA:23,1,1,544
BRDA:23,1,2,1229
BRDA:24,2,0,0
BRDA:24,2,1,298
BRDA:26,3,0,298
BRDA:26,3,1,193
BRDA:29,4,0,0
BRDA:29,4,1,1177
BRDA:33,5,0,1177
BRDA:33,5,1,246
BRDA:41,6,0,0
BRDA:41,6,1,0
BRDA:65,7,0,0
BRDA:82,8,0,263
BRDA:82,8,1,35
BRDA:100,9,0,1316
BRDA:100,9,1,159
BRDA:119,10,0,1475
BRDA:119,10,1,0
BRDA:120,11,0,0
BRDA:120,11,1,0
BRDA:122,12,0,1475
BRDA:122,12,1,1475
BRDA:123,13,0,0
BRDA:123,13,1,1475
BRDA:123,14,0,1475
BRDA:123,14,1,386
BRF:30
BRH:21
end_of_record
TN:
SF:src/components/GeneralInfo/LoadingCard/index.js
FNF:0
FNH:0
LF:0
LH:0
BRF:0
BRH:0
end_of_record
TN:
SF:src/components/GeneralInfo/OperatingSystemCard/OperatingSystemCard.js
FN:11,(anonymous_0)
FN:64,(anonymous_1)
FN:76,(anonymous_2)
FN:78,(anonymous_3)
FN:107,(anonymous_4)
FN:117,(anonymous_5)
FNF:6
FNH:2
FNDA:35,(anonymous_0)
FNDA:0,(anonymous_1)
FNDA:0,(anonymous_2)
FNDA:0,(anonymous_3)
FNDA:0,(anonymous_4)
FNDA:35,(anonymous_5)
DA:11,37
DA:22,35
DA:65,0
DA:76,0
DA:78,0
DA:84,37
DA:105,37
DA:107,0
DA:116,37
DA:117,35
DA:123,37
DA:124,37
LF:12
LH:8
BRDA:27,0,0,35
BRDA:27,0,1,0
BRDA:39,1,0,35
BRDA:39,1,1,0
BRDA:42,2,0,35
BRDA:42,2,1,0
BRDA:45,3,0,35
BRDA:45,3,1,0
BRDA:49,4,0,35
BRDA:49,4,1,0
BRDA:57,5,0,35
BRDA:57,5,1,0
BRDA:73,6,0,35
BRDA:73,6,1,0
BRDA:78,7,0,0
BRDA:78,7,1,0
BRDA:118,8,0,35
BRDA:118,8,1,35
BRF:18
BRH:9
end_of_record
TN:
SF:src/components/GeneralInfo/OperatingSystemCard/index.js
FNF:0
FNH:0
LF:0
LH:0
BRF:0
BRH:0
end_of_record
TN:
SF:src/components/GeneralInfo/SubscriptionCard/SubscriptionCard.js
FN:7,(anonymous_0)
FN:49,(anonymous_1)
FNF:2
FNH:2
FNDA:35,(anonymous_0)
FNDA:35,(anonymous_1)
DA:7,37
DA:14,35
DA:30,37
DA:41,37
DA:48,37
DA:49,35
DA:55,37
DA:56,37
LF:8
LH:8
BRDA:20,0,0,35
BRDA:20,0,1,0
BRDA:23,1,0,35
BRDA:23,1,1,0
BRDA:24,2,0,35
BRDA:24,2,1,0
BRDA:51,3,0,35
BRDA:51,3,1,35
BRF:8
BRH:5
end_of_record
TN:
SF:src/components/GeneralInfo/SubscriptionCard/index.js
FNF:0
FNH:0
LF:0
LH:0
BRF:0
BRH:0
end_of_record
TN:
SF:src/components/GeneralInfo/SystemCard/SystemCard.js
FN:14,(anonymous_0)
FN:38,(anonymous_1)
FN:45,(anonymous_2)
FN:45,(anonymous_3)
FN:51,(anonymous_4)
FN:58,(anonymous_5)
FN:65,(anonymous_6)
FN:70,(anonymous_7)
FN:169,(anonymous_8)
FN:202,(anonymous_9)
FN:211,(anonymous_10)
FN:213,(anonymous_11)
FN:320,mapDispatchToProps
FN:322,(anonymous_13)
FN:326,(anonymous_14)
FN:333,(anonymous_15)
FNF:16
FNH:9
FNDA:159,(anonymous_0)
FNDA:6,(anonymous_1)
FNDA:106,(anonymous_2)
FNDA:0,(anonymous_3)
FNDA:6,(anonymous_4)
FNDA:6,(anonymous_5)
FNDA:159,(anonymous_6)
FNDA:53,(anonymous_7)
FNDA:0,(anonymous_8)
FNDA:0,(anonymous_9)
FNDA:0,(anonymous_10)
FNDA:0,(anonymous_11)
FNDA:35,mapDispatchToProps
FNDA:0,(anonymous_13)
FNDA:0,(anonymous_14)
FNDA:35,(anonymous_15)
DA:14,37
DA:15,159
DA:33,35
DA:38,35
DA:39,6
DA:45,106
DA:46,0
DA:47,0
DA:48,0
DA:51,35
DA:52,6
DA:53,6
DA:58,35
DA:59,6
DA:60,6
DA:65,35
DA:66,159
DA:67,159
DA:90,53
DA:91,53
DA:92,53
DA:170,0
DA:203,0
DA:211,0
DA:213,0
DA:254,37
DA:298,37
DA:315,37
DA:321,35
DA:323,0
DA:327,0
DA:332,37
DA:333,35
DA:341,37
DA:342,37
LF:35
LH:26
BRDA:67,0,0,159
BRDA:67,0,1,159
BRDA:67,0,2,0
BRDA:99,1,0,53
BRDA:99,1,1,0
BRDA:114,2,0,53
BRDA:114,2,1,0
BRDA:138,3,0,53
BRDA:138,3,1,0
BRDA:162,4,0,53
BRDA:162,4,1,0
BRDA:178,5,0,53
BRDA:178,5,1,0
BRDA:181,6,0,53
BRDA:181,6,1,0
BRDA:184,7,0,53
BRDA:184,7,1,0
BRDA:187,8,0,53
BRDA:187,8,1,0
BRDA:195,9,0,53
BRDA:195,9,1,0
BRDA:210,10,0,53
BRDA:210,10,1,0
BRDA:213,11,0,0
BRDA:213,11,1,0
BRDA:220,12,0,53
BRDA:220,12,1,53
BRDA:229,13,0,53
BRDA:229,13,1,53
BRDA:236,14,0,53
BRDA:236,14,1,53
BRDA:245,15,0,53
BRDA:245,15,1,53
BRDA:335,16,0,35
BRDA:335,16,1,35
BRF:35
BRH:22
end_of_record
TN:
SF:src/components/GeneralInfo/SystemCard/index.js
FNF:0
FNH:0
LF:0
LH:0
BRF:0
BRH:0
end_of_record
TN:
SF:src/components/GeneralInfo/SystemStatusCard/SystemStatusCard.js
FN:9,(anonymous_0)
FN:85,(anonymous_1)
FN:93,(anonymous_2)
FNF:3
FNH:2
FNDA:35,(anonymous_0)
FNDA:0,(anonymous_1)
FNDA:35,(anonymous_2)
DA:9,37
DA:19,35
DA:66,37
DA:82,37
DA:85,0
DA:92,37
DA:93,35
DA:101,37
DA:102,37
LF:9
LH:8
BRDA:24,0,0,35
BRDA:24,0,1,0
BRDA:28,1,0,35
BRDA:28,1,1,0
BRDA:32,2,0,35
BRDA:32,2,1,0
BRDA:36,3,0,35
BRDA:36,3,1,35
BRDA:42,4,0,35
BRDA:42,4,1,0
BRDA:46,5,0,35
BRDA:46,5,1,35
BRDA:52,6,0,35
BRDA:52,6,1,0
BRDA:56,7,0,0
BRDA:56,7,1,35
BRF:16
BRH:10
end_of_record
TN:
SF:src/components/GeneralInfo/SystemStatusCard/index.js
FNF:0
FNH:0
LF:0
LH:0
BRF:0
BRH:0
end_of_record
TN:
SF:src/components/GeneralInfo/TextInputModal/TextInputModal.js
FN:15,(anonymous_0)
FN:20,(anonymous_1)
FN:34,(anonymous_2)
FN:56,(anonymous_3)
FN:62,(anonymous_4)
FN:86,(anonymous_5)
FN:118,(anonymous_6)
FN:119,(anonymous_7)
FNF:8
FNH:4
FNDA:725,(anonymous_0)
FNDA:4864,(anonymous_1)
FNDA:4864,(anonymous_2)
FNDA:6,(anonymous_3)
FNDA:0,(anonymous_4)
FNDA:0,(anonymous_5)
FNDA:0,(anonymous_6)
FNDA:0,(anonymous_7)
DA:16,725
DA:17,725
DA:21,4864
DA:22,4834
DA:25,30
DA:26,0
DA:29,30
DA:45,4864
DA:46,4864
DA:48,4864
DA:56,6
DA:62,0
DA:86,0
DA:104,37
DA:117,37
DA:118,0
DA:119,0
LF:17
LH:12
BRDA:21,0,0,4834
BRDA:21,0,1,30
BRDA:25,1,0,0
BRDA:25,1,1,30
BRDA:30,2,0,30
BRDA:30,2,1,0
BRDA:53,3,0,4864
BRDA:53,3,1,0
BRDA:65,4,0,4864
BRDA:65,4,1,111
BRDA:88,5,0,4864
BRDA:88,5,1,0
BRDA:92,6,0,4864
BRDA:92,6,1,0
BRF:14
BRH:9
end_of_record
TN:
SF:src/components/GeneralInfo/TextInputModal/index.js
FNF:0
FNH:0
LF:0
LH:0
BRF:0
BRH:0
end_of_record
TN:
SF:src/components/GeneralInfo/dataMapper/dataMapper.js
FN:40,(anonymous_0)
FN:59,(anonymous_1)
FN:67,(anonymous_2)
FN:82,(anonymous_3)
FN:90,(anonymous_4)
FN:102,(anonymous_5)
FN:122,(anonymous_6)
FN:137,(anonymous_7)
FN:154,(anonymous_8)
FN:187,(anonymous_9)
FN:194,(anonymous_10)
FNF:11
FNH:0
FNDA:0,(anonymous_0)
FNDA:0,(anonymous_1)
FNDA:0,(anonymous_2)
FNDA:0,(anonymous_3)
FNDA:0,(anonymous_4)
FNDA:0,(anonymous_5)
FNDA:0,(anonymous_6)
FNDA:0,(anonymous_7)
FNDA:0,(anonymous_8)
FNDA:0,(anonymous_9)
FNDA:0,(anonymous_10)
DA:14,37
DA:27,37
DA:40,37
DA:60,0
DA:61,0
DA:67,0
DA:82,37
DA:90,0
DA:102,37
DA:122,0
DA:137,37
DA:139,0
DA:154,0
DA:187,37
DA:194,0
LF:15
LH:7
BRDA:40,0,0,0
BRDA:60,1,0,0
BRDA:60,1,1,0
BRDA:60,1,2,0
BRDA:65,2,0,0
BRDA:65,2,1,0
BRDA:66,3,0,0
BRDA:66,3,1,0
BRDA:67,4,0,0
BRDA:67,4,1,0
BRDA:72,5,0,0
BRDA:72,5,1,0
BRDA:72,5,2,0
BRDA:74,6,0,0
BRDA:74,6,1,0
BRDA:74,6,2,0
BRDA:75,7,0,0
BRDA:75,7,1,0
BRDA:75,7,2,0
BRDA:82,8,0,0
BRDA:93,9,0,0
BRDA:93,9,1,0
BRDA:102,10,0,0
BRDA:127,11,0,0
BRDA:127,11,1,0
BRDA:138,12,0,0
BRDA:187,13,0,0
BRDA:187,14,0,0
BRF:28
BRH:0
end_of_record
TN:
SF:src/components/GeneralInfo/dataMapper/index.js
FNF:0
FNH:0
LF:0
LH:0
BRF:0
BRH:0
end_of_record
TN:
SF:src/components/GeneralInfo/selectors/index.js
FNF:0
FNH:0
LF:0
LH:0
BRF:0
BRH:0
end_of_record
TN:
SF:src/components/GeneralInfo/selectors/selectors.js
FN:4,safeParser
FN:12,(anonymous_1)
FN:18,(anonymous_2)
FN:42,(anonymous_3)
FN:54,(anonymous_4)
FN:73,(anonymous_5)
FN:83,(anonymous_6)
FN:97,(anonymous_7)
FN:120,(anonymous_8)
FN:132,(anonymous_9)
FN:140,(anonymous_10)
FN:148,(anonymous_11)
FN:150,(anonymous_12)
FN:151,(anonymous_13)
FN:163,(anonymous_14)
FNF:15
FNH:11
FNDA:0,safeParser
FNDA:35,(anonymous_1)
FNDA:35,(anonymous_2)
FNDA:0,(anonymous_3)
FNDA:35,(anonymous_4)
FNDA:35,(anonymous_5)
FNDA:0,(anonymous_6)
FNDA:35,(anonymous_7)
FNDA:35,(anonymous_8)
FNDA:0,(anonymous_9)
FNDA:280,(anonymous_10)
FNDA:70,(anonymous_11)
FNDA:350,(anonymous_12)
FNDA:280,(anonymous_13)
FNDA:35,(anonymous_14)
DA:5,0
DA:6,0
DA:8,0
DA:12,37
DA:18,37
DA:30,35
DA:42,0
DA:54,37
DA:64,35
DA:73,37
DA:77,35
DA:83,37
DA:97,37
DA:106,35
DA:120,37
DA:125,35
DA:132,37
DA:135,0
DA:140,37
DA:141,280
DA:148,37
DA:149,70
DA:150,350
DA:151,280
DA:163,37
LF:25
LH:20
BRDA:12,0,0,0
BRDA:19,1,0,0
BRDA:29,2,0,0
BRDA:31,3,0,35
BRDA:31,3,1,0
BRDA:32,4,0,35
BRDA:32,4,1,0
BRDA:34,5,0,35
BRDA:34,5,1,0
BRDA:34,5,2,0
BRDA:34,5,3,0
BRDA:39,6,0,35
BRDA:39,6,1,0
BRDA:39,6,2,0
BRDA:41,7,0,35
BRDA:41,7,1,0
BRDA:43,8,0,0
BRDA:43,8,1,0
BRDA:45,9,0,0
BRDA:45,9,1,0
BRDA:46,10,0,0
BRDA:46,10,1,0
BRDA:47,11,0,0
BRDA:47,11,1,0
BRDA:55,12,0,0
BRDA:63,13,0,0
BRDA:67,14,0,35
BRDA:67,14,1,0
BRDA:73,15,0,0
BRDA:83,16,0,0
BRDA:87,17,0,0
BRDA:87,17,1,0
BRDA:89,18,0,0
BRDA:89,18,1,0
BRDA:98,19,0,0
BRDA:103,20,0,0
BRDA:105,21,0,0
BRDA:108,22,0,35
BRDA:108,22,1,0
BRDA:108,22,2,0
BRDA:108,22,3,0
BRDA:110,23,0,0
BRDA:110,23,1,0
BRDA:120,24,0,0
BRDA:132,25,0,0
BRDA:141,26,0,70
BRDA:141,26,1,210
BRDA:142,27,0,0
BRDA:142,27,1,70
BRDA:163,28,0,0
BRF:50
BRH:10
end_of_record
TN:
SF:src/components/GroupSystems/GroupImmutableSystems.js
FN:37,(anonymous_0)
FN:46,(anonymous_1)
FN:48,(anonymous_2)
FN:54,(anonymous_3)
FN:59,(anonymous_4)
FN:68,(anonymous_5)
FN:71,(anonymous_6)
FN:73,(anonymous_7)
FN:95,(anonymous_8)
FN:114,(anonymous_9)
FN:130,(anonymous_10)
FN:131,(anonymous_11)
FN:136,(anonymous_12)
FN:141,(anonymous_13)
FN:142,(anonymous_14)
FN:144,(anonymous_15)
FN:161,(anonymous_16)
FN:165,(anonymous_17)
FN:185,(anonymous_18)
FN:212,(anonymous_19)
FN:217,(anonymous_20)
FN:224,(anonymous_21)
FN:232,(anonymous_22)
FN:251,(anonymous_23)
FN:272,(anonymous_24)
FN:286,(anonymous_25)
FN:307,(anonymous_26)
FNF:27
FNH:0
FNDA:0,(anonymous_0)
FNDA:0,(anonymous_1)
FNDA:0,(anonymous_2)
FNDA:0,(anonymous_3)
FNDA:0,(anonymous_4)
FNDA:0,(anonymous_5)
FNDA:0,(anonymous_6)
FNDA:0,(anonymous_7)
FNDA:0,(anonymous_8)
FNDA:0,(anonymous_9)
FNDA:0,(anonymous_10)
FNDA:0,(anonymous_11)
FNDA:0,(anonymous_12)
FNDA:0,(anonymous_13)
FNDA:0,(anonymous_14)
FNDA:0,(anonymous_15)
FNDA:0,(anonymous_16)
FNDA:0,(anonymous_17)
FNDA:0,(anonymous_18)
FNDA:0,(anonymous_19)
FNDA:0,(anonymous_20)
FNDA:0,(anonymous_21)
FNDA:0,(anonymous_22)
FNDA:0,(anonymous_23)
FNDA:0,(anonymous_24)
FNDA:0,(anonymous_25)
FNDA:0,(anonymous_26)
DA:37,18
DA:38,0
DA:39,0
DA:40,0
DA:43,0
DA:46,0
DA:47,0
DA:48,0
DA:50,0
DA:53,0
DA:54,0
DA:55,0
DA:59,0
DA:63,0
DA:64,0
DA:65,0
DA:67,0
DA:68,0
DA:71,0
DA:73,0
DA:74,0
DA:76,0
DA:78,0
DA:79,0
DA:80,0
DA:84,0
DA:85,0
DA:86,0
DA:87,0
DA:93,0
DA:95,0
DA:101,0
DA:102,0
DA:107,0
DA:108,0
DA:109,0
DA:110,0
DA:111,0
DA:112,0
DA:113,0
DA:114,0
DA:115,0
DA:118,0
DA:123,0
DA:130,0
DA:131,0
DA:132,0
DA:136,0
DA:139,0
DA:140,0
DA:141,0
DA:142,0
DA:144,0
DA:151,0
DA:161,0
DA:162,0
DA:163,0
DA:164,0
DA:165,0
DA:166,0
DA:168,0
DA:169,0
DA:171,0
DA:173,0
DA:174,0
DA:176,0
DA:180,0
DA:186,0
DA:187,0
DA:212,0
DA:217,0
DA:224,0
DA:233,0
DA:234,0
DA:252,0
DA:253,0
DA:273,0
DA:274,0
DA:287,0
DA:288,0
DA:308,0
DA:309,0
DA:325,18
LF:83
LH:2
BRDA:40,0,0,0
BRDA:40,0,1,0
BRDA:43,1,0,0
BRDA:43,1,1,0
BRDA:55,2,0,0
BRDA:55,2,1,0
BRDA:55,2,2,0
BRDA:55,2,3,0
BRDA:68,3,0,0
BRDA:68,3,1,0
BRDA:71,4,0,0
BRDA:71,4,1,0
BRDA:109,5,0,0
BRDA:109,5,1,0
BRDA:112,6,0,0
BRDA:112,6,1,0
BRDA:136,7,0,0
BRDA:136,7,1,0
BRDA:162,8,0,0
BRDA:162,8,1,0
BRDA:162,9,0,0
BRDA:162,9,1,0
BRDA:162,10,0,0
BRDA:162,10,1,0
BRDA:168,11,0,0
BRDA:168,11,1,0
BRDA:182,12,0,0
BRDA:182,12,1,0
BRDA:195,13,0,0
BRDA:195,13,1,0
BRDA:202,14,0,0
BRDA:202,14,1,0
BRDA:215,15,0,0
BRDA:215,15,1,0
BRDA:245,16,0,0
BRDA:245,16,1,0
BRDA:300,17,0,0
BRDA:300,17,1,0
BRDA:301,18,0,0
BRDA:301,18,1,0
BRF:40
BRH:0
end_of_record
TN:
SF:src/components/GroupSystems/GroupSystems.js
FN:31,(anonymous_0)
FN:40,(anonymous_1)
FN:42,(anonymous_2)
FN:43,(anonymous_3)
FN:63,(anonymous_4)
FN:70,(anonymous_5)
FN:75,(anonymous_6)
FN:78,(anonymous_7)
FN:119,(anonymous_8)
FN:138,(anonymous_9)
FN:141,(anonymous_10)
FN:159,(anonymous_11)
FN:167,(anonymous_12)
FN:186,(anonymous_13)
FN:204,(anonymous_14)
FNF:15
FNH:14
FNDA:4887,(anonymous_0)
FNDA:10634,(anonymous_1)
FNDA:10634,(anonymous_2)
FNDA:10634,(anonymous_3)
FNDA:665,(anonymous_4)
FNDA:629,(anonymous_5)
FNDA:4768,(anonymous_6)
FNDA:676,(anonymous_7)
FNDA:0,(anonymous_8)
FNDA:1330,(anonymous_9)
FNDA:1144,(anonymous_10)
FNDA:29640,(anonymous_11)
FNDA:10,(anonymous_12)
FNDA:11,(anonymous_13)
FNDA:9,(anonymous_14)
DA:31,55
DA:32,4887
DA:33,4887
DA:35,4887
DA:36,4887
DA:37,4887
DA:39,4887
DA:40,10634
DA:42,10634
DA:43,10634
DA:44,4887
DA:46,4887
DA:48,4887
DA:50,4887
DA:54,4887
DA:55,4887
DA:56,4887
DA:59,4887
DA:63,4887
DA:64,665
DA:66,665
DA:67,17
DA:70,665
DA:71,629
DA:75,4887
DA:77,4887
DA:78,4887
DA:89,676
DA:91,676
DA:104,4887
DA:114,4887
DA:120,0
DA:121,0
DA:138,1330
DA:142,1144
DA:159,29640
DA:168,10
DA:169,10
DA:187,11
DA:188,11
DA:205,9
DA:206,9
DA:225,55
LF:43
LH:41
BRDA:40,0,0,10634
BRDA:40,0,1,10341
BRDA:42,1,0,10634
BRDA:42,1,1,2051
BRDA:56,2,0,0
BRDA:56,2,1,4887
BRDA:59,3,0,0
BRDA:59,3,1,4887
BRDA:66,4,0,17
BRDA:66,4,1,648
BRDA:66,5,0,665
BRDA:66,5,1,648
BRDA:75,6,0,4768
BRDA:75,6,1,0
BRDA:116,7,0,4887
BRDA:116,7,1,44
BRDA:129,8,0,4887
BRDA:129,8,1,19
BRDA:136,9,0,4887
BRDA:136,9,1,4843
BRDA:197,10,0,4843
BRDA:197,10,1,4768
BRDA:198,11,0,4843
BRDA:198,11,1,75
BRF:24
BRH:21
end_of_record
TN:
SF:src/components/GroupSystems/helpers.js
FN:5,(anonymous_0)
FN:12,(anonymous_1)
FN:21,(anonymous_2)
FN:30,(anonymous_3)
FN:30,(anonymous_4)
FN:53,(anonymous_5)
FN:53,(anonymous_6)
FN:57,(anonymous_7)
FN:64,(anonymous_8)
FN:66,(anonymous_9)
FN:66,(anonymous_10)
FN:91,(anonymous_11)
FN:91,(anonymous_12)
FNF:13
FNH:7
FNDA:1381,(anonymous_0)
FNDA:6650,(anonymous_1)
FNDA:30514,(anonymous_2)
FNDA:1381,(anonymous_3)
FNDA:30514,(anonymous_4)
FNDA:8286,(anonymous_5)
FNDA:27671,(anonymous_6)
FNDA:0,(anonymous_7)
FNDA:0,(anonymous_8)
FNDA:0,(anonymous_9)
FNDA:0,(anonymous_10)
FNDA:0,(anonymous_11)
FNDA:0,(anonymous_12)
DA:5,63
DA:11,1381
DA:12,6650
DA:16,1381
DA:22,30514
DA:30,1381
DA:34,30514
DA:45,1381
DA:53,27671
DA:57,63
DA:63,0
DA:64,0
DA:66,0
DA:70,0
DA:81,0
DA:91,0
LF:16
LH:10
BRDA:8,0,0,1330
BRDA:11,1,0,1330
BRDA:11,1,1,51
BRDA:22,2,0,30514
BRDA:22,2,1,30514
BRDA:37,3,0,874
BRDA:37,3,1,29640
BRDA:60,4,0,0
BRDA:63,5,0,0
BRDA:63,5,1,0
BRDA:73,6,0,0
BRDA:73,6,1,0
BRF:12
BRH:7
end_of_record
TN:
SF:src/components/GroupSystems/index.js
FN:9,(anonymous_0)
FN:11,(anonymous_1)
FNF:2
FNH:2
FNDA:197,(anonymous_0)
FNDA:352,(anonymous_1)
DA:9,18
DA:10,197
DA:11,352
DA:13,197
DA:30,18
LF:5
LH:5
BRDA:13,0,0,142
BRDA:13,0,1,55
BRDA:13,1,0,197
BRDA:13,1,1,126
BRDA:19,2,0,0
BRDA:19,2,1,55
BRDA:19,3,0,55
BRDA:19,3,1,55
BRDA:20,4,0,0
BRDA:20,4,1,0
BRF:10
BRH:7
end_of_record
TN:
SF:src/components/GroupsTable/GroupsTable.js
FN:89,(anonymous_0)
FN:93,(anonymous_1)
FN:97,(anonymous_2)
FN:98,(anonymous_3)
FN:101,(anonymous_4)
FN:110,(anonymous_5)
FN:113,(anonymous_6)
FN:126,(anonymous_7)
FN:132,(anonymous_8)
FN:151,(anonymous_9)
FN:156,(anonymous_10)
FN:158,(anonymous_11)
FN:180,(anonymous_12)
FN:189,(anonymous_13)
FN:194,(anonymous_14)
FN:205,(anonymous_15)
FN:212,(anonymous_16)
FN:225,(anonymous_17)
FN:242,(anonymous_18)
FN:244,(anonymous_19)
FN:247,(anonymous_20)
FN:294,(anonymous_21)
FN:303,(anonymous_22)
FN:310,(anonymous_23)
FN:321,(anonymous_24)
FN:333,(anonymous_25)
FN:356,(anonymous_26)
FN:375,(anonymous_27)
FN:382,(anonymous_28)
FN:389,(anonymous_29)
FN:396,(anonymous_30)
FN:422,(anonymous_31)
FN:429,(anonymous_32)
FN:443,(anonymous_33)
FN:453,(anonymous_34)
FN:484,(anonymous_35)
FN:492,(anonymous_36)
FNF:37
FNH:30
FNDA:165,(anonymous_0)
FNDA:165,(anonymous_1)
FNDA:420,(anonymous_2)
FNDA:427,(anonymous_3)
FNDA:1281,(anonymous_4)
FNDA:7263,(anonymous_5)
FNDA:9907,(anonymous_6)
FNDA:2222,(anonymous_7)
FNDA:1324,(anonymous_8)
FNDA:1792,(anonymous_9)
FNDA:3785,(anonymous_10)
FNDA:97900,(anonymous_11)
FNDA:955,(anonymous_12)
FNDA:359,(anonymous_13)
FNDA:1267,(anonymous_14)
FNDA:330,(anonymous_15)
FNDA:0,(anonymous_16)
FNDA:21,(anonymous_17)
FNDA:34,(anonymous_18)
FNDA:140,(anonymous_19)
FNDA:6189,(anonymous_20)
FNDA:161,(anonymous_21)
FNDA:37,(anonymous_22)
FNDA:37,(anonymous_23)
FNDA:355637,(anonymous_24)
FNDA:0,(anonymous_25)
FNDA:14,(anonymous_26)
FNDA:0,(anonymous_27)
FNDA:0,(anonymous_28)
FNDA:0,(anonymous_29)
FNDA:0,(anonymous_30)
FNDA:17,(anonymous_31)
FNDA:0,(anonymous_32)
FNDA:19,(anonymous_33)
FNDA:36,(anonymous_34)
FNDA:4965,(anonymous_35)
FNDA:46,(anonymous_36)
DA:54,52
DA:59,52
DA:74,52
DA:81,52
DA:83,52
DA:89,165
DA:93,165
DA:97,420
DA:99,427
DA:101,1281
DA:110,52
DA:111,7263
DA:112,7263
DA:113,9907
DA:115,7263
DA:116,7263
DA:117,7263
DA:121,7263
DA:122,7263
DA:123,7263
DA:124,7263
DA:125,7263
DA:126,7263
DA:127,7263
DA:128,7263
DA:129,7263
DA:131,7263
DA:133,1324
DA:135,1324
DA:136,220
DA:137,220
DA:138,220
DA:145,1104
DA:151,7263
DA:152,1792
DA:153,1792
DA:156,7263
DA:158,97900
DA:174,3785
DA:175,3785
DA:177,3785
DA:178,108
DA:180,955
DA:183,3677
DA:189,7263
DA:190,359
DA:193,7263
DA:194,1267
DA:206,330
DA:207,330
DA:213,0
DA:214,0
DA:225,7263
DA:227,7263
DA:242,7263
DA:244,7263
DA:245,140
DA:247,7263
DA:248,6189
DA:249,4494
DA:252,1695
DA:253,1687
DA:254,9
DA:273,1678
DA:277,8
DA:294,7263
DA:295,161
DA:296,161
DA:297,141
DA:299,20
DA:303,7263
DA:304,37
DA:307,37
DA:310,7263
DA:311,37
DA:312,37
DA:313,37
DA:316,7263
DA:317,7263
DA:318,7263
DA:319,7263
DA:321,355637
DA:334,0
DA:338,0
DA:357,14
DA:361,14
DA:370,7263
DA:376,0
DA:377,0
DA:380,0
DA:382,0
DA:390,0
DA:391,0
DA:394,0
DA:397,0
DA:398,0
DA:422,17
DA:430,0
DA:432,0
DA:433,0
DA:435,0
DA:444,19
DA:445,0
DA:447,19
DA:454,36
DA:455,18
DA:457,18
DA:485,4965
DA:492,46
DA:544,52
LF:110
LH:92
BRDA:126,0,0,2222
BRDA:126,0,1,917
BRDA:129,1,0,7263
BRDA:129,1,1,5325
BRDA:135,2,0,220
BRDA:135,2,1,1104
BRDA:135,3,0,1324
BRDA:135,3,1,220
BRDA:161,4,0,97900
BRDA:161,4,1,0
BRDA:164,5,0,0
BRDA:164,5,1,97900
BRDA:167,6,0,97900
BRDA:167,6,1,0
BRDA:175,7,0,3785
BRDA:175,7,1,2877
BRDA:177,8,0,108
BRDA:177,8,1,3677
BRDA:204,9,0,1267
BRDA:204,9,1,905
BRDA:209,10,0,330
BRDA:209,10,1,0
BRDA:230,11,0,688
BRDA:230,11,1,6575
BRDA:248,12,0,4494
BRDA:248,12,1,1695
BRDA:248,13,0,6189
BRDA:248,13,1,4373
BRDA:248,13,2,3017
BRDA:252,14,0,1687
BRDA:252,14,1,8
BRDA:253,15,0,9
BRDA:253,15,1,1678
BRDA:261,16,0,0
BRDA:261,16,1,9
BRDA:296,17,0,141
BRDA:296,17,1,20
BRDA:329,18,0,0
BRDA:329,18,1,355637
BRDA:341,19,0,0
BRDA:341,19,1,355637
BRDA:352,20,0,0
BRDA:352,20,1,355637
BRDA:364,21,0,0
BRDA:364,21,1,355637
BRDA:372,22,0,7263
BRDA:372,22,1,0
BRDA:376,23,0,0
BRDA:376,23,1,0
BRDA:386,24,0,7263
BRDA:386,24,1,60
BRDA:390,25,0,0
BRDA:390,25,1,0
BRDA:401,26,0,39
BRDA:401,26,1,21
BRDA:407,27,0,7263
BRDA:407,27,1,2908
BRDA:426,28,0,3867
BRDA:426,28,1,3396
BRDA:427,29,0,7263
BRDA:427,29,1,2908
BRDA:430,30,0,0
BRDA:430,30,1,0
BRDA:440,31,0,92
BRDA:440,31,1,7171
BRDA:441,32,0,7263
BRDA:441,32,1,2908
BRDA:444,33,0,0
BRDA:444,33,1,19
BRDA:454,34,0,18
BRDA:454,34,1,18
BRDA:472,35,0,0
BRDA:472,35,1,7263
BRDA:479,36,0,0
BRDA:479,36,1,7263
BRDA:488,37,0,0
BRDA:488,37,1,7263
BRDA:496,38,0,201
BRDA:496,38,1,7062
BRDA:497,39,0,0
BRDA:497,39,1,201
BRDA:500,40,0,0
BRDA:500,40,1,7062
BRDA:530,41,0,7263
BRDA:530,41,1,2908
BRF:85
BRH:63
end_of_record
TN:
SF:src/components/ImmutableDevices/ImmutableDevices.js
FN:8,(anonymous_0)
FN:24,(anonymous_1)
FN:26,(anonymous_2)
FN:27,(anonymous_3)
FN:35,(anonymous_4)
FN:60,(anonymous_5)
FNF:6
FNH:6
FNDA:200,(anonymous_0)
FNDA:584,(anonymous_1)
FNDA:104,(anonymous_2)
FNDA:92,(anonymous_3)
FNDA:208,(anonymous_4)
FNDA:208,(anonymous_5)
DA:8,14
DA:22,200
DA:24,584
DA:26,200
DA:27,104
DA:28,92
DA:35,200
DA:36,208
DA:39,200
DA:60,208
DA:72,14
LF:11
LH:11
BRF:0
BRH:0
end_of_record
TN:
SF:src/components/ImmutableDevices/Status.js
FN:6,(anonymous_0)
FNF:1
FNH:1
FNDA:1824,(anonymous_0)
DA:6,32
DA:15,1824
DA:19,1824
DA:58,32
DA:67,32
LF:5
LH:5
BRDA:9,0,0,1824
BRDA:10,1,0,1824
BRDA:11,2,0,1824
BRDA:15,3,0,1824
BRDA:15,3,1,0
BRDA:21,4,0,0
BRDA:21,4,1,1824
BRDA:28,5,0,0
BRDA:28,5,1,1824
BRDA:39,6,0,114
BRDA:39,6,1,1710
BRF:11
BRH:8
end_of_record
TN:
SF:src/components/ImmutableDevices/columns.js
FN:6,(anonymous_0)
FN:29,(anonymous_1)
FNF:2
FNH:2
FNDA:1824,(anonymous_0)
FNDA:1824,(anonymous_1)
DA:6,32
DA:7,1824
DA:18,32
DA:34,1824
DA:39,1824
LF:5
LH:5
BRDA:39,0,0,114
BRDA:39,0,1,1710
BRDA:39,1,0,1824
BRDA:39,1,1,1786
BRDA:42,2,0,38
BRDA:42,2,1,76
BRDA:51,3,0,0
BRDA:51,3,1,1710
BRF:8
BRH:7
end_of_record
TN:
SF:src/components/ImmutableDevices/helpers.js
FN:46,(anonymous_0)
FNF:1
FNH:1
FNDA:1824,(anonymous_0)
DA:23,32
DA:31,32
DA:46,32
DA:51,1824
DA:52,38
DA:55,1786
DA:56,76
DA:59,1710
DA:60,57
DA:63,1653
DA:64,95
DA:66,1558
LF:12
LH:12
BRDA:51,0,0,38
BRDA:51,0,1,1786
BRDA:55,1,0,76
BRDA:55,1,1,1710
BRDA:59,2,0,57
BRDA:59,2,1,1653
BRDA:63,3,0,95
BRDA:63,3,1,1558
BRF:8
BRH:8
end_of_record
TN:
SF:src/components/ImmutableDevices/statusMapper.js
FNF:0
FNH:0
DA:3,32
LF:1
LH:1
BRF:0
BRH:0
end_of_record
TN:
SF:src/components/InventoryDetail/ApplicationDetails.js
FN:22,(anonymous_0)
FN:31,(anonymous_1)
FN:33,(anonymous_2)
FN:34,(anonymous_3)
FN:40,(anonymous_4)
FN:47,(anonymous_5)
FN:49,(anonymous_6)
FN:60,(anonymous_7)
FN:64,(anonymous_8)
FN:72,(anonymous_9)
FN:87,(anonymous_10)
FN:89,(anonymous_11)
FN:100,(anonymous_12)
FN:112,(anonymous_13)
FNF:14
FNH:14
FNDA:372,(anonymous_0)
FNDA:512,(anonymous_1)
FNDA:630,(anonymous_2)
FNDA:630,(anonymous_3)
FNDA:512,(anonymous_4)
FNDA:140,(anonymous_5)
FNDA:210,(anonymous_6)
FNDA:70,(anonymous_7)
FNDA:70,(anonymous_8)
FNDA:70,(anonymous_9)
FNDA:35,(anonymous_10)
FNDA:35,(anonymous_11)
FNDA:420,(anonymous_12)
FNDA:420,(anonymous_13)
DA:22,8
DA:30,372
DA:31,372
DA:32,512
DA:33,630
DA:34,630
DA:39,372
DA:40,512
DA:42,372
DA:43,372
DA:45,372
DA:47,372
DA:48,140
DA:49,210
DA:51,140
DA:52,140
DA:54,0
DA:56,140
DA:59,372
DA:60,70
DA:64,372
DA:66,70
DA:68,70
DA:69,70
DA:72,372
DA:73,70
DA:79,372
DA:88,35
DA:89,35
DA:91,35
DA:92,35
DA:95,35
DA:101,420
DA:113,420
DA:114,420
DA:149,8
LF:36
LH:35
BRDA:32,0,0,512
BRDA:32,0,1,512
BRDA:32,0,2,0
BRDA:43,1,0,372
BRDA:43,1,1,337
BRDA:51,2,0,140
BRDA:51,2,1,0
BRDA:51,3,0,140
BRDA:51,3,1,140
BRDA:56,4,0,140
BRDA:56,4,1,140
BRDA:66,5,0,70
BRDA:66,5,1,0
BRDA:69,6,0,70
BRDA:69,6,1,0
BRDA:73,7,0,70
BRDA:73,7,1,0
BRDA:73,7,2,70
BRDA:73,7,3,0
BRDA:73,7,4,0
BRDA:73,7,5,70
BRDA:73,7,6,0
BRDA:73,7,7,0
BRDA:81,8,0,70
BRDA:81,8,1,302
BRDA:91,9,0,35
BRDA:91,9,1,0
BRDA:92,10,0,35
BRDA:92,10,1,0
BRDA:122,11,0,420
BRDA:122,11,1,70
BRDA:125,12,0,0
BRDA:125,12,1,70
BRF:33
BRH:21
end_of_record
TN:
SF:src/components/InventoryDetail/DetailHeader.js
FN:13,(anonymous_0)
FN:37,(anonymous_1)
FNF:2
FNH:2
FNDA:302,(anonymous_0)
FNDA:302,(anonymous_1)
DA:13,8
DA:21,302
DA:37,8
DA:43,302
DA:58,8
DA:84,8
LF:6
LH:6
BRDA:29,0,0,302
BRDA:29,0,1,105
BRDA:29,0,2,0
BRDA:43,1,0,302
BRDA:43,1,1,0
BRF:5
BRH:3
end_of_record
TN:
SF:src/components/InventoryDetail/FactsInfo.js
FN:19,(anonymous_0)
FNF:1
FNH:1
FNDA:302,(anonymous_0)
DA:19,8
DA:26,302
DA:76,8
DA:83,8
LF:4
LH:4
BRDA:31,0,0,105
BRDA:31,0,1,197
BRDA:32,1,0,105
BRDA:32,1,1,0
BRDA:41,2,0,105
BRDA:41,2,1,197
BRDA:43,3,0,105
BRDA:43,3,1,0
BRDA:59,4,0,302
BRDA:59,4,1,105
BRDA:59,4,2,0
BRDA:66,5,0,302
BRDA:66,5,1,105
BRDA:66,5,2,0
BRF:14
BRH:10
end_of_record
TN:
SF:src/components/InventoryDetail/InsightsPrompt.js
FN:20,(anonymous_0)
FNF:1
FNH:0
FNDA:0,(anonymous_0)
DA:20,8
DA:21,0
LF:2
LH:1
BRF:0
BRH:0
end_of_record
TN:
SF:src/components/InventoryDetail/InventoryDetail.js
FN:21,(anonymous_0)
FN:34,(anonymous_1)
FN:36,(anonymous_2)
FN:38,(anonymous_3)
FN:43,(anonymous_4)
FN:48,(anonymous_5)
FN:111,(anonymous_6)
FN:142,(anonymous_7)
FNF:8
FNH:5
FNDA:302,(anonymous_0)
FNDA:442,(anonymous_1)
FNDA:442,(anonymous_2)
FNDA:35,(anonymous_3)
FNDA:0,(anonymous_4)
FNDA:0,(anonymous_5)
FNDA:302,(anonymous_6)
FNDA:0,(anonymous_7)
DA:21,8
DA:32,302
DA:33,302
DA:34,442
DA:36,442
DA:38,302
DA:39,35
DA:40,35
DA:43,302
DA:44,0
DA:45,0
DA:48,302
DA:50,302
DA:83,8
DA:98,8
DA:111,8
DA:112,302
DA:114,302
DA:115,0
DA:116,0
DA:117,0
DA:120,0
DA:122,0
DA:123,0
DA:127,302
DA:139,8
DA:142,8
DA:143,0
DA:149,8
LF:29
LH:20
BRDA:34,0,0,442
BRDA:34,0,1,302
BRDA:39,1,0,35
BRDA:39,1,1,0
BRDA:39,2,0,35
BRDA:39,2,1,0
BRDA:39,2,2,0
BRDA:52,3,0,0
BRDA:52,3,1,302
BRDA:52,4,0,302
BRDA:52,4,1,105
BRDA:68,5,0,302
BRDA:68,5,1,302
BRDA:114,6,0,0
BRDA:114,6,1,302
BRDA:130,7,0,302
BRDA:130,7,1,0
BRDA:130,7,2,0
BRDA:143,8,0,0
BRDA:143,8,1,0
BRF:20
BRH:11
end_of_record
TN:
SF:src/components/InventoryDetail/SystemNotFound.js
FN:20,(anonymous_0)
FN:35,(anonymous_1)
FNF:2
FNH:0
FNDA:0,(anonymous_0)
FNDA:0,(anonymous_1)
DA:20,8
DA:21,0
DA:22,0
DA:36,0
DA:46,8
LF:5
LH:2
BRF:0
BRH:0
end_of_record
TN:
SF:src/components/InventoryDetail/TopBar.js
FN:32,(anonymous_0)
FN:58,(anonymous_1)
FN:104,(anonymous_2)
FN:123,(anonymous_3)
FN:124,(anonymous_4)
FN:127,(anonymous_5)
FN:138,(anonymous_6)
FN:141,(anonymous_7)
FN:156,(anonymous_8)
FN:170,(anonymous_9)
FN:173,(anonymous_10)
FN:181,(anonymous_11)
FN:221,(anonymous_12)
FN:222,(anonymous_13)
FN:223,(anonymous_14)
FNF:15
FNH:1
FNDA:302,(anonymous_0)
FNDA:0,(anonymous_1)
FNDA:0,(anonymous_2)
FNDA:0,(anonymous_3)
FNDA:0,(anonymous_4)
FNDA:0,(anonymous_5)
FNDA:0,(anonymous_6)
FNDA:0,(anonymous_7)
FNDA:0,(anonymous_8)
FNDA:0,(anonymous_9)
FNDA:0,(anonymous_10)
FNDA:0,(anonymous_11)
FNDA:0,(anonymous_12)
FNDA:0,(anonymous_13)
FNDA:0,(anonymous_14)
DA:32,8
DA:48,302
DA:49,302
DA:50,302
DA:51,302
DA:52,302
DA:58,0
DA:64,302
DA:104,0
DA:123,0
DA:125,0
DA:127,0
DA:139,0
DA:142,0
DA:156,0
DA:170,0
DA:174,0
DA:181,0
DA:182,0
DA:184,0
DA:192,8
DA:215,8
DA:221,0
DA:222,0
DA:223,0
LF:25
LH:9
BRDA:53,0,0,302
BRDA:53,0,1,0
BRDA:61,1,0,302
BRDA:61,1,1,0
BRDA:67,2,0,105
BRDA:67,2,1,197
BRDA:76,3,0,105
BRDA:76,3,1,105
BRDA:80,4,0,105
BRDA:80,4,1,105
BRDA:84,5,0,105
BRDA:84,5,1,105
BRDA:84,5,2,105
BRDA:85,6,0,105
BRDA:85,6,1,105
BRDA:98,7,0,105
BRDA:98,7,1,197
BRDA:102,8,0,66
BRDA:102,8,1,39
BRDA:118,9,0,105
BRDA:118,9,1,0
BRDA:142,10,0,0
BRDA:142,10,1,0
BRDA:155,11,0,105
BRDA:155,11,1,0
BRDA:167,12,0,302
BRDA:167,12,1,0
BRF:27
BRH:20
end_of_record
TN:
SF:src/components/InventoryDetail/helpers.js
FN:3,(anonymous_0)
FN:25,(anonymous_1)
FNF:2
FNH:1
FNDA:0,(anonymous_0)
FNDA:1002,(anonymous_1)
DA:3,8
DA:4,0
DA:5,0
DA:10,0
DA:15,0
DA:17,0
DA:25,1002
LF:7
LH:2
BRDA:4,0,0,0
BRDA:4,0,1,0
BRDA:10,1,0,0
BRDA:10,1,1,0
BRDA:11,2,0,0
BRDA:11,2,1,0
BRF:6
BRH:0
end_of_record
TN:
SF:src/components/InventoryGroupDetail/EdgeUpdateDeviceModal.js
FN:9,(anonymous_0)
FNF:1
FNH:0
FNDA:0,(anonymous_0)
DA:9,18
DA:10,0
DA:11,0
DA:12,0
LF:4
LH:1
BRF:0
BRH:0
end_of_record
TN:
SF:src/components/InventoryGroupDetail/EmptyStateNoAccess.js
FN:5,(anonymous_0)
FN:29,(anonymous_1)
FN:54,(anonymous_2)
FNF:3
FNH:2
FNDA:63,(anonymous_0)
FNDA:68,(anonymous_1)
FNDA:0,(anonymous_2)
DA:5,24
DA:6,63
DA:8,63
DA:29,24
DA:30,68
DA:32,55
DA:54,24
DA:55,0
DA:57,0
LF:9
LH:7
BRDA:11,0,0,0
BRDA:11,0,1,63
BRDA:18,1,0,0
BRDA:18,1,1,63
BRDA:35,2,0,0
BRDA:35,2,1,55
BRDA:41,3,0,0
BRDA:41,3,1,55
BRDA:44,4,0,0
BRDA:44,4,1,55
BRDA:60,5,0,0
BRDA:60,5,1,0
BRDA:66,6,0,0
BRDA:66,6,1,0
BRDA:69,7,0,0
BRDA:69,7,1,0
BRF:16
BRH:5
end_of_record
TN:
SF:src/components/InventoryGroupDetail/GroupDetailHeader.js
FN:35,(anonymous_0)
FN:39,(anonymous_1)
FN:65,(anonymous_2)
FN:67,(anonymous_3)
FN:81,(anonymous_4)
FN:107,(anonymous_5)
FN:112,(anonymous_6)
FN:118,(anonymous_7)
FN:119,(anonymous_8)
FN:148,(anonymous_9)
FN:149,(anonymous_10)
FN:151,(anonymous_11)
FN:155,(anonymous_12)
FN:168,(anonymous_13)
FN:174,(anonymous_14)
FN:181,(anonymous_15)
FNF:16
FNH:13
FNDA:402,(anonymous_0)
FNDA:588,(anonymous_1)
FNDA:152,(anonymous_2)
FNDA:0,(anonymous_3)
FNDA:804,(anonymous_4)
FNDA:15,(anonymous_5)
FNDA:14,(anonymous_6)
FNDA:14,(anonymous_7)
FNDA:7,(anonymous_8)
FNDA:0,(anonymous_9)
FNDA:29,(anonymous_10)
FNDA:402,(anonymous_11)
FNDA:29,(anonymous_12)
FNDA:15,(anonymous_13)
FNDA:14,(anonymous_14)
FNDA:0,(anonymous_15)
DA:35,18
DA:36,402
DA:37,402
DA:38,402
DA:39,588
DA:42,402
DA:46,402
DA:50,402
DA:51,402
DA:52,402
DA:53,402
DA:57,402
DA:59,402
DA:63,402
DA:65,402
DA:66,152
DA:67,0
DA:68,0
DA:70,0
DA:71,0
DA:73,0
DA:79,402
DA:81,402
DA:82,804
DA:83,694
DA:84,400
DA:95,294
DA:99,110
DA:102,402
DA:107,15
DA:112,14
DA:118,14
DA:119,7
DA:148,0
DA:149,29
DA:152,402
DA:155,29
DA:168,15
DA:174,14
DA:182,0
DA:197,18
LF:41
LH:34
BRDA:66,0,0,0
BRDA:66,0,1,152
BRDA:82,1,0,694
BRDA:82,1,1,110
BRDA:83,2,0,400
BRDA:83,2,1,294
BRDA:83,3,0,694
BRDA:83,3,1,500
BRDA:88,4,0,0
BRDA:88,4,1,400
BRDA:95,5,0,294
BRDA:95,5,1,0
BRDA:104,6,0,402
BRDA:104,6,1,15
BRDA:110,7,0,15
BRDA:110,7,1,0
BRDA:110,8,0,15
BRDA:110,8,1,0
BRDA:115,9,0,402
BRDA:115,9,1,14
BRDA:123,10,0,402
BRDA:123,10,1,0
BRDA:133,11,0,0
BRDA:133,11,1,402
BRDA:158,12,0,402
BRDA:158,12,1,257
BRDA:158,12,2,195
BRDA:161,13,0,0
BRDA:161,13,1,402
BRDA:178,14,0,402
BRDA:178,14,1,0
BRF:31
BRH:22
end_of_record
TN:
SF:src/components/InventoryGroupDetail/GroupDetailInfo.js
FN:13,(anonymous_0)
FN:71,(anonymous_1)
FNF:2
FNH:2
FNDA:117,(anonymous_0)
FNDA:6,(anonymous_1)
DA:13,13
DA:14,117
DA:15,117
DA:19,110
DA:21,110
DA:67,13
DA:71,13
DA:72,6
LF:8
LH:8
BRDA:49,0,0,22
BRDA:49,0,1,88
BRDA:51,1,0,0
BRDA:51,1,1,22
BRDA:57,2,0,0
BRDA:57,2,1,88
BRF:6
BRH:4
end_of_record
TN:
SF:src/components/InventoryGroupDetail/GroupTabDetails.js
FN:19,(anonymous_0)
FN:21,(anonymous_1)
FN:34,(anonymous_2)
FN:45,(anonymous_3)
FN:57,(anonymous_4)
FN:64,(anonymous_5)
FN:78,(anonymous_6)
FNF:7
FNH:0
FNDA:0,(anonymous_0)
FNDA:0,(anonymous_1)
FNDA:0,(anonymous_2)
FNDA:0,(anonymous_3)
FNDA:0,(anonymous_4)
FNDA:0,(anonymous_5)
FNDA:0,(anonymous_6)
DA:19,18
DA:21,18
DA:27,0
DA:29,0
DA:32,0
DA:33,0
DA:35,0
DA:44,0
DA:46,0
DA:55,0
DA:57,0
DA:58,0
DA:59,0
DA:61,0
DA:64,0
DA:65,0
DA:66,0
DA:67,0
DA:69,0
DA:73,0
DA:75,0
DA:78,0
DA:137,18
LF:23
LH:3
BRDA:58,0,0,0
BRDA:58,0,1,0
BRDA:66,1,0,0
BRDA:66,1,1,0
BRDA:87,2,0,0
BRDA:87,2,1,0
BRDA:87,3,0,0
BRDA:87,3,1,0
BRDA:90,4,0,0
BRDA:90,4,1,0
BRDA:90,5,0,0
BRDA:90,5,1,0
BRDA:107,6,0,0
BRDA:107,6,1,0
BRDA:116,7,0,0
BRDA:116,7,1,0
BRDA:119,8,0,0
BRDA:119,8,1,0
BRF:18
BRH:0
end_of_record
TN:
SF:src/components/InventoryGroupDetail/InventoryGroupDetail.js
FN:36,(anonymous_0)
FN:37,(anonymous_1)
FN:46,(anonymous_2)
FN:62,(anonymous_3)
FN:67,(anonymous_4)
FN:72,(anonymous_5)
FN:86,(anonymous_6)
FN:93,(anonymous_7)
FN:100,(anonymous_8)
FN:149,(anonymous_9)
FNF:10
FNH:8
FNDA:6,(anonymous_0)
FNDA:315,(anonymous_1)
FNDA:501,(anonymous_2)
FNDA:152,(anonymous_3)
FNDA:135,(anonymous_4)
FNDA:212,(anonymous_5)
FNDA:212,(anonymous_6)
FNDA:0,(anonymous_7)
FNDA:0,(anonymous_8)
FNDA:6,(anonymous_9)
DA:36,18
DA:37,18
DA:38,315
DA:40,315
DA:44,315
DA:45,315
DA:46,501
DA:48,315
DA:50,315
DA:51,315
DA:53,315
DA:56,315
DA:60,315
DA:62,315
DA:63,152
DA:64,97
DA:67,152
DA:68,135
DA:72,315
DA:74,212
DA:83,315
DA:84,315
DA:86,315
DA:87,212
DA:88,0
DA:89,0
DA:94,0
DA:95,0
DA:96,0
DA:102,0
DA:103,0
DA:104,0
DA:106,0
DA:111,0
DA:112,0
DA:117,315
DA:121,0
DA:124,315
DA:149,6
DA:193,18
LF:40
LH:28
BRDA:63,0,0,97
BRDA:63,0,1,55
BRDA:75,1,0,212
BRDA:75,1,1,152
BRDA:76,2,0,0
BRDA:76,2,1,212
BRDA:87,3,0,0
BRDA:87,3,1,212
BRDA:103,4,0,0
BRDA:103,4,1,0
BRDA:103,5,0,0
BRDA:103,5,1,0
BRDA:117,6,0,0
BRDA:117,6,1,315
BRDA:118,7,0,315
BRDA:118,7,1,60
BRDA:118,7,2,315
BRDA:118,7,3,0
BRDA:124,8,0,0
BRDA:124,8,1,315
BRDA:124,9,0,315
BRDA:124,9,1,0
BRDA:124,9,2,0
BRDA:127,10,0,0
BRDA:127,10,1,0
BRDA:145,11,0,260
BRDA:145,11,1,55
BRDA:156,12,0,197
BRDA:156,12,1,63
BRDA:165,13,0,0
BRDA:165,13,1,260
BRDA:168,14,0,260
BRDA:168,14,1,6
BRF:33
BRH:19
end_of_record
TN:
SF:src/components/InventoryGroupDetail/NoSystemsEmptyState.js
FN:22,(anonymous_0)
FN:63,(anonymous_1)
FNF:2
FNH:1
FNDA:55,(anonymous_0)
FNDA:0,(anonymous_1)
DA:22,18
DA:23,55
DA:24,55
DA:26,55
DA:63,0
DA:73,18
LF:6
LH:5
BRDA:51,0,0,0
BRDA:51,0,1,55
BRDA:58,1,0,0
BRDA:58,1,1,55
BRF:4
BRH:2
end_of_record
TN:
SF:src/components/InventoryGroups/GetHelpExpandable.js
FN:16,(anonymous_0)
FN:34,(anonymous_1)
FN:52,(anonymous_2)
FNF:3
FNH:1
FNDA:37,(anonymous_0)
FNDA:0,(anonymous_1)
FNDA:0,(anonymous_2)
DA:16,6
DA:18,37
DA:19,37
DA:20,37
DA:22,37
DA:35,0
DA:53,0
LF:7
LH:5
BRDA:35,0,0,0
BRDA:35,0,1,0
BRDA:40,1,0,0
BRDA:40,1,1,37
BRDA:46,2,0,33
BRDA:46,2,1,4
BRDA:46,3,0,37
BRDA:46,3,1,4
BRDA:53,4,0,0
BRDA:53,4,1,0
BRDA:62,5,0,0
BRDA:62,5,1,33
BRF:12
BRH:6
end_of_record
TN:
SF:src/components/InventoryGroups/InventoryGroups.js
FN:13,(anonymous_0)
FN:22,(anonymous_1)
FN:42,(anonymous_2)
FN:46,(anonymous_3)
FN:49,(anonymous_4)
FNF:5
FNH:4
FNDA:43,(anonymous_0)
FNDA:20,(anonymous_1)
FNDA:0,(anonymous_2)
FNDA:20,(anonymous_3)
FNDA:14,(anonymous_4)
DA:13,6
DA:14,43
DA:15,37
DA:16,37
DA:17,37
DA:18,37
DA:20,37
DA:22,37
DA:23,20
DA:26,20
DA:27,20
DA:29,15
DA:30,6
DA:33,4
DA:34,4
DA:35,4
DA:39,19
DA:42,37
DA:43,0
DA:46,37
DA:47,20
DA:49,20
DA:50,14
DA:54,37
LF:24
LH:23
BRDA:29,0,0,6
BRDA:29,0,1,9
BRDA:30,1,0,6
BRDA:30,1,1,6
BRDA:33,2,0,4
BRDA:33,2,1,0
BRDA:39,3,0,19
BRDA:39,3,1,17
BRDA:59,4,0,37
BRDA:59,4,1,0
BRDA:67,5,0,4
BRDA:67,5,1,33
BRDA:68,6,0,0
BRDA:68,6,1,4
BRDA:68,7,0,4
BRDA:68,7,1,4
BRDA:73,8,0,20
BRDA:73,8,1,13
BRDA:77,9,0,6
BRDA:77,9,1,7
BRF:20
BRH:17
end_of_record
TN:
SF:src/components/InventoryGroups/NoGroupsEmptyState.js
FN:21,(anonymous_0)
FNF:1
FNH:1
FNDA:7,(anonymous_0)
DA:19,6
DA:21,6
DA:23,7
DA:24,7
DA:26,7
DA:73,6
LF:6
LH:6
BRDA:33,0,0,0
BRDA:33,0,1,7
BRDA:45,1,0,0
BRDA:45,1,1,7
BRDA:49,2,0,5
BRDA:49,2,1,2
BRDA:55,3,0,0
BRDA:55,3,1,5
BRDA:60,4,0,0
BRDA:60,4,1,2
BRDA:64,5,0,0
BRDA:64,5,1,2
BRF:12
BRH:7
end_of_record
TN:
SF:src/components/InventoryGroups/Modals/AddSelectedHostsToGroupModal.js
FN:15,(anonymous_0)
FN:25,(anonymous_1)
FN:42,(anonymous_2)
FN:45,(anonymous_3)
FN:56,(anonymous_4)
FN:63,(anonymous_5)
FNF:6
FNH:6
FNDA:103,(anonymous_0)
FNDA:47,(anonymous_1)
FNDA:47,(anonymous_2)
FNDA:69,(anonymous_3)
FNDA:47,(anonymous_4)
FNDA:21,(anonymous_5)
DA:15,34
DA:21,103
DA:22,103
DA:23,103
DA:24,103
DA:25,103
DA:26,47
DA:27,47
DA:40,47
DA:43,47
DA:45,69
DA:51,103
DA:56,47
DA:63,21
DA:85,34
LF:15
LH:15
BRDA:35,0,0,22
BRDA:35,0,1,25
BRDA:53,1,0,103
BRDA:53,1,1,82
BRDA:57,2,0,0
BRDA:57,2,1,82
BRDA:71,3,0,103
BRDA:71,3,1,21
BRF:8
BRH:7
end_of_record
TN:
SF:src/components/InventoryGroups/Modals/AddSystemsToGroupModal.js
FN:38,(anonymous_0)
FN:51,(anonymous_1)
FN:53,(anonymous_2)
FN:55,(anonymous_3)
FN:71,(anonymous_4)
FN:80,(anonymous_5)
FN:88,(anonymous_6)
FN:102,(anonymous_7)
FN:111,(anonymous_8)
FN:132,(anonymous_9)
FN:141,(anonymous_10)
FN:154,(anonymous_11)
FN:167,(anonymous_12)
FN:187,(anonymous_13)
FN:191,(anonymous_14)
FN:239,(anonymous_15)
FNF:16
FNH:10
FNDA:243,(anonymous_0)
FNDA:423,(anonymous_1)
FNDA:423,(anonymous_2)
FNDA:423,(anonymous_3)
FNDA:7,(anonymous_4)
FNDA:4,(anonymous_5)
FNDA:0,(anonymous_6)
FNDA:4,(anonymous_7)
FNDA:4,(anonymous_8)
FNDA:0,(anonymous_9)
FNDA:0,(anonymous_10)
FNDA:0,(anonymous_11)
FNDA:51,(anonymous_12)
FNDA:0,(anonymous_13)
FNDA:0,(anonymous_14)
FNDA:4,(anonymous_15)
DA:38,63
DA:46,243
DA:48,243
DA:49,243
DA:50,243
DA:51,423
DA:53,423
DA:55,423
DA:56,243
DA:58,243
DA:59,243
DA:67,243
DA:69,243
DA:72,7
DA:79,243
DA:81,4
DA:88,0
DA:100,4
DA:102,4
DA:109,243
DA:111,243
DA:112,4
DA:113,4
DA:115,4
DA:116,4
DA:119,243
DA:122,243
DA:126,243
DA:130,243
DA:131,243
DA:132,0
DA:136,243
DA:138,243
DA:140,243
DA:141,0
DA:145,243
DA:147,243
DA:148,243
DA:154,243
DA:155,0
DA:159,243
DA:160,7
DA:161,236
DA:162,0
DA:166,243
DA:167,51
DA:181,243
DA:188,0
DA:189,0
DA:192,0
DA:193,0
DA:240,4
DA:241,0
DA:242,0
DA:244,4
DA:245,4
DA:246,4
DA:297,63
LF:58
LH:47
BRDA:51,0,0,423
BRDA:51,0,1,381
BRDA:53,1,0,423
BRDA:53,1,1,164
BRDA:58,2,0,243
BRDA:58,2,1,0
BRDA:73,3,0,7
BRDA:73,3,1,3
BRDA:84,4,0,0
BRDA:84,4,1,4
BRDA:85,5,0,4
BRDA:85,5,1,4
BRDA:96,6,0,0
BRDA:96,6,1,4
BRDA:97,7,0,4
BRDA:97,7,1,4
BRDA:109,8,0,243
BRDA:109,8,1,0
BRDA:112,9,0,4
BRDA:112,9,1,0
BRDA:126,10,0,243
BRDA:126,10,1,128
BRDA:126,10,2,0
BRDA:145,11,0,243
BRDA:145,11,1,240
BRDA:149,12,0,199
BRDA:149,12,1,44
BRDA:159,13,0,7
BRDA:159,13,1,236
BRDA:161,14,0,0
BRDA:161,14,1,236
BRDA:182,15,0,243
BRDA:182,15,1,159
BRDA:205,16,0,159
BRDA:205,16,1,0
BRDA:205,16,2,0
BRDA:222,17,0,159
BRDA:222,17,1,3
BRDA:228,18,0,0
BRDA:228,18,1,3
BRDA:240,19,0,0
BRDA:240,19,1,4
BRDA:249,20,0,159
BRDA:249,20,1,7
BRDA:261,21,0,0
BRDA:261,21,1,159
BRDA:261,22,0,159
BRDA:261,22,1,0
BRF:48
BRH:35
end_of_record
TN:
SF:src/components/InventoryGroups/Modals/ConfirmSystemsAddModal.js
FN:12,(anonymous_0)
FN:28,(anonymous_1)
FN:35,(anonymous_2)
FN:37,(anonymous_3)
FN:49,(anonymous_4)
FNF:5
FNH:1
FNDA:159,(anonymous_0)
FNDA:0,(anonymous_1)
FNDA:0,(anonymous_2)
FNDA:0,(anonymous_3)
FNDA:0,(anonymous_4)
DA:12,63
DA:19,159
DA:20,159
DA:22,159
DA:29,0
DA:38,0
DA:40,0
DA:50,0
DA:78,63
LF:9
LH:5
BRDA:26,0,0,0
BRDA:26,0,1,159
BRDA:52,1,0,0
BRDA:52,1,1,0
BRDA:58,2,0,0
BRDA:58,2,1,0
BRF:6
BRH:1
end_of_record
TN:
SF:src/components/InventoryGroups/Modals/CreateGroupModal.js
FN:11,(anonymous_0)
FN:26,(anonymous_1)
FN:37,(anonymous_2)
FN:50,(anonymous_3)
FN:55,(anonymous_4)
FN:57,(anonymous_5)
FN:66,(anonymous_6)
FNF:7
FNH:4
FNDA:22,(anonymous_0)
FNDA:25,(anonymous_1)
FNDA:0,(anonymous_2)
FNDA:0,(anonymous_3)
FNDA:25,(anonymous_4)
FNDA:22,(anonymous_5)
FNDA:0,(anonymous_6)
DA:11,42
DA:12,22
DA:13,20
DA:16,2
DA:17,0
DA:18,0
DA:23,0
DA:26,42
DA:33,25
DA:34,25
DA:36,25
DA:38,0
DA:50,0
DA:55,25
DA:56,25
DA:57,22
DA:63,25
DA:66,25
DA:67,0
DA:68,0
DA:69,0
DA:71,0
DA:75,25
DA:90,42
LF:24
LH:15
BRDA:11,0,0,20
BRDA:12,1,0,20
BRDA:12,1,1,2
BRDA:17,2,0,0
BRDA:17,2,1,0
BRDA:18,3,0,0
BRDA:18,3,1,0
BRDA:30,4,0,4
BRDA:45,5,0,0
BRDA:45,5,1,0
BRDA:67,6,0,0
BRDA:67,6,1,0
BRDA:79,7,0,0
BRDA:79,7,1,25
BRF:14
BRH:5
end_of_record
TN:
SF:src/components/InventoryGroups/Modals/DeleteGroupModal.js
FN:25,(anonymous_0)
FN:58,(anonymous_1)
FN:67,(anonymous_2)
FN:77,(anonymous_3)
FN:86,(anonymous_4)
FN:92,(anonymous_5)
FN:96,(anonymous_6)
FN:100,(anonymous_7)
FN:109,(anonymous_8)
FN:114,(anonymous_9)
FN:137,(anonymous_10)
FN:161,(anonymous_11)
FN:167,(anonymous_12)
FN:172,(anonymous_13)
FN:200,(anonymous_14)
FNF:15
FNH:15
FNDA:109,(anonymous_0)
FNDA:109,(anonymous_1)
FNDA:109,(anonymous_2)
FNDA:714,(anonymous_3)
FNDA:1971,(anonymous_4)
FNDA:243,(anonymous_5)
FNDA:243,(anonymous_6)
FNDA:323,(anonymous_7)
FNDA:222,(anonymous_8)
FNDA:26,(anonymous_9)
FNDA:26,(anonymous_10)
FNDA:119,(anonymous_11)
FNDA:19,(anonymous_12)
FNDA:17,(anonymous_13)
FNDA:43,(anonymous_14)
DA:25,109
DA:58,109
DA:68,109
DA:77,86
DA:83,714
DA:84,714
DA:85,714
DA:86,1971
DA:88,714
DA:89,714
DA:90,714
DA:92,714
DA:94,243
DA:96,243
DA:97,243
DA:99,242
DA:100,323
DA:101,228
DA:107,243
DA:109,243
DA:110,222
DA:114,714
DA:115,26
DA:137,26
DA:140,714
DA:162,119
DA:167,19
DA:172,17
DA:200,43
DA:208,86
LF:30
LH:30
BRDA:31,0,0,63
BRDA:31,0,1,46
BRDA:32,1,0,0
BRDA:32,1,1,63
BRDA:58,2,0,0
BRDA:60,3,0,63
BRDA:60,3,1,46
BRDA:61,4,0,0
BRDA:61,4,1,63
BRDA:64,5,0,0
BRDA:64,5,1,46
BRDA:85,6,0,714
BRDA:85,6,1,486
BRDA:99,7,0,228
BRDA:99,7,1,14
BRDA:119,8,0,10
BRDA:119,8,1,16
BRDA:121,9,0,0
BRDA:121,9,1,10
BRDA:128,10,0,10
BRDA:128,10,1,16
BRDA:130,11,0,0
BRDA:130,11,1,10
BRDA:132,12,0,0
BRDA:132,12,1,16
BRDA:140,13,0,486
BRDA:140,13,1,228
BRDA:149,14,0,119
BRDA:149,14,1,109
BRDA:153,15,0,92
BRDA:153,15,1,27
BRDA:154,16,0,0
BRDA:154,16,1,92
BRDA:157,17,0,0
BRDA:157,17,1,27
BRDA:178,18,0,92
BRDA:178,18,1,27
BRDA:181,19,0,0
BRDA:181,19,1,92
BRDA:183,20,0,0
BRDA:183,20,1,92
BRDA:190,21,0,0
BRDA:190,21,1,27
BRF:43
BRH:31
end_of_record
TN:
SF:src/components/InventoryGroups/Modals/Modal.js
FN:8,(anonymous_0)
FN:28,(anonymous_1)
FN:43,(anonymous_2)
FN:61,(anonymous_3)
FN:66,(anonymous_4)
FN:74,(anonymous_5)
FNF:6
FNH:6
FNDA:463,(anonymous_0)
FNDA:2301,(anonymous_1)
FNDA:933,(anonymous_2)
FNDA:158,(anonymous_3)
FNDA:129,(anonymous_4)
FNDA:8,(anonymous_5)
DA:8,171
DA:25,463
DA:29,2301
DA:44,933
DA:62,158
DA:64,158
DA:65,139
DA:66,139
DA:68,0
DA:72,158
DA:74,8
DA:81,171
DA:99,171
LF:13
LH:12
BRDA:29,0,0,2301
BRDA:29,0,1,2301
BRDA:31,1,0,463
BRDA:31,1,1,463
BRDA:33,2,0,463
BRDA:33,2,1,195
BRDA:41,3,0,159
BRDA:41,3,1,304
BRDA:56,4,0,82
BRDA:56,4,1,381
BRDA:64,5,0,139
BRDA:64,5,1,19
BRDA:65,6,0,139
BRDA:65,6,1,0
BRF:14
BRH:13
end_of_record
TN:
SF:src/components/InventoryGroups/Modals/RemoveHostsFromGroupModal.js
FN:11,(anonymous_0)
FN:12,(anonymous_1)
FN:39,(anonymous_2)
FN:40,(anonymous_3)
FN:48,(anonymous_4)
FN:61,(anonymous_5)
FN:72,(anonymous_6)
FN:81,(anonymous_7)
FN:83,(anonymous_8)
FN:86,(anonymous_9)
FN:89,(anonymous_10)
FN:97,(anonymous_11)
FNF:12
FNH:10
FNDA:68,(anonymous_0)
FNDA:100,(anonymous_1)
FNDA:68,(anonymous_2)
FNDA:100,(anonymous_3)
FNDA:0,(anonymous_4)
FNDA:0,(anonymous_5)
FNDA:68,(anonymous_6)
FNDA:68,(anonymous_7)
FNDA:68,(anonymous_8)
FNDA:68,(anonymous_9)
FNDA:100,(anonymous_10)
FNDA:68,(anonymous_11)
DA:11,84
DA:12,100
DA:13,68
DA:15,68
DA:39,84
DA:40,100
DA:41,68
DA:43,68
DA:48,0
DA:61,0
DA:72,84
DA:79,68
DA:80,68
DA:81,68
DA:83,68
DA:84,68
DA:87,68
DA:89,100
DA:94,68
DA:97,68
DA:109,84
LF:21
LH:19
BRDA:21,0,0,36
BRDA:21,0,1,32
BRDA:43,1,0,36
BRDA:43,1,1,32
BRDA:98,2,0,0
BRDA:98,2,1,68
BRF:6
BRH:5
end_of_record
TN:
SF:src/components/InventoryGroups/Modals/RenameGroupModal.js
FN:13,(anonymous_0)
FN:32,(anonymous_1)
FN:42,(anonymous_2)
FN:57,(anonymous_3)
FN:62,(anonymous_4)
FN:63,(anonymous_5)
FN:82,(anonymous_6)
FNF:7
FNH:7
FNDA:20,(anonymous_0)
FNDA:20,(anonymous_1)
FNDA:17,(anonymous_2)
FNDA:17,(anonymous_3)
FNDA:20,(anonymous_4)
FNDA:20,(anonymous_5)
FNDA:17,(anonymous_6)
DA:13,74
DA:32,74
DA:38,20
DA:39,20
DA:40,20
DA:42,20
DA:43,17
DA:55,17
DA:57,17
DA:62,20
DA:63,20
DA:64,20
DA:65,20
DA:66,3
DA:71,17
DA:75,20
DA:76,20
DA:79,20
DA:82,17
DA:93,74
LF:20
LH:20
BRDA:50,0,0,0
BRDA:50,0,1,17
BRDA:65,1,0,3
BRDA:65,1,1,17
BRDA:66,2,0,0
BRDA:66,2,1,3
BRDA:83,3,0,0
BRDA:83,3,1,20
BRF:8
BRH:5
end_of_record
TN:
SF:src/components/InventoryGroups/Modals/ModalSchemas/schemes.js
FN:9,(anonymous_0)
FN:33,(anonymous_1)
FN:54,(anonymous_2)
FN:70,(anonymous_3)
FN:74,(anonymous_4)
FN:77,(anonymous_5)
FN:86,(anonymous_6)
FN:104,(anonymous_7)
FNF:8
FNH:8
FNDA:25,(anonymous_0)
FNDA:159,(anonymous_1)
FNDA:82,(anonymous_2)
FNDA:76,(anonymous_3)
FNDA:76,(anonymous_4)
FNDA:3800,(anonymous_5)
FNDA:82,(anonymous_6)
FNDA:94,(anonymous_7)
DA:9,105
DA:12,25
DA:33,159
DA:54,105
DA:55,82
DA:69,105
DA:71,76
DA:74,76
DA:77,3800
DA:86,105
DA:104,94
LF:11
LH:11
BRDA:17,0,0,0
BRDA:17,0,1,25
BRDA:39,1,0,0
BRDA:39,1,1,159
BRDA:42,2,0,0
BRDA:42,2,1,159
BRDA:57,3,0,0
BRDA:57,3,1,82
BRDA:59,4,0,22
BRDA:59,4,1,60
BRDA:96,5,0,0
BRDA:96,5,1,82
BRDA:101,6,0,0
BRDA:101,6,1,82
BRDA:107,7,0,0
BRDA:107,7,1,82
BRDA:110,8,0,0
BRDA:110,8,1,82
BRF:18
BRH:10
end_of_record
TN:
SF:src/components/InventoryGroups/SmallComponents/CreateGroupButton.js
FN:8,(anonymous_0)
FNF:1
FNH:1
FNDA:258,(anonymous_0)
DA:8,34
DA:9,258
DA:12,258
DA:14,258
DA:26,34
LF:5
LH:5
BRDA:14,0,0,240
BRDA:14,0,1,18
BRDA:18,1,0,0
BRDA:18,1,1,240
BRF:4
BRH:3
end_of_record
TN:
SF:src/components/InventoryGroups/helpers/validate.js
FNF:0
FNH:0
DA:3,155
LF:1
LH:1
BRF:0
BRH:0
end_of_record
TN:
SF:src/components/InventoryGroups/utils/api.js
FN:14,(anonymous_0)
FN:29,(anonymous_1)
FN:39,(anonymous_2)
FN:53,(anonymous_3)
FN:76,(anonymous_4)
FN:78,(anonymous_5)
FN:92,(anonymous_6)
FN:98,(anonymous_7)
FN:107,(anonymous_8)
FN:113,(anonymous_9)
FN:116,(anonymous_10)
FN:116,(anonymous_11)
FN:119,(anonymous_12)
FN:123,(anonymous_13)
FN:127,(anonymous_14)
FN:131,(anonymous_15)
FN:135,(anonymous_16)
FNF:17
FNH:13
FNDA:4820,(anonymous_0)
FNDA:76,(anonymous_1)
FNDA:76,(anonymous_2)
FNDA:76,(anonymous_3)
FNDA:0,(anonymous_4)
FNDA:0,(anonymous_5)
FNDA:0,(anonymous_6)
FNDA:338,(anonymous_7)
FNDA:0,(anonymous_8)
FNDA:22,(anonymous_9)
FNDA:22,(anonymous_10)
FNDA:853,(anonymous_11)
FNDA:115,(anonymous_12)
FNDA:17,(anonymous_13)
FNDA:26,(anonymous_14)
FNDA:51,(anonymous_15)
FNDA:68,(anonymous_16)
DA:14,245
DA:18,4820
DA:22,4820
DA:26,4820
DA:29,245
DA:34,76
DA:36,76
DA:37,76
DA:39,76
DA:40,76
DA:48,0
DA:51,76
DA:54,76
DA:58,76
DA:63,76
DA:66,0
DA:67,0
DA:70,0
DA:72,0
DA:73,0
DA:76,0
DA:79,0
DA:89,0
DA:92,0
DA:93,0
DA:98,245
DA:99,338
DA:100,338
DA:104,338
DA:107,245
DA:108,0
DA:113,245
DA:114,22
DA:116,853
DA:119,245
DA:120,115
DA:123,245
DA:124,17
DA:127,245
DA:128,26
DA:131,245
DA:132,51
DA:135,245
DA:136,68
DA:141,245
DA:151,245
LF:46
LH:34
BRDA:15,0,0,2002
BRDA:16,1,0,20
BRDA:23,2,0,4820
BRDA:23,2,1,0
BRDA:31,3,0,0
BRDA:51,4,0,76
BRDA:51,4,1,0
BRDA:59,5,0,6
BRDA:59,5,1,70
BRDA:66,6,0,0
BRDA:66,6,1,0
BRDA:79,7,0,0
BRDA:79,7,1,0
BRDA:93,8,0,0
BRDA:93,8,1,0
BRDA:98,9,0,338
BRDA:101,10,0,0
BRDA:101,10,1,338
BRDA:127,11,0,0
BRF:19
BRH:8
end_of_record
TN:
SF:src/components/InventoryGroups/utils/apiWithToast.js
FN:3,(anonymous_0)
FN:20,(anonymous_1)
FNF:2
FNH:2
FNDA:162,(anonymous_0)
FNDA:162,(anonymous_1)
DA:3,171
DA:4,162
DA:5,162
DA:7,162
DA:8,0
DA:20,162
DA:21,162
DA:22,162
DA:23,66
DA:30,66
DA:37,66
DA:39,96
DA:49,96
DA:53,162
LF:14
LH:13
BRDA:7,0,0,0
BRDA:7,0,1,162
BRDA:23,1,0,66
BRDA:23,1,1,0
BRDA:30,2,0,66
BRDA:30,2,1,66
BRDA:44,3,0,0
BRDA:44,3,1,96
BRF:8
BRH:5
end_of_record
TN:
SF:src/components/InventoryTable/ActionWithRBAC.js
FN:13,(anonymous_0)
FN:51,(anonymous_1)
FNF:2
FNH:2
FNDA:10434,(anonymous_0)
FNDA:1574,(anonymous_1)
DA:13,143
DA:22,10434
DA:30,10434
DA:39,143
DA:47,143
DA:51,143
DA:60,1574
DA:68,1574
DA:80,143
DA:88,143
LF:10
LH:10
BRDA:22,0,0,110
BRDA:22,0,1,10324
BRDA:30,1,0,10086
BRDA:30,1,1,348
BRDA:60,2,0,87
BRDA:60,2,1,1487
BRDA:68,3,0,1200
BRDA:68,3,1,374
BRF:8
BRH:8
end_of_record
TN:
SF:src/components/InventoryTable/EntityTable.js
FN:22,(anonymous_0)
FN:49,(anonymous_1)
FN:50,(anonymous_2)
FN:55,(anonymous_3)
FN:64,(anonymous_4)
FN:71,(anonymous_5)
FN:83,(anonymous_6)
FN:116,(anonymous_7)
FN:144,(anonymous_8)
FN:195,(anonymous_9)
FNF:10
FNH:9
FNDA:14056,(anonymous_0)
FNDA:27079,(anonymous_1)
FNDA:412,(anonymous_2)
FNDA:411,(anonymous_3)
FNDA:10293,(anonymous_4)
FNDA:65014,(anonymous_5)
FNDA:12450,(anonymous_6)
FNDA:411,(anonymous_7)
FNDA:47944,(anonymous_8)
FNDA:0,(anonymous_9)
DA:22,138
DA:42,14056
DA:43,14056
DA:49,27079
DA:50,14056
DA:51,412
DA:52,412
DA:55,14056
DA:56,411
DA:57,411
DA:60,411
DA:63,14056
DA:64,10293
DA:68,14056
DA:72,65014
DA:83,14056
DA:84,12450
DA:85,12450
DA:86,4438
DA:88,4438
DA:90,8012
DA:93,14056
DA:117,411
DA:144,47944
DA:153,138
DA:187,138
DA:195,0
LF:27
LH:26
BRDA:35,0,0,14056
BRDA:51,1,0,0
BRDA:51,1,1,412
BRDA:52,2,0,0
BRDA:52,2,1,412
BRDA:56,3,0,411
BRDA:56,3,1,0
BRDA:56,4,0,411
BRDA:56,4,1,411
BRDA:64,5,0,10293
BRDA:64,5,1,3420
BRDA:72,6,0,65014
BRDA:72,6,1,51401
BRDA:72,6,2,1297
BRDA:72,6,3,50974
BRDA:72,6,4,32
BRDA:85,7,0,4438
BRDA:85,7,1,8012
BRDA:95,8,0,4269
BRDA:95,8,1,9787
BRDA:95,9,0,14056
BRDA:95,9,1,4269
BRDA:96,10,0,4269
BRDA:96,10,1,4269
BRDA:111,11,0,142
BRDA:111,11,1,4127
BRDA:119,12,0,411
BRDA:119,12,1,0
BRDA:129,13,0,4157
BRDA:129,13,1,112
BRDA:129,14,0,4269
[...]
BRDA:60,4,0,0
BRDA:60,4,1,0
BRDA:73,5,0,0
BRDA:73,5,1,18761
BRF:11
BRH:5
end_of_record
TN:
SF:src/components/filters/useRegisteredWithFilter.js
FN:6,(anonymous_0)
FN:12,(anonymous_1)
FN:20,(anonymous_2)
FN:30,(anonymous_3)
FN:41,(anonymous_4)
FN:42,(anonymous_5)
FNF:6
FNH:3
FNDA:16520,(anonymous_0)
FNDA:18761,(anonymous_1)
FNDA:1990,(anonymous_2)
FNDA:0,(anonymous_3)
FNDA:0,(anonymous_4)
FNDA:0,(anonymous_5)
DA:4,138
DA:5,138
DA:6,16520
DA:12,138
DA:15,18761
DA:16,18761
DA:19,18761
DA:21,1990
DA:24,18761
DA:30,0
DA:35,18761
DA:41,0
DA:42,0
DA:46,18761
LF:14
LH:11
BRDA:7,0,0,16520
BRDA:7,0,1,1990
BRDA:13,1,0,0
BRDA:16,2,0,18761
BRDA:16,2,1,0
BRDA:19,3,0,18761
BRDA:19,3,1,0
BRDA:35,4,0,0
BRDA:35,4,1,18761
BRF:9
BRH:5
end_of_record
TN:
SF:src/components/filters/useRhcdFilter.js
FN:6,(anonymous_0)
FN:12,(anonymous_1)
FN:16,(anonymous_2)
FN:25,(anonymous_3)
FN:37,(anonymous_4)
FN:38,(anonymous_5)
FNF:6
FNH:3
FNDA:16520,(anonymous_0)
FNDA:18761,(anonymous_1)
FNDA:1991,(anonymous_2)
FNDA:0,(anonymous_3)
FNDA:0,(anonymous_4)
FNDA:0,(anonymous_5)
DA:4,138
DA:5,138
DA:6,16520
DA:12,138
DA:13,18761
DA:14,18761
DA:15,18761
DA:16,1991
DA:19,18761
DA:25,0
DA:31,18761
DA:37,0
DA:38,0
DA:42,18761
LF:14
LH:11
BRDA:7,0,0,16520
BRDA:7,0,1,1991
BRDA:12,1,0,0
BRDA:14,2,0,18761
BRDA:14,2,1,0
BRDA:15,3,0,18761
BRDA:15,3,1,0
BRDA:31,4,0,0
BRDA:31,4,1,18761
BRF:9
BRH:5
end_of_record
TN:
SF:src/components/filters/useStalenessFilter.js
FN:6,(anonymous_0)
FN:12,(anonymous_1)
FN:18,(anonymous_2)
FN:27,(anonymous_3)
FN:38,(anonymous_4)
FN:39,(anonymous_5)
FNF:6
FNH:3
FNDA:16520,(anonymous_0)
FNDA:18761,(anonymous_1)
FNDA:1998,(anonymous_2)
FNDA:0,(anonymous_3)
FNDA:0,(anonymous_4)
FNDA:0,(anonymous_5)
DA:4,138
DA:5,138
DA:6,16520
DA:12,138
DA:15,18761
DA:16,18761
DA:17,18761
DA:18,1998
DA:21,18761
DA:27,0
DA:32,18761
DA:38,0
DA:39,0
DA:43,18761
LF:14
LH:11
BRDA:7,0,0,16520
BRDA:7,0,1,1998
BRDA:13,1,0,0
BRDA:16,2,0,18761
BRDA:16,2,1,0
BRDA:17,3,0,18761
BRDA:17,3,1,0
BRDA:32,4,0,0
BRDA:32,4,1,18761
BRF:9
BRH:5
end_of_record
TN:
SF:src/components/filters/useSystemTypeFilter.js
FN:9,(anonymous_0)
FN:15,(anonymous_1)
FN:21,(anonymous_2)
FN:30,(anonymous_3)
FN:42,(anonymous_4)
FN:43,(anonymous_5)
FNF:6
FNH:3
FNDA:16520,(anonymous_0)
FNDA:18761,(anonymous_1)
FNDA:1998,(anonymous_2)
FNDA:0,(anonymous_3)
FNDA:0,(anonymous_4)
FNDA:0,(anonymous_5)
DA:7,138
DA:8,138
DA:9,16520
DA:15,138
DA:18,18761
DA:19,18761
DA:20,18761
DA:21,1998
DA:24,18761
DA:30,0
DA:36,18761
DA:42,0
DA:43,0
DA:48,18761
LF:14
LH:11
BRDA:10,0,0,16520
BRDA:10,0,1,1998
BRDA:16,1,0,0
BRDA:19,2,0,18761
BRDA:19,2,1,0
BRDA:20,3,0,18761
BRDA:20,3,1,0
BRDA:36,4,0,0
BRDA:36,4,1,18761
BRF:9
BRH:5
end_of_record
TN:
SF:src/components/filters/useTagsFilter.js
FN:3,(anonymous_0)
FNF:1
FNH:1
FNDA:18761,(anonymous_0)
DA:3,138
DA:17,18761
DA:26,18761
LF:3
LH:3
BRDA:4,0,0,11799
BRDA:5,1,0,0
BRDA:6,2,0,11799
BRF:3
BRH:2
end_of_record
TN:
SF:src/components/filters/useTextFilter.js
FN:6,(anonymous_0)
FN:12,(anonymous_1)
FN:16,(anonymous_2)
FN:26,(anonymous_3)
FNF:4
FNH:4
FNDA:16520,(anonymous_0)
FNDA:18761,(anonymous_1)
FNDA:2552,(anonymous_2)
FNDA:555,(anonymous_3)
DA:4,138
DA:5,138
DA:6,16520
DA:12,138
DA:13,18761
DA:14,18761
DA:15,18761
DA:16,2552
DA:19,18761
DA:26,555
DA:30,18761
DA:39,18761
LF:12
LH:12
BRDA:7,0,0,16520
BRDA:7,0,1,2552
BRDA:12,1,0,0
BRDA:14,2,0,18761
BRDA:14,2,1,0
BRDA:15,3,0,18761
BRDA:15,3,1,0
BRDA:30,4,0,1126
BRDA:30,4,1,17635
BRF:9
BRH:6
end_of_record
TN:
SF:src/components/filters/useUpdateMethodFilter.js
FN:10,(anonymous_0)
FN:16,(anonymous_1)
FN:22,(anonymous_2)
FN:24,(anonymous_3)
FN:33,(anonymous_4)
FN:42,(anonymous_5)
FN:53,(anonymous_6)
FN:54,(anonymous_7)
FNF:8
FNH:3
FNDA:16520,(anonymous_0)
FNDA:18761,(anonymous_1)
FNDA:3924,(anonymous_2)
FNDA:0,(anonymous_3)
FNDA:0,(anonymous_4)
FNDA:0,(anonymous_5)
FNDA:0,(anonymous_6)
FNDA:0,(anonymous_7)
DA:8,138
DA:9,138
DA:10,16520
DA:16,138
DA:19,18761
DA:22,18761
DA:23,3924
DA:24,0
DA:28,18761
DA:29,18761
DA:32,18761
DA:33,0
DA:36,18761
DA:42,0
DA:47,18761
DA:53,0
DA:54,0
DA:58,18761
LF:18
LH:13
BRDA:11,0,0,16520
BRDA:11,0,1,0
BRDA:17,1,0,0
BRDA:23,2,0,0
BRDA:23,2,1,3924
BRDA:29,3,0,18761
BRDA:29,3,1,0
BRDA:32,4,0,18761
BRDA:32,4,1,0
BRDA:47,5,0,0
BRDA:47,5,1,18761
BRF:11
BRH:5
end_of_record
TN:
SF:src/routes/InventoryDetail.js
FN:47,(anonymous_0)
FN:54,(anonymous_1)
FN:65,(anonymous_2)
FN:73,(anonymous_3)
FN:82,(anonymous_4)
FN:88,(anonymous_5)
FN:107,(anonymous_6)
FN:117,(anonymous_7)
FN:119,(anonymous_8)
FN:121,(anonymous_9)
FN:127,(anonymous_10)
FN:136,(anonymous_11)
FN:156,(anonymous_12)
FN:163,(anonymous_13)
FN:165,(anonymous_14)
FN:180,(anonymous_15)
FN:185,(anonymous_16)
FN:205,(anonymous_17)
FNF:18
FNH:12
FNDA:0,(anonymous_0)
FNDA:0,(anonymous_1)
FNDA:0,(anonymous_2)
FNDA:0,(anonymous_3)
FNDA:0,(anonymous_4)
FNDA:302,(anonymous_5)
FNDA:310,(anonymous_6)
FNDA:442,(anonymous_7)
FNDA:442,(anonymous_8)
FNDA:442,(anonymous_9)
FNDA:105,(anonymous_10)
FNDA:210,(anonymous_11)
FNDA:35,(anonymous_12)
FNDA:105,(anonymous_13)
FNDA:35,(anonymous_14)
FNDA:70,(anonymous_15)
FNDA:35,(anonymous_16)
FNDA:0,(anonymous_17)
DA:27,8
DA:48,0
DA:55,0
DA:66,0
DA:74,0
DA:82,0
DA:88,8
DA:89,302
DA:107,8
DA:108,310
DA:109,310
DA:110,302
DA:111,302
DA:112,302
DA:113,302
DA:114,302
DA:115,302
DA:116,302
DA:117,442
DA:119,442
DA:120,302
DA:121,442
DA:123,302
DA:124,302
DA:125,302
DA:126,302
DA:127,302
DA:128,105
DA:130,105
DA:135,105
DA:137,210
DA:138,210
DA:140,210
DA:141,35
DA:144,210
DA:147,105
DA:150,302
DA:156,302
DA:157,35
DA:158,35
DA:160,35
DA:163,302
DA:164,105
DA:165,35
DA:166,35
DA:167,35
DA:171,302
DA:176,302
DA:177,105
DA:180,302
DA:181,70
DA:184,302
DA:186,35
DA:197,302
DA:206,0
DA:215,302
DA:244,8
DA:250,8
LF:58
LH:52
BRDA:95,0,0,105
BRDA:95,0,1,197
BRDA:97,1,0,197
BRDA:97,1,1,0
BRDA:121,2,0,442
BRDA:121,2,1,0
BRDA:130,3,0,105
BRDA:130,3,1,70
BRDA:135,4,0,105
BRDA:135,4,1,35
BRDA:137,5,0,105
BRDA:137,5,1,105
BRDA:137,6,0,210
BRDA:137,6,1,105
BRDA:140,7,0,35
BRDA:140,7,1,175
BRDA:152,8,0,302
BRDA:152,8,1,197
BRDA:160,9,0,35
BRDA:160,9,1,35
BRDA:164,10,0,35
BRDA:164,10,1,70
BRDA:176,11,0,105
BRDA:176,11,1,197
BRDA:197,12,0,0
BRDA:197,12,1,302
BRDA:197,13,0,302
BRDA:197,13,1,0
BRDA:202,14,0,0
BRDA:202,14,1,0
BRDA:202,14,2,0
BRF:31
BRH:24
end_of_record
TN:
SF:src/routes/InventoryComponents/HybridInventory.js
FN:11,(anonymous_0)
FN:16,(anonymous_1)
FN:20,(anonymous_2)
FN:31,(anonymous_3)
FN:34,(anonymous_4)
FNF:5
FNH:4
FNDA:29,(anonymous_0)
FNDA:0,(anonymous_1)
FNDA:2061,(anonymous_2)
FNDA:2090,(anonymous_3)
FNDA:1310,(anonymous_4)
DA:11,33
DA:12,29
DA:16,33
DA:17,0
DA:20,33
DA:21,2061
DA:31,33
DA:32,2090
DA:33,2061
DA:34,1310
DA:37,2061
DA:38,2061
DA:40,2061
DA:41,2061
DA:61,33
DA:65,33
DA:68,33
LF:17
LH:16
BRF:0
BRH:0
end_of_record
TN:
SF:src/store/action-types.js
FN:3,(anonymous_0)
FN:5,(anonymous_1)
FN:49,(anonymous_2)
FNF:3
FNH:3
FNDA:980,(anonymous_0)
FNDA:7840,(anonymous_1)
FNDA:735,(anonymous_2)
DA:3,245
DA:4,980
DA:5,7840
DA:16,245
DA:18,245
DA:27,245
DA:41,245
DA:48,245
DA:49,735
DA:53,245
DA:54,245
DA:57,245
DA:58,245
DA:59,245
DA:60,245
DA:61,245
DA:62,245
DA:63,245
DA:65,245
DA:66,245
DA:67,245
DA:68,245
DA:69,245
DA:70,245
DA:71,245
DA:72,245
DA:73,245
DA:74,245
DA:75,245
LF:29
LH:29
BRF:0
BRH:0
end_of_record
TN:
SF:src/store/actions.js
FN:15,(anonymous_0)
FN:31,(anonymous_1)
FN:38,(anonymous_2)
FN:44,(anonymous_3)
FN:61,(anonymous_4)
FN:69,(anonymous_5)
FN:77,(anonymous_6)
FN:82,(anonymous_7)
FN:99,(anonymous_8)
FN:104,(anonymous_9)
FNF:10
FNH:6
FNDA:0,(anonymous_0)
FNDA:35,(anonymous_1)
FNDA:655,(anonymous_2)
FNDA:0,(anonymous_3)
FNDA:17,(anonymous_4)
FNDA:16,(anonymous_5)
FNDA:35,(anonymous_6)
FNDA:0,(anonymous_7)
FNDA:1266,(anonymous_8)
FNDA:0,(anonymous_9)
DA:15,245
DA:31,245
DA:38,245
DA:39,655
DA:44,245
DA:61,245
DA:69,245
DA:77,245
DA:82,245
DA:99,1266
DA:104,245
LF:11
LH:11
BRF:0
BRH:0
end_of_record
TN:
SF:src/store/entities.js
FN:41,(anonymous_0)
FN:46,(anonymous_1)
FN:56,(anonymous_2)
FN:71,(anonymous_3)
FN:85,(anonymous_4)
FN:97,(anonymous_5)
FN:112,(anonymous_6)
FN:141,entitiesPending
FN:148,(anonymous_8)
FN:162,clearFilters
FN:169,(anonymous_10)
FN:174,entitiesLoaded
FN:209,(anonymous_12)
FN:220,loadingRejected
FN:227,selectEntity
FN:231,(anonymous_15)
FN:241,(anonymous_16)
FN:242,(anonymous_17)
FN:246,(anonymous_18)
FN:255,changeSort
FN:265,selectFilter
FN:277,(anonymous_21)
FN:279,(anonymous_22)
FN:283,(anonymous_23)
FN:287,(anonymous_24)
FN:289,(anonymous_25)
FN:302,showTags
FN:304,(anonymous_27)
FN:320,showTagsPending
FN:322,(anonymous_29)
FN:335,toggleTagModalReducer
FN:343,allTags
FN:358,(anonymous_32)
FN:359,(anonymous_33)
FN:376,(anonymous_34)
FN:389,(anonymous_35)
FN:400,(anonymous_36)
FN:406,(anonymous_37)
FNF:38
FNH:23
FNDA:15141,(anonymous_0)
FNDA:50293,(anonymous_1)
FNDA:51167,(anonymous_2)
FNDA:59508,(anonymous_3)
FNDA:80807,(anonymous_4)
FNDA:80807,(anonymous_5)
FNDA:80807,(anonymous_6)
FNDA:3003,entitiesPending
FNDA:0,(anonymous_8)
FNDA:39,clearFilters
FNDA:1266,(anonymous_10)
FNDA:2996,entitiesLoaded
FNDA:55081,(anonymous_12)
FNDA:7,loadingRejected
FNDA:513,selectEntity
FNDA:0,(anonymous_15)
FNDA:513,(anonymous_16)
FNDA:3269,(anonymous_17)
FNDA:1919,(anonymous_18)
FNDA:411,changeSort
FNDA:0,selectFilter
FNDA:0,(anonymous_21)
FNDA:0,(anonymous_22)
FNDA:0,(anonymous_23)
FNDA:0,(anonymous_24)
FNDA:0,(anonymous_25)
FNDA:0,showTags
FNDA:0,(anonymous_27)
FNDA:0,showTagsPending
FNDA:0,(anonymous_29)
FNDA:0,toggleTagModalReducer
FNDA:1785,allTags
FNDA:6550,(anonymous_32)
FNDA:6550,(anonymous_33)
FNDA:1788,(anonymous_34)
FNDA:0,(anonymous_35)
FNDA:1895,(anonymous_36)
FNDA:0,(anonymous_37)
DA:29,245
DA:41,15141
DA:47,50293
DA:57,51167
DA:72,59508
DA:86,80807
DA:107,80807
DA:113,80807
DA:142,3003
DA:148,0
DA:163,39
DA:169,245
DA:170,1266
DA:191,2996
DA:192,35
DA:196,2961
DA:197,0
DA:200,2961
DA:201,54
DA:204,2907
DA:210,55081
DA:221,7
DA:228,513
DA:229,513
DA:230,513
DA:231,0
DA:232,0
DA:238,513
DA:241,513
DA:242,3269
DA:243,513
DA:244,412
DA:246,1919
DA:249,513
DA:256,411
DA:274,0
DA:275,0
DA:276,0
DA:277,0
DA:278,0
DA:279,0
DA:282,0
DA:283,0
DA:286,0
DA:287,0
DA:288,0
DA:289,0
DA:296,0
DA:303,0
DA:304,0
DA:306,0
DA:321,0
DA:322,0
DA:324,0
DA:336,0
DA:351,1785
DA:352,196
DA:355,1589
DA:358,6550
DA:359,6550
DA:376,1788
DA:390,0
DA:400,1895
DA:406,0
LF:64
LH:38
BRDA:53,0,0,0
BRDA:53,0,1,15141
BRDA:57,1,0,40395
BRDA:57,1,1,10772
BRDA:59,2,0,0
BRDA:59,2,1,40395
BRDA:107,3,0,80807
BRDA:107,3,1,0
BRDA:123,4,0,80807
BRDA:123,4,1,80807
BRDA:144,5,0,3003
BRDA:144,5,1,0
BRDA:144,5,2,3003
BRDA:148,6,0,0
BRDA:148,6,1,0
BRDA:191,7,0,35
BRDA:191,7,1,2961
BRDA:196,8,0,0
BRDA:196,8,1,2961
BRDA:196,9,0,2961
BRDA:196,9,1,2961
BRDA:196,9,2,2961
BRDA:200,10,0,54
BRDA:200,10,1,2907
BRDA:206,11,0,2907
BRDA:206,11,1,654
BRDA:207,12,0,2907
BRDA:207,12,1,0
BRDA:210,13,0,55081
BRDA:210,13,1,0
BRDA:212,14,0,2907
BRDA:212,14,1,0
BRDA:213,15,0,2907
BRDA:213,15,1,0
BRDA:214,16,0,2907
BRDA:214,16,1,0
BRDA:215,17,0,2907
BRDA:215,17,1,0
BRDA:216,18,0,2907
BRDA:216,18,1,0
BRDA:230,19,0,0
BRDA:230,19,1,513
BRDA:243,20,0,412
BRDA:243,20,1,101
BRDA:274,21,0,0
BRDA:275,22,0,0
BRDA:275,22,1,0
BRDA:276,23,0,0
BRDA:276,23,1,0
BRDA:286,24,0,0
BRDA:286,24,1,0
BRDA:303,25,0,0
BRDA:303,25,1,0
BRDA:305,26,0,0
BRDA:305,26,1,0
BRDA:321,27,0,0
BRDA:321,27,1,0
BRDA:323,28,0,0
BRDA:323,28,1,0
BRDA:351,29,0,196
BRDA:351,29,1,1589
BRDA:367,30,0,0
BRDA:367,30,1,1589
BRF:63
BRH:32
end_of_record
TN:
SF:src/store/entityDetails.js
FN:6,entityDetailPending
FN:13,entityDetailLoaded
FN:21,toggleDrawer
FN:28,showTagsPending
FN:35,updateAnsibleName
FN:40,(anonymous_5)
FN:60,updateEntity
FN:65,(anonymous_7)
FN:86,(anonymous_8)
FN:96,(anonymous_9)
FN:98,(anonymous_10)
FNF:11
FNH:3
FNDA:35,entityDetailPending
FNDA:35,entityDetailLoaded
FNDA:0,toggleDrawer
FNDA:0,showTagsPending
FNDA:0,updateAnsibleName
FNDA:0,(anonymous_5)
FNDA:0,updateEntity
FNDA:0,(anonymous_7)
FNDA:3003,(anonymous_8)
FNDA:0,(anonymous_9)
FNDA:0,(anonymous_10)
DA:4,245
DA:7,35
DA:14,35
DA:22,0
DA:29,0
DA:36,0
DA:37,0
DA:41,0
DA:61,0
DA:62,0
DA:66,0
DA:86,3003
DA:97,0
DA:99,0
LF:14
LH:4
BRDA:36,0,0,0
BRDA:36,0,1,0
BRDA:39,1,0,0
BRDA:39,1,1,0
BRDA:41,2,0,0
BRDA:41,2,1,0
BRDA:50,3,0,0
BRDA:50,3,1,0
BRDA:61,4,0,0
BRDA:61,4,1,0
BRDA:64,5,0,0
BRDA:64,5,1,0
BRDA:66,6,0,0
BRDA:66,6,1,0
BRDA:75,7,0,0
BRDA:75,7,1,0
BRF:16
BRH:0
end_of_record
TN:
SF:src/store/groupDetail.js
FN:15,(anonymous_0)
FN:22,(anonymous_1)
FN:32,(anonymous_2)
FN:42,(anonymous_3)
FNF:4
FNH:3
FNDA:115,(anonymous_0)
FNDA:111,(anonymous_1)
FNDA:0,(anonymous_2)
FNDA:135,(anonymous_3)
DA:4,245
DA:16,115
DA:23,111
DA:33,0
DA:43,135
LF:5
LH:4
BRF:0
BRH:0
end_of_record
TN:
SF:src/store/groups.js
FN:15,(anonymous_0)
FN:22,(anonymous_1)
FN:32,(anonymous_2)
FNF:3
FNH:3
FNDA:1324,(anonymous_0)
FNDA:1314,(anonymous_1)
FNDA:8,(anonymous_2)
DA:4,245
DA:16,1324
DA:23,1314
DA:33,8
LF:4
LH:4
BRF:0
BRH:0
end_of_record
TN:
SF:src/store/index.js
FN:35,(anonymous_0)
FN:56,(anonymous_1)
FN:62,addNewListener
FNF:3
FNH:1
FNDA:3333,(anonymous_0)
FNDA:0,(anonymous_1)
FNDA:0,addNewListener
DA:25,245
DA:31,245
DA:35,245
DA:36,3333
DA:37,3333
DA:56,245
DA:57,0
DA:63,0
LF:8
LH:6
BRDA:31,0,0,0
BRDA:31,0,1,245
BRDA:32,1,0,0
BRDA:32,1,1,0
BRDA:56,2,0,0
BRF:5
BRH:1
end_of_record
TN:
SF:src/store/inventory-actions.js
FN:28,(anonymous_0)
FN:36,(anonymous_1)
FN:44,(anonymous_2)
FN:86,(anonymous_3)
FN:92,(anonymous_4)
FN:94,(anonymous_5)
FN:103,(anonymous_6)
FN:116,(anonymous_7)
FN:123,(anonymous_8)
FN:128,(anonymous_9)
FN:136,(anonymous_10)
FN:141,(anonymous_11)
FN:146,(anonymous_12)
FN:151,(anonymous_13)
FN:156,(anonymous_14)
FN:160,(anonymous_15)
FN:165,(anonymous_16)
FN:179,(anonymous_17)
FN:193,(anonymous_18)
FN:202,(anonymous_19)
FN:207,(anonymous_20)
FN:217,(anonymous_21)
FN:225,(anonymous_22)
FN:230,(anonymous_23)
FN:235,(anonymous_24)
FN:251,(anonymous_25)
FN:256,(anonymous_26)
FN:264,(anonymous_27)
FN:271,(anonymous_28)
FNF:29
FNH:12
FNDA:3003,(anonymous_0)
FNDA:0,(anonymous_1)
FNDA:12673,(anonymous_2)
FNDA:2996,(anonymous_3)
FNDA:0,(anonymous_4)
FNDA:0,(anonymous_5)
FNDA:7,(anonymous_6)
FNDA:0,(anonymous_7)
FNDA:0,(anonymous_8)
FNDA:35,(anonymous_9)
FNDA:513,(anonymous_10)
FNDA:411,(anonymous_11)
FNDA:0,(anonymous_12)
FNDA:1895,(anonymous_13)
FNDA:39,(anonymous_14)
FNDA:0,(anonymous_15)
FNDA:0,(anonymous_16)
FNDA:0,(anonymous_17)
FNDA:0,(anonymous_18)
FNDA:0,(anonymous_19)
FNDA:1788,(anonymous_20)
FNDA:1324,(anonymous_21)
FNDA:115,(anonymous_22)
FNDA:0,(anonymous_23)
FNDA:0,(anonymous_24)
FNDA:0,(anonymous_25)
FNDA:0,(anonymous_26)
FNDA:0,(anonymous_27)
FNDA:0,(anonymous_28)
DA:28,245
DA:34,3003
DA:36,0
DA:44,3003
DA:45,12673
DA:48,3003
DA:68,3003
DA:69,3003
DA:71,3003
DA:73,3003
DA:86,2996
DA:92,0
DA:94,0
DA:105,7
DA:106,7
DA:116,245
DA:123,245
DA:128,245
DA:136,513
DA:141,411
DA:146,245
DA:151,1895
DA:156,245
DA:160,245
DA:165,245
DA:179,245
DA:193,245
DA:202,245
DA:207,245
DA:211,1788
DA:217,1324
DA:225,245
DA:230,245
DA:235,245
DA:251,245
DA:256,245
DA:257,0
DA:264,245
DA:265,0
DA:271,245
DA:272,0
LF:41
LH:35
BRDA:29,0,0,3003
BRDA:31,1,0,0
BRDA:32,2,0,1770
BRDA:38,3,0,0
BRDA:38,3,1,0
BRDA:38,4,0,0
BRDA:38,4,1,0
BRDA:45,5,0,12673
BRDA:45,5,1,12665
BRDA:45,5,2,90
BRDA:48,6,0,2342
BRDA:48,6,1,661
BRDA:50,7,0,2342
BRDA:50,7,1,2119
BRDA:51,8,0,2342
BRDA:51,8,1,0
BRDA:52,9,0,2342
BRDA:52,9,1,0
BRDA:55,10,0,2342
BRDA:55,10,1,0
BRDA:56,11,0,2342
BRDA:56,11,1,0
BRDA:59,12,0,661
BRDA:59,12,1,18
BRDA:60,13,0,661
BRDA:60,13,1,18
BRDA:61,14,0,661
BRDA:61,14,1,26
BRDA:64,15,0,661
BRDA:64,15,1,18
BRDA:65,16,0,661
BRDA:65,16,1,18
BRDA:68,17,0,3003
BRDA:68,17,1,0
BRDA:69,18,0,3003
BRDA:69,18,1,0
BRDA:91,19,0,0
BRDA:91,19,1,2996
BRDA:93,20,0,0
BRDA:93,20,1,0
BRDA:94,21,0,0
BRDA:94,21,1,0
BRDA:94,22,0,0
BRDA:94,22,1,0
BRDA:98,23,0,2996
BRDA:98,23,1,0
BRDA:100,24,0,2996
BRDA:100,24,1,0
BRDA:116,25,0,0
BRDA:151,26,0,1895
BRDA:210,27,0,1788
BRDA:230,28,0,0
BRF:52
BRH:30
end_of_record
TN:
SF:src/store/reducers.js
FN:25,entitiesLoaded
FN:33,entityLoaded
FN:40,entitySelected
FN:44,(anonymous_3)
FN:48,(anonymous_4)
FN:51,(anonymous_5)
FN:56,(anonymous_6)
FN:70,entityDeleted
FN:72,(anonymous_8)
FN:80,onEntitiesLoaded
FN:93,(anonymous_10)
FN:103,onSetFilter
FN:110,onSetPagination
FN:121,onSetSort
FN:141,(anonymous_14)
FN:150,(anonymous_15)
FN:158,mergeWithEntities
FN:159,(anonymous_17)
FN:163,(anonymous_18)
FN:179,mergeWithDetail
FN:180,(anonymous_20)
FN:184,(anonymous_21)
FNF:22
FNH:15
FNDA:0,entitiesLoaded
FNDA:35,entityLoaded
FNDA:513,entitySelected
FNDA:0,(anonymous_3)
FNDA:513,(anonymous_4)
FNDA:1230,(anonymous_5)
FNDA:247,(anonymous_6)
FNDA:0,entityDeleted
FNDA:0,(anonymous_8)
FNDA:2996,onEntitiesLoaded
FNDA:55081,(anonymous_10)
FNDA:35,onSetFilter
FNDA:17,onSetPagination
FNDA:16,onSetSort
FNDA:0,(anonymous_14)
FNDA:245,(anonymous_15)
FNDA:245,mergeWithEntities
FNDA:0,(anonymous_17)
FNDA:27833,(anonymous_18)
FNDA:245,mergeWithDetail
FNDA:0,(anonymous_20)
FNDA:27833,(anonymous_21)
DA:23,245
DA:26,0
DA:34,35
DA:41,513
DA:42,513
DA:43,424
DA:44,0
DA:45,0
DA:47,424
DA:48,513
DA:51,1230
DA:52,397
DA:55,89
DA:56,247
DA:57,76
DA:58,61
DA:60,15
DA:64,513
DA:71,0
DA:72,0
DA:74,0
DA:81,2996
DA:82,35
DA:85,2961
DA:86,54
DA:89,2907
DA:94,55081
DA:104,35
DA:111,17
DA:112,17
DA:114,17
DA:122,16
DA:128,245
DA:135,245
DA:141,0
DA:150,245
DA:151,245
DA:159,0
DA:162,245
DA:163,27833
DA:180,0
DA:183,245
DA:184,27833
LF:43
LH:34
BRDA:41,0,0,513
BRDA:41,0,1,276
BRDA:42,1,0,424
BRDA:42,1,1,89
BRDA:43,2,0,0
BRDA:43,2,1,424
BRDA:47,3,0,27
BRDA:47,3,1,397
BRDA:51,4,0,397
BRDA:51,4,1,397
BRDA:52,5,0,397
BRDA:52,5,1,0
BRDA:55,6,0,13
BRDA:55,6,1,76
BRDA:57,7,0,61
BRDA:57,7,1,15
BRDA:71,8,0,0
BRDA:71,8,1,0
BRDA:81,9,0,35
BRDA:81,9,1,2961
BRDA:85,10,0,54
BRDA:85,10,1,2907
BRDA:96,11,0,55081
BRDA:96,11,1,855
BRDA:116,12,0,0
BRDA:116,12,1,17
BRDA:117,13,0,0
BRDA:117,13,1,17
BRDA:124,14,0,16
BRDA:124,14,1,0
BRDA:159,15,0,0
BRDA:160,16,0,245
BRDA:180,17,0,0
BRDA:181,18,0,245
BRF:34
BRH:25
end_of_record
TN:
SF:src/store/registeryContext.js
FN:4,(anonymous_0)
FNF:1
FNH:0
FNDA:0,(anonymous_0)
DA:3,8
LF:1
LH:1
BRF:0
BRH:0
end_of_record
TN:
SF:src/store/system-issues-actions.js
FN:4,(anonymous_0)
FN:9,(anonymous_1)
FN:14,(anonymous_2)
FN:19,(anonymous_3)
FNF:4
FNH:0
FNDA:0,(anonymous_0)
FNDA:0,(anonymous_1)
FNDA:0,(anonymous_2)
FNDA:0,(anonymous_3)
DA:4,245
DA:9,245
DA:14,245
DA:19,245
LF:4
LH:4
BRF:0
BRH:0
end_of_record
TN:
SF:src/store/systemIssues.js
FN:4,advisor
FN:11,(anonymous_1)
FN:17,cve
FN:41,patch
FN:62,compliance
FN:75,isPending
FN:86,(anonymous_6)
FN:88,(anonymous_7)
FN:90,(anonymous_8)
FN:92,(anonymous_9)
FNF:10
FNH:0
FNDA:0,advisor
FNDA:0,(anonymous_1)
FNDA:0,cve
FNDA:0,patch
FNDA:0,compliance
FNDA:0,isPending
FNDA:0,(anonymous_6)
FNDA:0,(anonymous_7)
FNDA:0,(anonymous_8)
FNDA:0,(anonymous_9)
DA:5,0
DA:11,0
DA:18,0
DA:42,0
DA:63,0
DA:76,0
DA:87,0
DA:89,0
DA:91,0
DA:93,0
LF:10
LH:0
BRDA:25,0,0,0
BRDA:25,0,1,0
BRDA:28,1,0,0
BRDA:28,1,1,0
BRDA:31,2,0,0
BRDA:31,2,1,0
BRDA:34,3,0,0
BRDA:34,3,1,0
BRDA:49,4,0,0
BRDA:49,4,1,0
BRDA:52,5,0,0
BRDA:52,5,1,0
BRDA:55,6,0,0
BRDA:55,6,1,0
BRDA:80,7,0,0
BRDA:80,7,1,0
BRF:16
BRH:0
end_of_record
TN:
SF:src/store/systemProfileStore.js
FN:9,(anonymous_0)
FN:20,systemProfilePending
FN:29,calculateRepos
FN:33,(anonymous_3)
FN:48,calculateInterfaces
FN:52,(anonymous_5)
FN:62,onSystemProfile
FNF:7
FNH:5
FNDA:35,(anonymous_0)
FNDA:35,systemProfilePending
FNDA:35,calculateRepos
FNDA:0,(anonymous_3)
FNDA:35,calculateInterfaces
FNDA:0,(anonymous_5)
FNDA:35,onSystemProfile
DA:4,245
DA:6,245
DA:9,245
DA:10,35
DA:11,0
DA:14,35
DA:15,35
DA:21,35
DA:30,35
DA:33,0
DA:49,35
DA:52,0
DA:64,35
DA:66,35
DA:70,35
LF:15
LH:12
BRDA:10,0,0,0
BRDA:10,0,1,35
BRDA:10,1,0,35
BRDA:10,1,1,35
BRDA:31,2,0,35
BRDA:31,2,1,35
BRDA:35,3,0,0
BRDA:35,3,1,0
BRDA:35,4,0,0
BRDA:35,4,1,0
BRDA:50,5,0,35
BRDA:50,5,1,35
BRDA:54,6,0,0
BRDA:54,6,1,0
BRDA:55,7,0,0
BRDA:55,7,1,0
BRDA:64,8,0,35
BRDA:64,8,1,35
BRDA:64,8,2,35
BRDA:64,8,3,0
BRDA:66,9,0,35
BRDA:66,9,1,35
BRDA:66,9,2,35
BRDA:66,9,3,35
BRDA:73,10,0,35
BRDA:73,10,1,0
BRDA:73,11,0,35
BRDA:73,11,1,0
BRDA:81,12,0,35
BRDA:81,12,1,35
BRF:30
BRH:18
end_of_record
